#
# A fatal error has been detected by the Java Runtime Environment:
#
#  Internal Error (0xc000000d), pid=7616, tid=10148
#
# JRE version: OpenJDK Runtime Environment Temurin-17.0.8+7 (17.0.8+7) (build 17.0.8+7)
# Java VM: OpenJDK 64-Bit Server VM Temurin-17.0.8+7 (17.0.8+7, mixed mode, sharing, tiered, compressed oops, compressed class ptrs, g1 gc, windows-amd64)
# Problematic frame:
# C  [ntdll.dll+0x112324]
#
# No core dump will be written. Minidumps are not enabled by default on client versions of Windows
#
# If you would like to submit a bug report, please visit:
#   https://github.com/adoptium/adoptium-support/issues
#

---------------  S U M M A R Y ------------

Command Line: -Dfile.encoding=UTF-8 -Dstdout.encoding=UTF-8 -Dstderr.encoding=UTF-8 -XX:+ShowCodeDetailsInExceptionMessages main.Login

Host: Intel(R) Core(TM) i5-8265U CPU @ 1.60GHz, 8 cores, 11G,  Windows 10 , 64 bit Build 19041 (10.0.19041.3636)
Time: Fri May 10 23:00:26 2024 SE Asia Standard Time elapsed time: 1302.350670 seconds (0d 0h 21m 42s)

---------------  T H R E A D  ---------------

Current thread (0x000002057fef1b80):  VMThread "VM Thread" [stack: 0x00000030b5700000,0x00000030b5800000] [id=10148]

Stack: [0x00000030b5700000,0x00000030b5800000],  sp=0x00000030b57fe210,  free space=1016k
Native frames: (J=compiled Java code, j=interpreted, Vv=VM code, C=native code)
C  [ntdll.dll+0x112324]
C  [ntdll.dll+0xac74f]
C  [ntdll.dll+0x11d95]
C  [RTWorkQ.DLL+0x6483]


siginfo: EXCEPTION_?? (0xc000000d)


Register to memory mapping:

RIP=0x00007ffce1ca2324 ntdll.dll
RAX=0x0000000000000001 is an unknown value
RBX=0x0 is NULL
RCX=0x00000000000007cf is an unknown value
RDX=0x00007ffcdfa31131 ucrtbase.dll
RSP=0x00000030b57fe210 points into unknown readable memory: 0x0000000200000057 | 57 00 00 00 02 00 00 00
RBP=0x0000000000000003 is an unknown value
RSI=0x0000000000000be4 is an unknown value
RDI=0x000002055b544250 points into unknown readable memory: 0x0000000000000001 | 01 00 00 00 00 00 00 00
R8 =0x00007ffcdfa9e45e ucrtbase.dll
R9 =0x00000030b5000000 is an unknown value
R10=0x00000030b57fdc01 points into unknown readable memory: 00 00 00 00 00 00 00
R11=0x00008d9be0152805 is an unknown value
R12=0x0000000000000be4 is an unknown value
R13=0x00007ffc9b74b480 FrameServerClient.dll
R14=0x0 is NULL
R15=0x0000000000000be4 is an unknown value


Registers:
RAX=0x0000000000000001, RBX=0x0000000000000000, RCX=0x00000000000007cf, RDX=0x00007ffcdfa31131
RSP=0x00000030b57fe210, RBP=0x0000000000000003, RSI=0x0000000000000be4, RDI=0x000002055b544250
R8 =0x00007ffcdfa9e45e, R9 =0x00000030b5000000, R10=0x00000030b57fdc01, R11=0x00008d9be0152805
R12=0x0000000000000be4, R13=0x00007ffc9b74b480, R14=0x0000000000000000, R15=0x0000000000000be4
RIP=0x00007ffce1ca2324, EFLAGS=0x0000000000000202

Top of Stack: (sp=0x00000030b57fe210)
0x00000030b57fe210:   0000000200000057 0000000000000000
0x00000030b57fe220:   0000000000000be4 0000000000000000
0x00000030b57fe230:   00000000c000000d 0000000000000000
0x00000030b57fe240:   00007ffce1ca2324 0000000000000000
0x00000030b57fe250:   0000000000000000 0000000000000000
0x00000030b57fe260:   0000000000000000 0000000000000000
0x00000030b57fe270:   0000000000000000 0000000000000000
0x00000030b57fe280:   0000000000000000 0000000000000000
0x00000030b57fe290:   0000000000000000 0000000000000000
0x00000030b57fe2a0:   0000000000000000 0000000000000000
0x00000030b57fe2b0:   0000000000000000 0000000000000000
0x00000030b57fe2c0:   0000000000000000 000000000000000b
0x00000030b57fe2d0:   000054b24bb386f2 0000000000000000
0x00000030b57fe2e0:   0000000000000003 00007ffce1c3c74f
0x00000030b57fe2f0:   0000000000000001 00007ffcd3ad87fb
0x00000030b57fe300:   00007ffc9b74b480 0000000000000be4 

Instructions: (pc=0x00007ffce1ca2324)
0x00007ffce1ca2224:   cc cc cc cc cc cc cc cc 48 81 ec d8 00 00 00 48
0x00007ffce1ca2234:   8b 05 d6 22 07 00 48 33 c4 48 89 84 24 c0 00 00
0x00007ffce1ca2244:   00 4d 85 c0 74 33 4d 8b 48 50 48 8d 05 6b 63 f6
0x00007ffce1ca2254:   ff c7 44 24 38 05 00 00 00 4c 3b c8 75 0a 49 8b
0x00007ffce1ca2264:   40 58 4c 8b 50 20 eb 03 45 33 d2 4d 85 d2 4d 0f
0x00007ffce1ca2274:   45 ca 4c 89 4c 24 60 eb 08 c7 44 24 38 04 00 00
0x00007ffce1ca2284:   00 48 83 64 24 28 00 48 83 64 24 58 00 48 63 c1
0x00007ffce1ca2294:   48 8d 4c 24 20 48 89 44 24 40 c7 44 24 20 0a 07
0x00007ffce1ca22a4:   00 c0 48 89 54 24 48 4c 89 44 24 50 c7 44 24 24
0x00007ffce1ca22b4:   01 00 00 00 e8 73 ed f3 ff 48 8b 8c 24 c0 00 00
0x00007ffce1ca22c4:   00 48 33 cc e8 03 a2 f7 ff 48 81 c4 d8 00 00 00
0x00007ffce1ca22d4:   c3 cc cc cc cc cc cc cc 48 81 ec d8 00 00 00 48
0x00007ffce1ca22e4:   8b 05 26 22 07 00 48 33 c4 48 89 84 24 c0 00 00
0x00007ffce1ca22f4:   00 33 d2 41 b8 94 00 00 00 48 8d 4c 24 24 e8 f9
0x00007ffce1ca2304:   1d f9 ff c7 44 24 20 0d 00 00 c0 b9 57 00 00 00
0x00007ffce1ca2314:   e8 67 e4 f3 ff 90 48 8d 4c 24 20 e8 0c ed f3 ff
0x00007ffce1ca2324:   eb 00 48 8b 8c 24 c0 00 00 00 48 33 cc e8 9a a1
0x00007ffce1ca2334:   f7 ff 48 81 c4 d8 00 00 00 c3 cc 40 55 48 83 ec
0x00007ffce1ca2344:   20 48 8b ea e8 0f 00 00 00 90 48 83 c4 20 5d c3
0x00007ffce1ca2354:   cc cc cc cc cc cc cc cc 48 83 ec 28 48 8b 51 08
0x00007ffce1ca2364:   41 b8 03 00 00 00 48 8b 09 e8 4e a5 fc ff 33 c0
0x00007ffce1ca2374:   48 83 c4 28 c3 cc cc cc cc cc cc cc 48 8b 01 48
0x00007ffce1ca2384:   83 c9 ff 8b 10 e9 c2 b1 f8 ff cc cc cc cc cc cc
0x00007ffce1ca2394:   4c 8b dc 48 81 ec 88 00 00 00 48 8b 05 6b 21 07
0x00007ffce1ca23a4:   00 48 33 c4 48 89 44 24 70 48 8b 84 24 b0 00 00
0x00007ffce1ca23b4:   00 41 ba 24 1c 00 00 49 89 43 d8 8b 84 24 b8 00
0x00007ffce1ca23c4:   00 00 66 45 89 53 9e 49 89 4b b8 49 89 53 c0 4d
0x00007ffce1ca23d4:   89 43 c8 4d 89 4b d0 89 44 24 68 e8 6c 24 f1 ff
0x00007ffce1ca23e4:   85 c0 74 19 65 48 8b 04 25 60 00 00 00 48 8b 88
0x00007ffce1ca23f4:   90 00 00 00 48 81 c1 2c 02 00 00 eb 05 b9 86 03
0x00007ffce1ca2404:   fe 7f 0f b6 09 4c 8d 4c 24 20 ba 03 04 00 00 41
0x00007ffce1ca2414:   b8 2c 00 00 00 e8 62 b7 f8 ff 48 8b 4c 24 70 48 


Stack slot to memory mapping:
stack at sp + 0 slots: 0x0000000200000057 is an unknown value
stack at sp + 1 slots: 0x0 is NULL
stack at sp + 2 slots: 0x0000000000000be4 is an unknown value
stack at sp + 3 slots: 0x0 is NULL
stack at sp + 4 slots: 0x00000000c000000d is an unknown value
stack at sp + 5 slots: 0x0 is NULL
stack at sp + 6 slots: 0x00007ffce1ca2324 ntdll.dll
stack at sp + 7 slots: 0x0 is NULL

VM_Operation (0x00000030b67febf0): Exit, mode: safepoint, requested by thread 0x000002055975cac0


---------------  P R O C E S S  ---------------

Threads class SMR info:
_java_thread_list=0x000002055d778e20, length=29, elements={
0x000002057fef4f40, 0x000002057fef5bc0, 0x000002057ff0d030, 0x000002057ff0d9f0,
0x000002057ff0e3b0, 0x000002057ff1a3e0, 0x000002057ff3b4e0, 0x000002057ff42400,
0x000002057ff4c4f0, 0x00000205592231c0, 0x000002055922cd80, 0x000002055974f130,
0x000002055974f610, 0x000002055975cac0, 0x00000205716285a0, 0x000002055b9e4000,
0x000002055ca8c0f0, 0x000002055ca8acb0, 0x000002055ca8b1c0, 0x000002055ca8b6d0,
0x000002055ca8c600, 0x000002055ca8bbe0, 0x000002055d79fef0, 0x000002055d7a0400,
0x000002055d7a0910, 0x000002055d79eab0, 0x000002055d7a0e20, 0x000002055d7a1330,
0x000002055d79efc0
}

Java Threads: ( => current thread )
  0x000002057fef4f40 JavaThread "Reference Handler" daemon [_thread_blocked, id=2712, stack(0x00000030b5800000,0x00000030b5900000)]
  0x000002057fef5bc0 JavaThread "Finalizer" daemon [_thread_blocked, id=6768, stack(0x00000030b5900000,0x00000030b5a00000)]
  0x000002057ff0d030 JavaThread "Signal Dispatcher" daemon [_thread_blocked, id=308, stack(0x00000030b5a00000,0x00000030b5b00000)]
  0x000002057ff0d9f0 JavaThread "Attach Listener" daemon [_thread_blocked, id=9956, stack(0x00000030b5b00000,0x00000030b5c00000)]
  0x000002057ff0e3b0 JavaThread "Service Thread" daemon [_thread_blocked, id=2352, stack(0x00000030b5c00000,0x00000030b5d00000)]
  0x000002057ff1a3e0 JavaThread "Monitor Deflation Thread" daemon [_thread_blocked, id=16240, stack(0x00000030b5d00000,0x00000030b5e00000)]
  0x000002057ff3b4e0 JavaThread "C2 CompilerThread0" daemon [_thread_blocked, id=1680, stack(0x00000030b5e00000,0x00000030b5f00000)]
  0x000002057ff42400 JavaThread "C1 CompilerThread0" daemon [_thread_blocked, id=9496, stack(0x00000030b5f00000,0x00000030b6000000)]
  0x000002057ff4c4f0 JavaThread "Sweeper thread" daemon [_thread_blocked, id=2772, stack(0x00000030b6000000,0x00000030b6100000)]
  0x00000205592231c0 JavaThread "Notification Thread" daemon [_thread_blocked, id=16340, stack(0x00000030b6100000,0x00000030b6200000)]
  0x000002055922cd80 JavaThread "Common-Cleaner" daemon [_thread_blocked, id=216, stack(0x00000030b6300000,0x00000030b6400000)]
  0x000002055974f130 JavaThread "Java2D Disposer" daemon [_thread_blocked, id=2276, stack(0x00000030b6400000,0x00000030b6500000)]
  0x000002055974f610 JavaThread "AWT-Shutdown" [_thread_blocked, id=6112, stack(0x00000030b6500000,0x00000030b6600000)]
  0x000002055975cac0 JavaThread "AWT-EventQueue-0" [_thread_blocked, id=10284, stack(0x00000030b6700000,0x00000030b6800000)]
  0x00000205716285a0 JavaThread "DestroyJavaVM" [_thread_blocked, id=15156, stack(0x00000030b5100000,0x00000030b5200000)]
  0x000002055b9e4000 JavaThread "TimerQueue" daemon [_thread_blocked, id=4504, stack(0x00000030b6b00000,0x00000030b6c00000)]
  0x000002055ca8c0f0 JavaThread "RMI Scheduler(0)" daemon [_thread_blocked, id=6280, stack(0x00000030b6800000,0x00000030b6900000)]
  0x000002055ca8acb0 JavaThread "RMI RenewClean-[192.168.1.204:65287]" daemon [_thread_blocked, id=7184, stack(0x00000030b6a00000,0x00000030b6b00000)]
  0x000002055ca8b1c0 JavaThread "RMI GC Daemon" daemon [_thread_blocked, id=2832, stack(0x00000030b7700000,0x00000030b7800000)]
  0x000002055ca8b6d0 JavaThread "SwingWorker-pool-1-thread-1" daemon [_thread_blocked, id=16392, stack(0x00000030b7f00000,0x00000030b8000000)]
  0x000002055ca8c600 JavaThread "SwingWorker-pool-1-thread-2" daemon [_thread_blocked, id=11436, stack(0x00000030b8000000,0x00000030b8100000)]
  0x000002055ca8bbe0 JavaThread "SwingWorker-pool-1-thread-3" daemon [_thread_blocked, id=7044, stack(0x00000030b8100000,0x00000030b8200000)]
  0x000002055d79fef0 JavaThread "SwingWorker-pool-1-thread-4" daemon [_thread_blocked, id=16472, stack(0x00000030b8200000,0x00000030b8300000)]
  0x000002055d7a0400 JavaThread "SwingWorker-pool-1-thread-5" daemon [_thread_blocked, id=1396, stack(0x00000030b8300000,0x00000030b8400000)]
  0x000002055d7a0910 JavaThread "SwingWorker-pool-1-thread-6" daemon [_thread_blocked, id=10576, stack(0x00000030b8400000,0x00000030b8500000)]
  0x000002055d79eab0 JavaThread "SwingWorker-pool-1-thread-7" daemon [_thread_blocked, id=16524, stack(0x00000030b8500000,0x00000030b8600000)]
  0x000002055d7a0e20 JavaThread "SwingWorker-pool-1-thread-8" daemon [_thread_blocked, id=14548, stack(0x00000030b8600000,0x00000030b8700000)]
  0x000002055d7a1330 JavaThread "SwingWorker-pool-1-thread-9" daemon [_thread_blocked, id=10144, stack(0x00000030b8700000,0x00000030b8800000)]
  0x000002055d79efc0 JavaThread "SwingWorker-pool-1-thread-10" daemon [_thread_blocked, id=9708, stack(0x00000030b8b00000,0x00000030b8c00000)]

Other Threads:
=>0x000002057fef1b80 VMThread "VM Thread" [stack: 0x00000030b5700000,0x00000030b5800000] [id=10148]
  0x00000205716800c0 GCTaskThread "GC Thread#0" [stack: 0x00000030b5200000,0x00000030b5300000] [id=7228]
  0x000002055c32bf60 GCTaskThread "GC Thread#1" [stack: 0x00000030b6c00000,0x00000030b6d00000] [id=6976]
  0x000002055c32c220 GCTaskThread "GC Thread#2" [stack: 0x00000030b6d00000,0x00000030b6e00000] [id=16448]
  0x000002055c32c4e0 GCTaskThread "GC Thread#3" [stack: 0x00000030b6e00000,0x00000030b6f00000] [id=4376]
  0x000002055b9b1830 GCTaskThread "GC Thread#4" [stack: 0x00000030b6f00000,0x00000030b7000000] [id=5440]
  0x000002055c313750 GCTaskThread "GC Thread#5" [stack: 0x00000030b7000000,0x00000030b7100000] [id=8948]
  0x000002055c169c70 GCTaskThread "GC Thread#6" [stack: 0x00000030b7100000,0x00000030b7200000] [id=13400]
  0x0000020559bb1680 GCTaskThread "GC Thread#7" [stack: 0x00000030b7200000,0x00000030b7300000] [id=3368]
  0x000002057168d330 ConcurrentGCThread "G1 Main Marker" terminated
  0x000002057168dc40 ConcurrentGCThread "G1 Conc#0" [stack: 0x00000030b5400000,0x00000030b5500000] [id=15820]
  0x00000205599083b0 ConcurrentGCThread "G1 Conc#1" [stack: 0x00000030b7d00000,0x00000030b7e00000] [id=14552]
  0x00000205716dd700 ConcurrentGCThread "G1 Refine#0" terminated
  0x0000020559d9bfc0 ConcurrentGCThread "G1 Refine#1" terminated
  0x00000205716de030 ConcurrentGCThread "G1 Service" terminated

Threads with active compile tasks:

VM state: at safepoint (shutting down)

VM Mutex/Monitor currently owned by a thread:  ([mutex/lock_event])
[0x0000020571626560] Threads_lock - owner thread: 0x000002057fef1b80
[0x0000020571625a20] Heap_lock - owner thread: 0x000002055975cac0

Heap address: 0x0000000743800000, size: 3016 MB, Compressed Oops mode: Zero based, Oop shift amount: 3

CDS archive(s) mapped at: [0x0000020514000000-0x0000020514bd0000-0x0000020514bd0000), size 12386304, SharedBaseAddress: 0x0000020514000000, ArchiveRelocationMode: 1.
Compressed class space mapped at: 0x0000020515000000-0x0000020555000000, reserved size: 1073741824
Narrow klass base: 0x0000020514000000, Narrow klass shift: 0, Narrow klass range: 0x100000000

GC Precious Log:
 CPUs: 8 total, 8 available
 Memory: 12056M
 Large Page Support: Disabled
 NUMA Support: Disabled
 Compressed Oops: Enabled (Zero based)
 Heap Region Size: 2M
 Heap Min Capacity: 8M
 Heap Initial Capacity: 190M
 Heap Max Capacity: 3016M
 Pre-touch: Disabled
 Parallel Workers: 8
 Concurrent Workers: 2
 Concurrent Refinement Workers: 8
 Periodic GC: Disabled

Heap:
 garbage-first heap   total 391168K, used 107563K [0x0000000743800000, 0x0000000800000000)
  region size 2048K, 34 young (69632K), 3 survivors (6144K)
 Metaspace       used 22846K, committed 23168K, reserved 1114112K
  class space    used 2320K, committed 2496K, reserved 1048576K

Heap Regions: E=young(eden), S=young(survivor), O=old, HS=humongous(starts), HC=humongous(continues), CS=collection set, F=free, OA=open archive, CA=closed archive, TAMS=top-at-mark-start (previous, next)
|   0|0x0000000743800000, 0x0000000743a00000, 0x0000000743a00000|100%| O|  |TAMS 0x0000000743800000, 0x0000000743800000| Untracked 
|   1|0x0000000743a00000, 0x0000000743c00000, 0x0000000743c00000|100%| O|  |TAMS 0x0000000743a00000, 0x0000000743a00000| Untracked 
|   2|0x0000000743c00000, 0x0000000743d4ca00, 0x0000000743e00000| 64%| O|  |TAMS 0x0000000743c00000, 0x0000000743c00000| Untracked 
|   3|0x0000000743e00000, 0x0000000743e00000, 0x0000000744000000|  0%| F|  |TAMS 0x0000000743e00000, 0x0000000743e00000| Untracked 
|   4|0x0000000744000000, 0x0000000744000000, 0x0000000744200000|  0%| F|  |TAMS 0x0000000744000000, 0x0000000744000000| Untracked 
|   5|0x0000000744200000, 0x0000000744200000, 0x0000000744400000|  0%| F|  |TAMS 0x0000000744200000, 0x0000000744200000| Untracked 
|   6|0x0000000744400000, 0x0000000744400000, 0x0000000744600000|  0%| F|  |TAMS 0x0000000744400000, 0x0000000744400000| Untracked 
|   7|0x0000000744600000, 0x0000000744800000, 0x0000000744800000|100%| O|  |TAMS 0x0000000744800000, 0x0000000744600000| Untracked 
|   8|0x0000000744800000, 0x0000000744a00000, 0x0000000744a00000|100%| O|  |TAMS 0x0000000744a00000, 0x0000000744800000| Untracked 
|   9|0x0000000744a00000, 0x0000000744c00000, 0x0000000744c00000|100%| O|  |TAMS 0x0000000744c00000, 0x0000000744a00000| Untracked 
|  10|0x0000000744c00000, 0x0000000744e00000, 0x0000000744e00000|100%| O|  |TAMS 0x0000000744e00000, 0x0000000744c00000| Untracked 
|  11|0x0000000744e00000, 0x0000000745000000, 0x0000000745000000|100%| O|  |TAMS 0x0000000745000000, 0x0000000744e00000| Untracked 
|  12|0x0000000745000000, 0x0000000745200000, 0x0000000745200000|100%| O|  |TAMS 0x0000000745200000, 0x0000000745000000| Untracked 
|  13|0x0000000745200000, 0x0000000745400000, 0x0000000745400000|100%|HS|  |TAMS 0x0000000745400000, 0x0000000745200000| Complete 
|  14|0x0000000745400000, 0x0000000745600000, 0x0000000745600000|100%|HS|  |TAMS 0x0000000745600000, 0x0000000745400000| Complete 
|  15|0x0000000745600000, 0x0000000745800000, 0x0000000745800000|100%|HC|  |TAMS 0x0000000745800000, 0x0000000745600000| Complete 
|  16|0x0000000745800000, 0x0000000745a00000, 0x0000000745a00000|100%|HC|  |TAMS 0x0000000745a00000, 0x0000000745800000| Complete 
|  17|0x0000000745a00000, 0x0000000745c00000, 0x0000000745c00000|100%|HC|  |TAMS 0x0000000745c00000, 0x0000000745a00000| Complete 
|  18|0x0000000745c00000, 0x0000000745e00000, 0x0000000745e00000|100%|HC|  |TAMS 0x0000000745e00000, 0x0000000745c00000| Complete 
|  19|0x0000000745e00000, 0x0000000746000000, 0x0000000746000000|100%|HC|  |TAMS 0x0000000746000000, 0x0000000745e00000| Complete 
|  20|0x0000000746000000, 0x0000000746200000, 0x0000000746200000|100%|HC|  |TAMS 0x0000000746200000, 0x0000000746000000| Complete 
|  21|0x0000000746200000, 0x0000000746400000, 0x0000000746400000|100%|HS|  |TAMS 0x0000000746400000, 0x0000000746200000| Complete 
|  22|0x0000000746400000, 0x0000000746600000, 0x0000000746600000|100%|HC|  |TAMS 0x0000000746600000, 0x0000000746400000| Complete 
|  23|0x0000000746600000, 0x0000000746800000, 0x0000000746800000|100%|HC|  |TAMS 0x0000000746800000, 0x0000000746600000| Complete 
|  24|0x0000000746800000, 0x0000000746a00000, 0x0000000746a00000|100%| O|  |TAMS 0x0000000746a00000, 0x0000000746800000| Untracked 
|  25|0x0000000746a00000, 0x0000000746a85200, 0x0000000746c00000| 26%| O|  |TAMS 0x0000000746a85200, 0x0000000746a00000| Untracked 
|  26|0x0000000746c00000, 0x0000000746c00000, 0x0000000746e00000|  0%| F|  |TAMS 0x0000000746c00000, 0x0000000746c00000| Untracked 
|  27|0x0000000746e00000, 0x0000000746e00000, 0x0000000747000000|  0%| F|  |TAMS 0x0000000746e00000, 0x0000000746e00000| Untracked 
|  28|0x0000000747000000, 0x0000000747000000, 0x0000000747200000|  0%| F|  |TAMS 0x0000000747000000, 0x0000000747000000| Untracked 
|  29|0x0000000747200000, 0x0000000747200000, 0x0000000747400000|  0%| F|  |TAMS 0x0000000747200000, 0x0000000747200000| Untracked 
|  30|0x0000000747400000, 0x0000000747400000, 0x0000000747600000|  0%| F|  |TAMS 0x0000000747400000, 0x0000000747400000| Untracked 
|  31|0x0000000747600000, 0x0000000747600000, 0x0000000747800000|  0%| F|  |TAMS 0x0000000747600000, 0x0000000747600000| Untracked 
|  32|0x0000000747800000, 0x0000000747800000, 0x0000000747a00000|  0%| F|  |TAMS 0x0000000747800000, 0x0000000747800000| Untracked 
|  33|0x0000000747a00000, 0x0000000747a00000, 0x0000000747c00000|  0%| F|  |TAMS 0x0000000747a00000, 0x0000000747a00000| Untracked 
|  34|0x0000000747c00000, 0x0000000747c00000, 0x0000000747e00000|  0%| F|  |TAMS 0x0000000747c00000, 0x0000000747c00000| Untracked 
|  35|0x0000000747e00000, 0x0000000747e00000, 0x0000000748000000|  0%| F|  |TAMS 0x0000000747e00000, 0x0000000747e00000| Untracked 
|  36|0x0000000748000000, 0x0000000748000000, 0x0000000748200000|  0%| F|  |TAMS 0x0000000748000000, 0x0000000748000000| Untracked 
|  37|0x0000000748200000, 0x0000000748200000, 0x0000000748400000|  0%| F|  |TAMS 0x0000000748200000, 0x0000000748200000| Untracked 
|  38|0x0000000748400000, 0x0000000748400000, 0x0000000748600000|  0%| F|  |TAMS 0x0000000748400000, 0x0000000748400000| Untracked 
|  39|0x0000000748600000, 0x0000000748600000, 0x0000000748800000|  0%| F|  |TAMS 0x0000000748600000, 0x0000000748600000| Untracked 
|  40|0x0000000748800000, 0x0000000748800000, 0x0000000748a00000|  0%| F|  |TAMS 0x0000000748800000, 0x0000000748800000| Untracked 
|  41|0x0000000748a00000, 0x0000000748a00000, 0x0000000748c00000|  0%| F|  |TAMS 0x0000000748a00000, 0x0000000748a00000| Untracked 
|  42|0x0000000748c00000, 0x0000000748c00000, 0x0000000748e00000|  0%| F|  |TAMS 0x0000000748c00000, 0x0000000748c00000| Untracked 
|  43|0x0000000748e00000, 0x0000000748e00000, 0x0000000749000000|  0%| F|  |TAMS 0x0000000748e00000, 0x0000000748e00000| Untracked 
|  44|0x0000000749000000, 0x0000000749000000, 0x0000000749200000|  0%| F|  |TAMS 0x0000000749000000, 0x0000000749000000| Untracked 
|  45|0x0000000749200000, 0x0000000749200000, 0x0000000749400000|  0%| F|  |TAMS 0x0000000749200000, 0x0000000749200000| Untracked 
|  46|0x0000000749400000, 0x0000000749400000, 0x0000000749600000|  0%| F|  |TAMS 0x0000000749400000, 0x0000000749400000| Untracked 
|  47|0x0000000749600000, 0x0000000749600000, 0x0000000749800000|  0%| F|  |TAMS 0x0000000749600000, 0x0000000749600000| Untracked 
|  48|0x0000000749800000, 0x0000000749800000, 0x0000000749a00000|  0%| F|  |TAMS 0x0000000749800000, 0x0000000749800000| Untracked 
|  49|0x0000000749a00000, 0x0000000749a00000, 0x0000000749c00000|  0%| F|  |TAMS 0x0000000749a00000, 0x0000000749a00000| Untracked 
|  50|0x0000000749c00000, 0x0000000749c00000, 0x0000000749e00000|  0%| F|  |TAMS 0x0000000749c00000, 0x0000000749c00000| Untracked 
|  51|0x0000000749e00000, 0x0000000749e00000, 0x000000074a000000|  0%| F|  |TAMS 0x0000000749e00000, 0x0000000749e00000| Untracked 
|  52|0x000000074a000000, 0x000000074a000000, 0x000000074a200000|  0%| F|  |TAMS 0x000000074a000000, 0x000000074a000000| Untracked 
|  53|0x000000074a200000, 0x000000074a200000, 0x000000074a400000|  0%| F|  |TAMS 0x000000074a200000, 0x000000074a200000| Untracked 
|  54|0x000000074a400000, 0x000000074a400000, 0x000000074a600000|  0%| F|  |TAMS 0x000000074a400000, 0x000000074a400000| Untracked 
|  55|0x000000074a600000, 0x000000074a600000, 0x000000074a800000|  0%| F|  |TAMS 0x000000074a600000, 0x000000074a600000| Untracked 
|  56|0x000000074a800000, 0x000000074a800000, 0x000000074aa00000|  0%| F|  |TAMS 0x000000074a800000, 0x000000074a800000| Untracked 
|  57|0x000000074aa00000, 0x000000074aa00000, 0x000000074ac00000|  0%| F|  |TAMS 0x000000074aa00000, 0x000000074aa00000| Untracked 
|  58|0x000000074ac00000, 0x000000074ac00000, 0x000000074ae00000|  0%| F|  |TAMS 0x000000074ac00000, 0x000000074ac00000| Untracked 
|  59|0x000000074ae00000, 0x000000074ae00000, 0x000000074b000000|  0%| F|  |TAMS 0x000000074ae00000, 0x000000074ae00000| Untracked 
|  60|0x000000074b000000, 0x000000074b000000, 0x000000074b200000|  0%| F|  |TAMS 0x000000074b000000, 0x000000074b000000| Untracked 
|  61|0x000000074b200000, 0x000000074b200000, 0x000000074b400000|  0%| F|  |TAMS 0x000000074b200000, 0x000000074b200000| Untracked 
|  62|0x000000074b400000, 0x000000074b400000, 0x000000074b600000|  0%| F|  |TAMS 0x000000074b400000, 0x000000074b400000| Untracked 
|  63|0x000000074b600000, 0x000000074b600000, 0x000000074b800000|  0%| F|  |TAMS 0x000000074b600000, 0x000000074b600000| Untracked 
|  64|0x000000074b800000, 0x000000074b800000, 0x000000074ba00000|  0%| F|  |TAMS 0x000000074b800000, 0x000000074b800000| Untracked 
|  65|0x000000074ba00000, 0x000000074ba00000, 0x000000074bc00000|  0%| F|  |TAMS 0x000000074ba00000, 0x000000074ba00000| Untracked 
|  66|0x000000074bc00000, 0x000000074bc00000, 0x000000074be00000|  0%| F|  |TAMS 0x000000074bc00000, 0x000000074bc00000| Untracked 
|  67|0x000000074be00000, 0x000000074be00000, 0x000000074c000000|  0%| F|  |TAMS 0x000000074be00000, 0x000000074be00000| Untracked 
|  68|0x000000074c000000, 0x000000074c000000, 0x000000074c200000|  0%| F|  |TAMS 0x000000074c000000, 0x000000074c000000| Untracked 
|  69|0x000000074c200000, 0x000000074c200000, 0x000000074c400000|  0%| F|  |TAMS 0x000000074c200000, 0x000000074c200000| Untracked 
|  70|0x000000074c400000, 0x000000074c400000, 0x000000074c600000|  0%| F|  |TAMS 0x000000074c400000, 0x000000074c400000| Untracked 
|  71|0x000000074c600000, 0x000000074c600000, 0x000000074c800000|  0%| F|  |TAMS 0x000000074c600000, 0x000000074c600000| Untracked 
|  72|0x000000074c800000, 0x000000074c800000, 0x000000074ca00000|  0%| F|  |TAMS 0x000000074c800000, 0x000000074c800000| Untracked 
|  73|0x000000074ca00000, 0x000000074ca00000, 0x000000074cc00000|  0%| F|  |TAMS 0x000000074ca00000, 0x000000074ca00000| Untracked 
|  74|0x000000074cc00000, 0x000000074cd39250, 0x000000074ce00000| 61%| S|CS|TAMS 0x000000074cc00000, 0x000000074cc00000| Complete 
|  75|0x000000074ce00000, 0x000000074d000000, 0x000000074d000000|100%| S|CS|TAMS 0x000000074ce00000, 0x000000074ce00000| Complete 
|  76|0x000000074d000000, 0x000000074d200000, 0x000000074d200000|100%| S|CS|TAMS 0x000000074d000000, 0x000000074d000000| Complete 
|  77|0x000000074d200000, 0x000000074d200000, 0x000000074d400000|  0%| F|  |TAMS 0x000000074d200000, 0x000000074d200000| Untracked 
|  78|0x000000074d400000, 0x000000074d400000, 0x000000074d600000|  0%| F|  |TAMS 0x000000074d400000, 0x000000074d400000| Untracked 
|  79|0x000000074d600000, 0x000000074d600000, 0x000000074d800000|  0%| F|  |TAMS 0x000000074d600000, 0x000000074d600000| Untracked 
|  80|0x000000074d800000, 0x000000074d800000, 0x000000074da00000|  0%| F|  |TAMS 0x000000074d800000, 0x000000074d800000| Untracked 
|  81|0x000000074da00000, 0x000000074da00000, 0x000000074dc00000|  0%| F|  |TAMS 0x000000074da00000, 0x000000074da00000| Untracked 
|  82|0x000000074dc00000, 0x000000074dc00000, 0x000000074de00000|  0%| F|  |TAMS 0x000000074dc00000, 0x000000074dc00000| Untracked 
|  83|0x000000074de00000, 0x000000074de00000, 0x000000074e000000|  0%| F|  |TAMS 0x000000074de00000, 0x000000074de00000| Untracked 
|  84|0x000000074e000000, 0x000000074e000000, 0x000000074e200000|  0%| F|  |TAMS 0x000000074e000000, 0x000000074e000000| Untracked 
|  85|0x000000074e200000, 0x000000074e200000, 0x000000074e400000|  0%| F|  |TAMS 0x000000074e200000, 0x000000074e200000| Untracked 
|  86|0x000000074e400000, 0x000000074e400000, 0x000000074e600000|  0%| F|  |TAMS 0x000000074e400000, 0x000000074e400000| Untracked 
|  87|0x000000074e600000, 0x000000074e600000, 0x000000074e800000|  0%| F|  |TAMS 0x000000074e600000, 0x000000074e600000| Untracked 
|  88|0x000000074e800000, 0x000000074e800000, 0x000000074ea00000|  0%| F|  |TAMS 0x000000074e800000, 0x000000074e800000| Untracked 
|  89|0x000000074ea00000, 0x000000074ea00000, 0x000000074ec00000|  0%| F|  |TAMS 0x000000074ea00000, 0x000000074ea00000| Untracked 
|  90|0x000000074ec00000, 0x000000074ec00000, 0x000000074ee00000|  0%| F|  |TAMS 0x000000074ec00000, 0x000000074ec00000| Untracked 
|  91|0x000000074ee00000, 0x000000074ee00000, 0x000000074f000000|  0%| F|  |TAMS 0x000000074ee00000, 0x000000074ee00000| Untracked 
|  92|0x000000074f000000, 0x000000074f000000, 0x000000074f200000|  0%| F|  |TAMS 0x000000074f000000, 0x000000074f000000| Untracked 
|  93|0x000000074f200000, 0x000000074f200000, 0x000000074f400000|  0%| F|  |TAMS 0x000000074f200000, 0x000000074f200000| Untracked 
|  94|0x000000074f400000, 0x000000074f400000, 0x000000074f600000|  0%| F|  |TAMS 0x000000074f400000, 0x000000074f400000| Untracked 
|  95|0x000000074f600000, 0x000000074f600000, 0x000000074f800000|  0%| F|  |TAMS 0x000000074f600000, 0x000000074f600000| Untracked 
|  96|0x000000074f800000, 0x000000074f800000, 0x000000074fa00000|  0%| F|  |TAMS 0x000000074f800000, 0x000000074f800000| Untracked 
|  97|0x000000074fa00000, 0x000000074fa00000, 0x000000074fc00000|  0%| F|  |TAMS 0x000000074fa00000, 0x000000074fa00000| Untracked 
|  98|0x000000074fc00000, 0x000000074fc00000, 0x000000074fe00000|  0%| F|  |TAMS 0x000000074fc00000, 0x000000074fc00000| Untracked 
|  99|0x000000074fe00000, 0x000000074fe00000, 0x0000000750000000|  0%| F|  |TAMS 0x000000074fe00000, 0x000000074fe00000| Untracked 
| 100|0x0000000750000000, 0x0000000750000000, 0x0000000750200000|  0%| F|  |TAMS 0x0000000750000000, 0x0000000750000000| Untracked 
| 101|0x0000000750200000, 0x0000000750200000, 0x0000000750400000|  0%| F|  |TAMS 0x0000000750200000, 0x0000000750200000| Untracked 
| 102|0x0000000750400000, 0x0000000750400000, 0x0000000750600000|  0%| F|  |TAMS 0x0000000750400000, 0x0000000750400000| Untracked 
| 103|0x0000000750600000, 0x0000000750600000, 0x0000000750800000|  0%| F|  |TAMS 0x0000000750600000, 0x0000000750600000| Untracked 
| 104|0x0000000750800000, 0x0000000750800000, 0x0000000750a00000|  0%| F|  |TAMS 0x0000000750800000, 0x0000000750800000| Untracked 
| 105|0x0000000750a00000, 0x0000000750a00000, 0x0000000750c00000|  0%| F|  |TAMS 0x0000000750a00000, 0x0000000750a00000| Untracked 
| 106|0x0000000750c00000, 0x0000000750c00000, 0x0000000750e00000|  0%| F|  |TAMS 0x0000000750c00000, 0x0000000750c00000| Untracked 
| 107|0x0000000750e00000, 0x0000000750e00000, 0x0000000751000000|  0%| F|  |TAMS 0x0000000750e00000, 0x0000000750e00000| Untracked 
| 108|0x0000000751000000, 0x0000000751000000, 0x0000000751200000|  0%| F|  |TAMS 0x0000000751000000, 0x0000000751000000| Untracked 
| 109|0x0000000751200000, 0x0000000751200000, 0x0000000751400000|  0%| F|  |TAMS 0x0000000751200000, 0x0000000751200000| Untracked 
| 110|0x0000000751400000, 0x0000000751400000, 0x0000000751600000|  0%| F|  |TAMS 0x0000000751400000, 0x0000000751400000| Untracked 
| 111|0x0000000751600000, 0x0000000751600000, 0x0000000751800000|  0%| F|  |TAMS 0x0000000751600000, 0x0000000751600000| Untracked 
| 112|0x0000000751800000, 0x0000000751800000, 0x0000000751a00000|  0%| F|  |TAMS 0x0000000751800000, 0x0000000751800000| Untracked 
| 113|0x0000000751a00000, 0x0000000751a00000, 0x0000000751c00000|  0%| F|  |TAMS 0x0000000751a00000, 0x0000000751a00000| Untracked 
| 114|0x0000000751c00000, 0x0000000751c00000, 0x0000000751e00000|  0%| F|  |TAMS 0x0000000751c00000, 0x0000000751c00000| Untracked 
| 115|0x0000000751e00000, 0x0000000751e00000, 0x0000000752000000|  0%| F|  |TAMS 0x0000000751e00000, 0x0000000751e00000| Untracked 
| 116|0x0000000752000000, 0x0000000752000000, 0x0000000752200000|  0%| F|  |TAMS 0x0000000752000000, 0x0000000752000000| Untracked 
| 117|0x0000000752200000, 0x0000000752200000, 0x0000000752400000|  0%| F|  |TAMS 0x0000000752200000, 0x0000000752200000| Untracked 
| 118|0x0000000752400000, 0x0000000752400000, 0x0000000752600000|  0%| F|  |TAMS 0x0000000752400000, 0x0000000752400000| Untracked 
| 119|0x0000000752600000, 0x0000000752600000, 0x0000000752800000|  0%| F|  |TAMS 0x0000000752600000, 0x0000000752600000| Untracked 
| 120|0x0000000752800000, 0x0000000752800000, 0x0000000752a00000|  0%| F|  |TAMS 0x0000000752800000, 0x0000000752800000| Untracked 
| 121|0x0000000752a00000, 0x0000000752a00000, 0x0000000752c00000|  0%| F|  |TAMS 0x0000000752a00000, 0x0000000752a00000| Untracked 
| 122|0x0000000752c00000, 0x0000000752c00000, 0x0000000752e00000|  0%| F|  |TAMS 0x0000000752c00000, 0x0000000752c00000| Untracked 
| 123|0x0000000752e00000, 0x0000000752e00000, 0x0000000753000000|  0%| F|  |TAMS 0x0000000752e00000, 0x0000000752e00000| Untracked 
| 124|0x0000000753000000, 0x0000000753000000, 0x0000000753200000|  0%| F|  |TAMS 0x0000000753000000, 0x0000000753000000| Untracked 
| 125|0x0000000753200000, 0x0000000753200000, 0x0000000753400000|  0%| F|  |TAMS 0x0000000753200000, 0x0000000753200000| Untracked 
| 126|0x0000000753400000, 0x0000000753400000, 0x0000000753600000|  0%| F|  |TAMS 0x0000000753400000, 0x0000000753400000| Untracked 
| 127|0x0000000753600000, 0x0000000753600000, 0x0000000753800000|  0%| F|  |TAMS 0x0000000753600000, 0x0000000753600000| Untracked 
| 128|0x0000000753800000, 0x0000000753800000, 0x0000000753a00000|  0%| F|  |TAMS 0x0000000753800000, 0x0000000753800000| Untracked 
| 129|0x0000000753a00000, 0x0000000753a00000, 0x0000000753c00000|  0%| F|  |TAMS 0x0000000753a00000, 0x0000000753a00000| Untracked 
| 130|0x0000000753c00000, 0x0000000753c00000, 0x0000000753e00000|  0%| F|  |TAMS 0x0000000753c00000, 0x0000000753c00000| Untracked 
| 131|0x0000000753e00000, 0x0000000753e00000, 0x0000000754000000|  0%| F|  |TAMS 0x0000000753e00000, 0x0000000753e00000| Untracked 
| 132|0x0000000754000000, 0x0000000754000000, 0x0000000754200000|  0%| F|  |TAMS 0x0000000754000000, 0x0000000754000000| Untracked 
| 133|0x0000000754200000, 0x0000000754200000, 0x0000000754400000|  0%| F|  |TAMS 0x0000000754200000, 0x0000000754200000| Untracked 
| 134|0x0000000754400000, 0x0000000754400000, 0x0000000754600000|  0%| F|  |TAMS 0x0000000754400000, 0x0000000754400000| Untracked 
| 135|0x0000000754600000, 0x0000000754600000, 0x0000000754800000|  0%| F|  |TAMS 0x0000000754600000, 0x0000000754600000| Untracked 
| 136|0x0000000754800000, 0x0000000754800000, 0x0000000754a00000|  0%| F|  |TAMS 0x0000000754800000, 0x0000000754800000| Untracked 
| 137|0x0000000754a00000, 0x0000000754a00000, 0x0000000754c00000|  0%| F|  |TAMS 0x0000000754a00000, 0x0000000754a00000| Untracked 
| 138|0x0000000754c00000, 0x0000000754c00000, 0x0000000754e00000|  0%| F|  |TAMS 0x0000000754c00000, 0x0000000754c00000| Untracked 
| 139|0x0000000754e00000, 0x0000000754e00000, 0x0000000755000000|  0%| F|  |TAMS 0x0000000754e00000, 0x0000000754e00000| Untracked 
| 140|0x0000000755000000, 0x0000000755000000, 0x0000000755200000|  0%| F|  |TAMS 0x0000000755000000, 0x0000000755000000| Untracked 
| 141|0x0000000755200000, 0x0000000755200000, 0x0000000755400000|  0%| F|  |TAMS 0x0000000755200000, 0x0000000755200000| Untracked 
| 142|0x0000000755400000, 0x0000000755400000, 0x0000000755600000|  0%| F|  |TAMS 0x0000000755400000, 0x0000000755400000| Untracked 
| 143|0x0000000755600000, 0x0000000755600000, 0x0000000755800000|  0%| F|  |TAMS 0x0000000755600000, 0x0000000755600000| Untracked 
| 144|0x0000000755800000, 0x0000000755800000, 0x0000000755a00000|  0%| F|  |TAMS 0x0000000755800000, 0x0000000755800000| Untracked 
| 145|0x0000000755a00000, 0x0000000755a00000, 0x0000000755c00000|  0%| F|  |TAMS 0x0000000755a00000, 0x0000000755a00000| Untracked 
| 146|0x0000000755c00000, 0x0000000755c00000, 0x0000000755e00000|  0%| F|  |TAMS 0x0000000755c00000, 0x0000000755c00000| Untracked 
| 147|0x0000000755e00000, 0x0000000755e00000, 0x0000000756000000|  0%| F|  |TAMS 0x0000000755e00000, 0x0000000755e00000| Untracked 
| 148|0x0000000756000000, 0x0000000756000000, 0x0000000756200000|  0%| F|  |TAMS 0x0000000756000000, 0x0000000756000000| Untracked 
| 149|0x0000000756200000, 0x0000000756200000, 0x0000000756400000|  0%| F|  |TAMS 0x0000000756200000, 0x0000000756200000| Untracked 
| 150|0x0000000756400000, 0x0000000756400000, 0x0000000756600000|  0%| F|  |TAMS 0x0000000756400000, 0x0000000756400000| Untracked 
| 151|0x0000000756600000, 0x0000000756600000, 0x0000000756800000|  0%| F|  |TAMS 0x0000000756600000, 0x0000000756600000| Untracked 
| 152|0x0000000756800000, 0x0000000756800000, 0x0000000756a00000|  0%| F|  |TAMS 0x0000000756800000, 0x0000000756800000| Untracked 
| 153|0x0000000756a00000, 0x0000000756a00000, 0x0000000756c00000|  0%| F|  |TAMS 0x0000000756a00000, 0x0000000756a00000| Untracked 
| 154|0x0000000756c00000, 0x0000000756c00000, 0x0000000756e00000|  0%| F|  |TAMS 0x0000000756c00000, 0x0000000756c00000| Untracked 
| 155|0x0000000756e00000, 0x0000000756e00000, 0x0000000757000000|  0%| F|  |TAMS 0x0000000756e00000, 0x0000000756e00000| Untracked 
| 156|0x0000000757000000, 0x0000000757000000, 0x0000000757200000|  0%| F|  |TAMS 0x0000000757000000, 0x0000000757000000| Untracked 
| 157|0x0000000757200000, 0x0000000757200000, 0x0000000757400000|  0%| F|  |TAMS 0x0000000757200000, 0x0000000757200000| Untracked 
| 158|0x0000000757400000, 0x0000000757400000, 0x0000000757600000|  0%| F|  |TAMS 0x0000000757400000, 0x0000000757400000| Untracked 
| 159|0x0000000757600000, 0x0000000757600000, 0x0000000757800000|  0%| F|  |TAMS 0x0000000757600000, 0x0000000757600000| Untracked 
| 160|0x0000000757800000, 0x00000007579b4e98, 0x0000000757a00000| 85%| E|  |TAMS 0x0000000757800000, 0x0000000757800000| Complete 
| 161|0x0000000757a00000, 0x0000000757c00000, 0x0000000757c00000|100%| E|CS|TAMS 0x0000000757a00000, 0x0000000757a00000| Complete 
| 162|0x0000000757c00000, 0x0000000757e00000, 0x0000000757e00000|100%| E|CS|TAMS 0x0000000757c00000, 0x0000000757c00000| Complete 
| 163|0x0000000757e00000, 0x0000000758000000, 0x0000000758000000|100%| E|CS|TAMS 0x0000000757e00000, 0x0000000757e00000| Complete 
| 164|0x0000000758000000, 0x0000000758200000, 0x0000000758200000|100%| E|CS|TAMS 0x0000000758000000, 0x0000000758000000| Complete 
| 165|0x0000000758200000, 0x0000000758400000, 0x0000000758400000|100%| E|CS|TAMS 0x0000000758200000, 0x0000000758200000| Complete 
| 166|0x0000000758400000, 0x0000000758600000, 0x0000000758600000|100%| E|CS|TAMS 0x0000000758400000, 0x0000000758400000| Complete 
| 167|0x0000000758600000, 0x0000000758800000, 0x0000000758800000|100%| E|  |TAMS 0x0000000758600000, 0x0000000758600000| Complete 
| 168|0x0000000758800000, 0x0000000758a00000, 0x0000000758a00000|100%| E|CS|TAMS 0x0000000758800000, 0x0000000758800000| Complete 
| 169|0x0000000758a00000, 0x0000000758c00000, 0x0000000758c00000|100%| E|CS|TAMS 0x0000000758a00000, 0x0000000758a00000| Complete 
| 170|0x0000000758c00000, 0x0000000758e00000, 0x0000000758e00000|100%| E|CS|TAMS 0x0000000758c00000, 0x0000000758c00000| Complete 
| 171|0x0000000758e00000, 0x0000000759000000, 0x0000000759000000|100%| E|CS|TAMS 0x0000000758e00000, 0x0000000758e00000| Complete 
| 172|0x0000000759000000, 0x0000000759200000, 0x0000000759200000|100%| E|CS|TAMS 0x0000000759000000, 0x0000000759000000| Complete 
| 173|0x0000000759200000, 0x0000000759400000, 0x0000000759400000|100%| E|CS|TAMS 0x0000000759200000, 0x0000000759200000| Complete 
| 174|0x0000000759400000, 0x0000000759600000, 0x0000000759600000|100%| E|CS|TAMS 0x0000000759400000, 0x0000000759400000| Complete 
| 175|0x0000000759600000, 0x0000000759800000, 0x0000000759800000|100%| E|CS|TAMS 0x0000000759600000, 0x0000000759600000| Complete 
| 176|0x0000000759800000, 0x0000000759a00000, 0x0000000759a00000|100%| E|CS|TAMS 0x0000000759800000, 0x0000000759800000| Complete 
| 177|0x0000000759a00000, 0x0000000759c00000, 0x0000000759c00000|100%| E|CS|TAMS 0x0000000759a00000, 0x0000000759a00000| Complete 
| 178|0x0000000759c00000, 0x0000000759e00000, 0x0000000759e00000|100%| E|CS|TAMS 0x0000000759c00000, 0x0000000759c00000| Complete 
| 179|0x0000000759e00000, 0x000000075a000000, 0x000000075a000000|100%| E|CS|TAMS 0x0000000759e00000, 0x0000000759e00000| Complete 
| 180|0x000000075a000000, 0x000000075a200000, 0x000000075a200000|100%| E|CS|TAMS 0x000000075a000000, 0x000000075a000000| Complete 
| 181|0x000000075a200000, 0x000000075a400000, 0x000000075a400000|100%| E|CS|TAMS 0x000000075a200000, 0x000000075a200000| Complete 
| 182|0x000000075a400000, 0x000000075a600000, 0x000000075a600000|100%| E|CS|TAMS 0x000000075a400000, 0x000000075a400000| Complete 
| 183|0x000000075a600000, 0x000000075a800000, 0x000000075a800000|100%| E|CS|TAMS 0x000000075a600000, 0x000000075a600000| Complete 
| 184|0x000000075a800000, 0x000000075aa00000, 0x000000075aa00000|100%| E|CS|TAMS 0x000000075a800000, 0x000000075a800000| Complete 
| 185|0x000000075aa00000, 0x000000075ac00000, 0x000000075ac00000|100%| E|CS|TAMS 0x000000075aa00000, 0x000000075aa00000| Complete 
| 186|0x000000075ac00000, 0x000000075ae00000, 0x000000075ae00000|100%| E|CS|TAMS 0x000000075ac00000, 0x000000075ac00000| Complete 
| 187|0x000000075ae00000, 0x000000075b000000, 0x000000075b000000|100%| E|CS|TAMS 0x000000075ae00000, 0x000000075ae00000| Complete 
| 188|0x000000075b000000, 0x000000075b200000, 0x000000075b200000|100%| E|CS|TAMS 0x000000075b000000, 0x000000075b000000| Complete 
| 189|0x000000075b200000, 0x000000075b400000, 0x000000075b400000|100%| E|CS|TAMS 0x000000075b200000, 0x000000075b200000| Complete 
| 190|0x000000075b400000, 0x000000075b600000, 0x000000075b600000|100%| E|CS|TAMS 0x000000075b400000, 0x000000075b400000| Complete 

Card table byte_map: [0x000002057b960000,0x000002057bf50000] _byte_map_base: 0x0000020577f44000

Marking Bits (Prev, Next): (CMBitMap*) 0x0000020571680620, (CMBitMap*) 0x00000205716805e0
 Prev Bits: [0x000002050f000000, 0x0000020511f20000)
 Next Bits: [0x000002057c540000, 0x000002057f460000)

Polling page: 0x00000205714d0000

Metaspace:

Usage:
  Non-class:     20.04 MB used.
      Class:      2.27 MB used.
       Both:     22.31 MB used.

Virtual space:
  Non-class space:       64.00 MB reserved,      20.19 MB ( 32%) committed,  1 nodes.
      Class space:        1.00 GB reserved,       2.44 MB ( <1%) committed,  1 nodes.
             Both:        1.06 GB reserved,      22.62 MB (  2%) committed. 

Chunk freelists:
   Non-Class:  11.00 MB
       Class:  13.55 MB
        Both:  24.55 MB

MaxMetaspaceSize: unlimited
CompressedClassSpaceSize: 1.00 GB
Initial GC threshold: 21.00 MB
Current GC threshold: 35.12 MB
CDS: on
MetaspaceReclaimPolicy: balanced
 - commit_granule_bytes: 65536.
 - commit_granule_words: 8192.
 - virtual_space_node_default_size: 8388608.
 - enlarge_chunks_in_place: 1.
 - new_chunks_are_fully_committed: 0.
 - uncommit_free_chunks: 1.
 - use_allocation_guard: 0.
 - handle_deallocations: 1.


Internal statistics:

num_allocs_failed_limit: 3.
num_arena_births: 360.
num_arena_deaths: 0.
num_vsnodes_births: 2.
num_vsnodes_deaths: 0.
num_space_committed: 362.
num_space_uncommitted: 0.
num_chunks_returned_to_freelist: 3.
num_chunks_taken_from_freelist: 684.
num_chunk_merges: 0.
num_chunk_splits: 376.
num_chunks_enlarged: 159.
num_inconsistent_stats: 0.

CodeHeap 'non-profiled nmethods': size=120000Kb used=5113Kb max_used=5514Kb free=114887Kb
 bounds [0x0000020507ad0000, 0x0000020508040000, 0x000002050f000000]
CodeHeap 'profiled nmethods': size=120000Kb used=11195Kb max_used=12291Kb free=108804Kb
 bounds [0x0000020500000000, 0x0000020500c10000, 0x0000020507530000]
CodeHeap 'non-nmethods': size=5760Kb used=1428Kb max_used=1504Kb free=4331Kb
 bounds [0x0000020507530000, 0x00000205077a0000, 0x0000020507ad0000]
 total_blobs=6712 nmethods=5921 adapters=698
 compilation: enabled
              stopped_count=0, restarted_count=0
 full_count=0

Compilation events (20 events):
Event: 1219.274 Thread 0x000002057ff42400 7321       3       javax.swing.JTable::rowAtPoint (48 bytes)
Event: 1219.274 Thread 0x000002057ff42400 nmethod 7321 0x0000020500919910 code [0x0000020500919b20, 0x000002050091a3f8]
Event: 1219.275 Thread 0x000002057ff42400 7322       3       javax.swing.JTable::columnAtPoint (35 bytes)
Event: 1219.275 Thread 0x000002057ff42400 nmethod 7322 0x0000020500a6be10 code [0x0000020500a6bfe0, 0x0000020500a6c4c8]
Event: 1219.385 Thread 0x000002057ff42400 7323       3       java.lang.ModuleLayer::boot (4 bytes)
Event: 1219.385 Thread 0x000002057ff42400 nmethod 7323 0x000002050023e090 code [0x000002050023e220, 0x000002050023e318]
Event: 1219.385 Thread 0x000002057ff3b4e0 7324       4       java.nio.ByteBuffer::flip (7 bytes)
Event: 1219.386 Thread 0x000002057ff3b4e0 nmethod 7324 0x0000020507f03910 code [0x0000020507f03a80, 0x0000020507f03b18]
Event: 1232.973 Thread 0x000002057ff42400 7325       1       javax.swing.Timer::isRepeats (5 bytes)
Event: 1232.974 Thread 0x000002057ff42400 nmethod 7325 0x0000020507c2d290 code [0x0000020507c2d420, 0x0000020507c2d4f8]
Event: 1232.974 Thread 0x000002057ff42400 7326       1       javax.swing.Timer::getActionCommand (5 bytes)
Event: 1232.974 Thread 0x000002057ff42400 nmethod 7326 0x0000020507c2cf90 code [0x0000020507c2d120, 0x0000020507c2d1f8]
Event: 1293.828 Thread 0x000002057ff42400 7327       3       javax.swing.plaf.basic.BasicTabbedPaneUI::calculateTabWidth (138 bytes)
Event: 1293.829 Thread 0x000002057ff42400 nmethod 7327 0x00000205003afd10 code [0x00000205003aff80, 0x00000205003b0e58]
Event: 1293.842 Thread 0x000002057ff3b4e0 7328       4       sun.java2d.marlin.Renderer::tosubpixx (6 bytes)
Event: 1293.842 Thread 0x000002057ff3b4e0 nmethod 7328 0x0000020507c2cc90 code [0x0000020507c2ce20, 0x0000020507c2ce78]
Event: 1293.842 Thread 0x000002057ff3b4e0 7329       4       sun.java2d.marlin.Renderer::tosubpixy (10 bytes)
Event: 1293.842 Thread 0x000002057ff3b4e0 nmethod 7329 0x0000020507c2c990 code [0x0000020507c2cb20, 0x0000020507c2cb98]
Event: 1295.153 Thread 0x000002057ff42400 7330       1       java.util.concurrent.CopyOnWriteArrayList::getArray (5 bytes)
Event: 1295.153 Thread 0x000002057ff42400 nmethod 7330 0x0000020507c2c690 code [0x0000020507c2c820, 0x0000020507c2c8f8]

GC Heap History (20 events):
Event: 1293.067 GC heap before
{Heap before GC invocations=6225 (full 0):
 garbage-first heap   total 391168K, used 272263K [0x0000000743800000, 0x0000000800000000)
  region size 2048K, 114 young (233472K), 4 survivors (8192K)
 Metaspace       used 22837K, committed 23168K, reserved 1114112K
  class space    used 2318K, committed 2496K, reserved 1048576K
}
Event: 1293.068 GC heap after
{Heap after GC invocations=6226 (full 0):
 garbage-first heap   total 391168K, used 46344K [0x0000000743800000, 0x0000000800000000)
  region size 2048K, 2 young (4096K), 2 survivors (4096K)
 Metaspace       used 22837K, committed 23168K, reserved 1114112K
  class space    used 2318K, committed 2496K, reserved 1048576K
}
Event: 1293.291 GC heap before
{Heap before GC invocations=6226 (full 0):
 garbage-first heap   total 391168K, used 273672K [0x0000000743800000, 0x0000000800000000)
  region size 2048K, 114 young (233472K), 2 survivors (4096K)
 Metaspace       used 22837K, committed 23168K, reserved 1114112K
  class space    used 2318K, committed 2496K, reserved 1048576K
}
Event: 1293.292 GC heap after
{Heap after GC invocations=6227 (full 0):
 garbage-first heap   total 391168K, used 48722K [0x0000000743800000, 0x0000000800000000)
  region size 2048K, 3 young (6144K), 3 survivors (6144K)
 Metaspace       used 22837K, committed 23168K, reserved 1114112K
  class space    used 2318K, committed 2496K, reserved 1048576K
}
Event: 1293.523 GC heap before
{Heap before GC invocations=6227 (full 0):
 garbage-first heap   total 391168K, used 274002K [0x0000000743800000, 0x0000000800000000)
  region size 2048K, 114 young (233472K), 3 survivors (6144K)
 Metaspace       used 22837K, committed 23168K, reserved 1114112K
  class space    used 2318K, committed 2496K, reserved 1048576K
}
Event: 1293.524 GC heap after
{Heap after GC invocations=6228 (full 0):
 garbage-first heap   total 391168K, used 48729K [0x0000000743800000, 0x0000000800000000)
  region size 2048K, 3 young (6144K), 3 survivors (6144K)
 Metaspace       used 22837K, committed 23168K, reserved 1114112K
  class space    used 2318K, committed 2496K, reserved 1048576K
}
Event: 1293.743 GC heap before
{Heap before GC invocations=6228 (full 0):
 garbage-first heap   total 391168K, used 274009K [0x0000000743800000, 0x0000000800000000)
  region size 2048K, 114 young (233472K), 3 survivors (6144K)
 Metaspace       used 22837K, committed 23168K, reserved 1114112K
  class space    used 2318K, committed 2496K, reserved 1048576K
}
Event: 1293.745 GC heap after
{Heap after GC invocations=6229 (full 0):
 garbage-first heap   total 391168K, used 50257K [0x0000000743800000, 0x0000000800000000)
  region size 2048K, 4 young (8192K), 4 survivors (8192K)
 Metaspace       used 22837K, committed 23168K, reserved 1114112K
  class space    used 2318K, committed 2496K, reserved 1048576K
}
Event: 1293.971 GC heap before
{Heap before GC invocations=6229 (full 0):
 garbage-first heap   total 391168K, used 273489K [0x0000000743800000, 0x0000000800000000)
  region size 2048K, 114 young (233472K), 4 survivors (8192K)
 Metaspace       used 22838K, committed 23168K, reserved 1114112K
  class space    used 2318K, committed 2496K, reserved 1048576K
}
Event: 1293.972 GC heap after
{Heap after GC invocations=6230 (full 0):
 garbage-first heap   total 391168K, used 44057K [0x0000000743800000, 0x0000000800000000)
  region size 2048K, 1 young (2048K), 1 survivors (2048K)
 Metaspace       used 22838K, committed 23168K, reserved 1114112K
  class space    used 2318K, committed 2496K, reserved 1048576K
}
Event: 1294.186 GC heap before
{Heap before GC invocations=6230 (full 0):
 garbage-first heap   total 391168K, used 273433K [0x0000000743800000, 0x0000000800000000)
  region size 2048K, 114 young (233472K), 1 survivors (2048K)
 Metaspace       used 22838K, committed 23168K, reserved 1114112K
  class space    used 2318K, committed 2496K, reserved 1048576K
}
Event: 1294.187 GC heap after
{Heap after GC invocations=6231 (full 0):
 garbage-first heap   total 391168K, used 48873K [0x0000000743800000, 0x0000000800000000)
  region size 2048K, 3 young (6144K), 3 survivors (6144K)
 Metaspace       used 22838K, committed 23168K, reserved 1114112K
  class space    used 2318K, committed 2496K, reserved 1048576K
}
Event: 1294.481 GC heap before
{Heap before GC invocations=6231 (full 0):
 garbage-first heap   total 391168K, used 274153K [0x0000000743800000, 0x0000000800000000)
  region size 2048K, 114 young (233472K), 3 survivors (6144K)
 Metaspace       used 22838K, committed 23168K, reserved 1114112K
  class space    used 2318K, committed 2496K, reserved 1048576K
}
Event: 1294.483 GC heap after
{Heap after GC invocations=6232 (full 0):
 garbage-first heap   total 391168K, used 45009K [0x0000000743800000, 0x0000000800000000)
  region size 2048K, 2 young (4096K), 2 survivors (4096K)
 Metaspace       used 22838K, committed 23168K, reserved 1114112K
  class space    used 2318K, committed 2496K, reserved 1048576K
}
Event: 1294.725 GC heap before
{Heap before GC invocations=6232 (full 0):
 garbage-first heap   total 391168K, used 272337K [0x0000000743800000, 0x0000000800000000)
  region size 2048K, 114 young (233472K), 2 survivors (4096K)
 Metaspace       used 22838K, committed 23168K, reserved 1114112K
  class space    used 2318K, committed 2496K, reserved 1048576K
}
Event: 1294.726 GC heap after
{Heap after GC invocations=6233 (full 0):
 garbage-first heap   total 391168K, used 49027K [0x0000000743800000, 0x0000000800000000)
  region size 2048K, 4 young (8192K), 4 survivors (8192K)
 Metaspace       used 22838K, committed 23168K, reserved 1114112K
  class space    used 2318K, committed 2496K, reserved 1048576K
}
Event: 1294.946 GC heap before
{Heap before GC invocations=6233 (full 0):
 garbage-first heap   total 391168K, used 272259K [0x0000000743800000, 0x0000000800000000)
  region size 2048K, 114 young (233472K), 4 survivors (8192K)
 Metaspace       used 22838K, committed 23168K, reserved 1114112K
  class space    used 2318K, committed 2496K, reserved 1048576K
}
Event: 1294.947 GC heap after
{Heap after GC invocations=6234 (full 0):
 garbage-first heap   total 391168K, used 48939K [0x0000000743800000, 0x0000000800000000)
  region size 2048K, 3 young (6144K), 3 survivors (6144K)
 Metaspace       used 22838K, committed 23168K, reserved 1114112K
  class space    used 2318K, committed 2496K, reserved 1048576K
}
Event: 1295.161 GC heap before
{Heap before GC invocations=6234 (full 0):
 garbage-first heap   total 391168K, used 274219K [0x0000000743800000, 0x0000000800000000)
  region size 2048K, 114 young (233472K), 3 survivors (6144K)
 Metaspace       used 22846K, committed 23168K, reserved 1114112K
  class space    used 2320K, committed 2496K, reserved 1048576K
}
Event: 1295.163 GC heap after
{Heap after GC invocations=6235 (full 0):
 garbage-first heap   total 391168K, used 48171K [0x0000000743800000, 0x0000000800000000)
  region size 2048K, 3 young (6144K), 3 survivors (6144K)
 Metaspace       used 22846K, committed 23168K, reserved 1114112K
  class space    used 2320K, committed 2496K, reserved 1048576K
}

Dll operation events (13 events):
Event: 0.007 Loaded shared library E:\jdk_new\jdk-17.0.8.7-hotspot\bin\java.dll
Event: 0.028 Loaded shared library E:\jdk_new\jdk-17.0.8.7-hotspot\bin\jsvml.dll
Event: 0.129 Loaded shared library E:\jdk_new\jdk-17.0.8.7-hotspot\bin\jimage.dll
Event: 0.144 Loaded shared library E:\jdk_new\jdk-17.0.8.7-hotspot\bin\net.dll
Event: 0.146 Loaded shared library E:\jdk_new\jdk-17.0.8.7-hotspot\bin\nio.dll
Event: 0.149 Loaded shared library E:\jdk_new\jdk-17.0.8.7-hotspot\bin\zip.dll
Event: 0.223 Loaded shared library E:\jdk_new\jdk-17.0.8.7-hotspot\bin\awt.dll
Event: 0.893 Loaded shared library E:\jdk_new\jdk-17.0.8.7-hotspot\bin\freetype.dll
Event: 0.893 Loaded shared library E:\jdk_new\jdk-17.0.8.7-hotspot\bin\fontmanager.dll
Event: 2.433 Loaded shared library E:\jdk_new\jdk-17.0.8.7-hotspot\bin\rmi.dll
Event: 2.650 Loaded shared library E:\opencv\opencv\build\java\x64\opencv_java341.dll
Event: 3.690 Loaded shared library E:\jdk_new\jdk-17.0.8.7-hotspot\bin\verify.dll
Event: 5.868 Loaded shared library E:\jdk_new\jdk-17.0.8.7-hotspot\bin\javajpeg.dll

Deoptimization events (20 events):
Event: 1295.153 Thread 0x0000020559a63b30 Uncommon trap: trap_request=0xffffffde fr.pc=0x0000020507d7f454 relative=0x0000000000000234
Event: 1295.153 Thread 0x0000020559a63b30 Uncommon trap: reason=class_check action=maybe_recompile pc=0x0000020507d7f454 method=java.util.Collections$3.nextElement()Ljava/lang/Object; @ 4 c2
Event: 1295.153 Thread 0x0000020559a63b30 DEOPT PACKING pc=0x0000020507d7f454 sp=0x00000030b69ff350
Event: 1295.153 Thread 0x0000020559a63b30 DEOPT UNPACKING pc=0x00000205075869a3 sp=0x00000030b69ff310 mode 2
Event: 1295.153 Thread 0x0000020559a63b30 Uncommon trap: trap_request=0xffffffde fr.pc=0x0000020507c74e84 relative=0x0000000000000084
Event: 1295.153 Thread 0x0000020559a63b30 Uncommon trap: reason=class_check action=maybe_recompile pc=0x0000020507c74e84 method=java.util.Collections$3.hasMoreElements()Z @ 4 c2
Event: 1295.153 Thread 0x0000020559a63b30 DEOPT PACKING pc=0x0000020507c74e84 sp=0x00000030b69ff380
Event: 1295.153 Thread 0x0000020559a63b30 DEOPT UNPACKING pc=0x00000205075869a3 sp=0x00000030b69ff310 mode 2
Event: 1295.153 Thread 0x0000020559a63b30 Uncommon trap: trap_request=0xffffffde fr.pc=0x0000020507d7f454 relative=0x0000000000000234
Event: 1295.153 Thread 0x0000020559a63b30 Uncommon trap: reason=class_check action=maybe_recompile pc=0x0000020507d7f454 method=java.util.Collections$3.nextElement()Ljava/lang/Object; @ 4 c2
Event: 1295.153 Thread 0x0000020559a63b30 DEOPT PACKING pc=0x0000020507d7f454 sp=0x00000030b69ff350
Event: 1295.153 Thread 0x0000020559a63b30 DEOPT UNPACKING pc=0x00000205075869a3 sp=0x00000030b69ff310 mode 2
Event: 1295.153 Thread 0x0000020559a63b30 Uncommon trap: trap_request=0xffffffde fr.pc=0x0000020507c74e84 relative=0x0000000000000084
Event: 1295.153 Thread 0x0000020559a63b30 Uncommon trap: reason=class_check action=maybe_recompile pc=0x0000020507c74e84 method=java.util.Collections$3.hasMoreElements()Z @ 4 c2
Event: 1295.153 Thread 0x0000020559a63b30 DEOPT PACKING pc=0x0000020507c74e84 sp=0x00000030b69ff380
Event: 1295.153 Thread 0x0000020559a63b30 DEOPT UNPACKING pc=0x00000205075869a3 sp=0x00000030b69ff310 mode 2
Event: 1295.153 Thread 0x0000020559a63b30 Uncommon trap: trap_request=0xffffffde fr.pc=0x0000020507d7f454 relative=0x0000000000000234
Event: 1295.153 Thread 0x0000020559a63b30 Uncommon trap: reason=class_check action=maybe_recompile pc=0x0000020507d7f454 method=java.util.Collections$3.nextElement()Ljava/lang/Object; @ 4 c2
Event: 1295.153 Thread 0x0000020559a63b30 DEOPT PACKING pc=0x0000020507d7f454 sp=0x00000030b69ff350
Event: 1295.153 Thread 0x0000020559a63b30 DEOPT UNPACKING pc=0x00000205075869a3 sp=0x00000030b69ff310 mode 2

Classes unloaded (0 events):
No events

Classes redefined (0 events):
No events

Internal exceptions (20 events):
Event: 2.611 Thread 0x000002055975cac0 Exception <a 'java/lang/NoSuchMethodError'{0x000000074f11c878}: 'java.lang.Object java.lang.invoke.DirectMethodHandle$Holder.invokeStatic(java.lang.Object, java.lang.Object, int)'> (0x000000074f11c878) 
thrown [s\src\hotspot\share\interpreter\linkResolver.cpp, line 759]
Event: 2.611 Thread 0x000002055975cac0 Exception <a 'java/lang/NoSuchMethodError'{0x000000074f1282b8}: 'void java.lang.invoke.DelegatingMethodHandle$Holder.delegate(java.lang.Object, java.lang.Object, int, java.lang.Object)'> (0x000000074f1282b8) 
thrown [s\src\hotspot\share\interpreter\linkResolver.cpp, line 759]
Event: 2.612 Thread 0x000002055975cac0 Exception <a 'java/lang/NoSuchMethodError'{0x000000074f12c920}: 'int java.lang.invoke.DirectMethodHandle$Holder.invokeSpecial(java.lang.Object, java.lang.Object, java.lang.Object)'> (0x000000074f12c920) 
thrown [s\src\hotspot\share\interpreter\linkResolver.cpp, line 759]
Event: 2.615 Thread 0x000002055975cac0 Exception <a 'java/lang/NoSuchMethodError'{0x000000074f14df10}: static Ljava/lang/Object;.<clinit>()V> (0x000000074f14df10) 
thrown [s\src\hotspot\share\prims\jni.cpp, line 1107]
Event: 2.651 Thread 0x000002055975cac0 Exception <a 'java/lang/NoSuchMethodError'{0x000000074ee69408}: 'void java.lang.invoke.DirectMethodHandle$Holder.invokeStatic(java.lang.Object, java.lang.Object, java.lang.Object)'> (0x000000074ee69408) 
thrown [s\src\hotspot\share\interpreter\linkResolver.cpp, line 759]
Event: 5.753 Thread 0x000002055975cac0 Implicit null exception at 0x0000020507c0496f to 0x0000020507c04f28
Event: 5.862 Thread 0x0000020559999ec0 Implicit null exception at 0x0000020507c0ff80 to 0x0000020507c103ec
Event: 9.390 Thread 0x000002055975cac0 Implicit null exception at 0x0000020507be0000 to 0x0000020507be1088
Event: 253.478 Thread 0x0000020559a612b0 Implicit null exception at 0x0000020507c7e469 to 0x0000020507c7f628
Event: 253.480 Thread 0x000002055975cac0 Implicit null exception at 0x0000020507d34f2e to 0x0000020507d379b8
Event: 253.483 Thread 0x000002055975cac0 Implicit null exception at 0x0000020507d2c0cc to 0x0000020507d2c230
Event: 253.526 Thread 0x000002055975cac0 Exception <a 'java/lang/NoSuchMethodError'{0x000000074fbc8058}: 'int java.lang.invoke.DirectMethodHandle$Holder.invokeStatic(java.lang.Object)'> (0x000000074fbc8058) 
thrown [s\src\hotspot\share\interpreter\linkResolver.cpp, line 759]
Event: 253.533 Thread 0x000002055975cac0 Implicit null exception at 0x0000020507ea1930 to 0x0000020507ea4f78
Event: 1051.810 Thread 0x000002055975cac0 Exception <a 'java/lang/ClassCastException'{0x00000007540e46d0}: class java.time.LocalDate cannot be cast to class java.sql.Date (java.time.LocalDate is in module java.base of loader 'bootstrap'; java.sql.Date is in module java.sql of loader 'platform')> (0x00000007540e46d0) 
thrown [s\src\hotspot\share\interpreter\interpreterRuntime.cpp, line 444]
Event: 1054.161 Thread 0x000002055975cac0 Exception <a 'java/lang/ClassCastException'{0x00000007542e2da0}: class java.time.LocalDate cannot be cast to class java.sql.Date (java.time.LocalDate is in module java.base of loader 'bootstrap'; java.sql.Date is in module java.sql of loader 'platform')> (0x00000007542e2da0) 
thrown [s\src\hotspot\share\interpreter\interpreterRuntime.cpp, line 444]
Event: 1055.177 Thread 0x000002055975cac0 Exception <a 'java/lang/ClassCastException'{0x0000000758bb56f8}: class java.time.LocalDate cannot be cast to class java.sql.Date (java.time.LocalDate is in module java.base of loader 'bootstrap'; java.sql.Date is in module java.sql of loader 'platform')> (0x0000000758bb56f8) 
thrown [s\src\hotspot\share\interpreter\interpreterRuntime.cpp, line 444]
Event: 1055.835 Thread 0x000002055975cac0 Exception <a 'java/lang/ClassCastException'{0x00000007535b71d0}: class java.time.LocalDate cannot be cast to class java.sql.Date (java.time.LocalDate is in module java.base of loader 'bootstrap'; java.sql.Date is in module java.sql of loader 'platform')> (0x00000007535b71d0) 
thrown [s\src\hotspot\share\interpreter\interpreterRuntime.cpp, line 444]
Event: 1065.898 Thread 0x000002055975cac0 Exception <a 'java/lang/ClassCastException'{0x00000007501c3428}: class java.time.LocalDate cannot be cast to class java.sql.Date (java.time.LocalDate is in module java.base of loader 'bootstrap'; java.sql.Date is in module java.sql of loader 'platform')> (0x00000007501c3428) 
thrown [s\src\hotspot\share\interpreter\interpreterRuntime.cpp, line 444]
Event: 1067.305 Thread 0x000002055975cac0 Exception <a 'java/lang/ClassCastException'{0x00000007535b03a0}: class java.time.LocalDate cannot be cast to class java.sql.Date (java.time.LocalDate is in module java.base of loader 'bootstrap'; java.sql.Date is in module java.sql of loader 'platform')> (0x00000007535b03a0) 
thrown [s\src\hotspot\share\interpreter\interpreterRuntime.cpp, line 444]
Event: 1219.384 Thread 0x000002055975cac0 Exception <a 'java/lang/ClassCastException'{0x00000007556016c0}: class java.time.LocalDate cannot be cast to class java.sql.Date (java.time.LocalDate is in module java.base of loader 'bootstrap'; java.sql.Date is in module java.sql of loader 'platform')> (0x00000007556016c0) 
thrown [s\src\hotspot\share\interpreter\interpreterRuntime.cpp, line 444]

VM Operations (20 events):
Event: 1293.068 Executing VM operation: G1CollectForAllocation done
Event: 1293.291 Executing VM operation: G1CollectForAllocation
Event: 1293.292 Executing VM operation: G1CollectForAllocation done
Event: 1293.523 Executing VM operation: G1CollectForAllocation
Event: 1293.524 Executing VM operation: G1CollectForAllocation done
Event: 1293.743 Executing VM operation: G1CollectForAllocation
Event: 1293.745 Executing VM operation: G1CollectForAllocation done
Event: 1293.971 Executing VM operation: G1CollectForAllocation
Event: 1293.972 Executing VM operation: G1CollectForAllocation done
Event: 1294.185 Executing VM operation: G1CollectForAllocation
Event: 1294.187 Executing VM operation: G1CollectForAllocation done
Event: 1294.481 Executing VM operation: G1CollectForAllocation
Event: 1294.483 Executing VM operation: G1CollectForAllocation done
Event: 1294.725 Executing VM operation: G1CollectForAllocation
Event: 1294.726 Executing VM operation: G1CollectForAllocation done
Event: 1294.946 Executing VM operation: G1CollectForAllocation
Event: 1294.948 Executing VM operation: G1CollectForAllocation done
Event: 1295.161 Executing VM operation: G1CollectForAllocation
Event: 1295.163 Executing VM operation: G1CollectForAllocation done
Event: 1295.268 Executing VM operation: Exit

Events (20 events):
Event: 1176.818 loading class javax/swing/event/MenuDragMouseEvent
Event: 1176.818 loading class javax/swing/event/MenuDragMouseEvent done
Event: 1179.842 Thread 0x0000020559a64550 Thread exited: 0x0000020559a64550
Event: 1185.722 Thread 0x000002055bfbd770 Thread added: 0x000002055bfbd770
Event: 1186.654 Thread 0x000002055bfbd770 Thread exited: 0x000002055bfbd770
Event: 1216.206 Thread 0x0000020559a5d0e0 Thread added: 0x0000020559a5d0e0
Event: 1221.213 Thread 0x0000020559a5d0e0 Thread exited: 0x0000020559a5d0e0
Event: 1295.152 Thread 0x0000020559a5f450 Thread added: 0x0000020559a5f450
Event: 1295.152 Thread 0x0000020559a63b30 Thread added: 0x0000020559a63b30
Event: 1295.152 Thread 0x0000020559a612b0 Thread added: 0x0000020559a612b0
Event: 1295.152 Thread 0x0000020559a60380 Thread added: 0x0000020559a60380
Event: 1295.152 loading class java/util/WeakHashMap$KeyIterator
Event: 1295.153 loading class java/util/WeakHashMap$HashIterator
Event: 1295.153 Thread 0x0000020559a60380 Thread exited: 0x0000020559a60380
Event: 1295.153 loading class java/util/WeakHashMap$HashIterator done
Event: 1295.153 loading class java/util/WeakHashMap$KeyIterator done
Event: 1295.153 Thread 0x0000020559a5f450 Thread exited: 0x0000020559a5f450
Event: 1295.153 Thread 0x0000020559a63b30 Thread exited: 0x0000020559a63b30
Event: 1295.179 Thread 0x00000205597688e0 Thread exited: 0x00000205597688e0
Event: 1295.254 Thread 0x0000020559a612b0 Thread exited: 0x0000020559a612b0


Dynamic libraries:
0x00007ff7a2040000 - 0x00007ff7a204e000 	E:\jdk_new\jdk-17.0.8.7-hotspot\bin\javaw.exe
0x00007ffce1b90000 - 0x00007ffce1d88000 	C:\WINDOWS\SYSTEM32\ntdll.dll
0x00007ffce16c0000 - 0x00007ffce177d000 	C:\WINDOWS\System32\KERNEL32.DLL
0x00007ffcdf6f0000 - 0x00007ffcdf9e6000 	C:\WINDOWS\System32\KERNELBASE.dll
0x00007ffcdfa20000 - 0x00007ffcdfb20000 	C:\WINDOWS\System32\ucrtbase.dll
0x00007ffccab10000 - 0x00007ffccab27000 	E:\jdk_new\jdk-17.0.8.7-hotspot\bin\jli.dll
0x00007ffcd4c60000 - 0x00007ffcd4c79000 	E:\jdk_new\jdk-17.0.8.7-hotspot\bin\VCRUNTIME140.dll
0x00007ffce0390000 - 0x00007ffce052f000 	C:\WINDOWS\System32\USER32.dll
0x00007ffcdf240000 - 0x00007ffcdf262000 	C:\WINDOWS\System32\win32u.dll
0x00007ffce0530000 - 0x00007ffce055b000 	C:\WINDOWS\System32\GDI32.dll
0x00007ffcc6be0000 - 0x00007ffcc6e7a000 	C:\WINDOWS\WinSxS\amd64_microsoft.windows.common-controls_6595b64144ccf1df_6.0.19041.3636_none_60b6a03d71f818d5\COMCTL32.dll
0x00007ffcdf520000 - 0x00007ffcdf637000 	C:\WINDOWS\System32\gdi32full.dll
0x00007ffcdfb20000 - 0x00007ffcdfbbd000 	C:\WINDOWS\System32\msvcp_win.dll
0x00007ffce05d0000 - 0x00007ffce066e000 	C:\WINDOWS\System32\msvcrt.dll
0x00007ffce0690000 - 0x00007ffce06c2000 	C:\WINDOWS\System32\IMM32.DLL
0x00007ffcd5b40000 - 0x00007ffcd5b4c000 	E:\jdk_new\jdk-17.0.8.7-hotspot\bin\vcruntime140_1.dll
0x00007ffcd48d0000 - 0x00007ffcd4961000 	E:\jdk_new\jdk-17.0.8.7-hotspot\bin\msvcp140.dll
0x00007ffc5a680000 - 0x00007ffc5b2cc000 	E:\jdk_new\jdk-17.0.8.7-hotspot\bin\server\jvm.dll
0x00007ffce1580000 - 0x00007ffce1630000 	C:\WINDOWS\System32\ADVAPI32.dll
0x00007ffce0750000 - 0x00007ffce07f0000 	C:\WINDOWS\System32\sechost.dll
0x00007ffce07f0000 - 0x00007ffce0913000 	C:\WINDOWS\System32\RPCRT4.dll
0x00007ffcdf9f0000 - 0x00007ffcdfa17000 	C:\WINDOWS\System32\bcrypt.dll
0x00007ffcd3880000 - 0x00007ffcd3889000 	C:\WINDOWS\SYSTEM32\WSOCK32.dll
0x00007ffcd8aa0000 - 0x00007ffcd8ac7000 	C:\WINDOWS\SYSTEM32\WINMM.dll
0x00007ffce06d0000 - 0x00007ffce073b000 	C:\WINDOWS\System32\WS2_32.dll
0x00007ffcd1df0000 - 0x00007ffcd1dfa000 	C:\WINDOWS\SYSTEM32\VERSION.dll
0x00007ffcde780000 - 0x00007ffcde7cb000 	C:\WINDOWS\SYSTEM32\POWRPROF.dll
0x00007ffcde640000 - 0x00007ffcde652000 	C:\WINDOWS\SYSTEM32\UMPDC.dll
0x00007ffcdddd0000 - 0x00007ffcddde2000 	C:\WINDOWS\SYSTEM32\kernel.appcore.dll
0x00007ffcd5b70000 - 0x00007ffcd5b7a000 	E:\jdk_new\jdk-17.0.8.7-hotspot\bin\jimage.dll
0x00007ffcdd6f0000 - 0x00007ffcdd8d4000 	C:\WINDOWS\SYSTEM32\DBGHELP.DLL
0x00007ffccb4b0000 - 0x00007ffccb4e4000 	C:\WINDOWS\SYSTEM32\dbgcore.DLL
0x00007ffcdf2c0000 - 0x00007ffcdf342000 	C:\WINDOWS\System32\bcryptPrimitives.dll
0x00007ffcaeb30000 - 0x00007ffcaeb55000 	E:\jdk_new\jdk-17.0.8.7-hotspot\bin\java.dll
0x00007ffc98870000 - 0x00007ffc98946000 	E:\jdk_new\jdk-17.0.8.7-hotspot\bin\jsvml.dll
0x00007ffcdfc20000 - 0x00007ffce038b000 	C:\WINDOWS\System32\SHELL32.dll
0x00007ffcdcdf0000 - 0x00007ffcdd58e000 	C:\WINDOWS\SYSTEM32\windows.storage.dll
0x00007ffce0df0000 - 0x00007ffce1143000 	C:\WINDOWS\System32\combase.dll
0x00007ffcdec70000 - 0x00007ffcdec9e000 	C:\WINDOWS\SYSTEM32\Wldp.dll
0x00007ffce1960000 - 0x00007ffce1a2d000 	C:\WINDOWS\System32\OLEAUT32.dll
0x00007ffce1aa0000 - 0x00007ffce1b4d000 	C:\WINDOWS\System32\SHCORE.dll
0x00007ffce1a30000 - 0x00007ffce1a85000 	C:\WINDOWS\System32\shlwapi.dll
0x00007ffcdf170000 - 0x00007ffcdf193000 	C:\WINDOWS\SYSTEM32\profapi.dll
0x00007ffca14c0000 - 0x00007ffca14d9000 	E:\jdk_new\jdk-17.0.8.7-hotspot\bin\net.dll
0x00007ffcd8650000 - 0x00007ffcd875a000 	C:\WINDOWS\SYSTEM32\WINHTTP.dll
0x00007ffcde9d0000 - 0x00007ffcdea3a000 	C:\WINDOWS\system32\mswsock.dll
0x00007ffca0830000 - 0x00007ffca0845000 	E:\jdk_new\jdk-17.0.8.7-hotspot\bin\nio.dll
0x00007ffcacae0000 - 0x00007ffcacaf8000 	E:\jdk_new\jdk-17.0.8.7-hotspot\bin\zip.dll
0x00007ffc9a7b0000 - 0x00007ffc9a93e000 	E:\jdk_new\jdk-17.0.8.7-hotspot\bin\awt.dll
0x00007ffcd7f60000 - 0x00007ffcd7ff0000 	C:\WINDOWS\SYSTEM32\apphelp.dll
0x00007ffcd8050000 - 0x00007ffcd80ee000 	C:\WINDOWS\system32\uxtheme.dll
0x00007ffce1460000 - 0x00007ffce1575000 	C:\WINDOWS\System32\MSCTF.dll
0x00007ffce1830000 - 0x00007ffce195b000 	C:\WINDOWS\System32\ole32.dll
0x00007ffcdc800000 - 0x00007ffcdc82f000 	C:\WINDOWS\system32\DWMAPI.DLL
0x00007ffcbd900000 - 0x00007ffcbda25000 	C:\WINDOWS\system32\opengl32.dll
0x00007ffcbeb60000 - 0x00007ffcbeb8c000 	C:\WINDOWS\SYSTEM32\GLU32.dll
0x00007ffcdebc0000 - 0x00007ffcdebd8000 	C:\WINDOWS\SYSTEM32\CRYPTSP.dll
0x00007ffcde280000 - 0x00007ffcde2b4000 	C:\WINDOWS\system32\rsaenh.dll
0x00007ffcdf0f0000 - 0x00007ffcdf11e000 	C:\WINDOWS\SYSTEM32\USERENV.dll
0x00007ffcdebe0000 - 0x00007ffcdebec000 	C:\WINDOWS\SYSTEM32\CRYPTBASE.dll
0x00007ffcde660000 - 0x00007ffcde69b000 	C:\WINDOWS\SYSTEM32\IPHLPAPI.DLL
0x00007ffce1a90000 - 0x00007ffce1a98000 	C:\WINDOWS\System32\NSI.dll
0x00007ffcd2a80000 - 0x00007ffcd2a97000 	C:\WINDOWS\SYSTEM32\dhcpcsvc6.DLL
0x00007ffcd2a60000 - 0x00007ffcd2a7d000 	C:\WINDOWS\SYSTEM32\dhcpcsvc.DLL
0x00007ffcde6a0000 - 0x00007ffcde76b000 	C:\WINDOWS\SYSTEM32\DNSAPI.dll
0x00007ffcae100000 - 0x00007ffcae117000 	C:\WINDOWS\system32\napinsp.dll
0x00007ffcb0700000 - 0x00007ffcb071b000 	C:\WINDOWS\system32\pnrpnsp.dll
0x00007ffcd5c00000 - 0x00007ffcd5c15000 	C:\WINDOWS\system32\wshbth.dll
0x00007ffcd6120000 - 0x00007ffcd613d000 	C:\WINDOWS\system32\NLAapi.dll
0x00007ffcb06e0000 - 0x00007ffcb06f2000 	C:\WINDOWS\System32\winrnr.dll
0x00000000614e0000 - 0x0000000061506000 	C:\Program Files\Bonjour\mdnsNSP.dll
0x00007ffcd2b00000 - 0x00007ffcd2b0a000 	C:\Windows\System32\rasadhlp.dll
0x00007ffcd07d0000 - 0x00007ffcd0850000 	C:\WINDOWS\System32\fwpuclnt.dll
0x00007ffcad2b0000 - 0x00007ffcad336000 	E:\jdk_new\jdk-17.0.8.7-hotspot\bin\freetype.dll
0x00007ffcacc30000 - 0x00007ffcacd03000 	E:\jdk_new\jdk-17.0.8.7-hotspot\bin\fontmanager.dll
0x00007ffce1780000 - 0x00007ffce1829000 	C:\WINDOWS\System32\clbcatq.dll
0x00007ffcd3cf0000 - 0x00007ffcd3ea4000 	C:\WINDOWS\SYSTEM32\WindowsCodecs.dll
0x00007ffcaeaf0000 - 0x00007ffcaeb2e000 	C:\WINDOWS\system32\dataexchange.dll
0x00007ffcd71f0000 - 0x00007ffcd7453000 	C:\WINDOWS\system32\d3d11.dll
0x00007ffcd7460000 - 0x00007ffcd7645000 	C:\WINDOWS\system32\dcomp.dll
0x00007ffcddab0000 - 0x00007ffcddba3000 	C:\WINDOWS\system32\dxgi.dll
0x00007ffcd8430000 - 0x00007ffcd8633000 	C:\WINDOWS\system32\twinapi.appcore.dll
0x00007ffcbe890000 - 0x00007ffcbe989000 	C:\WINDOWS\SYSTEM32\textinputframework.dll
0x00007ffcd7650000 - 0x00007ffcd79ab000 	C:\WINDOWS\System32\CoreUIComponents.dll
0x00007ffcd7d30000 - 0x00007ffcd7e22000 	C:\WINDOWS\System32\CoreMessaging.dll
0x00007ffcde3a0000 - 0x00007ffcde3d3000 	C:\WINDOWS\SYSTEM32\ntmarta.dll
0x00007ffcd8cd0000 - 0x00007ffcd8e27000 	C:\WINDOWS\SYSTEM32\wintypes.dll
0x0000000180000000 - 0x0000000180054000 	C:\Program Files\UniKey\UKHook40.dll
0x00007ffcd4ca0000 - 0x00007ffcd4ca7000 	E:\jdk_new\jdk-17.0.8.7-hotspot\bin\rmi.dll
0x00007ffc40320000 - 0x00007ffc42ff2000 	E:\opencv\opencv\build\java\x64\opencv_java341.dll
0x00007ffcd4860000 - 0x00007ffcd4879000 	C:\WINDOWS\SYSTEM32\AVICAP32.dll
0x00007ffcd33d0000 - 0x00007ffcd33fb000 	C:\WINDOWS\SYSTEM32\MSVFW32.dll
0x00007ffcd3430000 - 0x00007ffcd3451000 	C:\WINDOWS\SYSTEM32\AVIFIL32.dll
0x00007ffcc8f20000 - 0x00007ffcc8f3e000 	C:\WINDOWS\SYSTEM32\MSACM32.dll
0x00007ffcb3a00000 - 0x00007ffcb3a26000 	C:\WINDOWS\SYSTEM32\winmmbase.dll
0x00007ffcd3390000 - 0x00007ffcd33ad000 	C:\Windows\System32\devenum.dll
0x00007ffcdf270000 - 0x00007ffcdf2be000 	C:\WINDOWS\System32\CFGMGR32.dll
0x00007ffce0920000 - 0x00007ffce0d8e000 	C:\WINDOWS\System32\setupapi.dll
0x00007ffcdefd0000 - 0x00007ffcdf003000 	C:\WINDOWS\SYSTEM32\DEVOBJ.dll
0x00007ffcdf350000 - 0x00007ffcdf3b7000 	C:\WINDOWS\System32\WINTRUST.dll
0x00007ffcdf3c0000 - 0x00007ffcdf51e000 	C:\WINDOWS\System32\CRYPT32.dll
0x00007ffcdee00000 - 0x00007ffcdee12000 	C:\WINDOWS\SYSTEM32\MSASN1.dll
0x00007ffcb6250000 - 0x00007ffcb62a0000 	C:\Windows\System32\ksproxy.ax
0x00007ffcd45f0000 - 0x00007ffcd45f9000 	C:\Windows\System32\ksuser.dll
0x00007ffc9a2a0000 - 0x00007ffc9a46d000 	C:\Windows\System32\d3d9.dll
0x00007ffcd6140000 - 0x00007ffcd61e1000 	C:\WINDOWS\SYSTEM32\policymanager.dll
0x00007ffcde310000 - 0x00007ffcde39a000 	C:\Windows\System32\msvcp110_win.dll
0x00007ffcd6780000 - 0x00007ffcd678b000 	C:\WINDOWS\SYSTEM32\msdmo.dll
0x00007ffcaec20000 - 0x00007ffcaec56000 	C:\Windows\System32\qcap.dll
0x00007ffc966b0000 - 0x00007ffc96880000 	C:\Windows\System32\quartz.dll
0x00007ffca9220000 - 0x00007ffca926d000 	C:\Windows\System32\mfksproxy.dll
0x00007ffcd57f0000 - 0x00007ffcd580d000 	C:\Windows\System32\ATL.DLL
0x00007ffcd3ee0000 - 0x00007ffcd409b000 	C:\Windows\System32\MFPlat.DLL
0x00007ffcd3ad0000 - 0x00007ffcd3b04000 	C:\Windows\System32\RTWorkQ.DLL
0x00007ffcad220000 - 0x00007ffcad287000 	C:\Windows\System32\MFSENSORGROUP.dll
0x00007ffc71ab0000 - 0x00007ffc71f3e000 	C:\Windows\System32\MFCORE.dll
0x00007ffc9b6f0000 - 0x00007ffc9b75c000 	C:\Windows\System32\FrameServerClient.dll
0x00007ffcd4450000 - 0x00007ffcd445a000 	C:\Windows\System32\AVRT.dll
0x00007ffc99c10000 - 0x00007ffc99d1a000 	C:\Windows\System32\MFReadWrite.dll
0x00007ffc9a1f0000 - 0x00007ffc9a298000 	C:\Windows\System32\qedit.dll
0x00007ffce1380000 - 0x00007ffce145a000 	C:\WINDOWS\System32\COMDLG32.dll
0x00007ffcc6e80000 - 0x00007ffcc7027000 	C:\WINDOWS\WinSxS\amd64_microsoft.windows.gdiplus_6595b64144ccf1df_1.1.19041.3996_none_91a79472cc852ba0\gdiplus.dll
0x00007ffcb5900000 - 0x00007ffcb59fb000 	C:\Windows\System32\DDRAW.dll
0x00007ffcca8b0000 - 0x00007ffcca8b9000 	C:\Windows\System32\DCIMAN32.dll
0x00007ffcd0f10000 - 0x00007ffcd0f4b000 	C:\WINDOWS\SYSTEM32\dxcore.dll
0x00007ffcd4970000 - 0x00007ffcd4980000 	E:\jdk_new\jdk-17.0.8.7-hotspot\bin\verify.dll
0x00007ffcaf340000 - 0x00007ffcaf36d000 	E:\jdk_new\jdk-17.0.8.7-hotspot\bin\javajpeg.dll

dbghelp: loaded successfully - version: 4.0.5 - missing functions: none
symbol engine: initialized successfully - sym options: 0x614 - pdb path: .;E:\jdk_new\jdk-17.0.8.7-hotspot\bin;C:\WINDOWS\SYSTEM32;C:\WINDOWS\WinSxS\amd64_microsoft.windows.common-controls_6595b64144ccf1df_6.0.19041.3636_none_60b6a03d71f818d5;E:\jdk_new\jdk-17.0.8.7-hotspot\bin\server;C:\Program Files\Bonjour;C:\Program Files\UniKey;E:\opencv\opencv\build\java\x64;C:\WINDOWS\WinSxS\amd64_microsoft.windows.gdiplus_6595b64144ccf1df_1.1.19041.3996_none_91a79472cc852ba0

VM Arguments:
jvm_args: -Dfile.encoding=UTF-8 -Dstdout.encoding=UTF-8 -Dstderr.encoding=UTF-8 -XX:+ShowCodeDetailsInExceptionMessages 
java_command: main.Login
java_class_path (initial): E:\Desktop\PhanTan\posshop_3\posshop\posshop_client\target\classes;E:\Desktop\PhanTan\posshop_3\posshop\posshop_client\lib\opencv\opencv-341.jar;E:\Desktop\PhanTan\posshop_3\posshop\posshop_client\lib\libs.jar;E:\Desktop\PhanTan\posshop_3\posshop\posshop_client\lib\itext\commons-logging-1.2.jar;E:\Desktop\PhanTan\posshop_3\posshop\posshop_client\lib\itext\fontbox-2.0.30.jar;E:\Desktop\PhanTan\posshop_3\posshop\posshop_client\lib\itext\itextpdf-5.5.9.jar;E:\Desktop\PhanTan\posshop_3\posshop\posshop_client\lib\itext\pdfbox-2.0.30.jar;E:\Desktop\PhanTan\posshop_3\posshop\posshop_client\lib\itext\xmlworker-5.5.13.3.jar;C:\Users\DELL VOTRO\.m2\repository\jakarta\persistence\jakarta.persistence-api\3.1.0\jakarta.persistence-api-3.1.0.jar;C:\Users\DELL VOTRO\.m2\repository\org\hibernate\orm\hibernate-core\6.4.4.Final\hibernate-core-6.4.4.Final.jar;C:\Users\DELL VOTRO\.m2\repository\jakarta\transaction\jakarta.transaction-api\2.0.1\jakarta.transaction-api-2.0.1.jar;C:\Users\DELL VOTRO\.m2\repository\org\jboss\logging\jboss-logging\3.5.0.Final\jboss-logging-3.5.0.Final.jar;C:\Users\DELL VOTRO\.m2\repository\org\hibernate\common\hibernate-commons-annotations\6.0.6.Final\hibernate-commons-annotations-6.0.6.Final.jar;C:\Users\DELL VOTRO\.m2\repository\io\smallrye\jandex\3.1.2\jandex-3.1.2.jar;C:\Users\DELL VOTRO\.m2\repository\com\fasterxml\classmate\1.5.1\classmate-1.5.1.jar;C:\Users\DELL VOTRO\.m2\repository\net\bytebuddy\byte-buddy\1.14.11\byte-buddy-1.14.11.jar;C:\Users\DELL VOTRO\.m2\repository\jakarta\xml\bind\jakarta.xml.bind-api\4.0.0\jakarta.xml.bind-api-4.0.0.jar;C:\Users\DELL VOTRO\.m2\repository\jakarta\activation\jakarta.activation-api\2.1.0\jakarta.activation-api-2.1.0.jar;C:\Users\DELL VOTRO\.m2\repository\org\glassfish\jaxb\jaxb-runtime\4.0.2\jaxb-runtime-4.0.2.jar;C:\Users\DELL VOTRO\.m2\repository\org\glassfish\jaxb\jaxb-core\4.0.2\jaxb-core-4.0.2.jar;C:\Users\DELL VOTRO\.m2\repository\org\eclipse\angus\angus-activation\2.0.0\angus
Launcher Type: SUN_STANDARD

[Global flags]
     intx CICompilerCount                          = 4                                         {product} {ergonomic}
     uint ConcGCThreads                            = 2                                         {product} {ergonomic}
     uint G1ConcRefinementThreads                  = 8                                         {product} {ergonomic}
   size_t G1HeapRegionSize                         = 2097152                                   {product} {ergonomic}
    uintx GCDrainStackTargetSize                   = 64                                        {product} {ergonomic}
   size_t InitialHeapSize                          = 199229440                                 {product} {ergonomic}
   size_t MarkStackSize                            = 4194304                                   {product} {ergonomic}
   size_t MaxHeapSize                              = 3162505216                                {product} {ergonomic}
   size_t MaxNewSize                               = 1895825408                                {product} {ergonomic}
   size_t MinHeapDeltaBytes                        = 2097152                                   {product} {ergonomic}
   size_t MinHeapSize                              = 8388608                                   {product} {ergonomic}
    uintx NonNMethodCodeHeapSize                   = 5839372                                {pd product} {ergonomic}
    uintx NonProfiledCodeHeapSize                  = 122909434                              {pd product} {ergonomic}
    uintx ProfiledCodeHeapSize                     = 122909434                              {pd product} {ergonomic}
    uintx ReservedCodeCacheSize                    = 251658240                              {pd product} {ergonomic}
     bool SegmentedCodeCache                       = true                                      {product} {ergonomic}
     bool ShowCodeDetailsInExceptionMessages       = true                                   {manageable} {command line}
   size_t SoftMaxHeapSize                          = 3162505216                             {manageable} {ergonomic}
     bool UseCompressedClassPointers               = true                           {product lp64_product} {ergonomic}
     bool UseCompressedOops                        = true                           {product lp64_product} {ergonomic}
     bool UseG1GC                                  = true                                      {product} {ergonomic}
     bool UseLargePagesIndividualAllocation        = false                                  {pd product} {ergonomic}

Logging:
Log output configuration:
 #0: stdout all=off uptime,level,tags
 #1: stderr all=off uptime,level,tags

Environment Variables:
PATH=E:/jdk_new/jdk-17.0.8.7-hotspot/bin/server;E:/jdk_new/jdk-17.0.8.7-hotspot/bin;E:\jdk_new\jdk-17.0.8.7-hotspot\bin;C:\Program Files\Common Files\Oracle\Java\javapath;C:\Program Files (x86)\VMware\VMware Workstation\bin\;C:\WINDOWS\system32;C:\WINDOWS;C:\WINDOWS\System32\Wbem;C:\WINDOWS\System32\WindowsPowerShell\v1.0\;C:\WINDOWS\System32\OpenSSH\;C:\Program Files (x86)\Microsoft SQL Server\150\DTS\Binn\;C:\Program Files\Azure Data Studio\bin;C:\Program Files\NVIDIA Corporation\NVIDIA NvDLISR;C:\Program Files (x86)\NVIDIA Corporation\PhysX\Common;D:\gitttt\Git\cmd;C:\Program Files\Git\cmd;E:\java-jdk\bin;C:\Program Files (x86)\Microsoft SQL Server\160\Tools\Binn\;C:\Program Files\Microsoft SQL Server\160\Tools\Binn\;C:\Program Files\Microsoft SQL Server\Client SDK\ODBC\170\Tools\Binn\;C:\Program Files\Microsoft SQL Server\160\DTS\Binn\;C:\Program Files (x86)\Microsoft SQL Server\160\DTS\Binn\;E:\opencv\opencv\build\java\x64;C:\Program Files\MongoDB\Server\6.0\bin;E:\nodejs\;C:\Users\DELL VOTRO\AppData\Local\Programs\Python\Python311\Scripts\;C:\Users\DELL VOTRO\AppData\Local\Programs\Python\Python311\;C:\Users\DELL VOTRO\AppData\Local\Microsoft\WindowsApps;E:\Microsoft VS Code\bin;C:\Program Files\Azure Data Studio\bin;E:\Lin Minh Huy?n Tho?i\Riot Games;C:\Program Files\MongoDB\Server\6.0\bin;C:\Users\DELL VOTRO\AppData\Local\Programs\mongosh\;C:\Users\DELL VOTRO\AppData\Roaming\npm;;C:\WINDOWS\system32;
USERNAME=DELL VOTRO
OS=Windows_NT
PROCESSOR_IDENTIFIER=Intel64 Family 6 Model 142 Stepping 11, GenuineIntel
TMP=C:\Users\DELLVO~1\AppData\Local\Temp
TEMP=C:\Users\DELLVO~1\AppData\Local\Temp



---------------  S Y S T E M  ---------------

OS:
 Windows 10 , 64 bit Build 19041 (10.0.19041.3636)
OS uptime: 0 days 7:21 hours

CPU: total 8 (initial active 8) (4 cores per cpu, 2 threads per core) family 6 model 142 stepping 11 microcode 0xec, cx8, cmov, fxsr, ht, mmx, 3dnowpref, sse, sse2, sse3, ssse3, sse4.1, sse4.2, popcnt, lzcnt, tsc, tscinvbit, avx, avx2, aes, erms, clmul, bmi1, bmi2, adx, fma, vzeroupper, clflush, clflushopt
Processor Information for all 8 processors :
  Max Mhz: 1800, Current Mhz: 1600, Mhz Limit: 1584

Memory: 4k page, system-wide physical 12056M (1797M free)
TotalPageFile size 20760M (AvailPageFile size 4425M)
current process WorkingSet (physical memory assigned to process): 642M, peak: 642M
current process commit charge ("private bytes"): 614M, peak: 647M

vm_info: OpenJDK 64-Bit Server VM (17.0.8+7) for windows-amd64 JRE (17.0.8+7), built on Jul 18 2023 21:02:32 by "admin" with MS VC++ 16.7 (VS2019)

END.
