#
# A fatal error has been detected by the Java Runtime Environment:
#
#  Internal Error (0xc000000d), pid=15048, tid=3880
#
# JRE version: OpenJDK Runtime Environment Temurin-17.0.8+7 (17.0.8+7) (build 17.0.8+7)
# Java VM: OpenJDK 64-Bit Server VM Temurin-17.0.8+7 (17.0.8+7, mixed mode, sharing, tiered, compressed oops, compressed class ptrs, g1 gc, windows-amd64)
# Problematic frame:
# C  [ntdll.dll+0x112324]
#
# No core dump will be written. Minidumps are not enabled by default on client versions of Windows
#
# If you would like to submit a bug report, please visit:
#   https://github.com/adoptium/adoptium-support/issues
#

---------------  S U M M A R Y ------------

Command Line: -Djava.library.path=E:\Desktop\PhanTan\posshop_3\posshop\posshop_client\lib\opencv\x64 -Dfile.encoding=UTF-8 -Dstdout.encoding=UTF-8 -Dstderr.encoding=UTF-8 -XX:+ShowCodeDetailsInExceptionMessages main.Login

Host: Intel(R) Core(TM) i5-8265U CPU @ 1.60GHz, 8 cores, 11G,  Windows 10 , 64 bit Build 19041 (10.0.19041.3636)
Time: Fri May 10 20:11:25 2024 SE Asia Standard Time elapsed time: 16.594371 seconds (0d 0h 0m 16s)

---------------  T H R E A D  ---------------

Current thread (0x0000023a277d0060):  VMThread "VM Thread" [stack: 0x0000009a6bf00000,0x0000009a6c000000] [id=3880]

Stack: [0x0000009a6bf00000,0x0000009a6c000000],  sp=0x0000009a6bffdd60,  free space=1015k
Native frames: (J=compiled Java code, j=interpreted, Vv=VM code, C=native code)
C  [ntdll.dll+0x112324]
C  [ntdll.dll+0xac74f]
C  [ntdll.dll+0x11d95]
C  [RTWorkQ.DLL+0x6483]


siginfo: EXCEPTION_?? (0xc000000d)


Register to memory mapping:

RIP=0x00007ffce1ca2324 ntdll.dll
RAX=0x0000000000000001 is an unknown value
RBX=0x0 is NULL
RCX=0x00000000000007cf is an unknown value
RDX=0x00007ffcdfa31131 ucrtbase.dll
RSP=0x0000009a6bffdd60 points into unknown readable memory: 0x0000000300000057 | 57 00 00 00 03 00 00 00
RBP=0x0000000000000003 is an unknown value
RSI=0x0000000000000bf4 is an unknown value
RDI=0x0000023a6f77c150 points into unknown readable memory: 0x0000000000000001 | 01 00 00 00 00 00 00 00
R8 =0x00007ffcdfa9e45e ucrtbase.dll
R9 =0x0000009a6b000000 is an unknown value
R10=0x0000009a6bffd701 points into unknown readable memory: 00 00 00 00 00 00 00
R11=0x0000f40f65ee645a is an unknown value
R12=0x0000000000000bf4 is an unknown value
R13=0x00007ffc6c56b480 FrameServerClient.dll
R14=0x0 is NULL
R15=0x0000000000000bf4 is an unknown value


Registers:
RAX=0x0000000000000001, RBX=0x0000000000000000, RCX=0x00000000000007cf, RDX=0x00007ffcdfa31131
RSP=0x0000009a6bffdd60, RBP=0x0000000000000003, RSI=0x0000000000000bf4, RDI=0x0000023a6f77c150
R8 =0x00007ffcdfa9e45e, R9 =0x0000009a6b000000, R10=0x0000009a6bffd701, R11=0x0000f40f65ee645a
R12=0x0000000000000bf4, R13=0x00007ffc6c56b480, R14=0x0000000000000000, R15=0x0000000000000bf4
RIP=0x00007ffce1ca2324, EFLAGS=0x0000000000000202

Top of Stack: (sp=0x0000009a6bffdd60)
0x0000009a6bffdd60:   0000000300000057 0000000000000000
0x0000009a6bffdd70:   0000000000000bf4 0000000004000004
0x0000009a6bffdd80:   00000000c000000d 0000000000000000
0x0000009a6bffdd90:   00007ffce1ca2324 0000000000000000
0x0000009a6bffdda0:   0000000000000000 0000000000000000
0x0000009a6bffddb0:   0000000000000000 0000000000000000
0x0000009a6bffddc0:   0000000000000000 0000000000000000
0x0000009a6bffddd0:   0000000000000000 0000000000000000
0x0000009a6bffdde0:   0000000000000000 0000000000000000
0x0000009a6bffddf0:   0000000000000000 0000000000000000
0x0000009a6bffde00:   0000000000000000 0000000000000000
0x0000009a6bffde10:   0000000000000000 0000000000000000
0x0000009a6bffde20:   00008e68d53ecc5f 0000000000000000
0x0000009a6bffde30:   0000000000000003 00007ffce1c3c74f
0x0000009a6bffde40:   0000000000000001 00007ffcd3ad87fb
0x0000009a6bffde50:   00007ffc6c56b480 0000000000000bf4 

Instructions: (pc=0x00007ffce1ca2324)
0x00007ffce1ca2224:   cc cc cc cc cc cc cc cc 48 81 ec d8 00 00 00 48
0x00007ffce1ca2234:   8b 05 d6 22 07 00 48 33 c4 48 89 84 24 c0 00 00
0x00007ffce1ca2244:   00 4d 85 c0 74 33 4d 8b 48 50 48 8d 05 6b 63 f6
0x00007ffce1ca2254:   ff c7 44 24 38 05 00 00 00 4c 3b c8 75 0a 49 8b
0x00007ffce1ca2264:   40 58 4c 8b 50 20 eb 03 45 33 d2 4d 85 d2 4d 0f
0x00007ffce1ca2274:   45 ca 4c 89 4c 24 60 eb 08 c7 44 24 38 04 00 00
0x00007ffce1ca2284:   00 48 83 64 24 28 00 48 83 64 24 58 00 48 63 c1
0x00007ffce1ca2294:   48 8d 4c 24 20 48 89 44 24 40 c7 44 24 20 0a 07
0x00007ffce1ca22a4:   00 c0 48 89 54 24 48 4c 89 44 24 50 c7 44 24 24
0x00007ffce1ca22b4:   01 00 00 00 e8 73 ed f3 ff 48 8b 8c 24 c0 00 00
0x00007ffce1ca22c4:   00 48 33 cc e8 03 a2 f7 ff 48 81 c4 d8 00 00 00
0x00007ffce1ca22d4:   c3 cc cc cc cc cc cc cc 48 81 ec d8 00 00 00 48
0x00007ffce1ca22e4:   8b 05 26 22 07 00 48 33 c4 48 89 84 24 c0 00 00
0x00007ffce1ca22f4:   00 33 d2 41 b8 94 00 00 00 48 8d 4c 24 24 e8 f9
0x00007ffce1ca2304:   1d f9 ff c7 44 24 20 0d 00 00 c0 b9 57 00 00 00
0x00007ffce1ca2314:   e8 67 e4 f3 ff 90 48 8d 4c 24 20 e8 0c ed f3 ff
0x00007ffce1ca2324:   eb 00 48 8b 8c 24 c0 00 00 00 48 33 cc e8 9a a1
0x00007ffce1ca2334:   f7 ff 48 81 c4 d8 00 00 00 c3 cc 40 55 48 83 ec
0x00007ffce1ca2344:   20 48 8b ea e8 0f 00 00 00 90 48 83 c4 20 5d c3
0x00007ffce1ca2354:   cc cc cc cc cc cc cc cc 48 83 ec 28 48 8b 51 08
0x00007ffce1ca2364:   41 b8 03 00 00 00 48 8b 09 e8 4e a5 fc ff 33 c0
0x00007ffce1ca2374:   48 83 c4 28 c3 cc cc cc cc cc cc cc 48 8b 01 48
0x00007ffce1ca2384:   83 c9 ff 8b 10 e9 c2 b1 f8 ff cc cc cc cc cc cc
0x00007ffce1ca2394:   4c 8b dc 48 81 ec 88 00 00 00 48 8b 05 6b 21 07
0x00007ffce1ca23a4:   00 48 33 c4 48 89 44 24 70 48 8b 84 24 b0 00 00
0x00007ffce1ca23b4:   00 41 ba 24 1c 00 00 49 89 43 d8 8b 84 24 b8 00
0x00007ffce1ca23c4:   00 00 66 45 89 53 9e 49 89 4b b8 49 89 53 c0 4d
0x00007ffce1ca23d4:   89 43 c8 4d 89 4b d0 89 44 24 68 e8 6c 24 f1 ff
0x00007ffce1ca23e4:   85 c0 74 19 65 48 8b 04 25 60 00 00 00 48 8b 88
0x00007ffce1ca23f4:   90 00 00 00 48 81 c1 2c 02 00 00 eb 05 b9 86 03
0x00007ffce1ca2404:   fe 7f 0f b6 09 4c 8d 4c 24 20 ba 03 04 00 00 41
0x00007ffce1ca2414:   b8 2c 00 00 00 e8 62 b7 f8 ff 48 8b 4c 24 70 48 


Stack slot to memory mapping:
stack at sp + 0 slots: 0x0000000300000057 is an unknown value
stack at sp + 1 slots: 0x0 is NULL
stack at sp + 2 slots: 0x0000000000000bf4 is an unknown value
stack at sp + 3 slots: 0x0000000004000004 is an unknown value
stack at sp + 4 slots: 0x00000000c000000d is an unknown value
stack at sp + 5 slots: 0x0 is NULL
stack at sp + 6 slots: 0x00007ffce1ca2324 ntdll.dll
stack at sp + 7 slots: 0x0 is NULL

VM_Operation (0x0000009a6cffeb20): Exit, mode: safepoint, requested by thread 0x0000023a277f3640


---------------  P R O C E S S  ---------------

Threads class SMR info:
_java_thread_list=0x0000023a7644a000, length=22, elements={
0x0000023a277d3400, 0x0000023a277d4a20, 0x0000023a277ebb40, 0x0000023a277ef1d0,
0x0000023a277f2200, 0x0000023a277f54a0, 0x0000023a277fae90, 0x0000023a277fe890,
0x0000023a277f4060, 0x0000023a277f1cf0, 0x0000023a277f2710, 0x0000023a277f4f90,
0x0000023a277f2c20, 0x0000023a277f3640, 0x0000023a277f3b50, 0x0000023a277f4570,
0x0000023a277f4a80, 0x0000023a6d790d20, 0x0000023a6d78d060, 0x0000023a6d7944d0,
0x0000023a6d78f3d0, 0x0000023a6d78eec0
}

Java Threads: ( => current thread )
  0x0000023a277d3400 JavaThread "Reference Handler" daemon [_thread_blocked, id=14360, stack(0x0000009a6c000000,0x0000009a6c100000)]
  0x0000023a277d4a20 JavaThread "Finalizer" daemon [_thread_blocked, id=11408, stack(0x0000009a6c100000,0x0000009a6c200000)]
  0x0000023a277ebb40 JavaThread "Signal Dispatcher" daemon [_thread_blocked, id=17060, stack(0x0000009a6c200000,0x0000009a6c300000)]
  0x0000023a277ef1d0 JavaThread "Attach Listener" daemon [_thread_blocked, id=5304, stack(0x0000009a6c300000,0x0000009a6c400000)]
  0x0000023a277f2200 JavaThread "Service Thread" daemon [_thread_blocked, id=14852, stack(0x0000009a6c400000,0x0000009a6c500000)]
  0x0000023a277f54a0 JavaThread "Monitor Deflation Thread" daemon [_thread_blocked, id=7384, stack(0x0000009a6c500000,0x0000009a6c600000)]
  0x0000023a277fae90 JavaThread "C2 CompilerThread0" daemon [_thread_blocked, id=16636, stack(0x0000009a6c600000,0x0000009a6c700000)]
  0x0000023a277fe890 JavaThread "C1 CompilerThread0" daemon [_thread_blocked, id=2016, stack(0x0000009a6c700000,0x0000009a6c800000)]
  0x0000023a277f4060 JavaThread "Sweeper thread" daemon [_thread_blocked, id=15056, stack(0x0000009a6c800000,0x0000009a6c900000)]
  0x0000023a277f1cf0 JavaThread "Notification Thread" daemon [_thread_blocked, id=12372, stack(0x0000009a6c900000,0x0000009a6ca00000)]
  0x0000023a277f2710 JavaThread "Common-Cleaner" daemon [_thread_blocked, id=6968, stack(0x0000009a6cb00000,0x0000009a6cc00000)]
  0x0000023a277f4f90 JavaThread "Java2D Disposer" daemon [_thread_blocked, id=17388, stack(0x0000009a6cc00000,0x0000009a6cd00000)]
  0x0000023a277f2c20 JavaThread "AWT-Shutdown" [_thread_blocked, id=1404, stack(0x0000009a6cd00000,0x0000009a6ce00000)]
  0x0000023a277f3640 JavaThread "AWT-EventQueue-0" [_thread_blocked, id=5240, stack(0x0000009a6cf00000,0x0000009a6d000000)]
  0x0000023a277f3b50 JavaThread "DestroyJavaVM" [_thread_blocked, id=2036, stack(0x0000009a6b900000,0x0000009a6ba00000)]
  0x0000023a277f4570 JavaThread "Image Fetcher 0" daemon [_thread_blocked, id=16528, stack(0x0000009a6d100000,0x0000009a6d200000)]
  0x0000023a277f4a80 JavaThread "TimerQueue" daemon [_thread_blocked, id=4780, stack(0x0000009a6d200000,0x0000009a6d300000)]
  0x0000023a6d790d20 JavaThread "RMI Scheduler(0)" daemon [_thread_blocked, id=15712, stack(0x0000009a6d000000,0x0000009a6d100000)]
  0x0000023a6d78d060 JavaThread "RMI RenewClean-[192.168.1.204:64336]" daemon [_thread_blocked, id=14700, stack(0x0000009a6de00000,0x0000009a6df00000)]
  0x0000023a6d7944d0 JavaThread "RMI GC Daemon" daemon [_thread_blocked, id=9708, stack(0x0000009a6df00000,0x0000009a6e000000)]
  0x0000023a6d78f3d0 JavaThread "SwingWorker-pool-1-thread-1" daemon [_thread_blocked, id=2276, stack(0x0000009a6e800000,0x0000009a6e900000)]
  0x0000023a6d78eec0 JavaThread "SwingWorker-pool-1-thread-2" daemon [_thread_blocked, id=1016, stack(0x0000009a6eb00000,0x0000009a6ec00000)]

Other Threads:
=>0x0000023a277d0060 VMThread "VM Thread" [stack: 0x0000009a6bf00000,0x0000009a6c000000] [id=3880]
  0x0000023a0502de20 GCTaskThread "GC Thread#0" [stack: 0x0000009a6ba00000,0x0000009a6bb00000] [id=16080]
  0x0000023a6ee602f0 GCTaskThread "GC Thread#1" [stack: 0x0000009a6d300000,0x0000009a6d400000] [id=9692]
  0x0000023a6d7abb50 GCTaskThread "GC Thread#2" [stack: 0x0000009a6d400000,0x0000009a6d500000] [id=16088]
  0x0000023a6eeb6050 GCTaskThread "GC Thread#3" [stack: 0x0000009a6d500000,0x0000009a6d600000] [id=16200]
  0x0000023a6eeb6310 GCTaskThread "GC Thread#4" [stack: 0x0000009a6d600000,0x0000009a6d700000] [id=16968]
  0x0000023a6f0ca320 GCTaskThread "GC Thread#5" [stack: 0x0000009a6d700000,0x0000009a6d800000] [id=7996]
  0x0000023a6f28ac90 GCTaskThread "GC Thread#6" [stack: 0x0000009a6d800000,0x0000009a6d900000] [id=7120]
  0x0000023a6f254c30 GCTaskThread "GC Thread#7" [stack: 0x0000009a6d900000,0x0000009a6da00000] [id=15948]
  0x0000023a0503b190 ConcurrentGCThread "G1 Main Marker" terminated
  0x0000023a0503bba0 ConcurrentGCThread "G1 Conc#0" [stack: 0x0000009a6bc00000,0x0000009a6bd00000] [id=7292]
  0x0000023a276924c0 ConcurrentGCThread "G1 Refine#0" terminated
  0x0000023a6eec3d00 ConcurrentGCThread "G1 Refine#1" terminated
  0x0000023a27692ef0 ConcurrentGCThread "G1 Service" terminated

Threads with active compile tasks:

VM state: at safepoint (shutting down)

VM Mutex/Monitor currently owned by a thread:  ([mutex/lock_event])
[0x0000023a04fd0e40] Threads_lock - owner thread: 0x0000023a277d0060
[0x0000023a04fd0660] Heap_lock - owner thread: 0x0000023a277f3640

Heap address: 0x0000000743800000, size: 3016 MB, Compressed Oops mode: Zero based, Oop shift amount: 3

CDS archive(s) mapped at: [0x0000023a28000000-0x0000023a28bd0000-0x0000023a28bd0000), size 12386304, SharedBaseAddress: 0x0000023a28000000, ArchiveRelocationMode: 1.
Compressed class space mapped at: 0x0000023a29000000-0x0000023a69000000, reserved size: 1073741824
Narrow klass base: 0x0000023a28000000, Narrow klass shift: 0, Narrow klass range: 0x100000000

GC Precious Log:
 CPUs: 8 total, 8 available
 Memory: 12056M
 Large Page Support: Disabled
 NUMA Support: Disabled
 Compressed Oops: Enabled (Zero based)
 Heap Region Size: 2M
 Heap Min Capacity: 8M
 Heap Initial Capacity: 190M
 Heap Max Capacity: 3016M
 Pre-touch: Disabled
 Parallel Workers: 8
 Concurrent Workers: 2
 Concurrent Refinement Workers: 8
 Periodic GC: Disabled

Heap:
 garbage-first heap   total 233472K, used 166521K [0x0000000743800000, 0x0000000800000000)
  region size 2048K, 59 young (120832K), 2 survivors (4096K)
 Metaspace       used 19146K, committed 19456K, reserved 1114112K
  class space    used 2059K, committed 2240K, reserved 1048576K

Heap Regions: E=young(eden), S=young(survivor), O=old, HS=humongous(starts), HC=humongous(continues), CS=collection set, F=free, OA=open archive, CA=closed archive, TAMS=top-at-mark-start (previous, next)
|   0|0x0000000743800000, 0x0000000743a00000, 0x0000000743a00000|100%|HS|  |TAMS 0x0000000743800000, 0x0000000743800000| Complete 
|   1|0x0000000743a00000, 0x0000000743c00000, 0x0000000743c00000|100%|HC|  |TAMS 0x0000000743a00000, 0x0000000743a00000| Complete 
|   2|0x0000000743c00000, 0x0000000743e00000, 0x0000000743e00000|100%|HC|  |TAMS 0x0000000743c00000, 0x0000000743c00000| Complete 
|   3|0x0000000743e00000, 0x0000000744000000, 0x0000000744000000|100%|HC|  |TAMS 0x0000000743e00000, 0x0000000743e00000| Complete 
|   4|0x0000000744000000, 0x0000000744200000, 0x0000000744200000|100%|HC|  |TAMS 0x0000000744000000, 0x0000000744000000| Complete 
|   5|0x0000000744200000, 0x0000000744400000, 0x0000000744400000|100%|HC|  |TAMS 0x0000000744200000, 0x0000000744200000| Complete 
|   6|0x0000000744400000, 0x0000000744600000, 0x0000000744600000|100%|HC|  |TAMS 0x0000000744400000, 0x0000000744400000| Complete 
|   7|0x0000000744600000, 0x0000000744800000, 0x0000000744800000|100%| O|  |TAMS 0x0000000744600000, 0x0000000744600000| Untracked 
|   8|0x0000000744800000, 0x0000000744a00000, 0x0000000744a00000|100%| O|  |TAMS 0x0000000744800000, 0x0000000744800000| Untracked 
|   9|0x0000000744a00000, 0x0000000744c00000, 0x0000000744c00000|100%|HS|  |TAMS 0x0000000744a00000, 0x0000000744a00000| Complete 
|  10|0x0000000744c00000, 0x0000000744e00000, 0x0000000744e00000|100%|HC|  |TAMS 0x0000000744c00000, 0x0000000744c00000| Complete 
|  11|0x0000000744e00000, 0x0000000745000000, 0x0000000745000000|100%|HS|  |TAMS 0x0000000744e00000, 0x0000000744e00000| Complete 
|  12|0x0000000745000000, 0x0000000745200000, 0x0000000745200000|100%| O|  |TAMS 0x0000000745000000, 0x0000000745000000| Untracked 
|  13|0x0000000745200000, 0x0000000745400000, 0x0000000745400000|100%| O|  |TAMS 0x0000000745200000, 0x0000000745200000| Untracked 
|  14|0x0000000745400000, 0x0000000745600000, 0x0000000745600000|100%|HS|  |TAMS 0x0000000745400000, 0x0000000745400000| Complete 
|  15|0x0000000745600000, 0x0000000745800000, 0x0000000745800000|100%|HC|  |TAMS 0x0000000745600000, 0x0000000745600000| Complete 
|  16|0x0000000745800000, 0x0000000745a00000, 0x0000000745a00000|100%|HC|  |TAMS 0x0000000745800000, 0x0000000745800000| Complete 
|  17|0x0000000745a00000, 0x0000000745c00000, 0x0000000745c00000|100%|HC|  |TAMS 0x0000000745a00000, 0x0000000745a00000| Complete 
|  18|0x0000000745c00000, 0x0000000745e00000, 0x0000000745e00000|100%|HC|  |TAMS 0x0000000745c00000, 0x0000000745c00000| Complete 
|  19|0x0000000745e00000, 0x0000000746000000, 0x0000000746000000|100%|HC|  |TAMS 0x0000000745e00000, 0x0000000745e00000| Complete 
|  20|0x0000000746000000, 0x0000000746200000, 0x0000000746200000|100%|HC|  |TAMS 0x0000000746000000, 0x0000000746000000| Complete 
|  21|0x0000000746200000, 0x0000000746400000, 0x0000000746400000|100%|HS|  |TAMS 0x0000000746200000, 0x0000000746200000| Complete 
|  22|0x0000000746400000, 0x0000000746600000, 0x0000000746600000|100%|HC|  |TAMS 0x0000000746400000, 0x0000000746400000| Complete 
|  23|0x0000000746600000, 0x0000000746800000, 0x0000000746800000|100%|HC|  |TAMS 0x0000000746600000, 0x0000000746600000| Complete 
|  24|0x0000000746800000, 0x000000074699ce00, 0x0000000746a00000| 80%| O|  |TAMS 0x0000000746800000, 0x0000000746800000| Untracked 
|  25|0x0000000746a00000, 0x0000000746a00000, 0x0000000746c00000|  0%| F|  |TAMS 0x0000000746a00000, 0x0000000746a00000| Untracked 
|  26|0x0000000746c00000, 0x0000000746c00000, 0x0000000746e00000|  0%| F|  |TAMS 0x0000000746c00000, 0x0000000746c00000| Untracked 
|  27|0x0000000746e00000, 0x0000000746e00000, 0x0000000747000000|  0%| F|  |TAMS 0x0000000746e00000, 0x0000000746e00000| Untracked 
|  28|0x0000000747000000, 0x0000000747000000, 0x0000000747200000|  0%| F|  |TAMS 0x0000000747000000, 0x0000000747000000| Untracked 
|  29|0x0000000747200000, 0x0000000747200000, 0x0000000747400000|  0%| F|  |TAMS 0x0000000747200000, 0x0000000747200000| Untracked 
|  30|0x0000000747400000, 0x0000000747400000, 0x0000000747600000|  0%| F|  |TAMS 0x0000000747400000, 0x0000000747400000| Untracked 
|  31|0x0000000747600000, 0x0000000747600000, 0x0000000747800000|  0%| F|  |TAMS 0x0000000747600000, 0x0000000747600000| Untracked 
|  32|0x0000000747800000, 0x0000000747800000, 0x0000000747a00000|  0%| F|  |TAMS 0x0000000747800000, 0x0000000747800000| Untracked 
|  33|0x0000000747a00000, 0x0000000747a00000, 0x0000000747c00000|  0%| F|  |TAMS 0x0000000747a00000, 0x0000000747a00000| Untracked 
|  34|0x0000000747c00000, 0x0000000747c00000, 0x0000000747e00000|  0%| F|  |TAMS 0x0000000747c00000, 0x0000000747c00000| Untracked 
|  35|0x0000000747e00000, 0x0000000747e00000, 0x0000000748000000|  0%| F|  |TAMS 0x0000000747e00000, 0x0000000747e00000| Untracked 
|  36|0x0000000748000000, 0x0000000748000000, 0x0000000748200000|  0%| F|  |TAMS 0x0000000748000000, 0x0000000748000000| Untracked 
|  37|0x0000000748200000, 0x0000000748200000, 0x0000000748400000|  0%| F|  |TAMS 0x0000000748200000, 0x0000000748200000| Untracked 
|  38|0x0000000748400000, 0x0000000748400000, 0x0000000748600000|  0%| F|  |TAMS 0x0000000748400000, 0x0000000748400000| Untracked 
|  39|0x0000000748600000, 0x0000000748600000, 0x0000000748800000|  0%| F|  |TAMS 0x0000000748600000, 0x0000000748600000| Untracked 
|  40|0x0000000748800000, 0x0000000748800000, 0x0000000748a00000|  0%| F|  |TAMS 0x0000000748800000, 0x0000000748800000| Untracked 
|  41|0x0000000748a00000, 0x0000000748a00000, 0x0000000748c00000|  0%| F|  |TAMS 0x0000000748a00000, 0x0000000748a00000| Untracked 
|  42|0x0000000748c00000, 0x0000000748c00000, 0x0000000748e00000|  0%| F|  |TAMS 0x0000000748c00000, 0x0000000748c00000| Untracked 
|  43|0x0000000748e00000, 0x0000000748e00000, 0x0000000749000000|  0%| F|  |TAMS 0x0000000748e00000, 0x0000000748e00000| Untracked 
|  44|0x0000000749000000, 0x0000000749101660, 0x0000000749200000| 50%| S|CS|TAMS 0x0000000749000000, 0x0000000749000000| Complete 
|  45|0x0000000749200000, 0x0000000749400000, 0x0000000749400000|100%| S|CS|TAMS 0x0000000749200000, 0x0000000749200000| Complete 
|  46|0x0000000749400000, 0x0000000749400000, 0x0000000749600000|  0%| F|  |TAMS 0x0000000749400000, 0x0000000749400000| Untracked 
|  47|0x0000000749600000, 0x0000000749600000, 0x0000000749800000|  0%| F|  |TAMS 0x0000000749600000, 0x0000000749600000| Untracked 
|  48|0x0000000749800000, 0x0000000749800000, 0x0000000749a00000|  0%| F|  |TAMS 0x0000000749800000, 0x0000000749800000| Untracked 
|  49|0x0000000749a00000, 0x0000000749a00000, 0x0000000749c00000|  0%| F|  |TAMS 0x0000000749a00000, 0x0000000749a00000| Untracked 
|  50|0x0000000749c00000, 0x0000000749c00000, 0x0000000749e00000|  0%| F|  |TAMS 0x0000000749c00000, 0x0000000749c00000| Untracked 
|  51|0x0000000749e00000, 0x0000000749e00000, 0x000000074a000000|  0%| F|  |TAMS 0x0000000749e00000, 0x0000000749e00000| Untracked 
|  52|0x000000074a000000, 0x000000074a000000, 0x000000074a200000|  0%| F|  |TAMS 0x000000074a000000, 0x000000074a000000| Untracked 
|  53|0x000000074a200000, 0x000000074a200000, 0x000000074a400000|  0%| F|  |TAMS 0x000000074a200000, 0x000000074a200000| Untracked 
|  54|0x000000074a400000, 0x000000074a400000, 0x000000074a600000|  0%| F|  |TAMS 0x000000074a400000, 0x000000074a400000| Untracked 
|  55|0x000000074a600000, 0x000000074a600000, 0x000000074a800000|  0%| F|  |TAMS 0x000000074a600000, 0x000000074a600000| Untracked 
|  56|0x000000074a800000, 0x000000074a800000, 0x000000074aa00000|  0%| F|  |TAMS 0x000000074a800000, 0x000000074a800000| Untracked 
|  57|0x000000074aa00000, 0x000000074ab00800, 0x000000074ac00000| 50%| E|  |TAMS 0x000000074aa00000, 0x000000074aa00000| Complete 
|  58|0x000000074ac00000, 0x000000074ae00000, 0x000000074ae00000|100%| E|CS|TAMS 0x000000074ac00000, 0x000000074ac00000| Complete 
|  59|0x000000074ae00000, 0x000000074b000000, 0x000000074b000000|100%| E|CS|TAMS 0x000000074ae00000, 0x000000074ae00000| Complete 
|  60|0x000000074b000000, 0x000000074b200000, 0x000000074b200000|100%| E|CS|TAMS 0x000000074b000000, 0x000000074b000000| Complete 
|  61|0x000000074b200000, 0x000000074b400000, 0x000000074b400000|100%| E|CS|TAMS 0x000000074b200000, 0x000000074b200000| Complete 
|  62|0x000000074b400000, 0x000000074b600000, 0x000000074b600000|100%| E|CS|TAMS 0x000000074b400000, 0x000000074b400000| Complete 
|  63|0x000000074b600000, 0x000000074b800000, 0x000000074b800000|100%| E|CS|TAMS 0x000000074b600000, 0x000000074b600000| Complete 
|  64|0x000000074b800000, 0x000000074ba00000, 0x000000074ba00000|100%| E|CS|TAMS 0x000000074b800000, 0x000000074b800000| Complete 
|  65|0x000000074ba00000, 0x000000074bc00000, 0x000000074bc00000|100%| E|CS|TAMS 0x000000074ba00000, 0x000000074ba00000| Complete 
|  66|0x000000074bc00000, 0x000000074be00000, 0x000000074be00000|100%| E|CS|TAMS 0x000000074bc00000, 0x000000074bc00000| Complete 
|  67|0x000000074be00000, 0x000000074c000000, 0x000000074c000000|100%| E|CS|TAMS 0x000000074be00000, 0x000000074be00000| Complete 
|  68|0x000000074c000000, 0x000000074c200000, 0x000000074c200000|100%| E|CS|TAMS 0x000000074c000000, 0x000000074c000000| Complete 
|  69|0x000000074c200000, 0x000000074c400000, 0x000000074c400000|100%| E|CS|TAMS 0x000000074c200000, 0x000000074c200000| Complete 
|  70|0x000000074c400000, 0x000000074c600000, 0x000000074c600000|100%| E|  |TAMS 0x000000074c400000, 0x000000074c400000| Complete 
|  71|0x000000074c600000, 0x000000074c800000, 0x000000074c800000|100%| E|CS|TAMS 0x000000074c600000, 0x000000074c600000| Complete 
|  72|0x000000074c800000, 0x000000074ca00000, 0x000000074ca00000|100%| E|CS|TAMS 0x000000074c800000, 0x000000074c800000| Complete 
|  73|0x000000074ca00000, 0x000000074cc00000, 0x000000074cc00000|100%| E|CS|TAMS 0x000000074ca00000, 0x000000074ca00000| Complete 
|  74|0x000000074cc00000, 0x000000074ce00000, 0x000000074ce00000|100%| E|CS|TAMS 0x000000074cc00000, 0x000000074cc00000| Complete 
|  75|0x000000074ce00000, 0x000000074d000000, 0x000000074d000000|100%| E|CS|TAMS 0x000000074ce00000, 0x000000074ce00000| Complete 
|  76|0x000000074d000000, 0x000000074d200000, 0x000000074d200000|100%| E|CS|TAMS 0x000000074d000000, 0x000000074d000000| Complete 
|  77|0x000000074d200000, 0x000000074d400000, 0x000000074d400000|100%| E|CS|TAMS 0x000000074d200000, 0x000000074d200000| Complete 
|  78|0x000000074d400000, 0x000000074d600000, 0x000000074d600000|100%| E|CS|TAMS 0x000000074d400000, 0x000000074d400000| Complete 
|  79|0x000000074d600000, 0x000000074d800000, 0x000000074d800000|100%| E|CS|TAMS 0x000000074d600000, 0x000000074d600000| Complete 
|  80|0x000000074d800000, 0x000000074da00000, 0x000000074da00000|100%| E|CS|TAMS 0x000000074d800000, 0x000000074d800000| Complete 
|  81|0x000000074da00000, 0x000000074dc00000, 0x000000074dc00000|100%| E|CS|TAMS 0x000000074da00000, 0x000000074da00000| Complete 
|  82|0x000000074dc00000, 0x000000074de00000, 0x000000074de00000|100%| E|CS|TAMS 0x000000074dc00000, 0x000000074dc00000| Complete 
|  83|0x000000074de00000, 0x000000074e000000, 0x000000074e000000|100%| E|CS|TAMS 0x000000074de00000, 0x000000074de00000| Complete 
|  84|0x000000074e000000, 0x000000074e200000, 0x000000074e200000|100%| E|CS|TAMS 0x000000074e000000, 0x000000074e000000| Complete 
|  85|0x000000074e200000, 0x000000074e400000, 0x000000074e400000|100%| E|CS|TAMS 0x000000074e200000, 0x000000074e200000| Complete 
|  86|0x000000074e400000, 0x000000074e600000, 0x000000074e600000|100%| E|CS|TAMS 0x000000074e400000, 0x000000074e400000| Complete 
|  87|0x000000074e600000, 0x000000074e800000, 0x000000074e800000|100%| E|CS|TAMS 0x000000074e600000, 0x000000074e600000| Complete 
|  88|0x000000074e800000, 0x000000074ea00000, 0x000000074ea00000|100%| E|CS|TAMS 0x000000074e800000, 0x000000074e800000| Complete 
|  89|0x000000074ea00000, 0x000000074ec00000, 0x000000074ec00000|100%| E|CS|TAMS 0x000000074ea00000, 0x000000074ea00000| Complete 
|  90|0x000000074ec00000, 0x000000074ee00000, 0x000000074ee00000|100%| E|CS|TAMS 0x000000074ec00000, 0x000000074ec00000| Complete 
|  91|0x000000074ee00000, 0x000000074f000000, 0x000000074f000000|100%| E|CS|TAMS 0x000000074ee00000, 0x000000074ee00000| Complete 
|  92|0x000000074f000000, 0x000000074f200000, 0x000000074f200000|100%| E|CS|TAMS 0x000000074f000000, 0x000000074f000000| Complete 
|  93|0x000000074f200000, 0x000000074f400000, 0x000000074f400000|100%| E|CS|TAMS 0x000000074f200000, 0x000000074f200000| Complete 
|  94|0x000000074f400000, 0x000000074f600000, 0x000000074f600000|100%| E|CS|TAMS 0x000000074f400000, 0x000000074f400000| Complete 
|  95|0x000000074f600000, 0x000000074f800000, 0x000000074f800000|100%| E|CS|TAMS 0x000000074f600000, 0x000000074f600000| Complete 
|  96|0x000000074f800000, 0x000000074fa00000, 0x000000074fa00000|100%| E|CS|TAMS 0x000000074f800000, 0x000000074f800000| Complete 
|  97|0x000000074fa00000, 0x000000074fc00000, 0x000000074fc00000|100%| E|CS|TAMS 0x000000074fa00000, 0x000000074fa00000| Complete 
|  98|0x000000074fc00000, 0x000000074fe00000, 0x000000074fe00000|100%| E|CS|TAMS 0x000000074fc00000, 0x000000074fc00000| Complete 
|  99|0x000000074fe00000, 0x0000000750000000, 0x0000000750000000|100%| E|CS|TAMS 0x000000074fe00000, 0x000000074fe00000| Complete 
| 100|0x0000000750000000, 0x0000000750200000, 0x0000000750200000|100%| E|CS|TAMS 0x0000000750000000, 0x0000000750000000| Complete 
| 101|0x0000000750200000, 0x0000000750400000, 0x0000000750400000|100%| E|CS|TAMS 0x0000000750200000, 0x0000000750200000| Complete 
| 102|0x0000000750400000, 0x0000000750600000, 0x0000000750600000|100%| E|CS|TAMS 0x0000000750400000, 0x0000000750400000| Complete 
| 103|0x0000000750600000, 0x0000000750800000, 0x0000000750800000|100%| E|CS|TAMS 0x0000000750600000, 0x0000000750600000| Complete 
| 104|0x0000000750800000, 0x0000000750a00000, 0x0000000750a00000|100%| E|CS|TAMS 0x0000000750800000, 0x0000000750800000| Complete 
| 105|0x0000000750a00000, 0x0000000750c00000, 0x0000000750c00000|100%| E|CS|TAMS 0x0000000750a00000, 0x0000000750a00000| Complete 
| 106|0x0000000750c00000, 0x0000000750e00000, 0x0000000750e00000|100%| E|CS|TAMS 0x0000000750c00000, 0x0000000750c00000| Complete 
| 107|0x0000000750e00000, 0x0000000751000000, 0x0000000751000000|100%| E|CS|TAMS 0x0000000750e00000, 0x0000000750e00000| Complete 
| 108|0x0000000751000000, 0x0000000751200000, 0x0000000751200000|100%| E|CS|TAMS 0x0000000751000000, 0x0000000751000000| Complete 
| 109|0x0000000751200000, 0x0000000751400000, 0x0000000751400000|100%| E|CS|TAMS 0x0000000751200000, 0x0000000751200000| Complete 
| 110|0x0000000751400000, 0x0000000751600000, 0x0000000751600000|100%| E|CS|TAMS 0x0000000751400000, 0x0000000751400000| Complete 
| 111|0x0000000751600000, 0x0000000751800000, 0x0000000751800000|100%| E|CS|TAMS 0x0000000751600000, 0x0000000751600000| Complete 
| 112|0x0000000751800000, 0x0000000751a00000, 0x0000000751a00000|100%| E|CS|TAMS 0x0000000751800000, 0x0000000751800000| Complete 
| 113|0x0000000751a00000, 0x0000000751c00000, 0x0000000751c00000|100%| E|CS|TAMS 0x0000000751a00000, 0x0000000751a00000| Complete 

Card table byte_map: [0x0000023a1e320000,0x0000023a1e910000] _byte_map_base: 0x0000023a1a904000

Marking Bits (Prev, Next): (CMBitMap*) 0x0000023a0502e440, (CMBitMap*) 0x0000023a0502e480
 Prev Bits: [0x0000023a1ef00000, 0x0000023a21e20000)
 Next Bits: [0x0000023a21e20000, 0x0000023a24d40000)

Polling page: 0x0000023a05090000

Metaspace:

Usage:
  Non-class:     16.69 MB used.
      Class:      2.01 MB used.
       Both:     18.70 MB used.

Virtual space:
  Non-class space:       64.00 MB reserved,      16.81 MB ( 26%) committed,  1 nodes.
      Class space:        1.00 GB reserved,       2.19 MB ( <1%) committed,  1 nodes.
             Both:        1.06 GB reserved,      19.00 MB (  2%) committed. 

Chunk freelists:
   Non-Class:  14.88 MB
       Class:  13.66 MB
        Both:  28.54 MB

MaxMetaspaceSize: unlimited
CompressedClassSpaceSize: 1.00 GB
Initial GC threshold: 21.00 MB
Current GC threshold: 21.00 MB
CDS: on
MetaspaceReclaimPolicy: balanced
 - commit_granule_bytes: 65536.
 - commit_granule_words: 8192.
 - virtual_space_node_default_size: 8388608.
 - enlarge_chunks_in_place: 1.
 - new_chunks_are_fully_committed: 0.
 - uncommit_free_chunks: 1.
 - use_allocation_guard: 0.
 - handle_deallocations: 1.


Internal statistics:

num_allocs_failed_limit: 0.
num_arena_births: 320.
num_arena_deaths: 0.
num_vsnodes_births: 2.
num_vsnodes_deaths: 0.
num_space_committed: 304.
num_space_uncommitted: 0.
num_chunks_returned_to_freelist: 0.
num_chunks_taken_from_freelist: 579.
num_chunk_merges: 0.
num_chunk_splits: 327.
num_chunks_enlarged: 149.
num_inconsistent_stats: 0.

CodeHeap 'non-profiled nmethods': size=120000Kb used=1835Kb max_used=1835Kb free=118164Kb
 bounds [0x0000023a15da0000, 0x0000023a16010000, 0x0000023a1d2d0000]
CodeHeap 'profiled nmethods': size=120000Kb used=7961Kb max_used=7961Kb free=112038Kb
 bounds [0x0000023a0e2d0000, 0x0000023a0eaa0000, 0x0000023a15800000]
CodeHeap 'non-nmethods': size=5760Kb used=1390Kb max_used=1457Kb free=4369Kb
 bounds [0x0000023a15800000, 0x0000023a15a70000, 0x0000023a15da0000]
 total_blobs=4619 nmethods=3875 adapters=656
 compilation: enabled
              stopped_count=0, restarted_count=0
 full_count=0

Compilation events (20 events):
Event: 11.648 Thread 0x0000023a277fe890 3870       3       java.awt.image.Raster::createPackedRaster (103 bytes)
Event: 11.650 Thread 0x0000023a277fe890 nmethod 3870 0x0000023a0ea90c10 code [0x0000023a0ea90e60, 0x0000023a0ea91bf8]
Event: 11.692 Thread 0x0000023a277fae90 3871       4       java.util.ArrayList::isEmpty (13 bytes)
Event: 11.692 Thread 0x0000023a277fae90 nmethod 3871 0x0000023a15f69990 code [0x0000023a15f69b00, 0x0000023a15f69b98]
Event: 11.720 Thread 0x0000023a277fe890 3872   !   3       java.awt.KeyboardFocusManager::processCurrentLightweightRequests (345 bytes)
Event: 11.723 Thread 0x0000023a277fe890 nmethod 3872 0x0000023a0ea91f90 code [0x0000023a0ea923e0, 0x0000023a0ea946b8]
Event: 11.750 Thread 0x0000023a277fae90 3873       4       sun.awt.AWTAutoShutdown::isReadyToShutdown (37 bytes)
Event: 11.753 Thread 0x0000023a277fae90 nmethod 3873 0x0000023a15f69c90 code [0x0000023a15f69e20, 0x0000023a15f69ef8]
Event: 11.783 Thread 0x0000023a277fe890 3874       3       java.lang.Integer::formatUnsignedInt (40 bytes)
Event: 11.784 Thread 0x0000023a277fe890 nmethod 3874 0x0000023a0ea95590 code [0x0000023a0ea95740, 0x0000023a0ea95958]
Event: 11.855 Thread 0x0000023a277fe890 3875       3       java.lang.Throwable::<init> (34 bytes)
Event: 11.855 Thread 0x0000023a277fe890 nmethod 3875 0x0000023a0ea95a90 code [0x0000023a0ea95c60, 0x0000023a0ea96048]
Event: 11.922 Thread 0x0000023a277fe890 3876       3       sun.awt.image.ToolkitImage::makeImageRep (13 bytes)
Event: 11.922 Thread 0x0000023a277fe890 nmethod 3876 0x0000023a0ea96110 code [0x0000023a0ea962c0, 0x0000023a0ea964b8]
Event: 12.075 Thread 0x0000023a277fae90 3877       4       java.lang.Integer::numberOfTrailingZeros (80 bytes)
Event: 12.076 Thread 0x0000023a277fae90 nmethod 3877 0x0000023a15f6a010 code [0x0000023a15f6a180, 0x0000023a15f6a258]
Event: 12.149 Thread 0x0000023a277fae90 3878 %     4       java.awt.image.SinglePixelPackedSampleModel::<init> @ 160 (243 bytes)
Event: 12.159 Thread 0x0000023a277fae90 nmethod 3878% 0x0000023a15f6a310 code [0x0000023a15f6a4a0, 0x0000023a15f6a798]
Event: 12.311 Thread 0x0000023a277fe890 3879       1       java.util.concurrent.CopyOnWriteArrayList::getArray (5 bytes)
Event: 12.311 Thread 0x0000023a277fe890 nmethod 3879 0x0000023a15f6aa10 code [0x0000023a15f6aba0, 0x0000023a15f6ac78]

GC Heap History (20 events):
Event: 9.134 GC heap before
{Heap before GC invocations=19 (full 0):
 garbage-first heap   total 194560K, used 153162K [0x0000000743800000, 0x0000000800000000)
  region size 2048K, 52 young (106496K), 3 survivors (6144K)
 Metaspace       used 18710K, committed 19072K, reserved 1114112K
  class space    used 2044K, committed 2240K, reserved 1048576K
}
Event: 9.138 GC heap after
{Heap after GC invocations=20 (full 0):
 garbage-first heap   total 233472K, used 54940K [0x0000000743800000, 0x0000000800000000)
  region size 2048K, 3 young (6144K), 3 survivors (6144K)
 Metaspace       used 18710K, committed 19072K, reserved 1114112K
  class space    used 2044K, committed 2240K, reserved 1048576K
}
Event: 9.443 GC heap before
{Heap before GC invocations=20 (full 0):
 garbage-first heap   total 233472K, used 186012K [0x0000000743800000, 0x0000000800000000)
  region size 2048K, 68 young (139264K), 3 survivors (6144K)
 Metaspace       used 18849K, committed 19200K, reserved 1114112K
  class space    used 2046K, committed 2240K, reserved 1048576K
}
Event: 9.445 GC heap after
{Heap after GC invocations=21 (full 0):
 garbage-first heap   total 233472K, used 55050K [0x0000000743800000, 0x0000000800000000)
  region size 2048K, 3 young (6144K), 3 survivors (6144K)
 Metaspace       used 18849K, committed 19200K, reserved 1114112K
  class space    used 2046K, committed 2240K, reserved 1048576K
}
Event: 9.772 GC heap before
{Heap before GC invocations=21 (full 0):
 garbage-first heap   total 233472K, used 186122K [0x0000000743800000, 0x0000000800000000)
  region size 2048K, 68 young (139264K), 3 survivors (6144K)
 Metaspace       used 18882K, committed 19200K, reserved 1114112K
  class space    used 2046K, committed 2240K, reserved 1048576K
}
Event: 9.774 GC heap after
{Heap after GC invocations=22 (full 0):
 garbage-first heap   total 233472K, used 55164K [0x0000000743800000, 0x0000000800000000)
  region size 2048K, 3 young (6144K), 3 survivors (6144K)
 Metaspace       used 18882K, committed 19200K, reserved 1114112K
  class space    used 2046K, committed 2240K, reserved 1048576K
}
Event: 10.103 GC heap before
{Heap before GC invocations=22 (full 0):
 garbage-first heap   total 233472K, used 186236K [0x0000000743800000, 0x0000000800000000)
  region size 2048K, 68 young (139264K), 3 survivors (6144K)
 Metaspace       used 18957K, committed 19264K, reserved 1114112K
  class space    used 2049K, committed 2240K, reserved 1048576K
}
Event: 10.104 GC heap after
{Heap after GC invocations=23 (full 0):
 garbage-first heap   total 233472K, used 55207K [0x0000000743800000, 0x0000000800000000)
  region size 2048K, 3 young (6144K), 3 survivors (6144K)
 Metaspace       used 18957K, committed 19264K, reserved 1114112K
  class space    used 2049K, committed 2240K, reserved 1048576K
}
Event: 10.427 GC heap before
{Heap before GC invocations=23 (full 0):
 garbage-first heap   total 233472K, used 186279K [0x0000000743800000, 0x0000000800000000)
  region size 2048K, 68 young (139264K), 3 survivors (6144K)
 Metaspace       used 18958K, committed 19264K, reserved 1114112K
  class space    used 2049K, committed 2240K, reserved 1048576K
}
Event: 10.428 GC heap after
{Heap after GC invocations=24 (full 0):
 garbage-first heap   total 233472K, used 55167K [0x0000000743800000, 0x0000000800000000)
  region size 2048K, 3 young (6144K), 3 survivors (6144K)
 Metaspace       used 18958K, committed 19264K, reserved 1114112K
  class space    used 2049K, committed 2240K, reserved 1048576K
}
Event: 10.750 GC heap before
{Heap before GC invocations=24 (full 0):
 garbage-first heap   total 233472K, used 186239K [0x0000000743800000, 0x0000000800000000)
  region size 2048K, 68 young (139264K), 3 survivors (6144K)
 Metaspace       used 19003K, committed 19392K, reserved 1114112K
  class space    used 2049K, committed 2240K, reserved 1048576K
}
Event: 10.751 GC heap after
{Heap after GC invocations=25 (full 0):
 garbage-first heap   total 233472K, used 53158K [0x0000000743800000, 0x0000000800000000)
  region size 2048K, 2 young (4096K), 2 survivors (4096K)
 Metaspace       used 19003K, committed 19392K, reserved 1114112K
  class space    used 2049K, committed 2240K, reserved 1048576K
}
Event: 11.095 GC heap before
{Heap before GC invocations=25 (full 0):
 garbage-first heap   total 233472K, used 186278K [0x0000000743800000, 0x0000000800000000)
  region size 2048K, 68 young (139264K), 2 survivors (4096K)
 Metaspace       used 19128K, committed 19456K, reserved 1114112K
  class space    used 2057K, committed 2240K, reserved 1048576K
}
Event: 11.096 GC heap after
{Heap after GC invocations=26 (full 0):
 garbage-first heap   total 233472K, used 52036K [0x0000000743800000, 0x0000000800000000)
  region size 2048K, 1 young (2048K), 1 survivors (2048K)
 Metaspace       used 19128K, committed 19456K, reserved 1114112K
  class space    used 2057K, committed 2240K, reserved 1048576K
}
Event: 11.420 GC heap before
{Heap before GC invocations=26 (full 0):
 garbage-first heap   total 233472K, used 187204K [0x0000000743800000, 0x0000000800000000)
  region size 2048K, 68 young (139264K), 1 survivors (2048K)
 Metaspace       used 19133K, committed 19456K, reserved 1114112K
  class space    used 2057K, committed 2240K, reserved 1048576K
}
Event: 11.421 GC heap after
{Heap after GC invocations=27 (full 0):
 garbage-first heap   total 233472K, used 53954K [0x0000000743800000, 0x0000000800000000)
  region size 2048K, 2 young (4096K), 2 survivors (4096K)
 Metaspace       used 19133K, committed 19456K, reserved 1114112K
  class space    used 2057K, committed 2240K, reserved 1048576K
}
Event: 11.774 GC heap before
{Heap before GC invocations=27 (full 0):
 garbage-first heap   total 233472K, used 187074K [0x0000000743800000, 0x0000000800000000)
  region size 2048K, 68 young (139264K), 2 survivors (4096K)
 Metaspace       used 19137K, committed 19456K, reserved 1114112K
  class space    used 2057K, committed 2240K, reserved 1048576K
}
Event: 11.775 GC heap after
{Heap after GC invocations=28 (full 0):
 garbage-first heap   total 233472K, used 51143K [0x0000000743800000, 0x0000000800000000)
  region size 2048K, 1 young (2048K), 1 survivors (2048K)
 Metaspace       used 19137K, committed 19456K, reserved 1114112K
  class space    used 2057K, committed 2240K, reserved 1048576K
}
Event: 12.109 GC heap before
{Heap before GC invocations=28 (full 0):
 garbage-first heap   total 233472K, used 186311K [0x0000000743800000, 0x0000000800000000)
  region size 2048K, 68 young (139264K), 1 survivors (2048K)
 Metaspace       used 19138K, committed 19456K, reserved 1114112K
  class space    used 2057K, committed 2240K, reserved 1048576K
}
Event: 12.110 GC heap after
{Heap after GC invocations=29 (full 0):
 garbage-first heap   total 233472K, used 53881K [0x0000000743800000, 0x0000000800000000)
  region size 2048K, 2 young (4096K), 2 survivors (4096K)
 Metaspace       used 19138K, committed 19456K, reserved 1114112K
  class space    used 2057K, committed 2240K, reserved 1048576K
}

Dll operation events (13 events):
Event: 0.006 Loaded shared library E:\jdk_new\jdk-17.0.8.7-hotspot\bin\java.dll
Event: 0.024 Loaded shared library E:\jdk_new\jdk-17.0.8.7-hotspot\bin\jsvml.dll
Event: 0.102 Loaded shared library E:\jdk_new\jdk-17.0.8.7-hotspot\bin\jimage.dll
Event: 0.106 Loaded shared library E:\jdk_new\jdk-17.0.8.7-hotspot\bin\net.dll
Event: 0.107 Loaded shared library E:\jdk_new\jdk-17.0.8.7-hotspot\bin\nio.dll
Event: 0.110 Loaded shared library E:\jdk_new\jdk-17.0.8.7-hotspot\bin\zip.dll
Event: 0.176 Loaded shared library E:\jdk_new\jdk-17.0.8.7-hotspot\bin\awt.dll
Event: 1.042 Loaded shared library E:\jdk_new\jdk-17.0.8.7-hotspot\bin\freetype.dll
Event: 1.044 Loaded shared library E:\jdk_new\jdk-17.0.8.7-hotspot\bin\fontmanager.dll
Event: 2.400 Loaded shared library E:\jdk_new\jdk-17.0.8.7-hotspot\bin\rmi.dll
Event: 2.838 Loaded shared library E:\Desktop\PhanTan\posshop_3\posshop\posshop_client\lib\opencv\x64\opencv_java341.dll
Event: 3.452 Loaded shared library E:\jdk_new\jdk-17.0.8.7-hotspot\bin\javajpeg.dll
Event: 4.723 Loaded shared library E:\jdk_new\jdk-17.0.8.7-hotspot\bin\verify.dll

Deoptimization events (20 events):
Event: 9.340 Thread 0x0000023a277f3640 Uncommon trap: trap_request=0xffffffc6 fr.pc=0x0000023a15eb7004 relative=0x00000000000019e4
Event: 9.340 Thread 0x0000023a277f3640 Uncommon trap: reason=bimorphic_or_optimized_type_check action=maybe_recompile pc=0x0000023a15eb7004 method=java.util.Hashtable.put(Ljava/lang/Object;Ljava/lang/Object;)Ljava/lang/Object; @ 60 c2
Event: 9.340 Thread 0x0000023a277f3640 DEOPT PACKING pc=0x0000023a15eb7004 sp=0x0000009a6cffc6e0
Event: 9.340 Thread 0x0000023a277f3640 DEOPT UNPACKING pc=0x0000023a158569a3 sp=0x0000009a6cffc698 mode 2
Event: 9.855 Thread 0x0000023a277f3640 Uncommon trap: trap_request=0xffffff45 fr.pc=0x0000023a15ed092c relative=0x000000000000150c
Event: 9.855 Thread 0x0000023a277f3640 Uncommon trap: reason=unstable_if action=reinterpret pc=0x0000023a15ed092c method=java.beans.ChangeListenerMap.get(Ljava/lang/String;)[Ljava/util/EventListener; @ 4 c2
Event: 9.855 Thread 0x0000023a277f3640 DEOPT PACKING pc=0x0000023a15ed092c sp=0x0000009a6cffe290
Event: 9.855 Thread 0x0000023a277f3640 DEOPT UNPACKING pc=0x0000023a158569a3 sp=0x0000009a6cffe0f8 mode 2
Event: 9.874 Thread 0x0000023a277f3640 Uncommon trap: trap_request=0xffffff45 fr.pc=0x0000023a15edde8c relative=0x00000000000023cc
Event: 9.874 Thread 0x0000023a277f3640 Uncommon trap: reason=unstable_if action=reinterpret pc=0x0000023a15edde8c method=sun.font.FontDesignMetrics$MetricsKey.equals(Ljava/lang/Object;)Z @ 23 c2
Event: 9.874 Thread 0x0000023a277f3640 DEOPT PACKING pc=0x0000023a15edde8c sp=0x0000009a6cffcea0
Event: 9.874 Thread 0x0000023a277f3640 DEOPT UNPACKING pc=0x0000023a158569a3 sp=0x0000009a6cffcd40 mode 2
Event: 10.486 Thread 0x0000023a277f3130 Uncommon trap: trap_request=0xffffff45 fr.pc=0x0000023a15f42620 relative=0x00000000000001a0
Event: 10.486 Thread 0x0000023a277f3130 Uncommon trap: reason=unstable_if action=reinterpret pc=0x0000023a15f42620 method=java.util.concurrent.locks.ReentrantLock$Sync.lock()V @ 4 c2
Event: 10.486 Thread 0x0000023a277f3130 DEOPT PACKING pc=0x0000023a15f42620 sp=0x0000009a6cefe1d0
Event: 10.486 Thread 0x0000023a277f3130 DEOPT UNPACKING pc=0x0000023a158569a3 sp=0x0000009a6cefe118 mode 2
Event: 11.174 Thread 0x0000023a277f3640 Uncommon trap: trap_request=0xffffff45 fr.pc=0x0000023a15f63524 relative=0x0000000000000a04
Event: 11.174 Thread 0x0000023a277f3640 Uncommon trap: reason=unstable_if action=reinterpret pc=0x0000023a15f63524 method=java.awt.Container.findComponentAtImpl(IIZ)Ljava/awt/Component; @ 24 c2
Event: 11.174 Thread 0x0000023a277f3640 DEOPT PACKING pc=0x0000023a15f63524 sp=0x0000009a6cffecc0
Event: 11.174 Thread 0x0000023a277f3640 DEOPT UNPACKING pc=0x0000023a158569a3 sp=0x0000009a6cffec70 mode 2

Classes unloaded (0 events):
No events

Classes redefined (0 events):
No events

Internal exceptions (20 events):
Event: 0.418 Thread 0x0000023a277f3640 Exception <a 'java/lang/NoSuchMethodError'{0x000000074ed75e50}: 'java.lang.Object java.lang.invoke.DirectMethodHandle$Holder.invokeStaticInit(java.lang.Object, java.lang.Object, int, int, int, int)'> (0x000000074ed75e50) 
thrown [s\src\hotspot\share\interpreter\linkResolver.cpp, line 759]
Event: 0.560 Thread 0x0000023a277f3640 Implicit null exception at 0x0000023a15ddb6a6 to 0x0000023a15ddb9a4
Event: 0.573 Thread 0x0000023a277f3640 Implicit null exception at 0x0000023a15dd9b8c to 0x0000023a15dd9e70
Event: 0.875 Thread 0x0000023a277f4570 Implicit null exception at 0x0000023a15dd5ed2 to 0x0000023a15dd64d0
Event: 0.928 Thread 0x0000023a277f4570 Exception <a 'java/lang/NoSuchMethodError'{0x000000074e37d748}: 'java.lang.Object java.lang.invoke.DirectMethodHandle$Holder.newInvokeSpecial(java.lang.Object, java.lang.Object, java.lang.Object, int, int, int, int, int)'> (0x000000074e37d748) 
thrown [s\src\hotspot\share\interpreter\linkResolver.cpp, line 759]
Event: 1.142 Thread 0x0000023a277f3130 Exception <a 'java/lang/NoSuchMethodError'{0x000000074f1f1a58}: 'void java.lang.invoke.DirectMethodHandle$Holder.invokeVirtual(java.lang.Object, java.lang.Object)'> (0x000000074f1f1a58) 
thrown [s\src\hotspot\share\interpreter\linkResolver.cpp, line 759]
Event: 1.168 Thread 0x0000023a277f3640 Exception <a 'java/lang/NoSuchMethodError'{0x000000074e1a3c28}: 'void java.lang.invoke.DirectMethodHandle$Holder.invokeStaticInit(java.lang.Object)'> (0x000000074e1a3c28) 
thrown [s\src\hotspot\share\interpreter\linkResolver.cpp, line 759]
Event: 2.310 Thread 0x0000023a277f3640 Exception <a 'java/lang/NoSuchMethodError'{0x000000074f4666b8}: 'void java.lang.invoke.DirectMethodHandle$Holder.invokeStatic(java.lang.Object, java.lang.Object)'> (0x000000074f4666b8) 
thrown [s\src\hotspot\share\interpreter\linkResolver.cpp, line 759]
Event: 2.396 Thread 0x0000023a277f3640 Exception <a 'java/lang/NoSuchMethodError'{0x000000074f20a090}: 'java.lang.Object java.lang.invoke.Invokers$Holder.linkToTargetMethod(java.lang.Object, int, java.lang.Object, java.lang.Object, java.lang.Object)'> (0x000000074f20a090) 
thrown [s\src\hotspot\share\interpreter\linkResolver.cpp, line 759]
Event: 2.404 Thread 0x0000023a277f3640 Exception <a 'java/lang/NoSuchMethodError'{0x000000074f2168f0}: static [Ljava/rmi/server/ObjID;.<clinit>()V> (0x000000074f2168f0) 
thrown [s\src\hotspot\share\prims\jni.cpp, line 1107]
Event: 2.408 Thread 0x0000023a277f3640 Exception <a 'java/lang/NoSuchMethodError'{0x000000074f236160}: static [B.<clinit>()V> (0x000000074f236160) 
thrown [s\src\hotspot\share\prims\jni.cpp, line 1107]
Event: 2.419 Thread 0x0000023a6d78d060 Exception <a 'java/lang/InterruptedException'{0x000000074f28fde8}> (0x000000074f28fde8) 
thrown [s\src\hotspot\share\runtime\objectMonitor.cpp, line 1658]
Event: 2.419 Thread 0x0000023a6d78d060 Exception <a 'java/lang/NoSuchMethodError'{0x000000074f291248}: 'java.lang.Object java.lang.invoke.DirectMethodHandle$Holder.invokeSpecial(java.lang.Object, java.lang.Object, int, java.lang.Object, long)'> (0x000000074f291248) 
thrown [s\src\hotspot\share\interpreter\linkResolver.cpp, line 759]
Event: 2.420 Thread 0x0000023a6d78d060 Exception <a 'java/lang/NoSuchMethodError'{0x000000074f298918}: 'java.lang.Object java.lang.invoke.DirectMethodHandle$Holder.newInvokeSpecial(java.lang.Object, java.lang.Object, int, java.lang.Object, long)'> (0x000000074f298918) 
thrown [s\src\hotspot\share\interpreter\linkResolver.cpp, line 759]
Event: 2.778 Thread 0x0000023a277f3640 Exception <a 'java/lang/NoSuchMethodError'{0x000000074f08f8a8}: 'java.lang.Object java.lang.invoke.DirectMethodHandle$Holder.invokeStatic(java.lang.Object, java.lang.Object, int)'> (0x000000074f08f8a8) 
thrown [s\src\hotspot\share\interpreter\linkResolver.cpp, line 759]
Event: 2.782 Thread 0x0000023a277f3640 Exception <a 'java/lang/NoSuchMethodError'{0x000000074f09b2e8}: 'void java.lang.invoke.DelegatingMethodHandle$Holder.delegate(java.lang.Object, java.lang.Object, int, java.lang.Object)'> (0x000000074f09b2e8) 
thrown [s\src\hotspot\share\interpreter\linkResolver.cpp, line 759]
Event: 2.783 Thread 0x0000023a277f3640 Exception <a 'java/lang/NoSuchMethodError'{0x000000074f09f950}: 'int java.lang.invoke.DirectMethodHandle$Holder.invokeSpecial(java.lang.Object, java.lang.Object, java.lang.Object)'> (0x000000074f09f950) 
thrown [s\src\hotspot\share\interpreter\linkResolver.cpp, line 759]
Event: 2.788 Thread 0x0000023a277f3640 Exception <a 'java/lang/NoSuchMethodError'{0x000000074f0c0f40}: static Ljava/lang/Object;.<clinit>()V> (0x000000074f0c0f40) 
thrown [s\src\hotspot\share\prims\jni.cpp, line 1107]
Event: 2.839 Thread 0x0000023a277f3640 Exception <a 'java/lang/NoSuchMethodError'{0x000000074f18f720}: 'void java.lang.invoke.DirectMethodHandle$Holder.invokeStatic(java.lang.Object, java.lang.Object, java.lang.Object)'> (0x000000074f18f720) 
thrown [s\src\hotspot\share\interpreter\linkResolver.cpp, line 759]
Event: 9.855 Thread 0x0000023a277f3640 Implicit null exception at 0x0000023a15ecf80b to 0x0000023a15ed0908

VM Operations (20 events):
Event: 9.774 Executing VM operation: G1CollectForAllocation done
Event: 9.916 Executing VM operation: HandshakeAllThreads
Event: 9.916 Executing VM operation: HandshakeAllThreads done
Event: 10.103 Executing VM operation: G1CollectForAllocation
Event: 10.104 Executing VM operation: G1CollectForAllocation done
Event: 10.427 Executing VM operation: G1CollectForAllocation
Event: 10.428 Executing VM operation: G1CollectForAllocation done
Event: 10.750 Executing VM operation: G1CollectForAllocation
Event: 10.751 Executing VM operation: G1CollectForAllocation done
Event: 11.095 Executing VM operation: G1CollectForAllocation
Event: 11.096 Executing VM operation: G1CollectForAllocation done
Event: 11.174 Executing VM operation: HandshakeAllThreads
Event: 11.174 Executing VM operation: HandshakeAllThreads done
Event: 11.420 Executing VM operation: G1CollectForAllocation
Event: 11.421 Executing VM operation: G1CollectForAllocation done
Event: 11.774 Executing VM operation: G1CollectForAllocation
Event: 11.775 Executing VM operation: G1CollectForAllocation done
Event: 12.108 Executing VM operation: G1CollectForAllocation
Event: 12.110 Executing VM operation: G1CollectForAllocation done
Event: 12.412 Executing VM operation: Exit

Events (20 events):
Event: 9.915 loading class sun/swing/ImageIconUIResource done
Event: 9.940 loading class sun/font/CMap$CMapFormat12
Event: 9.944 loading class sun/font/CMap$CMapFormat12 done
Event: 10.002 Thread 0x0000023a6f74bcb0 Thread added: 0x0000023a6f74bcb0
Event: 10.455 Thread 0x0000023a6f74bcb0 Thread exited: 0x0000023a6f74bcb0
Event: 10.927 loading class javax/swing/ButtonGroup
Event: 10.927 loading class javax/swing/ButtonGroup done
Event: 12.310 Thread 0x0000023a6d792670 Thread added: 0x0000023a6d792670
Event: 12.310 Thread 0x0000023a6d790810 Thread added: 0x0000023a6d790810
Event: 12.311 Thread 0x0000023a6d791230 Thread added: 0x0000023a6d791230
Event: 12.311 Thread 0x0000023a6d791740 Thread added: 0x0000023a6d791740
Event: 12.311 loading class java/util/WeakHashMap$KeyIterator
Event: 12.311 loading class java/util/WeakHashMap$HashIterator
Event: 12.311 Thread 0x0000023a6d791740 Thread exited: 0x0000023a6d791740
Event: 12.311 loading class java/util/WeakHashMap$HashIterator done
Event: 12.311 loading class java/util/WeakHashMap$KeyIterator done
Event: 12.311 Thread 0x0000023a6d792670 Thread exited: 0x0000023a6d792670
Event: 12.311 Thread 0x0000023a6d790810 Thread exited: 0x0000023a6d790810
Event: 12.349 Thread 0x0000023a277f3130 Thread exited: 0x0000023a277f3130
Event: 12.412 Thread 0x0000023a6d791230 Thread exited: 0x0000023a6d791230


Dynamic libraries:
0x00007ff7a2040000 - 0x00007ff7a204e000 	E:\jdk_new\jdk-17.0.8.7-hotspot\bin\javaw.exe
0x00007ffce1b90000 - 0x00007ffce1d88000 	C:\WINDOWS\SYSTEM32\ntdll.dll
0x00007ffce16c0000 - 0x00007ffce177d000 	C:\WINDOWS\System32\KERNEL32.DLL
0x00007ffcdf6f0000 - 0x00007ffcdf9e6000 	C:\WINDOWS\System32\KERNELBASE.dll
0x00007ffcdfa20000 - 0x00007ffcdfb20000 	C:\WINDOWS\System32\ucrtbase.dll
0x00007ffccab10000 - 0x00007ffccab27000 	E:\jdk_new\jdk-17.0.8.7-hotspot\bin\jli.dll
0x00007ffcd4c60000 - 0x00007ffcd4c79000 	E:\jdk_new\jdk-17.0.8.7-hotspot\bin\VCRUNTIME140.dll
0x00007ffce0390000 - 0x00007ffce052f000 	C:\WINDOWS\System32\USER32.dll
0x00007ffcc6be0000 - 0x00007ffcc6e7a000 	C:\WINDOWS\WinSxS\amd64_microsoft.windows.common-controls_6595b64144ccf1df_6.0.19041.3636_none_60b6a03d71f818d5\COMCTL32.dll
0x00007ffcdf240000 - 0x00007ffcdf262000 	C:\WINDOWS\System32\win32u.dll
0x00007ffce05d0000 - 0x00007ffce066e000 	C:\WINDOWS\System32\msvcrt.dll
0x00007ffce0530000 - 0x00007ffce055b000 	C:\WINDOWS\System32\GDI32.dll
0x00007ffcdf520000 - 0x00007ffcdf637000 	C:\WINDOWS\System32\gdi32full.dll
0x00007ffcdfb20000 - 0x00007ffcdfbbd000 	C:\WINDOWS\System32\msvcp_win.dll
0x00007ffce0690000 - 0x00007ffce06c2000 	C:\WINDOWS\System32\IMM32.DLL
0x00007ffcd5b40000 - 0x00007ffcd5b4c000 	E:\jdk_new\jdk-17.0.8.7-hotspot\bin\vcruntime140_1.dll
0x00007ffcd48d0000 - 0x00007ffcd4961000 	E:\jdk_new\jdk-17.0.8.7-hotspot\bin\msvcp140.dll
0x00007ffc5a680000 - 0x00007ffc5b2cc000 	E:\jdk_new\jdk-17.0.8.7-hotspot\bin\server\jvm.dll
0x00007ffce1580000 - 0x00007ffce1630000 	C:\WINDOWS\System32\ADVAPI32.dll
0x00007ffce0750000 - 0x00007ffce07f0000 	C:\WINDOWS\System32\sechost.dll
0x00007ffce07f0000 - 0x00007ffce0913000 	C:\WINDOWS\System32\RPCRT4.dll
0x00007ffcdf9f0000 - 0x00007ffcdfa17000 	C:\WINDOWS\System32\bcrypt.dll
0x00007ffcd3880000 - 0x00007ffcd3889000 	C:\WINDOWS\SYSTEM32\WSOCK32.dll
0x00007ffcde780000 - 0x00007ffcde7cb000 	C:\WINDOWS\SYSTEM32\POWRPROF.dll
0x00007ffce06d0000 - 0x00007ffce073b000 	C:\WINDOWS\System32\WS2_32.dll
0x00007ffcd1df0000 - 0x00007ffcd1dfa000 	C:\WINDOWS\SYSTEM32\VERSION.dll
0x00007ffcd8aa0000 - 0x00007ffcd8ac7000 	C:\WINDOWS\SYSTEM32\WINMM.dll
0x00007ffcde640000 - 0x00007ffcde652000 	C:\WINDOWS\SYSTEM32\UMPDC.dll
0x00007ffcdddd0000 - 0x00007ffcddde2000 	C:\WINDOWS\SYSTEM32\kernel.appcore.dll
0x00007ffcd5b70000 - 0x00007ffcd5b7a000 	E:\jdk_new\jdk-17.0.8.7-hotspot\bin\jimage.dll
0x00007ffcdd6f0000 - 0x00007ffcdd8d4000 	C:\WINDOWS\SYSTEM32\DBGHELP.DLL
0x00007ffccb4b0000 - 0x00007ffccb4e4000 	C:\WINDOWS\SYSTEM32\dbgcore.DLL
0x00007ffcdf2c0000 - 0x00007ffcdf342000 	C:\WINDOWS\System32\bcryptPrimitives.dll
0x00007ffcaeb30000 - 0x00007ffcaeb55000 	E:\jdk_new\jdk-17.0.8.7-hotspot\bin\java.dll
0x00007ffc98870000 - 0x00007ffc98946000 	E:\jdk_new\jdk-17.0.8.7-hotspot\bin\jsvml.dll
0x00007ffcdfc20000 - 0x00007ffce038b000 	C:\WINDOWS\System32\SHELL32.dll
0x00007ffcdcdf0000 - 0x00007ffcdd58e000 	C:\WINDOWS\SYSTEM32\windows.storage.dll
0x00007ffce0df0000 - 0x00007ffce1143000 	C:\WINDOWS\System32\combase.dll
0x00007ffcdec70000 - 0x00007ffcdec9e000 	C:\WINDOWS\SYSTEM32\Wldp.dll
0x00007ffce1960000 - 0x00007ffce1a2d000 	C:\WINDOWS\System32\OLEAUT32.dll
0x00007ffce1aa0000 - 0x00007ffce1b4d000 	C:\WINDOWS\System32\SHCORE.dll
0x00007ffce1a30000 - 0x00007ffce1a85000 	C:\WINDOWS\System32\shlwapi.dll
0x00007ffcdf170000 - 0x00007ffcdf193000 	C:\WINDOWS\SYSTEM32\profapi.dll
0x00007ffca14c0000 - 0x00007ffca14d9000 	E:\jdk_new\jdk-17.0.8.7-hotspot\bin\net.dll
0x00007ffcd8650000 - 0x00007ffcd875a000 	C:\WINDOWS\SYSTEM32\WINHTTP.dll
0x00007ffcde9d0000 - 0x00007ffcdea3a000 	C:\WINDOWS\system32\mswsock.dll
0x00007ffca0830000 - 0x00007ffca0845000 	E:\jdk_new\jdk-17.0.8.7-hotspot\bin\nio.dll
0x00007ffcacae0000 - 0x00007ffcacaf8000 	E:\jdk_new\jdk-17.0.8.7-hotspot\bin\zip.dll
0x00007ffca06a0000 - 0x00007ffca082e000 	E:\jdk_new\jdk-17.0.8.7-hotspot\bin\awt.dll
0x00007ffcd7f60000 - 0x00007ffcd7ff0000 	C:\WINDOWS\SYSTEM32\apphelp.dll
0x00007ffcd8050000 - 0x00007ffcd80ee000 	C:\WINDOWS\system32\uxtheme.dll
0x00007ffce1460000 - 0x00007ffce1575000 	C:\WINDOWS\System32\MSCTF.dll
0x00007ffce1830000 - 0x00007ffce195b000 	C:\WINDOWS\System32\ole32.dll
0x00007ffcdc800000 - 0x00007ffcdc82f000 	C:\WINDOWS\system32\DWMAPI.DLL
0x00007ffcbd900000 - 0x00007ffcbda25000 	C:\WINDOWS\system32\opengl32.dll
0x00007ffcbeb60000 - 0x00007ffcbeb8c000 	C:\WINDOWS\SYSTEM32\GLU32.dll
0x00007ffcdebc0000 - 0x00007ffcdebd8000 	C:\WINDOWS\SYSTEM32\CRYPTSP.dll
0x00007ffcde280000 - 0x00007ffcde2b4000 	C:\WINDOWS\system32\rsaenh.dll
0x00007ffcdf0f0000 - 0x00007ffcdf11e000 	C:\WINDOWS\SYSTEM32\USERENV.dll
0x00007ffcdebe0000 - 0x00007ffcdebec000 	C:\WINDOWS\SYSTEM32\CRYPTBASE.dll
0x00007ffcde660000 - 0x00007ffcde69b000 	C:\WINDOWS\SYSTEM32\IPHLPAPI.DLL
0x00007ffce1a90000 - 0x00007ffce1a98000 	C:\WINDOWS\System32\NSI.dll
0x00007ffcd2a80000 - 0x00007ffcd2a97000 	C:\WINDOWS\SYSTEM32\dhcpcsvc6.DLL
0x00007ffcd2a60000 - 0x00007ffcd2a7d000 	C:\WINDOWS\SYSTEM32\dhcpcsvc.DLL
0x00007ffcde6a0000 - 0x00007ffcde76b000 	C:\WINDOWS\SYSTEM32\DNSAPI.dll
0x00007ffcae100000 - 0x00007ffcae117000 	C:\WINDOWS\system32\napinsp.dll
0x00007ffcb0700000 - 0x00007ffcb071b000 	C:\WINDOWS\system32\pnrpnsp.dll
0x00007ffcd5c00000 - 0x00007ffcd5c15000 	C:\WINDOWS\system32\wshbth.dll
0x00007ffcd6120000 - 0x00007ffcd613d000 	C:\WINDOWS\system32\NLAapi.dll
0x00007ffcb06e0000 - 0x00007ffcb06f2000 	C:\WINDOWS\System32\winrnr.dll
0x00000000614e0000 - 0x0000000061506000 	C:\Program Files\Bonjour\mdnsNSP.dll
0x00007ffcd2b00000 - 0x00007ffcd2b0a000 	C:\Windows\System32\rasadhlp.dll
0x00007ffcd07d0000 - 0x00007ffcd0850000 	C:\WINDOWS\System32\fwpuclnt.dll
0x00007ffcd31a0000 - 0x00007ffcd3226000 	E:\jdk_new\jdk-17.0.8.7-hotspot\bin\freetype.dll
0x00007ffccab40000 - 0x00007ffccac13000 	E:\jdk_new\jdk-17.0.8.7-hotspot\bin\fontmanager.dll
0x00007ffce1780000 - 0x00007ffce1829000 	C:\WINDOWS\System32\clbcatq.dll
0x00007ffcd3cf0000 - 0x00007ffcd3ea4000 	C:\WINDOWS\SYSTEM32\WindowsCodecs.dll
0x00007ffcaeaf0000 - 0x00007ffcaeb2e000 	C:\WINDOWS\system32\dataexchange.dll
0x00007ffcd7460000 - 0x00007ffcd7645000 	C:\WINDOWS\system32\dcomp.dll
0x00007ffcd71f0000 - 0x00007ffcd7453000 	C:\WINDOWS\system32\d3d11.dll
0x00007ffcddab0000 - 0x00007ffcddba3000 	C:\WINDOWS\system32\dxgi.dll
0x00007ffcd8430000 - 0x00007ffcd8633000 	C:\WINDOWS\system32\twinapi.appcore.dll
0x00007ffcbe890000 - 0x00007ffcbe989000 	C:\WINDOWS\SYSTEM32\textinputframework.dll
0x00007ffcd7650000 - 0x00007ffcd79ab000 	C:\WINDOWS\System32\CoreUIComponents.dll
0x00007ffcd7d30000 - 0x00007ffcd7e22000 	C:\WINDOWS\System32\CoreMessaging.dll
0x00007ffcde3a0000 - 0x00007ffcde3d3000 	C:\WINDOWS\SYSTEM32\ntmarta.dll
0x00007ffcd8cd0000 - 0x00007ffcd8e27000 	C:\WINDOWS\SYSTEM32\wintypes.dll
0x0000000180000000 - 0x0000000180054000 	C:\Program Files\UniKey\UKHook40.dll
0x00007ffcd4ca0000 - 0x00007ffcd4ca7000 	E:\jdk_new\jdk-17.0.8.7-hotspot\bin\rmi.dll
0x00007ffc3c620000 - 0x00007ffc3f2f2000 	E:\Desktop\PhanTan\posshop_3\posshop\posshop_client\lib\opencv\x64\opencv_java341.dll
0x00007ffcd4890000 - 0x00007ffcd48a9000 	C:\WINDOWS\SYSTEM32\AVICAP32.dll
0x00007ffcd46e0000 - 0x00007ffcd470b000 	C:\WINDOWS\SYSTEM32\MSVFW32.dll
0x00007ffcd47d0000 - 0x00007ffcd47f1000 	C:\WINDOWS\SYSTEM32\AVIFIL32.dll
0x00007ffcc8f20000 - 0x00007ffcc8f3e000 	C:\WINDOWS\SYSTEM32\MSACM32.dll
0x00007ffcb3a00000 - 0x00007ffcb3a26000 	C:\WINDOWS\SYSTEM32\winmmbase.dll
0x00007ffcaeb90000 - 0x00007ffcaebad000 	C:\Windows\System32\devenum.dll
0x00007ffcdf270000 - 0x00007ffcdf2be000 	C:\WINDOWS\System32\CFGMGR32.dll
0x00007ffce0920000 - 0x00007ffce0d8e000 	C:\WINDOWS\System32\setupapi.dll
0x00007ffcdefd0000 - 0x00007ffcdf003000 	C:\WINDOWS\SYSTEM32\DEVOBJ.dll
0x00007ffcdf350000 - 0x00007ffcdf3b7000 	C:\WINDOWS\System32\WINTRUST.dll
0x00007ffcdf3c0000 - 0x00007ffcdf51e000 	C:\WINDOWS\System32\CRYPT32.dll
0x00007ffcdee00000 - 0x00007ffcdee12000 	C:\WINDOWS\SYSTEM32\MSASN1.dll
0x00007ffc98f00000 - 0x00007ffc98f50000 	C:\Windows\System32\ksproxy.ax
0x00007ffc6c750000 - 0x00007ffc6c91d000 	C:\Windows\System32\d3d9.dll
0x00007ffcd45f0000 - 0x00007ffcd45f9000 	C:\Windows\System32\ksuser.dll
0x00007ffcd6140000 - 0x00007ffcd61e1000 	C:\WINDOWS\SYSTEM32\policymanager.dll
0x00007ffcde310000 - 0x00007ffcde39a000 	C:\Windows\System32\msvcp110_win.dll
0x00007ffcd6780000 - 0x00007ffcd678b000 	C:\WINDOWS\SYSTEM32\msdmo.dll
0x00007ffcd34b0000 - 0x00007ffcd34e6000 	C:\Windows\System32\qcap.dll
0x00007ffc66850000 - 0x00007ffc66a20000 	C:\Windows\System32\quartz.dll
0x00007ffc6ec60000 - 0x00007ffc6ecad000 	C:\Windows\System32\mfksproxy.dll
0x00007ffcd57f0000 - 0x00007ffcd580d000 	C:\Windows\System32\ATL.DLL
0x00007ffcd3ee0000 - 0x00007ffcd409b000 	C:\Windows\System32\MFPlat.DLL
0x00007ffcd3ad0000 - 0x00007ffcd3b04000 	C:\Windows\System32\RTWorkQ.DLL
0x00007ffc6f5f0000 - 0x00007ffc6f657000 	C:\Windows\System32\MFSENSORGROUP.dll
0x00007ffc55c60000 - 0x00007ffc560ee000 	C:\Windows\System32\MFCORE.dll
0x00007ffc6c510000 - 0x00007ffc6c57c000 	C:\Windows\System32\FrameServerClient.dll
0x00007ffcd4450000 - 0x00007ffcd445a000 	C:\Windows\System32\AVRT.dll
0x00007ffc98760000 - 0x00007ffc9886a000 	C:\Windows\System32\MFReadWrite.dll
0x00007ffcad290000 - 0x00007ffcad338000 	C:\Windows\System32\qedit.dll
0x00007ffce1380000 - 0x00007ffce145a000 	C:\WINDOWS\System32\COMDLG32.dll
0x00007ffcc6e80000 - 0x00007ffcc7027000 	C:\WINDOWS\WinSxS\amd64_microsoft.windows.gdiplus_6595b64144ccf1df_1.1.19041.3996_none_91a79472cc852ba0\gdiplus.dll
0x00007ffcb5900000 - 0x00007ffcb59fb000 	C:\Windows\System32\DDRAW.dll
0x00007ffcca8b0000 - 0x00007ffcca8b9000 	C:\Windows\System32\DCIMAN32.dll
0x00007ffcd0f10000 - 0x00007ffcd0f4b000 	C:\WINDOWS\SYSTEM32\dxcore.dll
0x00007ffcd3480000 - 0x00007ffcd34ad000 	E:\jdk_new\jdk-17.0.8.7-hotspot\bin\javajpeg.dll
0x00007ffcd4970000 - 0x00007ffcd4980000 	E:\jdk_new\jdk-17.0.8.7-hotspot\bin\verify.dll

dbghelp: loaded successfully - version: 4.0.5 - missing functions: none
symbol engine: initialized successfully - sym options: 0x614 - pdb path: .;E:\jdk_new\jdk-17.0.8.7-hotspot\bin;C:\WINDOWS\SYSTEM32;C:\WINDOWS\WinSxS\amd64_microsoft.windows.common-controls_6595b64144ccf1df_6.0.19041.3636_none_60b6a03d71f818d5;E:\jdk_new\jdk-17.0.8.7-hotspot\bin\server;C:\Program Files\Bonjour;C:\Program Files\UniKey;E:\Desktop\PhanTan\posshop_3\posshop\posshop_client\lib\opencv\x64;C:\WINDOWS\WinSxS\amd64_microsoft.windows.gdiplus_6595b64144ccf1df_1.1.19041.3996_none_91a79472cc852ba0

VM Arguments:
jvm_args: -Djava.library.path=E:\Desktop\PhanTan\posshop_3\posshop\posshop_client\lib\opencv\x64 -Dfile.encoding=UTF-8 -Dstdout.encoding=UTF-8 -Dstderr.encoding=UTF-8 -XX:+ShowCodeDetailsInExceptionMessages 
java_command: main.Login
java_class_path (initial): E:\Desktop\PhanTan\posshop_3\posshop\posshop_client\target\classes;E:\Desktop\PhanTan\posshop_3\posshop\posshop_client\lib\opencv\opencv-341.jar;E:\Desktop\PhanTan\posshop_3\posshop\posshop_client\lib\libs.jar;E:\Desktop\PhanTan\posshop_3\posshop\posshop_client\lib\itext\commons-logging-1.2.jar;E:\Desktop\PhanTan\posshop_3\posshop\posshop_client\lib\itext\fontbox-2.0.30.jar;E:\Desktop\PhanTan\posshop_3\posshop\posshop_client\lib\itext\itextpdf-5.5.9.jar;E:\Desktop\PhanTan\posshop_3\posshop\posshop_client\lib\itext\pdfbox-2.0.30.jar;E:\Desktop\PhanTan\posshop_3\posshop\posshop_client\lib\itext\xmlworker-5.5.13.3.jar;C:\Users\DELL VOTRO\.m2\repository\jakarta\persistence\jakarta.persistence-api\3.1.0\jakarta.persistence-api-3.1.0.jar;C:\Users\DELL VOTRO\.m2\repository\org\hibernate\orm\hibernate-core\6.4.4.Final\hibernate-core-6.4.4.Final.jar;C:\Users\DELL VOTRO\.m2\repository\jakarta\transaction\jakarta.transaction-api\2.0.1\jakarta.transaction-api-2.0.1.jar;C:\Users\DELL VOTRO\.m2\repository\org\jboss\logging\jboss-logging\3.5.0.Final\jboss-logging-3.5.0.Final.jar;C:\Users\DELL VOTRO\.m2\repository\org\hibernate\common\hibernate-commons-annotations\6.0.6.Final\hibernate-commons-annotations-6.0.6.Final.jar;C:\Users\DELL VOTRO\.m2\repository\io\smallrye\jandex\3.1.2\jandex-3.1.2.jar;C:\Users\DELL VOTRO\.m2\repository\com\fasterxml\classmate\1.5.1\classmate-1.5.1.jar;C:\Users\DELL VOTRO\.m2\repository\net\bytebuddy\byte-buddy\1.14.11\byte-buddy-1.14.11.jar;C:\Users\DELL VOTRO\.m2\repository\jakarta\xml\bind\jakarta.xml.bind-api\4.0.0\jakarta.xml.bind-api-4.0.0.jar;C:\Users\DELL VOTRO\.m2\repository\jakarta\activation\jakarta.activation-api\2.1.0\jakarta.activation-api-2.1.0.jar;C:\Users\DELL VOTRO\.m2\repository\org\glassfish\jaxb\jaxb-runtime\4.0.2\jaxb-runtime-4.0.2.jar;C:\Users\DELL VOTRO\.m2\repository\org\glassfish\jaxb\jaxb-core\4.0.2\jaxb-core-4.0.2.jar;C:\Users\DELL VOTRO\.m2\repository\org\eclipse\angus\angus-activation\2.0.0\angus
Launcher Type: SUN_STANDARD

[Global flags]
     intx CICompilerCount                          = 4                                         {product} {ergonomic}
     uint ConcGCThreads                            = 2                                         {product} {ergonomic}
     uint G1ConcRefinementThreads                  = 8                                         {product} {ergonomic}
   size_t G1HeapRegionSize                         = 2097152                                   {product} {ergonomic}
    uintx GCDrainStackTargetSize                   = 64                                        {product} {ergonomic}
   size_t InitialHeapSize                          = 199229440                                 {product} {ergonomic}
   size_t MarkStackSize                            = 4194304                                   {product} {ergonomic}
   size_t MaxHeapSize                              = 3162505216                                {product} {ergonomic}
   size_t MaxNewSize                               = 1895825408                                {product} {ergonomic}
   size_t MinHeapDeltaBytes                        = 2097152                                   {product} {ergonomic}
   size_t MinHeapSize                              = 8388608                                   {product} {ergonomic}
    uintx NonNMethodCodeHeapSize                   = 5839372                                {pd product} {ergonomic}
    uintx NonProfiledCodeHeapSize                  = 122909434                              {pd product} {ergonomic}
    uintx ProfiledCodeHeapSize                     = 122909434                              {pd product} {ergonomic}
    uintx ReservedCodeCacheSize                    = 251658240                              {pd product} {ergonomic}
     bool SegmentedCodeCache                       = true                                      {product} {ergonomic}
     bool ShowCodeDetailsInExceptionMessages       = true                                   {manageable} {command line}
   size_t SoftMaxHeapSize                          = 3162505216                             {manageable} {ergonomic}
     bool UseCompressedClassPointers               = true                           {product lp64_product} {ergonomic}
     bool UseCompressedOops                        = true                           {product lp64_product} {ergonomic}
     bool UseG1GC                                  = true                                      {product} {ergonomic}
     bool UseLargePagesIndividualAllocation        = false                                  {pd product} {ergonomic}

Logging:
Log output configuration:
 #0: stdout all=off uptime,level,tags
 #1: stderr all=off uptime,level,tags

Environment Variables:
PATH=E:/jdk_new/jdk-17.0.8.7-hotspot/bin/server;E:/jdk_new/jdk-17.0.8.7-hotspot/bin;E:\jdk_new\jdk-17.0.8.7-hotspot\bin;C:\Program Files\Common Files\Oracle\Java\javapath;C:\Program Files (x86)\VMware\VMware Workstation\bin\;C:\WINDOWS\system32;C:\WINDOWS;C:\WINDOWS\System32\Wbem;C:\WINDOWS\System32\WindowsPowerShell\v1.0\;C:\WINDOWS\System32\OpenSSH\;C:\Program Files (x86)\Microsoft SQL Server\150\DTS\Binn\;C:\Program Files\Azure Data Studio\bin;C:\Program Files\NVIDIA Corporation\NVIDIA NvDLISR;C:\Program Files (x86)\NVIDIA Corporation\PhysX\Common;D:\gitttt\Git\cmd;C:\Program Files\Git\cmd;E:\java-jdk\bin;C:\Program Files (x86)\Microsoft SQL Server\160\Tools\Binn\;C:\Program Files\Microsoft SQL Server\160\Tools\Binn\;C:\Program Files\Microsoft SQL Server\Client SDK\ODBC\170\Tools\Binn\;C:\Program Files\Microsoft SQL Server\160\DTS\Binn\;C:\Program Files (x86)\Microsoft SQL Server\160\DTS\Binn\;E:\opencv\opencv\build\java\x64;C:\Program Files\MongoDB\Server\6.0\bin;E:\nodejs\;C:\Users\DELL VOTRO\AppData\Local\Programs\Python\Python311\Scripts\;C:\Users\DELL VOTRO\AppData\Local\Programs\Python\Python311\;C:\Users\DELL VOTRO\AppData\Local\Microsoft\WindowsApps;E:\Microsoft VS Code\bin;C:\Program Files\Azure Data Studio\bin;E:\Lin Minh Huy?n Tho?i\Riot Games;C:\Program Files\MongoDB\Server\6.0\bin;C:\Users\DELL VOTRO\AppData\Local\Programs\mongosh\;C:\Users\DELL VOTRO\AppData\Roaming\npm;;C:\WINDOWS\system32;
USERNAME=DELL VOTRO
OS=Windows_NT
PROCESSOR_IDENTIFIER=Intel64 Family 6 Model 142 Stepping 11, GenuineIntel
TMP=C:\Users\DELLVO~1\AppData\Local\Temp
TEMP=C:\Users\DELLVO~1\AppData\Local\Temp



---------------  S Y S T E M  ---------------

OS:
 Windows 10 , 64 bit Build 19041 (10.0.19041.3636)
OS uptime: 0 days 4:32 hours

CPU: total 8 (initial active 8) (4 cores per cpu, 2 threads per core) family 6 model 142 stepping 11 microcode 0xec, cx8, cmov, fxsr, ht, mmx, 3dnowpref, sse, sse2, sse3, ssse3, sse4.1, sse4.2, popcnt, lzcnt, tsc, tscinvbit, avx, avx2, aes, erms, clmul, bmi1, bmi2, adx, fma, vzeroupper, clflush, clflushopt
Processor Information for all 8 processors :
  Max Mhz: 1800, Current Mhz: 1600, Mhz Limit: 1584

Memory: 4k page, system-wide physical 12056M (2447M free)
TotalPageFile size 20760M (AvailPageFile size 6418M)
current process WorkingSet (physical memory assigned to process): 411M, peak: 411M
current process commit charge ("private bytes"): 383M, peak: 403M

vm_info: OpenJDK 64-Bit Server VM (17.0.8+7) for windows-amd64 JRE (17.0.8+7), built on Jul 18 2023 21:02:32 by "admin" with MS VC++ 16.7 (VS2019)

END.
