#
# A fatal error has been detected by the Java Runtime Environment:
#
#  Internal Error (0xc000000d), pid=1720, tid=14444
#
# JRE version: OpenJDK Runtime Environment Temurin-17.0.8+7 (17.0.8+7) (build 17.0.8+7)
# Java VM: OpenJDK 64-Bit Server VM Temurin-17.0.8+7 (17.0.8+7, mixed mode, sharing, tiered, compressed oops, compressed class ptrs, g1 gc, windows-amd64)
# Problematic frame:
# C  [ntdll.dll+0x112324]
#
# No core dump will be written. Minidumps are not enabled by default on client versions of Windows
#
# If you would like to submit a bug report, please visit:
#   https://github.com/adoptium/adoptium-support/issues
#

---------------  S U M M A R Y ------------

Command Line: -Djava.library.path=E:\Desktop\PhanTan\posshop_3\posshop\posshop_client\lib\opencv\x64 -Dfile.encoding=UTF-8 -Dstdout.encoding=UTF-8 -Dstderr.encoding=UTF-8 -XX:+ShowCodeDetailsInExceptionMessages main.Login

Host: Intel(R) Core(TM) i5-8265U CPU @ 1.60GHz, 8 cores, 11G,  Windows 10 , 64 bit Build 19041 (10.0.19041.3636)
Time: Fri May 10 19:51:36 2024 SE Asia Standard Time elapsed time: 14.139663 seconds (0d 0h 0m 14s)

---------------  T H R E A D  ---------------

Current thread (0x00000234fec6e840):  VMThread "VM Thread" [stack: 0x000000d2e0e00000,0x000000d2e0f00000] [id=14444]

Stack: [0x000000d2e0e00000,0x000000d2e0f00000],  sp=0x000000d2e0efe3b0,  free space=1016k
Native frames: (J=compiled Java code, j=interpreted, Vv=VM code, C=native code)
C  [ntdll.dll+0x112324]
C  [ntdll.dll+0xac74f]
C  [ntdll.dll+0x11d95]
C  [RTWorkQ.DLL+0x6483]


siginfo: EXCEPTION_?? (0xc000000d)


Register to memory mapping:

RIP=0x00007ffce1ca2324 ntdll.dll
RAX=0x00007ffce1b9ee55 ntdll.dll
RBX=0x0 is NULL
RCX=0x00000234dc100000 points into unknown readable memory: 0x0000000000000000 | 00 00 00 00 00 00 00 00
RDX=0x00007ffcdfa31131 ucrtbase.dll
RSP=0x000000d2e0efe3b0 points into unknown readable memory: 0x0000000300000057 | 57 00 00 00 03 00 00 00
RBP=0x0000000000000003 is an unknown value
RSI=0x0000000000000c10 is an unknown value
RDI=0x00000234c61cec70 points into unknown readable memory: 0x0000000000000001 | 01 00 00 00 00 00 00 00
R8 =0x00007ffcdfa9e45e ucrtbase.dll
R9 =0x000000d2e0000000 is an unknown value
R10=0x000000d2e0efdd01 points into unknown readable memory: 01 10 dc 34 02 00 00
R11=0x0000c3ce00001000 is an unknown value
R12=0x0000000000000c10 is an unknown value
R13=0x00007ffc6c56b480 FrameServerClient.dll
R14=0x0 is NULL
R15=0x0000000000000c10 is an unknown value


Registers:
RAX=0x00007ffce1b9ee55, RBX=0x0000000000000000, RCX=0x00000234dc100000, RDX=0x00007ffcdfa31131
RSP=0x000000d2e0efe3b0, RBP=0x0000000000000003, RSI=0x0000000000000c10, RDI=0x00000234c61cec70
R8 =0x00007ffcdfa9e45e, R9 =0x000000d2e0000000, R10=0x000000d2e0efdd01, R11=0x0000c3ce00001000
R12=0x0000000000000c10, R13=0x00007ffc6c56b480, R14=0x0000000000000000, R15=0x0000000000000c10
RIP=0x00007ffce1ca2324, EFLAGS=0x0000000000000202

Top of Stack: (sp=0x000000d2e0efe3b0)
0x000000d2e0efe3b0:   0000000300000057 0000000000000000
0x000000d2e0efe3c0:   0000000000000c10 0000000004000004
0x000000d2e0efe3d0:   00000000c000000d 0000000000000000
0x000000d2e0efe3e0:   00007ffce1ca2324 0000000000000000
0x000000d2e0efe3f0:   0000000000000000 0000000000000000
0x000000d2e0efe400:   0000000000000000 0000000000000000
0x000000d2e0efe410:   0000000000000000 0000000000000000
0x000000d2e0efe420:   0000000000000000 0000000000000000
0x000000d2e0efe430:   0000000000000000 0000000000000000
0x000000d2e0efe440:   0000000000000000 0000000000000000
0x000000d2e0efe450:   0000000000000000 0000000000000000
0x000000d2e0efe460:   0000000000000000 0000000000000000
0x000000d2e0efe470:   0000f51e414fd0d2 0000000000000000
0x000000d2e0efe480:   0000000000000003 00007ffce1c3c74f
0x000000d2e0efe490:   0000000000000001 00007ffcd3ad87fb
0x000000d2e0efe4a0:   00007ffc6c56b480 0000000000000c10 

Instructions: (pc=0x00007ffce1ca2324)
0x00007ffce1ca2224:   cc cc cc cc cc cc cc cc 48 81 ec d8 00 00 00 48
0x00007ffce1ca2234:   8b 05 d6 22 07 00 48 33 c4 48 89 84 24 c0 00 00
0x00007ffce1ca2244:   00 4d 85 c0 74 33 4d 8b 48 50 48 8d 05 6b 63 f6
0x00007ffce1ca2254:   ff c7 44 24 38 05 00 00 00 4c 3b c8 75 0a 49 8b
0x00007ffce1ca2264:   40 58 4c 8b 50 20 eb 03 45 33 d2 4d 85 d2 4d 0f
0x00007ffce1ca2274:   45 ca 4c 89 4c 24 60 eb 08 c7 44 24 38 04 00 00
0x00007ffce1ca2284:   00 48 83 64 24 28 00 48 83 64 24 58 00 48 63 c1
0x00007ffce1ca2294:   48 8d 4c 24 20 48 89 44 24 40 c7 44 24 20 0a 07
0x00007ffce1ca22a4:   00 c0 48 89 54 24 48 4c 89 44 24 50 c7 44 24 24
0x00007ffce1ca22b4:   01 00 00 00 e8 73 ed f3 ff 48 8b 8c 24 c0 00 00
0x00007ffce1ca22c4:   00 48 33 cc e8 03 a2 f7 ff 48 81 c4 d8 00 00 00
0x00007ffce1ca22d4:   c3 cc cc cc cc cc cc cc 48 81 ec d8 00 00 00 48
0x00007ffce1ca22e4:   8b 05 26 22 07 00 48 33 c4 48 89 84 24 c0 00 00
0x00007ffce1ca22f4:   00 33 d2 41 b8 94 00 00 00 48 8d 4c 24 24 e8 f9
0x00007ffce1ca2304:   1d f9 ff c7 44 24 20 0d 00 00 c0 b9 57 00 00 00
0x00007ffce1ca2314:   e8 67 e4 f3 ff 90 48 8d 4c 24 20 e8 0c ed f3 ff
0x00007ffce1ca2324:   eb 00 48 8b 8c 24 c0 00 00 00 48 33 cc e8 9a a1
0x00007ffce1ca2334:   f7 ff 48 81 c4 d8 00 00 00 c3 cc 40 55 48 83 ec
0x00007ffce1ca2344:   20 48 8b ea e8 0f 00 00 00 90 48 83 c4 20 5d c3
0x00007ffce1ca2354:   cc cc cc cc cc cc cc cc 48 83 ec 28 48 8b 51 08
0x00007ffce1ca2364:   41 b8 03 00 00 00 48 8b 09 e8 4e a5 fc ff 33 c0
0x00007ffce1ca2374:   48 83 c4 28 c3 cc cc cc cc cc cc cc 48 8b 01 48
0x00007ffce1ca2384:   83 c9 ff 8b 10 e9 c2 b1 f8 ff cc cc cc cc cc cc
0x00007ffce1ca2394:   4c 8b dc 48 81 ec 88 00 00 00 48 8b 05 6b 21 07
0x00007ffce1ca23a4:   00 48 33 c4 48 89 44 24 70 48 8b 84 24 b0 00 00
0x00007ffce1ca23b4:   00 41 ba 24 1c 00 00 49 89 43 d8 8b 84 24 b8 00
0x00007ffce1ca23c4:   00 00 66 45 89 53 9e 49 89 4b b8 49 89 53 c0 4d
0x00007ffce1ca23d4:   89 43 c8 4d 89 4b d0 89 44 24 68 e8 6c 24 f1 ff
0x00007ffce1ca23e4:   85 c0 74 19 65 48 8b 04 25 60 00 00 00 48 8b 88
0x00007ffce1ca23f4:   90 00 00 00 48 81 c1 2c 02 00 00 eb 05 b9 86 03
0x00007ffce1ca2404:   fe 7f 0f b6 09 4c 8d 4c 24 20 ba 03 04 00 00 41
0x00007ffce1ca2414:   b8 2c 00 00 00 e8 62 b7 f8 ff 48 8b 4c 24 70 48 


Stack slot to memory mapping:
stack at sp + 0 slots: 0x0000000300000057 is an unknown value
stack at sp + 1 slots: 0x0 is NULL
stack at sp + 2 slots: 0x0000000000000c10 is an unknown value
stack at sp + 3 slots: 0x0000000004000004 is an unknown value
stack at sp + 4 slots: 0x00000000c000000d is an unknown value
stack at sp + 5 slots: 0x0 is NULL
stack at sp + 6 slots: 0x00007ffce1ca2324 ntdll.dll
stack at sp + 7 slots: 0x0 is NULL

VM_Operation (0x000000d2e1efeb40): Exit, mode: safepoint, requested by thread 0x00000234fecb27d0


---------------  P R O C E S S  ---------------

Threads class SMR info:
_java_thread_list=0x00000234c61744b0, length=30, elements={
0x00000234fec764c0, 0x00000234fec77ae0, 0x00000234fec8a640, 0x00000234fec8b200,
0x00000234fec8e470, 0x00000234fec9c330, 0x00000234fec9d0d0, 0x00000234fec9fb90,
0x00000234fecb2ce0, 0x00000234fecb1db0, 0x00000234fecb31f0, 0x00000234fecb4630,
0x00000234fecb3700, 0x00000234fecb27d0, 0x00000234fecb5050, 0x00000234fecb3c10,
0x00000234fecb4120, 0x00000234fecb5560, 0x00000234fecb22c0, 0x00000234ff741ac0,
0x00000234ff73bfa0, 0x00000234ff742f00, 0x00000234ff73d3e0, 0x00000234ff73c4b0,
0x00000234ff73c9c0, 0x00000234ff73e310, 0x00000234ff743920, 0x00000234ff7424e0,
0x00000234ff740170, 0x00000234ff7410a0
}

Java Threads: ( => current thread )
  0x00000234fec764c0 JavaThread "Reference Handler" daemon [_thread_blocked, id=7288, stack(0x000000d2e0f00000,0x000000d2e1000000)]
  0x00000234fec77ae0 JavaThread "Finalizer" daemon [_thread_blocked, id=7700, stack(0x000000d2e1000000,0x000000d2e1100000)]
  0x00000234fec8a640 JavaThread "Signal Dispatcher" daemon [_thread_blocked, id=5924, stack(0x000000d2e1100000,0x000000d2e1200000)]
  0x00000234fec8b200 JavaThread "Attach Listener" daemon [_thread_blocked, id=15784, stack(0x000000d2e1200000,0x000000d2e1300000)]
  0x00000234fec8e470 JavaThread "Service Thread" daemon [_thread_blocked, id=6376, stack(0x000000d2e1300000,0x000000d2e1400000)]
  0x00000234fec9c330 JavaThread "Monitor Deflation Thread" daemon [_thread_blocked, id=4860, stack(0x000000d2e1400000,0x000000d2e1500000)]
  0x00000234fec9d0d0 JavaThread "C2 CompilerThread0" daemon [_thread_blocked, id=4360, stack(0x000000d2e1500000,0x000000d2e1600000)]
  0x00000234fec9fb90 JavaThread "C1 CompilerThread0" daemon [_thread_blocked, id=2524, stack(0x000000d2e1600000,0x000000d2e1700000)]
  0x00000234fecb2ce0 JavaThread "Sweeper thread" daemon [_thread_blocked, id=1844, stack(0x000000d2e1700000,0x000000d2e1800000)]
  0x00000234fecb1db0 JavaThread "Notification Thread" daemon [_thread_blocked, id=16636, stack(0x000000d2e1800000,0x000000d2e1900000)]
  0x00000234fecb31f0 JavaThread "Common-Cleaner" daemon [_thread_blocked, id=14372, stack(0x000000d2e1a00000,0x000000d2e1b00000)]
  0x00000234fecb4630 JavaThread "Java2D Disposer" daemon [_thread_blocked, id=15296, stack(0x000000d2e1b00000,0x000000d2e1c00000)]
  0x00000234fecb3700 JavaThread "AWT-Shutdown" [_thread_blocked, id=13796, stack(0x000000d2e1c00000,0x000000d2e1d00000)]
  0x00000234fecb27d0 JavaThread "AWT-EventQueue-0" [_thread_blocked, id=16280, stack(0x000000d2e1e00000,0x000000d2e1f00000)]
  0x00000234fecb5050 JavaThread "DestroyJavaVM" [_thread_blocked, id=14896, stack(0x000000d2e0800000,0x000000d2e0900000)]
  0x00000234fecb3c10 JavaThread "Image Fetcher 0" daemon [_thread_blocked, id=8476, stack(0x000000d2e2000000,0x000000d2e2100000)]
  0x00000234fecb4120 JavaThread "TimerQueue" daemon [_thread_blocked, id=10748, stack(0x000000d2e2200000,0x000000d2e2300000)]
  0x00000234fecb5560 JavaThread "RMI Scheduler(0)" daemon [_thread_blocked, id=10732, stack(0x000000d2e1f00000,0x000000d2e2000000)]
  0x00000234fecb22c0 JavaThread "RMI RenewClean-[192.168.1.204:64001]" daemon [_thread_blocked, id=2392, stack(0x000000d2e2100000,0x000000d2e2200000)]
  0x00000234ff741ac0 JavaThread "RMI GC Daemon" daemon [_thread_blocked, id=6248, stack(0x000000d2e2e00000,0x000000d2e2f00000)]
  0x00000234ff73bfa0 JavaThread "SwingWorker-pool-1-thread-1" daemon [_thread_blocked, id=12784, stack(0x000000d2e3700000,0x000000d2e3800000)]
  0x00000234ff742f00 JavaThread "SwingWorker-pool-1-thread-2" daemon [_thread_blocked, id=9484, stack(0x000000d2e3800000,0x000000d2e3900000)]
  0x00000234ff73d3e0 JavaThread "SwingWorker-pool-1-thread-3" daemon [_thread_blocked, id=7872, stack(0x000000d2e3900000,0x000000d2e3a00000)]
  0x00000234ff73c4b0 JavaThread "SwingWorker-pool-1-thread-4" daemon [_thread_blocked, id=9280, stack(0x000000d2e3a00000,0x000000d2e3b00000)]
  0x00000234ff73c9c0 JavaThread "SwingWorker-pool-1-thread-5" daemon [_thread_blocked, id=13268, stack(0x000000d2e3b00000,0x000000d2e3c00000)]
  0x00000234ff73e310 JavaThread "SwingWorker-pool-1-thread-6" daemon [_thread_blocked, id=7328, stack(0x000000d2e3c00000,0x000000d2e3d00000)]
  0x00000234ff743920 JavaThread "SwingWorker-pool-1-thread-7" daemon [_thread_blocked, id=6296, stack(0x000000d2e3d00000,0x000000d2e3e00000)]
  0x00000234ff7424e0 JavaThread "SwingWorker-pool-1-thread-8" daemon [_thread_blocked, id=4436, stack(0x000000d2e3e00000,0x000000d2e3f00000)]
  0x00000234ff740170 JavaThread "SwingWorker-pool-1-thread-9" daemon [_thread_blocked, id=9504, stack(0x000000d2e2f00000,0x000000d2e3000000)]
  0x00000234ff7410a0 JavaThread "SwingWorker-pool-1-thread-10" daemon [_thread_blocked, id=15856, stack(0x000000d2e4200000,0x000000d2e4300000)]

Other Threads:
=>0x00000234fec6e840 VMThread "VM Thread" [stack: 0x000000d2e0e00000,0x000000d2e0f00000] [id=14444]
  0x00000234de47d6a0 GCTaskThread "GC Thread#0" [stack: 0x000000d2e0900000,0x000000d2e0a00000] [id=8992]
  0x00000234c65687e0 GCTaskThread "GC Thread#1" [stack: 0x000000d2e2300000,0x000000d2e2400000] [id=11400]
  0x00000234c6568aa0 GCTaskThread "GC Thread#2" [stack: 0x000000d2e2400000,0x000000d2e2500000] [id=14248]
  0x00000234ffaac010 GCTaskThread "GC Thread#3" [stack: 0x000000d2e2500000,0x000000d2e2600000] [id=7764]
  0x00000234ffaac2d0 GCTaskThread "GC Thread#4" [stack: 0x000000d2e2600000,0x000000d2e2700000] [id=10668]
  0x00000234ffaac590 GCTaskThread "GC Thread#5" [stack: 0x000000d2e2700000,0x000000d2e2800000] [id=5336]
  0x00000234ff8e8a50 GCTaskThread "GC Thread#6" [stack: 0x000000d2e2800000,0x000000d2e2900000] [id=8784]
  0x00000234ff7f16f0 GCTaskThread "GC Thread#7" [stack: 0x000000d2e2900000,0x000000d2e2a00000] [id=12864]
  0x00000234de48aa10 ConcurrentGCThread "G1 Main Marker" terminated
  0x00000234de48b420 ConcurrentGCThread "G1 Conc#0" [stack: 0x000000d2e0b00000,0x000000d2e0c00000] [id=14728]
  0x00000234feb324c0 ConcurrentGCThread "G1 Refine#0" terminated
  0x00000234ff8d2e20 ConcurrentGCThread "G1 Refine#1" terminated
  0x00000234feb32ef0 ConcurrentGCThread "G1 Service" terminated

Threads with active compile tasks:

VM state: at safepoint (shutting down)

VM Mutex/Monitor currently owned by a thread:  ([mutex/lock_event])
[0x00000234de41dc40] Threads_lock - owner thread: 0x00000234fec6e840
[0x00000234de41ed20] Heap_lock - owner thread: 0x00000234fecb27d0

Heap address: 0x0000000743800000, size: 3016 MB, Compressed Oops mode: Zero based, Oop shift amount: 3

CDS archive(s) mapped at: [0x0000023480000000-0x0000023480bd0000-0x0000023480bd0000), size 12386304, SharedBaseAddress: 0x0000023480000000, ArchiveRelocationMode: 1.
Compressed class space mapped at: 0x0000023481000000-0x00000234c1000000, reserved size: 1073741824
Narrow klass base: 0x0000023480000000, Narrow klass shift: 0, Narrow klass range: 0x100000000

GC Precious Log:
 CPUs: 8 total, 8 available
 Memory: 12056M
 Large Page Support: Disabled
 NUMA Support: Disabled
 Compressed Oops: Enabled (Zero based)
 Heap Region Size: 2M
 Heap Min Capacity: 8M
 Heap Initial Capacity: 190M
 Heap Max Capacity: 3016M
 Pre-touch: Disabled
 Parallel Workers: 8
 Concurrent Workers: 2
 Concurrent Refinement Workers: 8
 Periodic GC: Disabled

Heap:
 garbage-first heap   total 337920K, used 123014K [0x0000000743800000, 0x0000000800000000)
  region size 2048K, 35 young (71680K), 3 survivors (6144K)
 Metaspace       used 20126K, committed 20480K, reserved 1114112K
  class space    used 2168K, committed 2368K, reserved 1048576K

Heap Regions: E=young(eden), S=young(survivor), O=old, HS=humongous(starts), HC=humongous(continues), CS=collection set, F=free, OA=open archive, CA=closed archive, TAMS=top-at-mark-start (previous, next)
|   0|0x0000000743800000, 0x0000000743a00000, 0x0000000743a00000|100%|HS|  |TAMS 0x0000000743800000, 0x0000000743800000| Complete 
|   1|0x0000000743a00000, 0x0000000743c00000, 0x0000000743c00000|100%|HC|  |TAMS 0x0000000743a00000, 0x0000000743a00000| Complete 
|   2|0x0000000743c00000, 0x0000000743e00000, 0x0000000743e00000|100%|HC|  |TAMS 0x0000000743c00000, 0x0000000743c00000| Complete 
|   3|0x0000000743e00000, 0x0000000744000000, 0x0000000744000000|100%|HC|  |TAMS 0x0000000743e00000, 0x0000000743e00000| Complete 
|   4|0x0000000744000000, 0x0000000744200000, 0x0000000744200000|100%|HC|  |TAMS 0x0000000744000000, 0x0000000744000000| Complete 
|   5|0x0000000744200000, 0x0000000744400000, 0x0000000744400000|100%|HC|  |TAMS 0x0000000744200000, 0x0000000744200000| Complete 
|   6|0x0000000744400000, 0x0000000744600000, 0x0000000744600000|100%|HC|  |TAMS 0x0000000744400000, 0x0000000744400000| Complete 
|   7|0x0000000744600000, 0x0000000744800000, 0x0000000744800000|100%| O|  |TAMS 0x0000000744600000, 0x0000000744600000| Untracked 
|   8|0x0000000744800000, 0x0000000744a00000, 0x0000000744a00000|100%| O|  |TAMS 0x0000000744800000, 0x0000000744800000| Untracked 
|   9|0x0000000744a00000, 0x0000000744c00000, 0x0000000744c00000|100%|HS|  |TAMS 0x0000000744a00000, 0x0000000744a00000| Complete 
|  10|0x0000000744c00000, 0x0000000744e00000, 0x0000000744e00000|100%|HC|  |TAMS 0x0000000744c00000, 0x0000000744c00000| Complete 
|  11|0x0000000744e00000, 0x0000000745000000, 0x0000000745000000|100%| O|  |TAMS 0x0000000744e00000, 0x0000000744e00000| Untracked 
|  12|0x0000000745000000, 0x0000000745200000, 0x0000000745200000|100%| O|  |TAMS 0x0000000745000000, 0x0000000745000000| Untracked 
|  13|0x0000000745200000, 0x0000000745400000, 0x0000000745400000|100%| O|  |TAMS 0x0000000745200000, 0x0000000745200000| Untracked 
|  14|0x0000000745400000, 0x0000000745600000, 0x0000000745600000|100%|HS|  |TAMS 0x0000000745400000, 0x0000000745400000| Complete 
|  15|0x0000000745600000, 0x0000000745800000, 0x0000000745800000|100%| O|  |TAMS 0x0000000745600000, 0x0000000745600000| Untracked 
|  16|0x0000000745800000, 0x0000000745a00000, 0x0000000745a00000|100%|HS|  |TAMS 0x0000000745800000, 0x0000000745800000| Complete 
|  17|0x0000000745a00000, 0x0000000745c00000, 0x0000000745c00000|100%|HC|  |TAMS 0x0000000745a00000, 0x0000000745a00000| Complete 
|  18|0x0000000745c00000, 0x0000000745e00000, 0x0000000745e00000|100%|HC|  |TAMS 0x0000000745c00000, 0x0000000745c00000| Complete 
|  19|0x0000000745e00000, 0x0000000746000000, 0x0000000746000000|100%|HC|  |TAMS 0x0000000745e00000, 0x0000000745e00000| Complete 
|  20|0x0000000746000000, 0x0000000746200000, 0x0000000746200000|100%|HC|  |TAMS 0x0000000746000000, 0x0000000746000000| Complete 
|  21|0x0000000746200000, 0x0000000746400000, 0x0000000746400000|100%|HC|  |TAMS 0x0000000746200000, 0x0000000746200000| Complete 
|  22|0x0000000746400000, 0x0000000746600000, 0x0000000746600000|100%|HC|  |TAMS 0x0000000746400000, 0x0000000746400000| Complete 
|  23|0x0000000746600000, 0x0000000746800000, 0x0000000746800000|100%|HS|  |TAMS 0x0000000746600000, 0x0000000746600000| Complete 
|  24|0x0000000746800000, 0x0000000746a00000, 0x0000000746a00000|100%|HC|  |TAMS 0x0000000746800000, 0x0000000746800000| Complete 
|  25|0x0000000746a00000, 0x0000000746c00000, 0x0000000746c00000|100%|HC|  |TAMS 0x0000000746a00000, 0x0000000746a00000| Complete 
|  26|0x0000000746c00000, 0x0000000746e00000, 0x0000000746e00000|100%| O|  |TAMS 0x0000000746c00000, 0x0000000746c00000| Untracked 
|  27|0x0000000746e00000, 0x0000000746eb4400, 0x0000000747000000| 35%| O|  |TAMS 0x0000000746e00000, 0x0000000746e00000| Untracked 
|  28|0x0000000747000000, 0x0000000747000000, 0x0000000747200000|  0%| F|  |TAMS 0x0000000747000000, 0x0000000747000000| Untracked 
|  29|0x0000000747200000, 0x0000000747200000, 0x0000000747400000|  0%| F|  |TAMS 0x0000000747200000, 0x0000000747200000| Untracked 
|  30|0x0000000747400000, 0x0000000747400000, 0x0000000747600000|  0%| F|  |TAMS 0x0000000747400000, 0x0000000747400000| Untracked 
|  31|0x0000000747600000, 0x0000000747600000, 0x0000000747800000|  0%| F|  |TAMS 0x0000000747600000, 0x0000000747600000| Untracked 
|  32|0x0000000747800000, 0x0000000747800000, 0x0000000747a00000|  0%| F|  |TAMS 0x0000000747800000, 0x0000000747800000| Untracked 
|  33|0x0000000747a00000, 0x0000000747a00000, 0x0000000747c00000|  0%| F|  |TAMS 0x0000000747a00000, 0x0000000747a00000| Untracked 
|  34|0x0000000747c00000, 0x0000000747c00000, 0x0000000747e00000|  0%| F|  |TAMS 0x0000000747c00000, 0x0000000747c00000| Untracked 
|  35|0x0000000747e00000, 0x0000000747e00000, 0x0000000748000000|  0%| F|  |TAMS 0x0000000747e00000, 0x0000000747e00000| Untracked 
|  36|0x0000000748000000, 0x0000000748000000, 0x0000000748200000|  0%| F|  |TAMS 0x0000000748000000, 0x0000000748000000| Untracked 
|  37|0x0000000748200000, 0x0000000748200000, 0x0000000748400000|  0%| F|  |TAMS 0x0000000748200000, 0x0000000748200000| Untracked 
|  38|0x0000000748400000, 0x0000000748400000, 0x0000000748600000|  0%| F|  |TAMS 0x0000000748400000, 0x0000000748400000| Untracked 
|  39|0x0000000748600000, 0x0000000748600000, 0x0000000748800000|  0%| F|  |TAMS 0x0000000748600000, 0x0000000748600000| Untracked 
|  40|0x0000000748800000, 0x0000000748800000, 0x0000000748a00000|  0%| F|  |TAMS 0x0000000748800000, 0x0000000748800000| Untracked 
|  41|0x0000000748a00000, 0x0000000748a00000, 0x0000000748c00000|  0%| F|  |TAMS 0x0000000748a00000, 0x0000000748a00000| Untracked 
|  42|0x0000000748c00000, 0x0000000748c00000, 0x0000000748e00000|  0%| F|  |TAMS 0x0000000748c00000, 0x0000000748c00000| Untracked 
|  43|0x0000000748e00000, 0x0000000748e00000, 0x0000000749000000|  0%| F|  |TAMS 0x0000000748e00000, 0x0000000748e00000| Untracked 
|  44|0x0000000749000000, 0x0000000749000000, 0x0000000749200000|  0%| F|  |TAMS 0x0000000749000000, 0x0000000749000000| Untracked 
|  45|0x0000000749200000, 0x0000000749200000, 0x0000000749400000|  0%| F|  |TAMS 0x0000000749200000, 0x0000000749200000| Untracked 
|  46|0x0000000749400000, 0x0000000749400000, 0x0000000749600000|  0%| F|  |TAMS 0x0000000749400000, 0x0000000749400000| Untracked 
|  47|0x0000000749600000, 0x0000000749600000, 0x0000000749800000|  0%| F|  |TAMS 0x0000000749600000, 0x0000000749600000| Untracked 
|  48|0x0000000749800000, 0x0000000749800000, 0x0000000749a00000|  0%| F|  |TAMS 0x0000000749800000, 0x0000000749800000| Untracked 
|  49|0x0000000749a00000, 0x0000000749a00000, 0x0000000749c00000|  0%| F|  |TAMS 0x0000000749a00000, 0x0000000749a00000| Untracked 
|  50|0x0000000749c00000, 0x0000000749c00000, 0x0000000749e00000|  0%| F|  |TAMS 0x0000000749c00000, 0x0000000749c00000| Untracked 
|  51|0x0000000749e00000, 0x0000000749e00000, 0x000000074a000000|  0%| F|  |TAMS 0x0000000749e00000, 0x0000000749e00000| Untracked 
|  52|0x000000074a000000, 0x000000074a000000, 0x000000074a200000|  0%| F|  |TAMS 0x000000074a000000, 0x000000074a000000| Untracked 
|  53|0x000000074a200000, 0x000000074a200000, 0x000000074a400000|  0%| F|  |TAMS 0x000000074a200000, 0x000000074a200000| Untracked 
|  54|0x000000074a400000, 0x000000074a400000, 0x000000074a600000|  0%| F|  |TAMS 0x000000074a400000, 0x000000074a400000| Untracked 
|  55|0x000000074a600000, 0x000000074a600000, 0x000000074a800000|  0%| F|  |TAMS 0x000000074a600000, 0x000000074a600000| Untracked 
|  56|0x000000074a800000, 0x000000074a800000, 0x000000074aa00000|  0%| F|  |TAMS 0x000000074a800000, 0x000000074a800000| Untracked 
|  57|0x000000074aa00000, 0x000000074aa00000, 0x000000074ac00000|  0%| F|  |TAMS 0x000000074aa00000, 0x000000074aa00000| Untracked 
|  58|0x000000074ac00000, 0x000000074ac00000, 0x000000074ae00000|  0%| F|  |TAMS 0x000000074ac00000, 0x000000074ac00000| Untracked 
|  59|0x000000074ae00000, 0x000000074ae00000, 0x000000074b000000|  0%| F|  |TAMS 0x000000074ae00000, 0x000000074ae00000| Untracked 
|  60|0x000000074b000000, 0x000000074b000000, 0x000000074b200000|  0%| F|  |TAMS 0x000000074b000000, 0x000000074b000000| Untracked 
|  61|0x000000074b200000, 0x000000074b200000, 0x000000074b400000|  0%| F|  |TAMS 0x000000074b200000, 0x000000074b200000| Untracked 
|  62|0x000000074b400000, 0x000000074b400000, 0x000000074b600000|  0%| F|  |TAMS 0x000000074b400000, 0x000000074b400000| Untracked 
|  63|0x000000074b600000, 0x000000074b76d740, 0x000000074b800000| 71%| S|CS|TAMS 0x000000074b600000, 0x000000074b600000| Complete 
|  64|0x000000074b800000, 0x000000074ba00000, 0x000000074ba00000|100%| S|CS|TAMS 0x000000074b800000, 0x000000074b800000| Complete 
|  65|0x000000074ba00000, 0x000000074bc00000, 0x000000074bc00000|100%| S|CS|TAMS 0x000000074ba00000, 0x000000074ba00000| Complete 
|  66|0x000000074bc00000, 0x000000074bc00000, 0x000000074be00000|  0%| F|  |TAMS 0x000000074bc00000, 0x000000074bc00000| Untracked 
|  67|0x000000074be00000, 0x000000074be00000, 0x000000074c000000|  0%| F|  |TAMS 0x000000074be00000, 0x000000074be00000| Untracked 
|  68|0x000000074c000000, 0x000000074c000000, 0x000000074c200000|  0%| F|  |TAMS 0x000000074c000000, 0x000000074c000000| Untracked 
|  69|0x000000074c200000, 0x000000074c200000, 0x000000074c400000|  0%| F|  |TAMS 0x000000074c200000, 0x000000074c200000| Untracked 
|  70|0x000000074c400000, 0x000000074c400000, 0x000000074c600000|  0%| F|  |TAMS 0x000000074c400000, 0x000000074c400000| Untracked 
|  71|0x000000074c600000, 0x000000074c600000, 0x000000074c800000|  0%| F|  |TAMS 0x000000074c600000, 0x000000074c600000| Untracked 
|  72|0x000000074c800000, 0x000000074c800000, 0x000000074ca00000|  0%| F|  |TAMS 0x000000074c800000, 0x000000074c800000| Untracked 
|  73|0x000000074ca00000, 0x000000074ca00000, 0x000000074cc00000|  0%| F|  |TAMS 0x000000074ca00000, 0x000000074ca00000| Untracked 
|  74|0x000000074cc00000, 0x000000074cc00000, 0x000000074ce00000|  0%| F|  |TAMS 0x000000074cc00000, 0x000000074cc00000| Untracked 
|  75|0x000000074ce00000, 0x000000074ce00000, 0x000000074d000000|  0%| F|  |TAMS 0x000000074ce00000, 0x000000074ce00000| Untracked 
|  76|0x000000074d000000, 0x000000074d000000, 0x000000074d200000|  0%| F|  |TAMS 0x000000074d000000, 0x000000074d000000| Untracked 
|  77|0x000000074d200000, 0x000000074d200000, 0x000000074d400000|  0%| F|  |TAMS 0x000000074d200000, 0x000000074d200000| Untracked 
|  78|0x000000074d400000, 0x000000074d400000, 0x000000074d600000|  0%| F|  |TAMS 0x000000074d400000, 0x000000074d400000| Untracked 
|  79|0x000000074d600000, 0x000000074d600000, 0x000000074d800000|  0%| F|  |TAMS 0x000000074d600000, 0x000000074d600000| Untracked 
|  80|0x000000074d800000, 0x000000074d800000, 0x000000074da00000|  0%| F|  |TAMS 0x000000074d800000, 0x000000074d800000| Untracked 
|  81|0x000000074da00000, 0x000000074da00000, 0x000000074dc00000|  0%| F|  |TAMS 0x000000074da00000, 0x000000074da00000| Untracked 
|  82|0x000000074dc00000, 0x000000074dc00000, 0x000000074de00000|  0%| F|  |TAMS 0x000000074dc00000, 0x000000074dc00000| Untracked 
|  83|0x000000074de00000, 0x000000074de00000, 0x000000074e000000|  0%| F|  |TAMS 0x000000074de00000, 0x000000074de00000| Untracked 
|  84|0x000000074e000000, 0x000000074e000000, 0x000000074e200000|  0%| F|  |TAMS 0x000000074e000000, 0x000000074e000000| Untracked 
|  85|0x000000074e200000, 0x000000074e200000, 0x000000074e400000|  0%| F|  |TAMS 0x000000074e200000, 0x000000074e200000| Untracked 
|  86|0x000000074e400000, 0x000000074e400000, 0x000000074e600000|  0%| F|  |TAMS 0x000000074e400000, 0x000000074e400000| Untracked 
|  87|0x000000074e600000, 0x000000074e600000, 0x000000074e800000|  0%| F|  |TAMS 0x000000074e600000, 0x000000074e600000| Untracked 
|  88|0x000000074e800000, 0x000000074e800000, 0x000000074ea00000|  0%| F|  |TAMS 0x000000074e800000, 0x000000074e800000| Untracked 
|  89|0x000000074ea00000, 0x000000074ea00000, 0x000000074ec00000|  0%| F|  |TAMS 0x000000074ea00000, 0x000000074ea00000| Untracked 
|  90|0x000000074ec00000, 0x000000074ec00000, 0x000000074ee00000|  0%| F|  |TAMS 0x000000074ec00000, 0x000000074ec00000| Untracked 
|  91|0x000000074ee00000, 0x000000074ee00000, 0x000000074f000000|  0%| F|  |TAMS 0x000000074ee00000, 0x000000074ee00000| Untracked 
|  92|0x000000074f000000, 0x000000074f000000, 0x000000074f200000|  0%| F|  |TAMS 0x000000074f000000, 0x000000074f000000| Untracked 
|  93|0x000000074f200000, 0x000000074f200000, 0x000000074f400000|  0%| F|  |TAMS 0x000000074f200000, 0x000000074f200000| Untracked 
|  94|0x000000074f400000, 0x000000074f400000, 0x000000074f600000|  0%| F|  |TAMS 0x000000074f400000, 0x000000074f400000| Untracked 
|  95|0x000000074f600000, 0x000000074f600000, 0x000000074f800000|  0%| F|  |TAMS 0x000000074f600000, 0x000000074f600000| Untracked 
|  96|0x000000074f800000, 0x000000074f800000, 0x000000074fa00000|  0%| F|  |TAMS 0x000000074f800000, 0x000000074f800000| Untracked 
|  97|0x000000074fa00000, 0x000000074fa00000, 0x000000074fc00000|  0%| F|  |TAMS 0x000000074fa00000, 0x000000074fa00000| Untracked 
|  98|0x000000074fc00000, 0x000000074fc00000, 0x000000074fe00000|  0%| F|  |TAMS 0x000000074fc00000, 0x000000074fc00000| Untracked 
|  99|0x000000074fe00000, 0x000000074fe00000, 0x0000000750000000|  0%| F|  |TAMS 0x000000074fe00000, 0x000000074fe00000| Untracked 
| 100|0x0000000750000000, 0x0000000750000000, 0x0000000750200000|  0%| F|  |TAMS 0x0000000750000000, 0x0000000750000000| Untracked 
| 101|0x0000000750200000, 0x0000000750200000, 0x0000000750400000|  0%| F|  |TAMS 0x0000000750200000, 0x0000000750200000| Untracked 
| 102|0x0000000750400000, 0x0000000750400000, 0x0000000750600000|  0%| F|  |TAMS 0x0000000750400000, 0x0000000750400000| Untracked 
| 103|0x0000000750600000, 0x0000000750600000, 0x0000000750800000|  0%| F|  |TAMS 0x0000000750600000, 0x0000000750600000| Untracked 
| 104|0x0000000750800000, 0x0000000750800000, 0x0000000750a00000|  0%| F|  |TAMS 0x0000000750800000, 0x0000000750800000| Untracked 
| 105|0x0000000750a00000, 0x0000000750a00000, 0x0000000750c00000|  0%| F|  |TAMS 0x0000000750a00000, 0x0000000750a00000| Untracked 
| 106|0x0000000750c00000, 0x0000000750c00000, 0x0000000750e00000|  0%| F|  |TAMS 0x0000000750c00000, 0x0000000750c00000| Untracked 
| 107|0x0000000750e00000, 0x0000000750e00000, 0x0000000751000000|  0%| F|  |TAMS 0x0000000750e00000, 0x0000000750e00000| Untracked 
| 108|0x0000000751000000, 0x0000000751000000, 0x0000000751200000|  0%| F|  |TAMS 0x0000000751000000, 0x0000000751000000| Untracked 
| 109|0x0000000751200000, 0x0000000751200000, 0x0000000751400000|  0%| F|  |TAMS 0x0000000751200000, 0x0000000751200000| Untracked 
| 110|0x0000000751400000, 0x0000000751400000, 0x0000000751600000|  0%| F|  |TAMS 0x0000000751400000, 0x0000000751400000| Untracked 
| 111|0x0000000751600000, 0x0000000751600000, 0x0000000751800000|  0%| F|  |TAMS 0x0000000751600000, 0x0000000751600000| Untracked 
| 112|0x0000000751800000, 0x0000000751800000, 0x0000000751a00000|  0%| F|  |TAMS 0x0000000751800000, 0x0000000751800000| Untracked 
| 113|0x0000000751a00000, 0x0000000751a00000, 0x0000000751c00000|  0%| F|  |TAMS 0x0000000751a00000, 0x0000000751a00000| Untracked 
| 114|0x0000000751c00000, 0x0000000751c00000, 0x0000000751e00000|  0%| F|  |TAMS 0x0000000751c00000, 0x0000000751c00000| Untracked 
| 115|0x0000000751e00000, 0x0000000751e00000, 0x0000000752000000|  0%| F|  |TAMS 0x0000000751e00000, 0x0000000751e00000| Untracked 
| 116|0x0000000752000000, 0x0000000752000000, 0x0000000752200000|  0%| F|  |TAMS 0x0000000752000000, 0x0000000752000000| Untracked 
| 117|0x0000000752200000, 0x0000000752200000, 0x0000000752400000|  0%| F|  |TAMS 0x0000000752200000, 0x0000000752200000| Untracked 
| 118|0x0000000752400000, 0x0000000752400000, 0x0000000752600000|  0%| F|  |TAMS 0x0000000752400000, 0x0000000752400000| Untracked 
| 119|0x0000000752600000, 0x0000000752600000, 0x0000000752800000|  0%| F|  |TAMS 0x0000000752600000, 0x0000000752600000| Untracked 
| 120|0x0000000752800000, 0x0000000752800000, 0x0000000752a00000|  0%| F|  |TAMS 0x0000000752800000, 0x0000000752800000| Untracked 
| 121|0x0000000752a00000, 0x0000000752a00000, 0x0000000752c00000|  0%| F|  |TAMS 0x0000000752a00000, 0x0000000752a00000| Untracked 
| 122|0x0000000752c00000, 0x0000000752c00000, 0x0000000752e00000|  0%| F|  |TAMS 0x0000000752c00000, 0x0000000752c00000| Untracked 
| 123|0x0000000752e00000, 0x0000000752e00000, 0x0000000753000000|  0%| F|  |TAMS 0x0000000752e00000, 0x0000000752e00000| Untracked 
| 124|0x0000000753000000, 0x0000000753000000, 0x0000000753200000|  0%| F|  |TAMS 0x0000000753000000, 0x0000000753000000| Untracked 
| 125|0x0000000753200000, 0x0000000753200000, 0x0000000753400000|  0%| F|  |TAMS 0x0000000753200000, 0x0000000753200000| Untracked 
| 126|0x0000000753400000, 0x0000000753400000, 0x0000000753600000|  0%| F|  |TAMS 0x0000000753400000, 0x0000000753400000| Untracked 
| 127|0x0000000753600000, 0x0000000753600000, 0x0000000753800000|  0%| F|  |TAMS 0x0000000753600000, 0x0000000753600000| Untracked 
| 128|0x0000000753800000, 0x0000000753800000, 0x0000000753a00000|  0%| F|  |TAMS 0x0000000753800000, 0x0000000753800000| Untracked 
| 129|0x0000000753a00000, 0x0000000753a00000, 0x0000000753c00000|  0%| F|  |TAMS 0x0000000753a00000, 0x0000000753a00000| Untracked 
| 130|0x0000000753c00000, 0x0000000753c00000, 0x0000000753e00000|  0%| F|  |TAMS 0x0000000753c00000, 0x0000000753c00000| Untracked 
| 131|0x0000000753e00000, 0x0000000753e00000, 0x0000000754000000|  0%| F|  |TAMS 0x0000000753e00000, 0x0000000753e00000| Untracked 
| 132|0x0000000754000000, 0x0000000754000000, 0x0000000754200000|  0%| F|  |TAMS 0x0000000754000000, 0x0000000754000000| Untracked 
| 133|0x0000000754200000, 0x00000007543dc9a0, 0x0000000754400000| 93%| E|  |TAMS 0x0000000754200000, 0x0000000754200000| Complete 
| 134|0x0000000754400000, 0x0000000754600000, 0x0000000754600000|100%| E|CS|TAMS 0x0000000754400000, 0x0000000754400000| Complete 
| 135|0x0000000754600000, 0x0000000754800000, 0x0000000754800000|100%| E|CS|TAMS 0x0000000754600000, 0x0000000754600000| Complete 
| 136|0x0000000754800000, 0x0000000754a00000, 0x0000000754a00000|100%| E|CS|TAMS 0x0000000754800000, 0x0000000754800000| Complete 
| 137|0x0000000754a00000, 0x0000000754c00000, 0x0000000754c00000|100%| E|CS|TAMS 0x0000000754a00000, 0x0000000754a00000| Complete 
| 138|0x0000000754c00000, 0x0000000754e00000, 0x0000000754e00000|100%| E|CS|TAMS 0x0000000754c00000, 0x0000000754c00000| Complete 
| 139|0x0000000754e00000, 0x0000000755000000, 0x0000000755000000|100%| E|CS|TAMS 0x0000000754e00000, 0x0000000754e00000| Complete 
| 140|0x0000000755000000, 0x0000000755200000, 0x0000000755200000|100%| E|CS|TAMS 0x0000000755000000, 0x0000000755000000| Complete 
| 141|0x0000000755200000, 0x0000000755400000, 0x0000000755400000|100%| E|CS|TAMS 0x0000000755200000, 0x0000000755200000| Complete 
| 142|0x0000000755400000, 0x0000000755600000, 0x0000000755600000|100%| E|CS|TAMS 0x0000000755400000, 0x0000000755400000| Complete 
| 143|0x0000000755600000, 0x0000000755800000, 0x0000000755800000|100%| E|CS|TAMS 0x0000000755600000, 0x0000000755600000| Complete 
| 144|0x0000000755800000, 0x0000000755a00000, 0x0000000755a00000|100%| E|  |TAMS 0x0000000755800000, 0x0000000755800000| Complete 
| 145|0x0000000755a00000, 0x0000000755c00000, 0x0000000755c00000|100%| E|CS|TAMS 0x0000000755a00000, 0x0000000755a00000| Complete 
| 146|0x0000000755c00000, 0x0000000755e00000, 0x0000000755e00000|100%| E|CS|TAMS 0x0000000755c00000, 0x0000000755c00000| Complete 
| 147|0x0000000755e00000, 0x0000000756000000, 0x0000000756000000|100%| E|CS|TAMS 0x0000000755e00000, 0x0000000755e00000| Complete 
| 148|0x0000000756000000, 0x0000000756200000, 0x0000000756200000|100%| E|CS|TAMS 0x0000000756000000, 0x0000000756000000| Complete 
| 149|0x0000000756200000, 0x0000000756400000, 0x0000000756400000|100%| E|CS|TAMS 0x0000000756200000, 0x0000000756200000| Complete 
| 150|0x0000000756400000, 0x0000000756600000, 0x0000000756600000|100%| E|CS|TAMS 0x0000000756400000, 0x0000000756400000| Complete 
| 151|0x0000000756600000, 0x0000000756800000, 0x0000000756800000|100%| E|CS|TAMS 0x0000000756600000, 0x0000000756600000| Complete 
| 152|0x0000000756800000, 0x0000000756a00000, 0x0000000756a00000|100%| E|CS|TAMS 0x0000000756800000, 0x0000000756800000| Complete 
| 153|0x0000000756a00000, 0x0000000756c00000, 0x0000000756c00000|100%| E|CS|TAMS 0x0000000756a00000, 0x0000000756a00000| Complete 
| 154|0x0000000756c00000, 0x0000000756e00000, 0x0000000756e00000|100%| E|CS|TAMS 0x0000000756c00000, 0x0000000756c00000| Complete 
| 155|0x0000000756e00000, 0x0000000757000000, 0x0000000757000000|100%| E|CS|TAMS 0x0000000756e00000, 0x0000000756e00000| Complete 
| 156|0x0000000757000000, 0x0000000757200000, 0x0000000757200000|100%| E|CS|TAMS 0x0000000757000000, 0x0000000757000000| Complete 
| 157|0x0000000757200000, 0x0000000757400000, 0x0000000757400000|100%| E|CS|TAMS 0x0000000757200000, 0x0000000757200000| Complete 
| 158|0x0000000757400000, 0x0000000757600000, 0x0000000757600000|100%| E|CS|TAMS 0x0000000757400000, 0x0000000757400000| Complete 
| 159|0x0000000757600000, 0x0000000757800000, 0x0000000757800000|100%| E|CS|TAMS 0x0000000757600000, 0x0000000757600000| Complete 
| 160|0x0000000757800000, 0x0000000757a00000, 0x0000000757a00000|100%| E|CS|TAMS 0x0000000757800000, 0x0000000757800000| Complete 
| 161|0x0000000757a00000, 0x0000000757c00000, 0x0000000757c00000|100%| E|CS|TAMS 0x0000000757a00000, 0x0000000757a00000| Complete 
| 162|0x0000000757c00000, 0x0000000757e00000, 0x0000000757e00000|100%| E|CS|TAMS 0x0000000757c00000, 0x0000000757c00000| Complete 
| 163|0x0000000757e00000, 0x0000000758000000, 0x0000000758000000|100%| E|CS|TAMS 0x0000000757e00000, 0x0000000757e00000| Complete 
| 164|0x0000000758000000, 0x0000000758200000, 0x0000000758200000|100%| E|CS|TAMS 0x0000000758000000, 0x0000000758000000| Complete 

Card table byte_map: [0x00000234f5830000,0x00000234f5e20000] _byte_map_base: 0x00000234f1e14000

Marking Bits (Prev, Next): (CMBitMap*) 0x00000234de47dcc0, (CMBitMap*) 0x00000234de47dd00
 Prev Bits: [0x00000234f6410000, 0x00000234f9330000)
 Next Bits: [0x00000234f9330000, 0x00000234fc250000)

Polling page: 0x00000234dc350000

Metaspace:

Usage:
  Non-class:     17.54 MB used.
      Class:      2.12 MB used.
       Both:     19.65 MB used.

Virtual space:
  Non-class space:       64.00 MB reserved,      17.69 MB ( 28%) committed,  1 nodes.
      Class space:        1.00 GB reserved,       2.31 MB ( <1%) committed,  1 nodes.
             Both:        1.06 GB reserved,      20.00 MB (  2%) committed. 

Chunk freelists:
   Non-Class:  14.31 MB
       Class:  13.67 MB
        Both:  27.98 MB

MaxMetaspaceSize: unlimited
CompressedClassSpaceSize: 1.00 GB
Initial GC threshold: 21.00 MB
Current GC threshold: 21.00 MB
CDS: on
MetaspaceReclaimPolicy: balanced
 - commit_granule_bytes: 65536.
 - commit_granule_words: 8192.
 - virtual_space_node_default_size: 8388608.
 - enlarge_chunks_in_place: 1.
 - new_chunks_are_fully_committed: 0.
 - uncommit_free_chunks: 1.
 - use_allocation_guard: 0.
 - handle_deallocations: 1.


Internal statistics:

num_allocs_failed_limit: 0.
num_arena_births: 352.
num_arena_deaths: 0.
num_vsnodes_births: 2.
num_vsnodes_deaths: 0.
num_space_committed: 320.
num_space_uncommitted: 0.
num_chunks_returned_to_freelist: 0.
num_chunks_taken_from_freelist: 654.
num_chunk_merges: 0.
num_chunk_splits: 366.
num_chunks_enlarged: 165.
num_inconsistent_stats: 0.

CodeHeap 'non-profiled nmethods': size=120000Kb used=2126Kb max_used=2126Kb free=117873Kb
 bounds [0x00000234ed9e0000, 0x00000234edc50000, 0x00000234f4f10000]
CodeHeap 'profiled nmethods': size=120000Kb used=9592Kb max_used=9592Kb free=110407Kb
 bounds [0x00000234e5f10000, 0x00000234e6870000, 0x00000234ed440000]
CodeHeap 'non-nmethods': size=5760Kb used=1385Kb max_used=1449Kb free=4374Kb
 bounds [0x00000234ed440000, 0x00000234ed6b0000, 0x00000234ed9e0000]
 total_blobs=5324 nmethods=4583 adapters=651
 compilation: enabled
              stopped_count=0, restarted_count=0
 full_count=0

Compilation events (20 events):
Event: 9.250 Thread 0x00000234fec9d0d0 4575  s    4       sun.java2d.loops.GraphicsPrimitiveMgr::locatePrim (95 bytes)
Event: 9.260 Thread 0x00000234fec9d0d0 nmethod 4575 0x00000234edbef190 code [0x00000234edbef340, 0x00000234edbefbd8]
Event: 9.260 Thread 0x00000234fec9d0d0 4576       4       com.google.zxing.common.BitMatrix::rotate180 (98 bytes)
Event: 9.352 Thread 0x00000234fec9d0d0 nmethod 4576 0x00000234edbf0210 code [0x00000234edbf0400, 0x00000234edbf25b8]
Event: 9.497 Thread 0x00000234fec9fb90 4577   !   3       javax.swing.ImageIcon::getNextID (24 bytes)
Event: 9.498 Thread 0x00000234fec9fb90 nmethod 4577 0x00000234e686b510 code [0x00000234e686b6c0, 0x00000234e686b888]
Event: 9.498 Thread 0x00000234fec9fb90 4578   !   3       javax.swing.ImageIcon::loadImage (98 bytes)
Event: 9.499 Thread 0x00000234fec9fb90 nmethod 4578 0x00000234e686b990 code [0x00000234e686bc40, 0x00000234e686c958]
Event: 9.499 Thread 0x00000234fec9fb90 4579       3       java.awt.MediaTracker::statusID (8 bytes)
Event: 9.499 Thread 0x00000234fec9fb90 nmethod 4579 0x00000234e686d010 code [0x00000234e686d1a0, 0x00000234e686d2e8]
Event: 9.499 Thread 0x00000234fec9fb90 4580  s    3       java.awt.MediaTracker::removeImage (26 bytes)
Event: 9.499 Thread 0x00000234fec9fb90 nmethod 4580 0x00000234e686d390 code [0x00000234e686d580, 0x00000234e686db98]
Event: 9.683 Thread 0x00000234fec9d0d0 4581       4       com.google.zxing.pdf417.detector.Detector::copyToResult (23 bytes)
Event: 9.687 Thread 0x00000234fec9d0d0 nmethod 4581 0x00000234edbf2f10 code [0x00000234edbf30a0, 0x00000234edbf3338]
Event: 9.779 Thread 0x00000234fec9fb90 4582       3       java.util.concurrent.ConcurrentHashMap::containsKey (14 bytes)
Event: 9.779 Thread 0x00000234fec9fb90 nmethod 4582 0x00000234e686dd10 code [0x00000234e686dec0, 0x00000234e686e068]
Event: 9.779 Thread 0x00000234fec9d0d0 4583       4       java.util.Collections$3::hasMoreElements (10 bytes)
Event: 9.779 Thread 0x00000234fec9fb90 4584       1       java.util.concurrent.CopyOnWriteArrayList::getArray (5 bytes)
Event: 9.780 Thread 0x00000234fec9fb90 nmethod 4584 0x00000234edbf3490 code [0x00000234edbf3620, 0x00000234edbf36f8]
Event: 9.780 Thread 0x00000234fec9d0d0 nmethod 4583 0x00000234edbf3790 code [0x00000234edbf3920, 0x00000234edbf39f8]

GC Heap History (20 events):
Event: 7.630 GC heap before
{Heap before GC invocations=19 (full 0):
 garbage-first heap   total 337920K, used 252032K [0x0000000743800000, 0x0000000800000000)
  region size 2048K, 99 young (202752K), 7 survivors (14336K)
 Metaspace       used 19806K, committed 20224K, reserved 1114112K
  class space    used 2164K, committed 2368K, reserved 1048576K
}
Event: 7.635 GC heap after
{Heap after GC invocations=20 (full 0):
 garbage-first heap   total 337920K, used 61127K [0x0000000743800000, 0x0000000800000000)
  region size 2048K, 4 young (8192K), 4 survivors (8192K)
 Metaspace       used 19806K, committed 20224K, reserved 1114112K
  class space    used 2164K, committed 2368K, reserved 1048576K
}
Event: 7.867 GC heap before
{Heap before GC invocations=20 (full 0):
 garbage-first heap   total 337920K, used 253639K [0x0000000743800000, 0x0000000800000000)
  region size 2048K, 99 young (202752K), 4 survivors (8192K)
 Metaspace       used 19843K, committed 20224K, reserved 1114112K
  class space    used 2164K, committed 2368K, reserved 1048576K
}
Event: 7.870 GC heap after
{Heap after GC invocations=21 (full 0):
 garbage-first heap   total 337920K, used 61167K [0x0000000743800000, 0x0000000800000000)
  region size 2048K, 4 young (8192K), 4 survivors (8192K)
 Metaspace       used 19843K, committed 20224K, reserved 1114112K
  class space    used 2164K, committed 2368K, reserved 1048576K
}
Event: 8.122 GC heap before
{Heap before GC invocations=21 (full 0):
 garbage-first heap   total 337920K, used 253679K [0x0000000743800000, 0x0000000800000000)
  region size 2048K, 99 young (202752K), 4 survivors (8192K)
 Metaspace       used 19921K, committed 20288K, reserved 1114112K
  class space    used 2165K, committed 2368K, reserved 1048576K
}
Event: 8.125 GC heap after
{Heap after GC invocations=22 (full 0):
 garbage-first heap   total 337920K, used 62248K [0x0000000743800000, 0x0000000800000000)
  region size 2048K, 4 young (8192K), 4 survivors (8192K)
 Metaspace       used 19921K, committed 20288K, reserved 1114112K
  class space    used 2165K, committed 2368K, reserved 1048576K
}
Event: 8.354 GC heap before
{Heap before GC invocations=22 (full 0):
 garbage-first heap   total 337920K, used 254760K [0x0000000743800000, 0x0000000800000000)
  region size 2048K, 99 young (202752K), 4 survivors (8192K)
 Metaspace       used 20042K, committed 20416K, reserved 1114112K
  class space    used 2167K, committed 2368K, reserved 1048576K
}
Event: 8.356 GC heap after
{Heap after GC invocations=23 (full 0):
 garbage-first heap   total 337920K, used 61166K [0x0000000743800000, 0x0000000800000000)
  region size 2048K, 4 young (8192K), 4 survivors (8192K)
 Metaspace       used 20042K, committed 20416K, reserved 1114112K
  class space    used 2167K, committed 2368K, reserved 1048576K
}
Event: 8.588 GC heap before
{Heap before GC invocations=23 (full 0):
 garbage-first heap   total 337920K, used 253678K [0x0000000743800000, 0x0000000800000000)
  region size 2048K, 99 young (202752K), 4 survivors (8192K)
 Metaspace       used 20043K, committed 20416K, reserved 1114112K
  class space    used 2167K, committed 2368K, reserved 1048576K
}
Event: 8.591 GC heap after
{Heap after GC invocations=24 (full 0):
 garbage-first heap   total 337920K, used 61712K [0x0000000743800000, 0x0000000800000000)
  region size 2048K, 3 young (6144K), 3 survivors (6144K)
 Metaspace       used 20043K, committed 20416K, reserved 1114112K
  class space    used 2167K, committed 2368K, reserved 1048576K
}
Event: 8.822 GC heap before
{Heap before GC invocations=24 (full 0):
 garbage-first heap   total 337920K, used 256272K [0x0000000743800000, 0x0000000800000000)
  region size 2048K, 99 young (202752K), 3 survivors (6144K)
 Metaspace       used 20086K, committed 20480K, reserved 1114112K
  class space    used 2167K, committed 2368K, reserved 1048576K
}
Event: 8.824 GC heap after
{Heap after GC invocations=25 (full 0):
 garbage-first heap   total 337920K, used 61421K [0x0000000743800000, 0x0000000800000000)
  region size 2048K, 3 young (6144K), 3 survivors (6144K)
 Metaspace       used 20086K, committed 20480K, reserved 1114112K
  class space    used 2167K, committed 2368K, reserved 1048576K
}
Event: 9.062 GC heap before
{Heap before GC invocations=25 (full 0):
 garbage-first heap   total 337920K, used 255981K [0x0000000743800000, 0x0000000800000000)
  region size 2048K, 99 young (202752K), 3 survivors (6144K)
 Metaspace       used 20087K, committed 20480K, reserved 1114112K
  class space    used 2167K, committed 2368K, reserved 1048576K
}
Event: 9.063 GC heap after
{Heap after GC invocations=26 (full 0):
 garbage-first heap   total 337920K, used 62445K [0x0000000743800000, 0x0000000800000000)
  region size 2048K, 4 young (8192K), 4 survivors (8192K)
 Metaspace       used 20087K, committed 20480K, reserved 1114112K
  class space    used 2167K, committed 2368K, reserved 1048576K
}
Event: 9.299 GC heap before
{Heap before GC invocations=26 (full 0):
 garbage-first heap   total 337920K, used 254957K [0x0000000743800000, 0x0000000800000000)
  region size 2048K, 99 young (202752K), 4 survivors (8192K)
 Metaspace       used 20117K, committed 20480K, reserved 1114112K
  class space    used 2167K, committed 2368K, reserved 1048576K
}
Event: 9.300 GC heap after
{Heap after GC invocations=27 (full 0):
 garbage-first heap   total 337920K, used 62115K [0x0000000743800000, 0x0000000800000000)
  region size 2048K, 3 young (6144K), 3 survivors (6144K)
 Metaspace       used 20117K, committed 20480K, reserved 1114112K
  class space    used 2167K, committed 2368K, reserved 1048576K
}
Event: 9.543 GC heap before
{Heap before GC invocations=27 (full 0):
 garbage-first heap   total 337920K, used 256675K [0x0000000743800000, 0x0000000800000000)
  region size 2048K, 99 young (202752K), 3 survivors (6144K)
 Metaspace       used 20117K, committed 20480K, reserved 1114112K
  class space    used 2167K, committed 2368K, reserved 1048576K
}
Event: 9.544 GC heap after
{Heap after GC invocations=28 (full 0):
 garbage-first heap   total 337920K, used 59238K [0x0000000743800000, 0x0000000800000000)
  region size 2048K, 2 young (4096K), 2 survivors (4096K)
 Metaspace       used 20117K, committed 20480K, reserved 1114112K
  class space    used 2167K, committed 2368K, reserved 1048576K
}
Event: 9.792 GC heap before
{Heap before GC invocations=28 (full 0):
 garbage-first heap   total 337920K, used 255846K [0x0000000743800000, 0x0000000800000000)
  region size 2048K, 99 young (202752K), 2 survivors (4096K)
 Metaspace       used 20125K, committed 20480K, reserved 1114112K
  class space    used 2168K, committed 2368K, reserved 1048576K
}
Event: 9.793 GC heap after
{Heap after GC invocations=29 (full 0):
 garbage-first heap   total 337920K, used 61574K [0x0000000743800000, 0x0000000800000000)
  region size 2048K, 3 young (6144K), 3 survivors (6144K)
 Metaspace       used 20125K, committed 20480K, reserved 1114112K
  class space    used 2168K, committed 2368K, reserved 1048576K
}

Dll operation events (13 events):
Event: 0.008 Loaded shared library E:\jdk_new\jdk-17.0.8.7-hotspot\bin\java.dll
Event: 0.027 Loaded shared library E:\jdk_new\jdk-17.0.8.7-hotspot\bin\jsvml.dll
Event: 0.110 Loaded shared library E:\jdk_new\jdk-17.0.8.7-hotspot\bin\jimage.dll
Event: 0.115 Loaded shared library E:\jdk_new\jdk-17.0.8.7-hotspot\bin\net.dll
Event: 0.117 Loaded shared library E:\jdk_new\jdk-17.0.8.7-hotspot\bin\nio.dll
Event: 0.119 Loaded shared library E:\jdk_new\jdk-17.0.8.7-hotspot\bin\zip.dll
Event: 0.175 Loaded shared library E:\jdk_new\jdk-17.0.8.7-hotspot\bin\awt.dll
Event: 0.738 Loaded shared library E:\jdk_new\jdk-17.0.8.7-hotspot\bin\freetype.dll
Event: 0.739 Loaded shared library E:\jdk_new\jdk-17.0.8.7-hotspot\bin\fontmanager.dll
Event: 2.394 Loaded shared library E:\jdk_new\jdk-17.0.8.7-hotspot\bin\rmi.dll
Event: 2.627 Loaded shared library E:\Desktop\PhanTan\posshop_3\posshop\posshop_client\lib\opencv\x64\opencv_java341.dll
Event: 3.663 Loaded shared library E:\jdk_new\jdk-17.0.8.7-hotspot\bin\verify.dll
Event: 4.753 Loaded shared library E:\jdk_new\jdk-17.0.8.7-hotspot\bin\javajpeg.dll

Deoptimization events (20 events):
Event: 8.266 Thread 0x00000234fecb27d0 DEOPT PACKING pc=0x00000234edb731bc sp=0x000000d2e1efd020
Event: 8.266 Thread 0x00000234fecb27d0 DEOPT UNPACKING pc=0x00000234ed4969a3 sp=0x000000d2e1efcfc0 mode 2
Event: 9.251 Thread 0x00000234ff73c9c0 DEOPT PACKING pc=0x00000234e650f957 sp=0x000000d2e3bfeda0
Event: 9.251 Thread 0x00000234ff73c9c0 DEOPT UNPACKING pc=0x00000234ed497143 sp=0x000000d2e3bfe278 mode 0
Event: 9.779 Thread 0x00000234ff73ed30 Uncommon trap: trap_request=0xffffffde fr.pc=0x00000234edb6e904 relative=0x0000000000000084
Event: 9.779 Thread 0x00000234ff73ed30 Uncommon trap: reason=class_check action=maybe_recompile pc=0x00000234edb6e904 method=java.util.Collections$3.hasMoreElements()Z @ 4 c2
Event: 9.779 Thread 0x00000234ff73ed30 DEOPT PACKING pc=0x00000234edb6e904 sp=0x000000d2e41ff2a0
Event: 9.779 Thread 0x00000234ff73ed30 DEOPT UNPACKING pc=0x00000234ed4969a3 sp=0x000000d2e41ff230 mode 2
Event: 9.779 Thread 0x00000234ff73ed30 Uncommon trap: trap_request=0xffffffde fr.pc=0x00000234edb6e904 relative=0x0000000000000084
Event: 9.779 Thread 0x00000234ff73ed30 Uncommon trap: reason=class_check action=maybe_recompile pc=0x00000234edb6e904 method=java.util.Collections$3.hasMoreElements()Z @ 4 c2
Event: 9.779 Thread 0x00000234ff73ed30 DEOPT PACKING pc=0x00000234edb6e904 sp=0x000000d2e41ff2a0
Event: 9.779 Thread 0x00000234ff73ed30 DEOPT UNPACKING pc=0x00000234ed4969a3 sp=0x000000d2e41ff230 mode 2
Event: 9.779 Thread 0x00000234ff73ed30 Uncommon trap: trap_request=0xffffffde fr.pc=0x00000234edb6e904 relative=0x0000000000000084
Event: 9.779 Thread 0x00000234ff73ed30 Uncommon trap: reason=class_check action=maybe_recompile pc=0x00000234edb6e904 method=java.util.Collections$3.hasMoreElements()Z @ 4 c2
Event: 9.779 Thread 0x00000234ff73ed30 DEOPT PACKING pc=0x00000234edb6e904 sp=0x000000d2e41ff2a0
Event: 9.779 Thread 0x00000234ff73ed30 DEOPT UNPACKING pc=0x00000234ed4969a3 sp=0x000000d2e41ff230 mode 2
Event: 9.779 Thread 0x00000234ff73ed30 Uncommon trap: trap_request=0xffffffde fr.pc=0x00000234edb6e904 relative=0x0000000000000084
Event: 9.779 Thread 0x00000234ff73ed30 Uncommon trap: reason=class_check action=maybe_recompile pc=0x00000234edb6e904 method=java.util.Collections$3.hasMoreElements()Z @ 4 c2
Event: 9.779 Thread 0x00000234ff73ed30 DEOPT PACKING pc=0x00000234edb6e904 sp=0x000000d2e41ff2a0
Event: 9.779 Thread 0x00000234ff73ed30 DEOPT UNPACKING pc=0x00000234ed4969a3 sp=0x000000d2e41ff230 mode 2

Classes unloaded (0 events):
No events

Classes redefined (0 events):
No events

Internal exceptions (20 events):
Event: 0.352 Thread 0x00000234fecb27d0 Exception <a 'java/lang/NoSuchMethodError'{0x000000074ed748b8}: 'java.lang.Object java.lang.invoke.DirectMethodHandle$Holder.invokeStaticInit(java.lang.Object, java.lang.Object, int, int, int, int)'> (0x000000074ed748b8) 
thrown [s\src\hotspot\share\interpreter\linkResolver.cpp, line 759]
Event: 0.460 Thread 0x00000234fecb27d0 Implicit null exception at 0x00000234eda1a08c to 0x00000234eda1a370
Event: 0.645 Thread 0x00000234fecb3c10 Implicit null exception at 0x00000234eda16d52 to 0x00000234eda172cc
Event: 0.678 Thread 0x00000234fecb3c10 Exception <a 'java/lang/NoSuchMethodError'{0x000000074e37dd10}: 'java.lang.Object java.lang.invoke.DirectMethodHandle$Holder.newInvokeSpecial(java.lang.Object, java.lang.Object, java.lang.Object, int, int, int, int, int)'> (0x000000074e37dd10) 
thrown [s\src\hotspot\share\interpreter\linkResolver.cpp, line 759]
Event: 0.777 Thread 0x00000234fecb4b40 Exception <a 'java/lang/NoSuchMethodError'{0x000000074f1f1a58}: 'void java.lang.invoke.DirectMethodHandle$Holder.invokeVirtual(java.lang.Object, java.lang.Object)'> (0x000000074f1f1a58) 
thrown [s\src\hotspot\share\interpreter\linkResolver.cpp, line 759]
Event: 0.788 Thread 0x00000234fecb27d0 Exception <a 'java/lang/NoSuchMethodError'{0x000000074e1a24b8}: 'void java.lang.invoke.DirectMethodHandle$Holder.invokeStaticInit(java.lang.Object)'> (0x000000074e1a24b8) 
thrown [s\src\hotspot\share\interpreter\linkResolver.cpp, line 759]
Event: 2.346 Thread 0x00000234fecb27d0 Exception <a 'java/lang/NoSuchMethodError'{0x000000074f46a2a8}: 'void java.lang.invoke.DirectMethodHandle$Holder.invokeStatic(java.lang.Object, java.lang.Object)'> (0x000000074f46a2a8) 
thrown [s\src\hotspot\share\interpreter\linkResolver.cpp, line 759]
Event: 2.393 Thread 0x00000234fecb27d0 Exception <a 'java/lang/NoSuchMethodError'{0x000000074f2742f0}: 'java.lang.Object java.lang.invoke.Invokers$Holder.linkToTargetMethod(java.lang.Object, int, java.lang.Object, java.lang.Object, java.lang.Object)'> (0x000000074f2742f0) 
thrown [s\src\hotspot\share\interpreter\linkResolver.cpp, line 759]
Event: 2.397 Thread 0x00000234fecb27d0 Exception <a 'java/lang/NoSuchMethodError'{0x000000074f2aa208}: static [Ljava/rmi/server/ObjID;.<clinit>()V> (0x000000074f2aa208) 
thrown [s\src\hotspot\share\prims\jni.cpp, line 1107]
Event: 2.400 Thread 0x00000234fecb27d0 Exception <a 'java/lang/NoSuchMethodError'{0x000000074f2c9a78}: static [B.<clinit>()V> (0x000000074f2c9a78) 
thrown [s\src\hotspot\share\prims\jni.cpp, line 1107]
Event: 2.402 Thread 0x00000234fecb22c0 Exception <a 'java/lang/InterruptedException'{0x000000074f3213e0}> (0x000000074f3213e0) 
thrown [s\src\hotspot\share\runtime\objectMonitor.cpp, line 1658]
Event: 2.402 Thread 0x00000234fecb22c0 Exception <a 'java/lang/NoSuchMethodError'{0x000000074f322840}: 'java.lang.Object java.lang.invoke.DirectMethodHandle$Holder.invokeSpecial(java.lang.Object, java.lang.Object, int, java.lang.Object, long)'> (0x000000074f322840) 
thrown [s\src\hotspot\share\interpreter\linkResolver.cpp, line 759]
Event: 2.403 Thread 0x00000234fecb22c0 Exception <a 'java/lang/NoSuchMethodError'{0x000000074f329f10}: 'java.lang.Object java.lang.invoke.DirectMethodHandle$Holder.newInvokeSpecial(java.lang.Object, java.lang.Object, int, java.lang.Object, long)'> (0x000000074f329f10) 
thrown [s\src\hotspot\share\interpreter\linkResolver.cpp, line 759]
Event: 2.467 Thread 0x00000234fecb27d0 Exception <a 'java/lang/NoSuchMethodError'{0x000000074f111430}: 'java.lang.Object java.lang.invoke.DirectMethodHandle$Holder.invokeStatic(java.lang.Object, java.lang.Object, int)'> (0x000000074f111430) 
thrown [s\src\hotspot\share\interpreter\linkResolver.cpp, line 759]
Event: 2.468 Thread 0x00000234fecb27d0 Exception <a 'java/lang/NoSuchMethodError'{0x000000074f11ce70}: 'void java.lang.invoke.DelegatingMethodHandle$Holder.delegate(java.lang.Object, java.lang.Object, int, java.lang.Object)'> (0x000000074f11ce70) 
thrown [s\src\hotspot\share\interpreter\linkResolver.cpp, line 759]
Event: 2.468 Thread 0x00000234fecb27d0 Exception <a 'java/lang/NoSuchMethodError'{0x000000074f1214d8}: 'int java.lang.invoke.DirectMethodHandle$Holder.invokeSpecial(java.lang.Object, java.lang.Object, java.lang.Object)'> (0x000000074f1214d8) 
thrown [s\src\hotspot\share\interpreter\linkResolver.cpp, line 759]
Event: 2.471 Thread 0x00000234fecb27d0 Exception <a 'java/lang/NoSuchMethodError'{0x000000074f142ac8}: static Ljava/lang/Object;.<clinit>()V> (0x000000074f142ac8) 
thrown [s\src\hotspot\share\prims\jni.cpp, line 1107]
Event: 2.628 Thread 0x00000234fecb27d0 Exception <a 'java/lang/NoSuchMethodError'{0x000000074ee5a5e0}: 'void java.lang.invoke.DirectMethodHandle$Holder.invokeStatic(java.lang.Object, java.lang.Object, java.lang.Object)'> (0x000000074ee5a5e0) 
thrown [s\src\hotspot\share\interpreter\linkResolver.cpp, line 759]
Event: 4.670 Thread 0x00000234fecb27d0 Implicit null exception at 0x00000234edb03b6f to 0x00000234edb04128
Event: 4.725 Thread 0x00000234fecb3c10 Implicit null exception at 0x00000234edb08a01 to 0x00000234edb08e98

VM Operations (20 events):
Event: 7.870 Executing VM operation: G1CollectForAllocation done
Event: 8.121 Executing VM operation: G1CollectForAllocation
Event: 8.125 Executing VM operation: G1CollectForAllocation done
Event: 8.258 Executing VM operation: HandshakeAllThreads
Event: 8.258 Executing VM operation: HandshakeAllThreads done
Event: 8.354 Executing VM operation: G1CollectForAllocation
Event: 8.356 Executing VM operation: G1CollectForAllocation done
Event: 8.588 Executing VM operation: G1CollectForAllocation
Event: 8.591 Executing VM operation: G1CollectForAllocation done
Event: 8.822 Executing VM operation: G1CollectForAllocation
Event: 8.824 Executing VM operation: G1CollectForAllocation done
Event: 9.062 Executing VM operation: G1CollectForAllocation
Event: 9.063 Executing VM operation: G1CollectForAllocation done
Event: 9.299 Executing VM operation: G1CollectForAllocation
Event: 9.300 Executing VM operation: G1CollectForAllocation done
Event: 9.543 Executing VM operation: G1CollectForAllocation
Event: 9.544 Executing VM operation: G1CollectForAllocation done
Event: 9.791 Executing VM operation: G1CollectForAllocation
Event: 9.793 Executing VM operation: G1CollectForAllocation done
Event: 9.881 Executing VM operation: Exit

Events (20 events):
Event: 8.253 loading class java/awt/image/RGBImageFilter
Event: 8.253 loading class java/awt/image/RGBImageFilter done
Event: 8.253 loading class javax/swing/plaf/metal/MetalUtils$OceanDisabledButtonImageFilter done
Event: 8.254 loading class sun/swing/ImageIconUIResource
Event: 8.257 loading class sun/swing/ImageIconUIResource done
Event: 8.266 Thread 0x00000234c8d25d60 Thread added: 0x00000234c8d25d60
Event: 8.997 Thread 0x00000234c8d25d60 Thread exited: 0x00000234c8d25d60
Event: 9.779 Thread 0x00000234ff73e820 Thread added: 0x00000234ff73e820
Event: 9.779 Thread 0x00000234ff73ed30 Thread added: 0x00000234ff73ed30
Event: 9.779 Thread 0x00000234ff73ced0 Thread added: 0x00000234ff73ced0
Event: 9.779 Thread 0x00000234ff7415b0 Thread added: 0x00000234ff7415b0
Event: 9.779 Thread 0x00000234ff73e820 Thread exited: 0x00000234ff73e820
Event: 9.779 loading class java/util/WeakHashMap$KeyIterator
Event: 9.779 loading class java/util/WeakHashMap$HashIterator
Event: 9.779 loading class java/util/WeakHashMap$HashIterator done
Event: 9.779 loading class java/util/WeakHashMap$KeyIterator done
Event: 9.779 Thread 0x00000234ff73ed30 Thread exited: 0x00000234ff73ed30
Event: 9.779 Thread 0x00000234ff7415b0 Thread exited: 0x00000234ff7415b0
Event: 9.797 Thread 0x00000234fecb4b40 Thread exited: 0x00000234fecb4b40
Event: 9.880 Thread 0x00000234ff73ced0 Thread exited: 0x00000234ff73ced0


Dynamic libraries:
0x00007ff7a2040000 - 0x00007ff7a204e000 	E:\jdk_new\jdk-17.0.8.7-hotspot\bin\javaw.exe
0x00007ffce1b90000 - 0x00007ffce1d88000 	C:\WINDOWS\SYSTEM32\ntdll.dll
0x00007ffce16c0000 - 0x00007ffce177d000 	C:\WINDOWS\System32\KERNEL32.DLL
0x00007ffcdf6f0000 - 0x00007ffcdf9e6000 	C:\WINDOWS\System32\KERNELBASE.dll
0x00007ffcdfa20000 - 0x00007ffcdfb20000 	C:\WINDOWS\System32\ucrtbase.dll
0x00007ffcd4c60000 - 0x00007ffcd4c79000 	E:\jdk_new\jdk-17.0.8.7-hotspot\bin\VCRUNTIME140.dll
0x00007ffccab10000 - 0x00007ffccab27000 	E:\jdk_new\jdk-17.0.8.7-hotspot\bin\jli.dll
0x00007ffce0390000 - 0x00007ffce052f000 	C:\WINDOWS\System32\USER32.dll
0x00007ffcdf240000 - 0x00007ffcdf262000 	C:\WINDOWS\System32\win32u.dll
0x00007ffcc6be0000 - 0x00007ffcc6e7a000 	C:\WINDOWS\WinSxS\amd64_microsoft.windows.common-controls_6595b64144ccf1df_6.0.19041.3636_none_60b6a03d71f818d5\COMCTL32.dll
0x00007ffce0530000 - 0x00007ffce055b000 	C:\WINDOWS\System32\GDI32.dll
0x00007ffce05d0000 - 0x00007ffce066e000 	C:\WINDOWS\System32\msvcrt.dll
0x00007ffcdf520000 - 0x00007ffcdf637000 	C:\WINDOWS\System32\gdi32full.dll
0x00007ffcdfb20000 - 0x00007ffcdfbbd000 	C:\WINDOWS\System32\msvcp_win.dll
0x00007ffce0690000 - 0x00007ffce06c2000 	C:\WINDOWS\System32\IMM32.DLL
0x00007ffcd5b40000 - 0x00007ffcd5b4c000 	E:\jdk_new\jdk-17.0.8.7-hotspot\bin\vcruntime140_1.dll
0x00007ffcd48d0000 - 0x00007ffcd4961000 	E:\jdk_new\jdk-17.0.8.7-hotspot\bin\msvcp140.dll
0x00007ffc5a680000 - 0x00007ffc5b2cc000 	E:\jdk_new\jdk-17.0.8.7-hotspot\bin\server\jvm.dll
0x00007ffce1580000 - 0x00007ffce1630000 	C:\WINDOWS\System32\ADVAPI32.dll
0x00007ffce0750000 - 0x00007ffce07f0000 	C:\WINDOWS\System32\sechost.dll
0x00007ffce07f0000 - 0x00007ffce0913000 	C:\WINDOWS\System32\RPCRT4.dll
0x00007ffcdf9f0000 - 0x00007ffcdfa17000 	C:\WINDOWS\System32\bcrypt.dll
0x00007ffcde780000 - 0x00007ffcde7cb000 	C:\WINDOWS\SYSTEM32\POWRPROF.dll
0x00007ffcd3880000 - 0x00007ffcd3889000 	C:\WINDOWS\SYSTEM32\WSOCK32.dll
0x00007ffcd8aa0000 - 0x00007ffcd8ac7000 	C:\WINDOWS\SYSTEM32\WINMM.dll
0x00007ffce06d0000 - 0x00007ffce073b000 	C:\WINDOWS\System32\WS2_32.dll
0x00007ffcd1df0000 - 0x00007ffcd1dfa000 	C:\WINDOWS\SYSTEM32\VERSION.dll
0x00007ffcde640000 - 0x00007ffcde652000 	C:\WINDOWS\SYSTEM32\UMPDC.dll
0x00007ffcdddd0000 - 0x00007ffcddde2000 	C:\WINDOWS\SYSTEM32\kernel.appcore.dll
0x00007ffcd5b70000 - 0x00007ffcd5b7a000 	E:\jdk_new\jdk-17.0.8.7-hotspot\bin\jimage.dll
0x00007ffcdd6f0000 - 0x00007ffcdd8d4000 	C:\WINDOWS\SYSTEM32\DBGHELP.DLL
0x00007ffccb4b0000 - 0x00007ffccb4e4000 	C:\WINDOWS\SYSTEM32\dbgcore.DLL
0x00007ffcdf2c0000 - 0x00007ffcdf342000 	C:\WINDOWS\System32\bcryptPrimitives.dll
0x00007ffcaeb30000 - 0x00007ffcaeb55000 	E:\jdk_new\jdk-17.0.8.7-hotspot\bin\java.dll
0x00007ffc98870000 - 0x00007ffc98946000 	E:\jdk_new\jdk-17.0.8.7-hotspot\bin\jsvml.dll
0x00007ffcdfc20000 - 0x00007ffce038b000 	C:\WINDOWS\System32\SHELL32.dll
0x00007ffcdcdf0000 - 0x00007ffcdd58e000 	C:\WINDOWS\SYSTEM32\windows.storage.dll
0x00007ffce0df0000 - 0x00007ffce1143000 	C:\WINDOWS\System32\combase.dll
0x00007ffcdec70000 - 0x00007ffcdec9e000 	C:\WINDOWS\SYSTEM32\Wldp.dll
0x00007ffce1960000 - 0x00007ffce1a2d000 	C:\WINDOWS\System32\OLEAUT32.dll
0x00007ffce1aa0000 - 0x00007ffce1b4d000 	C:\WINDOWS\System32\SHCORE.dll
0x00007ffce1a30000 - 0x00007ffce1a85000 	C:\WINDOWS\System32\shlwapi.dll
0x00007ffcdf170000 - 0x00007ffcdf193000 	C:\WINDOWS\SYSTEM32\profapi.dll
0x00007ffca14c0000 - 0x00007ffca14d9000 	E:\jdk_new\jdk-17.0.8.7-hotspot\bin\net.dll
0x00007ffcd8650000 - 0x00007ffcd875a000 	C:\WINDOWS\SYSTEM32\WINHTTP.dll
0x00007ffcde9d0000 - 0x00007ffcdea3a000 	C:\WINDOWS\system32\mswsock.dll
0x00007ffca0830000 - 0x00007ffca0845000 	E:\jdk_new\jdk-17.0.8.7-hotspot\bin\nio.dll
0x00007ffcacae0000 - 0x00007ffcacaf8000 	E:\jdk_new\jdk-17.0.8.7-hotspot\bin\zip.dll
0x00007ffc9b870000 - 0x00007ffc9b9fe000 	E:\jdk_new\jdk-17.0.8.7-hotspot\bin\awt.dll
0x00007ffcd7f60000 - 0x00007ffcd7ff0000 	C:\WINDOWS\SYSTEM32\apphelp.dll
0x00007ffcd8050000 - 0x00007ffcd80ee000 	C:\WINDOWS\system32\uxtheme.dll
0x00007ffce1460000 - 0x00007ffce1575000 	C:\WINDOWS\System32\MSCTF.dll
0x00007ffce1830000 - 0x00007ffce195b000 	C:\WINDOWS\System32\ole32.dll
0x00007ffcdc800000 - 0x00007ffcdc82f000 	C:\WINDOWS\system32\DWMAPI.DLL
0x00007ffcbd900000 - 0x00007ffcbda25000 	C:\WINDOWS\system32\opengl32.dll
0x00007ffcbeb60000 - 0x00007ffcbeb8c000 	C:\WINDOWS\SYSTEM32\GLU32.dll
0x00007ffcdebc0000 - 0x00007ffcdebd8000 	C:\WINDOWS\SYSTEM32\CRYPTSP.dll
0x00007ffcde280000 - 0x00007ffcde2b4000 	C:\WINDOWS\system32\rsaenh.dll
0x00007ffcdf0f0000 - 0x00007ffcdf11e000 	C:\WINDOWS\SYSTEM32\USERENV.dll
0x00007ffcdebe0000 - 0x00007ffcdebec000 	C:\WINDOWS\SYSTEM32\CRYPTBASE.dll
0x00007ffcde660000 - 0x00007ffcde69b000 	C:\WINDOWS\SYSTEM32\IPHLPAPI.DLL
0x00007ffce1a90000 - 0x00007ffce1a98000 	C:\WINDOWS\System32\NSI.dll
0x00007ffcd2a80000 - 0x00007ffcd2a97000 	C:\WINDOWS\SYSTEM32\dhcpcsvc6.DLL
0x00007ffcd2a60000 - 0x00007ffcd2a7d000 	C:\WINDOWS\SYSTEM32\dhcpcsvc.DLL
0x00007ffcde6a0000 - 0x00007ffcde76b000 	C:\WINDOWS\SYSTEM32\DNSAPI.dll
0x00007ffcae100000 - 0x00007ffcae117000 	C:\WINDOWS\system32\napinsp.dll
0x00007ffcb0700000 - 0x00007ffcb071b000 	C:\WINDOWS\system32\pnrpnsp.dll
0x00007ffcd5c00000 - 0x00007ffcd5c15000 	C:\WINDOWS\system32\wshbth.dll
0x00007ffcd6120000 - 0x00007ffcd613d000 	C:\WINDOWS\system32\NLAapi.dll
0x00007ffcb06e0000 - 0x00007ffcb06f2000 	C:\WINDOWS\System32\winrnr.dll
0x00000000614e0000 - 0x0000000061506000 	C:\Program Files\Bonjour\mdnsNSP.dll
0x00007ffcd2b00000 - 0x00007ffcd2b0a000 	C:\Windows\System32\rasadhlp.dll
0x00007ffcd07d0000 - 0x00007ffcd0850000 	C:\WINDOWS\System32\fwpuclnt.dll
0x00007ffccab90000 - 0x00007ffccac16000 	E:\jdk_new\jdk-17.0.8.7-hotspot\bin\freetype.dll
0x00007ffc6c940000 - 0x00007ffc6ca13000 	E:\jdk_new\jdk-17.0.8.7-hotspot\bin\fontmanager.dll
0x00007ffce1780000 - 0x00007ffce1829000 	C:\WINDOWS\System32\clbcatq.dll
0x00007ffcd3cf0000 - 0x00007ffcd3ea4000 	C:\WINDOWS\SYSTEM32\WindowsCodecs.dll
0x00007ffcaeaf0000 - 0x00007ffcaeb2e000 	C:\WINDOWS\system32\dataexchange.dll
0x00007ffcd71f0000 - 0x00007ffcd7453000 	C:\WINDOWS\system32\d3d11.dll
0x00007ffcd7460000 - 0x00007ffcd7645000 	C:\WINDOWS\system32\dcomp.dll
0x00007ffcddab0000 - 0x00007ffcddba3000 	C:\WINDOWS\system32\dxgi.dll
0x00007ffcd8430000 - 0x00007ffcd8633000 	C:\WINDOWS\system32\twinapi.appcore.dll
0x00007ffcbe890000 - 0x00007ffcbe989000 	C:\WINDOWS\SYSTEM32\textinputframework.dll
0x00007ffcd7650000 - 0x00007ffcd79ab000 	C:\WINDOWS\System32\CoreUIComponents.dll
0x00007ffcd7d30000 - 0x00007ffcd7e22000 	C:\WINDOWS\System32\CoreMessaging.dll
0x00007ffcd8cd0000 - 0x00007ffcd8e27000 	C:\WINDOWS\SYSTEM32\wintypes.dll
0x00007ffcde3a0000 - 0x00007ffcde3d3000 	C:\WINDOWS\SYSTEM32\ntmarta.dll
0x0000000180000000 - 0x0000000180054000 	C:\Program Files\UniKey\UKHook40.dll
0x00007ffcd4ca0000 - 0x00007ffcd4ca7000 	E:\jdk_new\jdk-17.0.8.7-hotspot\bin\rmi.dll
0x00007ffc3c620000 - 0x00007ffc3f2f2000 	E:\Desktop\PhanTan\posshop_3\posshop\posshop_client\lib\opencv\x64\opencv_java341.dll
0x00007ffcd4760000 - 0x00007ffcd4779000 	C:\WINDOWS\SYSTEM32\AVICAP32.dll
0x00007ffccab60000 - 0x00007ffccab81000 	C:\WINDOWS\SYSTEM32\AVIFIL32.dll
0x00007ffccab30000 - 0x00007ffccab5b000 	C:\WINDOWS\SYSTEM32\MSVFW32.dll
0x00007ffcc8f20000 - 0x00007ffcc8f3e000 	C:\WINDOWS\SYSTEM32\MSACM32.dll
0x00007ffcb3a00000 - 0x00007ffcb3a26000 	C:\WINDOWS\SYSTEM32\winmmbase.dll
0x00007ffcaeb90000 - 0x00007ffcaebad000 	C:\Windows\System32\devenum.dll
0x00007ffcdf270000 - 0x00007ffcdf2be000 	C:\WINDOWS\System32\CFGMGR32.dll
0x00007ffce0920000 - 0x00007ffce0d8e000 	C:\WINDOWS\System32\setupapi.dll
0x00007ffcdefd0000 - 0x00007ffcdf003000 	C:\WINDOWS\SYSTEM32\DEVOBJ.dll
0x00007ffcdf350000 - 0x00007ffcdf3b7000 	C:\WINDOWS\System32\WINTRUST.dll
0x00007ffcdf3c0000 - 0x00007ffcdf51e000 	C:\WINDOWS\System32\CRYPT32.dll
0x00007ffcdee00000 - 0x00007ffcdee12000 	C:\WINDOWS\SYSTEM32\MSASN1.dll
0x00007ffc98f00000 - 0x00007ffc98f50000 	C:\Windows\System32\ksproxy.ax
0x00007ffc6c750000 - 0x00007ffc6c91d000 	C:\Windows\System32\d3d9.dll
0x00007ffcd45f0000 - 0x00007ffcd45f9000 	C:\Windows\System32\ksuser.dll
0x00007ffcd6140000 - 0x00007ffcd61e1000 	C:\WINDOWS\SYSTEM32\policymanager.dll
0x00007ffcde310000 - 0x00007ffcde39a000 	C:\Windows\System32\msvcp110_win.dll
0x00007ffcd6780000 - 0x00007ffcd678b000 	C:\WINDOWS\SYSTEM32\msdmo.dll
0x00007ffc9b830000 - 0x00007ffc9b866000 	C:\Windows\System32\qcap.dll
0x00007ffc66990000 - 0x00007ffc66b60000 	C:\Windows\System32\quartz.dll
0x00007ffc6ec60000 - 0x00007ffc6ecad000 	C:\Windows\System32\mfksproxy.dll
0x00007ffcd57f0000 - 0x00007ffcd580d000 	C:\Windows\System32\ATL.DLL
0x00007ffcd3ee0000 - 0x00007ffcd409b000 	C:\Windows\System32\MFPlat.DLL
0x00007ffcd3ad0000 - 0x00007ffcd3b04000 	C:\Windows\System32\RTWorkQ.DLL
0x00007ffc6f5f0000 - 0x00007ffc6f657000 	C:\Windows\System32\MFSENSORGROUP.dll
0x00007ffc55c60000 - 0x00007ffc560ee000 	C:\Windows\System32\MFCORE.dll
0x00007ffc6c510000 - 0x00007ffc6c57c000 	C:\Windows\System32\FrameServerClient.dll
0x00007ffcd4450000 - 0x00007ffcd445a000 	C:\Windows\System32\AVRT.dll
0x00007ffc98760000 - 0x00007ffc9886a000 	C:\Windows\System32\MFReadWrite.dll
0x00007ffc681b0000 - 0x00007ffc68258000 	C:\Windows\System32\qedit.dll
0x00007ffce1380000 - 0x00007ffce145a000 	C:\WINDOWS\System32\COMDLG32.dll
0x00007ffcc6e80000 - 0x00007ffcc7027000 	C:\WINDOWS\WinSxS\amd64_microsoft.windows.gdiplus_6595b64144ccf1df_1.1.19041.3996_none_91a79472cc852ba0\gdiplus.dll
0x00007ffcb5900000 - 0x00007ffcb59fb000 	C:\Windows\System32\DDRAW.dll
0x00007ffcca8b0000 - 0x00007ffcca8b9000 	C:\Windows\System32\DCIMAN32.dll
0x00007ffcd0f10000 - 0x00007ffcd0f4b000 	C:\WINDOWS\SYSTEM32\dxcore.dll
0x00007ffcd4970000 - 0x00007ffcd4980000 	E:\jdk_new\jdk-17.0.8.7-hotspot\bin\verify.dll
0x00007ffc9a090000 - 0x00007ffc9a0bd000 	E:\jdk_new\jdk-17.0.8.7-hotspot\bin\javajpeg.dll

dbghelp: loaded successfully - version: 4.0.5 - missing functions: none
symbol engine: initialized successfully - sym options: 0x614 - pdb path: .;E:\jdk_new\jdk-17.0.8.7-hotspot\bin;C:\WINDOWS\SYSTEM32;C:\WINDOWS\WinSxS\amd64_microsoft.windows.common-controls_6595b64144ccf1df_6.0.19041.3636_none_60b6a03d71f818d5;E:\jdk_new\jdk-17.0.8.7-hotspot\bin\server;C:\Program Files\Bonjour;C:\Program Files\UniKey;E:\Desktop\PhanTan\posshop_3\posshop\posshop_client\lib\opencv\x64;C:\WINDOWS\WinSxS\amd64_microsoft.windows.gdiplus_6595b64144ccf1df_1.1.19041.3996_none_91a79472cc852ba0

VM Arguments:
jvm_args: -Djava.library.path=E:\Desktop\PhanTan\posshop_3\posshop\posshop_client\lib\opencv\x64 -Dfile.encoding=UTF-8 -Dstdout.encoding=UTF-8 -Dstderr.encoding=UTF-8 -XX:+ShowCodeDetailsInExceptionMessages 
java_command: main.Login
java_class_path (initial): E:\Desktop\PhanTan\posshop_3\posshop\posshop_client\target\classes;E:\Desktop\PhanTan\posshop_3\posshop\posshop_client\lib\opencv\opencv-341.jar;E:\Desktop\PhanTan\posshop_3\posshop\posshop_client\lib\libs.jar;E:\Desktop\PhanTan\posshop_3\posshop\posshop_client\lib\itext\commons-logging-1.2.jar;E:\Desktop\PhanTan\posshop_3\posshop\posshop_client\lib\itext\fontbox-2.0.30.jar;E:\Desktop\PhanTan\posshop_3\posshop\posshop_client\lib\itext\itextpdf-5.5.9.jar;E:\Desktop\PhanTan\posshop_3\posshop\posshop_client\lib\itext\pdfbox-2.0.30.jar;E:\Desktop\PhanTan\posshop_3\posshop\posshop_client\lib\itext\xmlworker-5.5.13.3.jar;C:\Users\DELL VOTRO\.m2\repository\jakarta\persistence\jakarta.persistence-api\3.1.0\jakarta.persistence-api-3.1.0.jar;C:\Users\DELL VOTRO\.m2\repository\org\hibernate\orm\hibernate-core\6.4.4.Final\hibernate-core-6.4.4.Final.jar;C:\Users\DELL VOTRO\.m2\repository\jakarta\transaction\jakarta.transaction-api\2.0.1\jakarta.transaction-api-2.0.1.jar;C:\Users\DELL VOTRO\.m2\repository\org\jboss\logging\jboss-logging\3.5.0.Final\jboss-logging-3.5.0.Final.jar;C:\Users\DELL VOTRO\.m2\repository\org\hibernate\common\hibernate-commons-annotations\6.0.6.Final\hibernate-commons-annotations-6.0.6.Final.jar;C:\Users\DELL VOTRO\.m2\repository\io\smallrye\jandex\3.1.2\jandex-3.1.2.jar;C:\Users\DELL VOTRO\.m2\repository\com\fasterxml\classmate\1.5.1\classmate-1.5.1.jar;C:\Users\DELL VOTRO\.m2\repository\net\bytebuddy\byte-buddy\1.14.11\byte-buddy-1.14.11.jar;C:\Users\DELL VOTRO\.m2\repository\jakarta\xml\bind\jakarta.xml.bind-api\4.0.0\jakarta.xml.bind-api-4.0.0.jar;C:\Users\DELL VOTRO\.m2\repository\jakarta\activation\jakarta.activation-api\2.1.0\jakarta.activation-api-2.1.0.jar;C:\Users\DELL VOTRO\.m2\repository\org\glassfish\jaxb\jaxb-runtime\4.0.2\jaxb-runtime-4.0.2.jar;C:\Users\DELL VOTRO\.m2\repository\org\glassfish\jaxb\jaxb-core\4.0.2\jaxb-core-4.0.2.jar;C:\Users\DELL VOTRO\.m2\repository\org\eclipse\angus\angus-activation\2.0.0\angus
Launcher Type: SUN_STANDARD

[Global flags]
     intx CICompilerCount                          = 4                                         {product} {ergonomic}
     uint ConcGCThreads                            = 2                                         {product} {ergonomic}
     uint G1ConcRefinementThreads                  = 8                                         {product} {ergonomic}
   size_t G1HeapRegionSize                         = 2097152                                   {product} {ergonomic}
    uintx GCDrainStackTargetSize                   = 64                                        {product} {ergonomic}
   size_t InitialHeapSize                          = 199229440                                 {product} {ergonomic}
   size_t MarkStackSize                            = 4194304                                   {product} {ergonomic}
   size_t MaxHeapSize                              = 3162505216                                {product} {ergonomic}
   size_t MaxNewSize                               = 1895825408                                {product} {ergonomic}
   size_t MinHeapDeltaBytes                        = 2097152                                   {product} {ergonomic}
   size_t MinHeapSize                              = 8388608                                   {product} {ergonomic}
    uintx NonNMethodCodeHeapSize                   = 5839372                                {pd product} {ergonomic}
    uintx NonProfiledCodeHeapSize                  = 122909434                              {pd product} {ergonomic}
    uintx ProfiledCodeHeapSize                     = 122909434                              {pd product} {ergonomic}
    uintx ReservedCodeCacheSize                    = 251658240                              {pd product} {ergonomic}
     bool SegmentedCodeCache                       = true                                      {product} {ergonomic}
     bool ShowCodeDetailsInExceptionMessages       = true                                   {manageable} {command line}
   size_t SoftMaxHeapSize                          = 3162505216                             {manageable} {ergonomic}
     bool UseCompressedClassPointers               = true                           {product lp64_product} {ergonomic}
     bool UseCompressedOops                        = true                           {product lp64_product} {ergonomic}
     bool UseG1GC                                  = true                                      {product} {ergonomic}
     bool UseLargePagesIndividualAllocation        = false                                  {pd product} {ergonomic}

Logging:
Log output configuration:
 #0: stdout all=off uptime,level,tags
 #1: stderr all=off uptime,level,tags

Environment Variables:
PATH=E:/jdk_new/jdk-17.0.8.7-hotspot/bin/server;E:/jdk_new/jdk-17.0.8.7-hotspot/bin;E:\jdk_new\jdk-17.0.8.7-hotspot\bin;C:\Program Files\Common Files\Oracle\Java\javapath;C:\Program Files (x86)\VMware\VMware Workstation\bin\;C:\WINDOWS\system32;C:\WINDOWS;C:\WINDOWS\System32\Wbem;C:\WINDOWS\System32\WindowsPowerShell\v1.0\;C:\WINDOWS\System32\OpenSSH\;C:\Program Files (x86)\Microsoft SQL Server\150\DTS\Binn\;C:\Program Files\Azure Data Studio\bin;C:\Program Files\NVIDIA Corporation\NVIDIA NvDLISR;C:\Program Files (x86)\NVIDIA Corporation\PhysX\Common;D:\gitttt\Git\cmd;C:\Program Files\Git\cmd;E:\java-jdk\bin;C:\Program Files (x86)\Microsoft SQL Server\160\Tools\Binn\;C:\Program Files\Microsoft SQL Server\160\Tools\Binn\;C:\Program Files\Microsoft SQL Server\Client SDK\ODBC\170\Tools\Binn\;C:\Program Files\Microsoft SQL Server\160\DTS\Binn\;C:\Program Files (x86)\Microsoft SQL Server\160\DTS\Binn\;E:\opencv\opencv\build\java\x64;C:\Program Files\MongoDB\Server\6.0\bin;E:\nodejs\;C:\Users\DELL VOTRO\AppData\Local\Programs\Python\Python311\Scripts\;C:\Users\DELL VOTRO\AppData\Local\Programs\Python\Python311\;C:\Users\DELL VOTRO\AppData\Local\Microsoft\WindowsApps;E:\Microsoft VS Code\bin;C:\Program Files\Azure Data Studio\bin;E:\Lin Minh Huy?n Tho?i\Riot Games;C:\Program Files\MongoDB\Server\6.0\bin;C:\Users\DELL VOTRO\AppData\Local\Programs\mongosh\;C:\Users\DELL VOTRO\AppData\Roaming\npm;;C:\WINDOWS\system32;
USERNAME=DELL VOTRO
OS=Windows_NT
PROCESSOR_IDENTIFIER=Intel64 Family 6 Model 142 Stepping 11, GenuineIntel
TMP=C:\Users\DELLVO~1\AppData\Local\Temp
TEMP=C:\Users\DELLVO~1\AppData\Local\Temp



---------------  S Y S T E M  ---------------

OS:
 Windows 10 , 64 bit Build 19041 (10.0.19041.3636)
OS uptime: 0 days 4:13 hours

CPU: total 8 (initial active 8) (4 cores per cpu, 2 threads per core) family 6 model 142 stepping 11 microcode 0xec, cx8, cmov, fxsr, ht, mmx, 3dnowpref, sse, sse2, sse3, ssse3, sse4.1, sse4.2, popcnt, lzcnt, tsc, tscinvbit, avx, avx2, aes, erms, clmul, bmi1, bmi2, adx, fma, vzeroupper, clflush, clflushopt
Processor Information for all 8 processors :
  Max Mhz: 1800, Current Mhz: 1600, Mhz Limit: 1584

Memory: 4k page, system-wide physical 12056M (2392M free)
TotalPageFile size 20760M (AvailPageFile size 6813M)
current process WorkingSet (physical memory assigned to process): 532M, peak: 532M
current process commit charge ("private bytes"): 504M, peak: 517M

vm_info: OpenJDK 64-Bit Server VM (17.0.8+7) for windows-amd64 JRE (17.0.8+7), built on Jul 18 2023 21:02:32 by "admin" with MS VC++ 16.7 (VS2019)

END.
