#
# A fatal error has been detected by the Java Runtime Environment:
#
#  Internal Error (0xc000000d), pid=5276, tid=10024
#
# JRE version: OpenJDK Runtime Environment Temurin-17.0.8+7 (17.0.8+7) (build 17.0.8+7)
# Java VM: OpenJDK 64-Bit Server VM Temurin-17.0.8+7 (17.0.8+7, mixed mode, sharing, tiered, compressed oops, compressed class ptrs, g1 gc, windows-amd64)
# Problematic frame:
# C  [ntdll.dll+0x112324]
#
# No core dump will be written. Minidumps are not enabled by default on client versions of Windows
#
# If you would like to submit a bug report, please visit:
#   https://github.com/adoptium/adoptium-support/issues
#

---------------  S U M M A R Y ------------

Command Line: -Djava.library.path=E:\Desktop\PhanTan\posshop_3\posshop\posshop_client\lib\opencv\x64 -Dfile.encoding=UTF-8 -Dstdout.encoding=UTF-8 -Dstderr.encoding=UTF-8 -XX:+ShowCodeDetailsInExceptionMessages main.Login

Host: Intel(R) Core(TM) i5-8265U CPU @ 1.60GHz, 8 cores, 11G,  Windows 10 , 64 bit Build 19041 (10.0.19041.3636)
Time: Fri May 10 19:52:26 2024 SE Asia Standard Time elapsed time: 35.079775 seconds (0d 0h 0m 35s)

---------------  T H R E A D  ---------------

Current thread (0x0000021868941570):  VMThread "VM Thread" [stack: 0x000000c05c800000,0x000000c05c900000] [id=10024]

Stack: [0x000000c05c800000,0x000000c05c900000],  sp=0x000000c05c8fe3c0,  free space=1016k
Native frames: (J=compiled Java code, j=interpreted, Vv=VM code, C=native code)
C  [ntdll.dll+0x112324]
C  [ntdll.dll+0xab181]
C  [KERNELBASE.dll+0x73c59]
C  [RTWorkQ.DLL+0x79cd]


siginfo: EXCEPTION_?? (0xc000000d)


Register to memory mapping:

RIP=0x00007ffce1ca2324 ntdll.dll
RAX=0x000000c05c8fde18 points into unknown readable memory: 0x0000000000000000 | 00 00 00 00 00 00 00 00
RBX=0x000002186ffb51b0 points into unknown readable memory: 0x0000000000000000 | 00 00 00 00 00 00 00 00
RCX=0xfffffffe00000020 is an unknown value
RDX=0x000000c05c8fe088 points into unknown readable memory: 0x800000000000001f | 1f 00 00 00 00 00 00 80
RSP=0x000000c05c8fe3c0 points into unknown readable memory: 0x0000000000000057 | 57 00 00 00 00 00 00 00
RBP=0x00007ffcd3ad8610 RTWorkQ.DLL
RSI=0x000002186ff931f0 points into unknown readable memory: 0x0000000000000003 | 03 00 00 00 00 00 00 00
RDI=0x0 is NULL
R8 =0x0 is NULL
R9 =0x0000000000000200 is an unknown value
R10=0x00007ffc00000001 is an unknown value
R11=0x000000c05c8fde18 points into unknown readable memory: 0x0000000000000000 | 00 00 00 00 00 00 00 00
R12=0x000002186ffb51b0 points into unknown readable memory: 0x0000000000000000 | 00 00 00 00 00 00 00 00
R13=0x00007ffc6c56b480 FrameServerClient.dll
R14=0x000000c05c8fe558 points into unknown readable memory: 0x0000000000000000 | 00 00 00 00 00 00 00 00
R15=0x00007ffcd3ad8610 RTWorkQ.DLL


Registers:
RAX=0x000000c05c8fde18, RBX=0x000002186ffb51b0, RCX=0xfffffffe00000020, RDX=0x000000c05c8fe088
RSP=0x000000c05c8fe3c0, RBP=0x00007ffcd3ad8610, RSI=0x000002186ff931f0, RDI=0x0000000000000000
R8 =0x0000000000000000, R9 =0x0000000000000200, R10=0x00007ffc00000001, R11=0x000000c05c8fde18
R12=0x000002186ffb51b0, R13=0x00007ffc6c56b480, R14=0x000000c05c8fe558, R15=0x00007ffcd3ad8610
RIP=0x00007ffce1ca2324, EFLAGS=0x0000000000000206

Top of Stack: (sp=0x000000c05c8fe3c0)
0x000000c05c8fe3c0:   0000000000000057 000002186ffb51b0
0x000000c05c8fe3d0:   000002186ff931f0 0000021800000000
0x000000c05c8fe3e0:   00000000c000000d 0000000000000000
0x000000c05c8fe3f0:   00007ffce1ca2324 0000000000000000
0x000000c05c8fe400:   0000000000000000 0000000000000000
0x000000c05c8fe410:   0000000000000000 0000000000000000
0x000000c05c8fe420:   0000000000000000 0000000000000000
0x000000c05c8fe430:   0000000000000000 0000000000000000
0x000000c05c8fe440:   0000000000000000 0000000000000000
0x000000c05c8fe450:   0000000000000000 0000000000000000
0x000000c05c8fe460:   0000000000000000 0000000000000000
0x000000c05c8fe470:   0000000000000000 0000000000000049
0x000000c05c8fe480:   00009ebbcc4c6f6d 000000c003000003
0x000000c05c8fe490:   0000000300000000 00007ffce1c3b181
0x000000c05c8fe4a0:   0000000000000bf4 000002186ff93100
0x000000c05c8fe4b0:   00007ffc6c56b480 0000000000000bf4 

Instructions: (pc=0x00007ffce1ca2324)
0x00007ffce1ca2224:   cc cc cc cc cc cc cc cc 48 81 ec d8 00 00 00 48
0x00007ffce1ca2234:   8b 05 d6 22 07 00 48 33 c4 48 89 84 24 c0 00 00
0x00007ffce1ca2244:   00 4d 85 c0 74 33 4d 8b 48 50 48 8d 05 6b 63 f6
0x00007ffce1ca2254:   ff c7 44 24 38 05 00 00 00 4c 3b c8 75 0a 49 8b
0x00007ffce1ca2264:   40 58 4c 8b 50 20 eb 03 45 33 d2 4d 85 d2 4d 0f
0x00007ffce1ca2274:   45 ca 4c 89 4c 24 60 eb 08 c7 44 24 38 04 00 00
0x00007ffce1ca2284:   00 48 83 64 24 28 00 48 83 64 24 58 00 48 63 c1
0x00007ffce1ca2294:   48 8d 4c 24 20 48 89 44 24 40 c7 44 24 20 0a 07
0x00007ffce1ca22a4:   00 c0 48 89 54 24 48 4c 89 44 24 50 c7 44 24 24
0x00007ffce1ca22b4:   01 00 00 00 e8 73 ed f3 ff 48 8b 8c 24 c0 00 00
0x00007ffce1ca22c4:   00 48 33 cc e8 03 a2 f7 ff 48 81 c4 d8 00 00 00
0x00007ffce1ca22d4:   c3 cc cc cc cc cc cc cc 48 81 ec d8 00 00 00 48
0x00007ffce1ca22e4:   8b 05 26 22 07 00 48 33 c4 48 89 84 24 c0 00 00
0x00007ffce1ca22f4:   00 33 d2 41 b8 94 00 00 00 48 8d 4c 24 24 e8 f9
0x00007ffce1ca2304:   1d f9 ff c7 44 24 20 0d 00 00 c0 b9 57 00 00 00
0x00007ffce1ca2314:   e8 67 e4 f3 ff 90 48 8d 4c 24 20 e8 0c ed f3 ff
0x00007ffce1ca2324:   eb 00 48 8b 8c 24 c0 00 00 00 48 33 cc e8 9a a1
0x00007ffce1ca2334:   f7 ff 48 81 c4 d8 00 00 00 c3 cc 40 55 48 83 ec
0x00007ffce1ca2344:   20 48 8b ea e8 0f 00 00 00 90 48 83 c4 20 5d c3
0x00007ffce1ca2354:   cc cc cc cc cc cc cc cc 48 83 ec 28 48 8b 51 08
0x00007ffce1ca2364:   41 b8 03 00 00 00 48 8b 09 e8 4e a5 fc ff 33 c0
0x00007ffce1ca2374:   48 83 c4 28 c3 cc cc cc cc cc cc cc 48 8b 01 48
0x00007ffce1ca2384:   83 c9 ff 8b 10 e9 c2 b1 f8 ff cc cc cc cc cc cc
0x00007ffce1ca2394:   4c 8b dc 48 81 ec 88 00 00 00 48 8b 05 6b 21 07
0x00007ffce1ca23a4:   00 48 33 c4 48 89 44 24 70 48 8b 84 24 b0 00 00
0x00007ffce1ca23b4:   00 41 ba 24 1c 00 00 49 89 43 d8 8b 84 24 b8 00
0x00007ffce1ca23c4:   00 00 66 45 89 53 9e 49 89 4b b8 49 89 53 c0 4d
0x00007ffce1ca23d4:   89 43 c8 4d 89 4b d0 89 44 24 68 e8 6c 24 f1 ff
0x00007ffce1ca23e4:   85 c0 74 19 65 48 8b 04 25 60 00 00 00 48 8b 88
0x00007ffce1ca23f4:   90 00 00 00 48 81 c1 2c 02 00 00 eb 05 b9 86 03
0x00007ffce1ca2404:   fe 7f 0f b6 09 4c 8d 4c 24 20 ba 03 04 00 00 41
0x00007ffce1ca2414:   b8 2c 00 00 00 e8 62 b7 f8 ff 48 8b 4c 24 70 48 


Stack slot to memory mapping:
stack at sp + 0 slots: 0x0000000000000057 is an unknown value
stack at sp + 1 slots: 0x000002186ffb51b0 points into unknown readable memory: 0x0000000000000000 | 00 00 00 00 00 00 00 00
stack at sp + 2 slots: 0x000002186ff931f0 points into unknown readable memory: 0x0000000000000003 | 03 00 00 00 00 00 00 00
stack at sp + 3 slots: 0x0000021800000000 is pointing into metadata
stack at sp + 4 slots: 0x00000000c000000d is an unknown value
stack at sp + 5 slots: 0x0 is NULL
stack at sp + 6 slots: 0x00007ffce1ca2324 ntdll.dll
stack at sp + 7 slots: 0x0 is NULL

VM_Operation (0x000000c05d8fe6e0): Exit, mode: safepoint, requested by thread 0x0000021868ba0920


---------------  P R O C E S S  ---------------

Threads class SMR info:
_java_thread_list=0x000002186eef02c0, length=18, elements={
0x0000021868944170, 0x0000021868944ff0, 0x000002186895a310, 0x000002186895aed0,
0x000002186895f9b0, 0x0000021868968380, 0x000002186896c620, 0x000002186896f0e0,
0x00000218689812b0, 0x0000021868ba2780, 0x0000021868ba1850, 0x0000021868ba2270,
0x0000021868ba36b0, 0x0000021868ba0920, 0x0000021868ba31a0, 0x0000021868ba0410,
0x0000021868ba1d60, 0x000002186f5edec0
}

Java Threads: ( => current thread )
  0x0000021868944170 JavaThread "Reference Handler" daemon [_thread_blocked, id=5412, stack(0x000000c05c900000,0x000000c05ca00000)]
  0x0000021868944ff0 JavaThread "Finalizer" daemon [_thread_blocked, id=15972, stack(0x000000c05ca00000,0x000000c05cb00000)]
  0x000002186895a310 JavaThread "Signal Dispatcher" daemon [_thread_blocked, id=1232, stack(0x000000c05cb00000,0x000000c05cc00000)]
  0x000002186895aed0 JavaThread "Attach Listener" daemon [_thread_blocked, id=7804, stack(0x000000c05cc00000,0x000000c05cd00000)]
  0x000002186895f9b0 JavaThread "Service Thread" daemon [_thread_blocked, id=10392, stack(0x000000c05cd00000,0x000000c05ce00000)]
  0x0000021868968380 JavaThread "Monitor Deflation Thread" daemon [_thread_blocked, id=5812, stack(0x000000c05ce00000,0x000000c05cf00000)]
  0x000002186896c620 JavaThread "C2 CompilerThread0" daemon [_thread_blocked, id=8592, stack(0x000000c05cf00000,0x000000c05d000000)]
  0x000002186896f0e0 JavaThread "C1 CompilerThread0" daemon [_thread_blocked, id=6936, stack(0x000000c05d000000,0x000000c05d100000)]
  0x00000218689812b0 JavaThread "Sweeper thread" daemon [_thread_blocked, id=10284, stack(0x000000c05d100000,0x000000c05d200000)]
  0x0000021868ba2780 JavaThread "Notification Thread" daemon [_thread_blocked, id=10048, stack(0x000000c05d200000,0x000000c05d300000)]
  0x0000021868ba1850 JavaThread "Common-Cleaner" daemon [_thread_blocked, id=11276, stack(0x000000c05d400000,0x000000c05d500000)]
  0x0000021868ba2270 JavaThread "Java2D Disposer" daemon [_thread_blocked, id=11552, stack(0x000000c05d500000,0x000000c05d600000)]
  0x0000021868ba36b0 JavaThread "AWT-Shutdown" [_thread_blocked, id=8816, stack(0x000000c05d600000,0x000000c05d700000)]
  0x0000021868ba0920 JavaThread "AWT-EventQueue-0" [_thread_blocked, id=144, stack(0x000000c05d800000,0x000000c05d900000)]
  0x0000021868ba31a0 JavaThread "DestroyJavaVM" [_thread_blocked, id=5220, stack(0x000000c05c200000,0x000000c05c300000)]
  0x0000021868ba0410 JavaThread "TimerQueue" daemon [_thread_blocked, id=1960, stack(0x000000c05db00000,0x000000c05dc00000)]
  0x0000021868ba1d60 JavaThread "RMI Scheduler(0)" daemon [_thread_blocked, id=4844, stack(0x000000c05d900000,0x000000c05da00000)]
  0x000002186f5edec0 JavaThread "SwingWorker-pool-1-thread-1" daemon [_thread_blocked, id=5512, stack(0x000000c05f100000,0x000000c05f200000)]

Other Threads:
=>0x0000021868941570 VMThread "VM Thread" [stack: 0x000000c05c800000,0x000000c05c900000] [id=10024]
  0x000002184814be10 GCTaskThread "GC Thread#0" [stack: 0x000000c05c300000,0x000000c05c400000] [id=14880]
  0x000002186f11d1e0 GCTaskThread "GC Thread#1" [stack: 0x000000c05dc00000,0x000000c05dd00000] [id=16644]
  0x000002186f135830 GCTaskThread "GC Thread#2" [stack: 0x000000c05dd00000,0x000000c05de00000] [id=15724]
  0x000002186f135af0 GCTaskThread "GC Thread#3" [stack: 0x000000c05de00000,0x000000c05df00000] [id=14388]
  0x000002186f13dfe0 GCTaskThread "GC Thread#4" [stack: 0x000000c05df00000,0x000000c05e000000] [id=16112]
  0x000002186ee83c20 GCTaskThread "GC Thread#5" [stack: 0x000000c05e000000,0x000000c05e100000] [id=5400]
  0x000002186ee83ee0 GCTaskThread "GC Thread#6" [stack: 0x000000c05e100000,0x000000c05e200000] [id=2148]
  0x000002186ee841a0 GCTaskThread "GC Thread#7" [stack: 0x000000c05e200000,0x000000c05e300000] [id=17184]
  0x000002184815a190 ConcurrentGCThread "G1 Main Marker" terminated
  0x000002184815aba0 ConcurrentGCThread "G1 Conc#0" [stack: 0x000000c05c500000,0x000000c05c600000] [id=8508]
  0x00000218481ad9e0 ConcurrentGCThread "G1 Refine#0" terminated
  0x000002186d5c6b20 ConcurrentGCThread "G1 Refine#1" terminated
  0x00000218481ae410 ConcurrentGCThread "G1 Service" terminated

Threads with active compile tasks:

VM state: at safepoint (shutting down)

VM Mutex/Monitor currently owned by a thread:  ([mutex/lock_event])
[0x00000218480ef1d0] Threads_lock - owner thread: 0x0000021868941570
[0x00000218480efc80] Heap_lock - owner thread: 0x0000021868ba0920

Heap address: 0x0000000743800000, size: 3016 MB, Compressed Oops mode: Zero based, Oop shift amount: 3

CDS archive(s) mapped at: [0x0000021800000000-0x0000021800bd0000-0x0000021800bd0000), size 12386304, SharedBaseAddress: 0x0000021800000000, ArchiveRelocationMode: 1.
Compressed class space mapped at: 0x0000021801000000-0x0000021841000000, reserved size: 1073741824
Narrow klass base: 0x0000021800000000, Narrow klass shift: 0, Narrow klass range: 0x100000000

GC Precious Log:
 CPUs: 8 total, 8 available
 Memory: 12056M
 Large Page Support: Disabled
 NUMA Support: Disabled
 Compressed Oops: Enabled (Zero based)
 Heap Region Size: 2M
 Heap Min Capacity: 8M
 Heap Initial Capacity: 190M
 Heap Max Capacity: 3016M
 Pre-touch: Disabled
 Parallel Workers: 8
 Concurrent Workers: 2
 Concurrent Refinement Workers: 8
 Periodic GC: Disabled

Heap:
 garbage-first heap   total 194560K, used 113426K [0x0000000743800000, 0x0000000800000000)
  region size 2048K, 45 young (92160K), 1 survivors (2048K)
 Metaspace       used 15071K, committed 15360K, reserved 1114112K
  class space    used 1608K, committed 1792K, reserved 1048576K

Heap Regions: E=young(eden), S=young(survivor), O=old, HS=humongous(starts), HC=humongous(continues), CS=collection set, F=free, OA=open archive, CA=closed archive, TAMS=top-at-mark-start (previous, next)
|   0|0x0000000743800000, 0x0000000743a00000, 0x0000000743a00000|100%|HS|  |TAMS 0x0000000743800000, 0x0000000743800000| Complete 
|   1|0x0000000743a00000, 0x0000000743c00000, 0x0000000743c00000|100%|HC|  |TAMS 0x0000000743a00000, 0x0000000743a00000| Complete 
|   2|0x0000000743c00000, 0x0000000743e00000, 0x0000000743e00000|100%|HC|  |TAMS 0x0000000743c00000, 0x0000000743c00000| Complete 
|   3|0x0000000743e00000, 0x0000000744000000, 0x0000000744000000|100%|HC|  |TAMS 0x0000000743e00000, 0x0000000743e00000| Complete 
|   4|0x0000000744000000, 0x0000000744200000, 0x0000000744200000|100%|HC|  |TAMS 0x0000000744000000, 0x0000000744000000| Complete 
|   5|0x0000000744200000, 0x0000000744400000, 0x0000000744400000|100%|HC|  |TAMS 0x0000000744200000, 0x0000000744200000| Complete 
|   6|0x0000000744400000, 0x0000000744600000, 0x0000000744600000|100%|HC|  |TAMS 0x0000000744400000, 0x0000000744400000| Complete 
|   7|0x0000000744600000, 0x0000000744800000, 0x0000000744800000|100%| O|  |TAMS 0x0000000744600000, 0x0000000744600000| Untracked 
|   8|0x0000000744800000, 0x0000000744a00000, 0x0000000744a00000|100%| O|  |TAMS 0x0000000744800000, 0x0000000744800000| Untracked 
|   9|0x0000000744a00000, 0x0000000744c00000, 0x0000000744c00000|100%|HS|  |TAMS 0x0000000744a00000, 0x0000000744a00000| Complete 
|  10|0x0000000744c00000, 0x0000000744e00000, 0x0000000744e00000|100%|HC|  |TAMS 0x0000000744c00000, 0x0000000744c00000| Complete 
|  11|0x0000000744e00000, 0x0000000745000000, 0x0000000745000000|100%| O|  |TAMS 0x0000000744e00000, 0x0000000744e00000| Untracked 
|  12|0x0000000745000000, 0x00000007451aa400, 0x0000000745200000| 83%| O|  |TAMS 0x0000000745000000, 0x0000000745000000| Untracked 
|  13|0x0000000745200000, 0x0000000745200000, 0x0000000745400000|  0%| F|  |TAMS 0x0000000745200000, 0x0000000745200000| Untracked 
|  14|0x0000000745400000, 0x0000000745400000, 0x0000000745600000|  0%| F|  |TAMS 0x0000000745400000, 0x0000000745400000| Untracked 
|  15|0x0000000745600000, 0x0000000745600000, 0x0000000745800000|  0%| F|  |TAMS 0x0000000745600000, 0x0000000745600000| Untracked 
|  16|0x0000000745800000, 0x0000000745800000, 0x0000000745a00000|  0%| F|  |TAMS 0x0000000745800000, 0x0000000745800000| Untracked 
|  17|0x0000000745a00000, 0x0000000745a00000, 0x0000000745c00000|  0%| F|  |TAMS 0x0000000745a00000, 0x0000000745a00000| Untracked 
|  18|0x0000000745c00000, 0x0000000745c00000, 0x0000000745e00000|  0%| F|  |TAMS 0x0000000745c00000, 0x0000000745c00000| Untracked 
|  19|0x0000000745e00000, 0x0000000745e00000, 0x0000000746000000|  0%| F|  |TAMS 0x0000000745e00000, 0x0000000745e00000| Untracked 
|  20|0x0000000746000000, 0x0000000746000000, 0x0000000746200000|  0%| F|  |TAMS 0x0000000746000000, 0x0000000746000000| Untracked 
|  21|0x0000000746200000, 0x0000000746200000, 0x0000000746400000|  0%| F|  |TAMS 0x0000000746200000, 0x0000000746200000| Untracked 
|  22|0x0000000746400000, 0x0000000746400000, 0x0000000746600000|  0%| F|  |TAMS 0x0000000746400000, 0x0000000746400000| Untracked 
|  23|0x0000000746600000, 0x0000000746600000, 0x0000000746800000|  0%| F|  |TAMS 0x0000000746600000, 0x0000000746600000| Untracked 
|  24|0x0000000746800000, 0x0000000746800000, 0x0000000746a00000|  0%| F|  |TAMS 0x0000000746800000, 0x0000000746800000| Untracked 
|  25|0x0000000746a00000, 0x0000000746a00000, 0x0000000746c00000|  0%| F|  |TAMS 0x0000000746a00000, 0x0000000746a00000| Untracked 
|  26|0x0000000746c00000, 0x0000000746c00000, 0x0000000746e00000|  0%| F|  |TAMS 0x0000000746c00000, 0x0000000746c00000| Untracked 
|  27|0x0000000746e00000, 0x0000000746e00000, 0x0000000747000000|  0%| F|  |TAMS 0x0000000746e00000, 0x0000000746e00000| Untracked 
|  28|0x0000000747000000, 0x0000000747000000, 0x0000000747200000|  0%| F|  |TAMS 0x0000000747000000, 0x0000000747000000| Untracked 
|  29|0x0000000747200000, 0x0000000747200000, 0x0000000747400000|  0%| F|  |TAMS 0x0000000747200000, 0x0000000747200000| Untracked 
|  30|0x0000000747400000, 0x0000000747400000, 0x0000000747600000|  0%| F|  |TAMS 0x0000000747400000, 0x0000000747400000| Untracked 
|  31|0x0000000747600000, 0x0000000747600000, 0x0000000747800000|  0%| F|  |TAMS 0x0000000747600000, 0x0000000747600000| Untracked 
|  32|0x0000000747800000, 0x0000000747800000, 0x0000000747a00000|  0%| F|  |TAMS 0x0000000747800000, 0x0000000747800000| Untracked 
|  33|0x0000000747a00000, 0x0000000747a00000, 0x0000000747c00000|  0%| F|  |TAMS 0x0000000747a00000, 0x0000000747a00000| Untracked 
|  34|0x0000000747c00000, 0x0000000747c00000, 0x0000000747e00000|  0%| F|  |TAMS 0x0000000747c00000, 0x0000000747c00000| Untracked 
|  35|0x0000000747e00000, 0x0000000747e00000, 0x0000000748000000|  0%| F|  |TAMS 0x0000000747e00000, 0x0000000747e00000| Untracked 
|  36|0x0000000748000000, 0x0000000748000000, 0x0000000748200000|  0%| F|  |TAMS 0x0000000748000000, 0x0000000748000000| Untracked 
|  37|0x0000000748200000, 0x000000074831a410, 0x0000000748400000| 55%| S|CS|TAMS 0x0000000748200000, 0x0000000748200000| Complete 
|  38|0x0000000748400000, 0x0000000748400000, 0x0000000748600000|  0%| F|  |TAMS 0x0000000748400000, 0x0000000748400000| Untracked 
|  39|0x0000000748600000, 0x0000000748600000, 0x0000000748800000|  0%| F|  |TAMS 0x0000000748600000, 0x0000000748600000| Untracked 
|  40|0x0000000748800000, 0x0000000748800000, 0x0000000748a00000|  0%| F|  |TAMS 0x0000000748800000, 0x0000000748800000| Untracked 
|  41|0x0000000748a00000, 0x0000000748a00000, 0x0000000748c00000|  0%| F|  |TAMS 0x0000000748a00000, 0x0000000748a00000| Untracked 
|  42|0x0000000748c00000, 0x0000000748c00000, 0x0000000748e00000|  0%| F|  |TAMS 0x0000000748c00000, 0x0000000748c00000| Untracked 
|  43|0x0000000748e00000, 0x0000000748e00000, 0x0000000749000000|  0%| F|  |TAMS 0x0000000748e00000, 0x0000000748e00000| Untracked 
|  44|0x0000000749000000, 0x0000000749000000, 0x0000000749200000|  0%| F|  |TAMS 0x0000000749000000, 0x0000000749000000| Untracked 
|  45|0x0000000749200000, 0x0000000749200000, 0x0000000749400000|  0%| F|  |TAMS 0x0000000749200000, 0x0000000749200000| Untracked 
|  46|0x0000000749400000, 0x0000000749400000, 0x0000000749600000|  0%| F|  |TAMS 0x0000000749400000, 0x0000000749400000| Untracked 
|  47|0x0000000749600000, 0x0000000749600000, 0x0000000749800000|  0%| F|  |TAMS 0x0000000749600000, 0x0000000749600000| Untracked 
|  48|0x0000000749800000, 0x0000000749800000, 0x0000000749a00000|  0%| F|  |TAMS 0x0000000749800000, 0x0000000749800000| Untracked 
|  49|0x0000000749a00000, 0x0000000749a00000, 0x0000000749c00000|  0%| F|  |TAMS 0x0000000749a00000, 0x0000000749a00000| Untracked 
|  50|0x0000000749c00000, 0x0000000749c00000, 0x0000000749e00000|  0%| F|  |TAMS 0x0000000749c00000, 0x0000000749c00000| Untracked 
|  51|0x0000000749e00000, 0x0000000749f00800, 0x000000074a000000| 50%| E|  |TAMS 0x0000000749e00000, 0x0000000749e00000| Complete 
|  52|0x000000074a000000, 0x000000074a200000, 0x000000074a200000|100%| E|CS|TAMS 0x000000074a000000, 0x000000074a000000| Complete 
|  53|0x000000074a200000, 0x000000074a400000, 0x000000074a400000|100%| E|CS|TAMS 0x000000074a200000, 0x000000074a200000| Complete 
|  54|0x000000074a400000, 0x000000074a600000, 0x000000074a600000|100%| E|CS|TAMS 0x000000074a400000, 0x000000074a400000| Complete 
|  55|0x000000074a600000, 0x000000074a800000, 0x000000074a800000|100%| E|CS|TAMS 0x000000074a600000, 0x000000074a600000| Complete 
|  56|0x000000074a800000, 0x000000074aa00000, 0x000000074aa00000|100%| E|CS|TAMS 0x000000074a800000, 0x000000074a800000| Complete 
|  57|0x000000074aa00000, 0x000000074ac00000, 0x000000074ac00000|100%| E|CS|TAMS 0x000000074aa00000, 0x000000074aa00000| Complete 
|  58|0x000000074ac00000, 0x000000074ae00000, 0x000000074ae00000|100%| E|CS|TAMS 0x000000074ac00000, 0x000000074ac00000| Complete 
|  59|0x000000074ae00000, 0x000000074b000000, 0x000000074b000000|100%| E|CS|TAMS 0x000000074ae00000, 0x000000074ae00000| Complete 
|  60|0x000000074b000000, 0x000000074b200000, 0x000000074b200000|100%| E|CS|TAMS 0x000000074b000000, 0x000000074b000000| Complete 
|  61|0x000000074b200000, 0x000000074b400000, 0x000000074b400000|100%| E|CS|TAMS 0x000000074b200000, 0x000000074b200000| Complete 
|  62|0x000000074b400000, 0x000000074b600000, 0x000000074b600000|100%| E|CS|TAMS 0x000000074b400000, 0x000000074b400000| Complete 
|  63|0x000000074b600000, 0x000000074b800000, 0x000000074b800000|100%| E|CS|TAMS 0x000000074b600000, 0x000000074b600000| Complete 
|  64|0x000000074b800000, 0x000000074ba00000, 0x000000074ba00000|100%| E|CS|TAMS 0x000000074b800000, 0x000000074b800000| Complete 
|  65|0x000000074ba00000, 0x000000074bc00000, 0x000000074bc00000|100%| E|CS|TAMS 0x000000074ba00000, 0x000000074ba00000| Complete 
|  66|0x000000074bc00000, 0x000000074be00000, 0x000000074be00000|100%| E|  |TAMS 0x000000074bc00000, 0x000000074bc00000| Complete 
|  67|0x000000074be00000, 0x000000074c000000, 0x000000074c000000|100%| E|CS|TAMS 0x000000074be00000, 0x000000074be00000| Complete 
|  68|0x000000074c000000, 0x000000074c200000, 0x000000074c200000|100%| E|CS|TAMS 0x000000074c000000, 0x000000074c000000| Complete 
|  69|0x000000074c200000, 0x000000074c400000, 0x000000074c400000|100%| E|CS|TAMS 0x000000074c200000, 0x000000074c200000| Complete 
|  70|0x000000074c400000, 0x000000074c600000, 0x000000074c600000|100%| E|CS|TAMS 0x000000074c400000, 0x000000074c400000| Complete 
|  71|0x000000074c600000, 0x000000074c800000, 0x000000074c800000|100%| E|CS|TAMS 0x000000074c600000, 0x000000074c600000| Complete 
|  72|0x000000074c800000, 0x000000074ca00000, 0x000000074ca00000|100%| E|CS|TAMS 0x000000074c800000, 0x000000074c800000| Complete 
|  73|0x000000074ca00000, 0x000000074cc00000, 0x000000074cc00000|100%| E|CS|TAMS 0x000000074ca00000, 0x000000074ca00000| Complete 
|  74|0x000000074cc00000, 0x000000074ce00000, 0x000000074ce00000|100%| E|CS|TAMS 0x000000074cc00000, 0x000000074cc00000| Complete 
|  75|0x000000074ce00000, 0x000000074d000000, 0x000000074d000000|100%| E|CS|TAMS 0x000000074ce00000, 0x000000074ce00000| Complete 
|  76|0x000000074d000000, 0x000000074d200000, 0x000000074d200000|100%| E|CS|TAMS 0x000000074d000000, 0x000000074d000000| Complete 
|  77|0x000000074d200000, 0x000000074d400000, 0x000000074d400000|100%| E|CS|TAMS 0x000000074d200000, 0x000000074d200000| Complete 
|  78|0x000000074d400000, 0x000000074d600000, 0x000000074d600000|100%| E|CS|TAMS 0x000000074d400000, 0x000000074d400000| Complete 
|  79|0x000000074d600000, 0x000000074d800000, 0x000000074d800000|100%| E|CS|TAMS 0x000000074d600000, 0x000000074d600000| Complete 
|  80|0x000000074d800000, 0x000000074da00000, 0x000000074da00000|100%| E|CS|TAMS 0x000000074d800000, 0x000000074d800000| Complete 
|  81|0x000000074da00000, 0x000000074dc00000, 0x000000074dc00000|100%| E|CS|TAMS 0x000000074da00000, 0x000000074da00000| Complete 
|  82|0x000000074dc00000, 0x000000074de00000, 0x000000074de00000|100%| E|CS|TAMS 0x000000074dc00000, 0x000000074dc00000| Complete 
|  83|0x000000074de00000, 0x000000074e000000, 0x000000074e000000|100%| E|CS|TAMS 0x000000074de00000, 0x000000074de00000| Complete 
|  84|0x000000074e000000, 0x000000074e200000, 0x000000074e200000|100%| E|CS|TAMS 0x000000074e000000, 0x000000074e000000| Complete 
|  85|0x000000074e200000, 0x000000074e400000, 0x000000074e400000|100%| E|CS|TAMS 0x000000074e200000, 0x000000074e200000| Complete 
|  86|0x000000074e400000, 0x000000074e600000, 0x000000074e600000|100%| E|CS|TAMS 0x000000074e400000, 0x000000074e400000| Complete 
|  87|0x000000074e600000, 0x000000074e800000, 0x000000074e800000|100%| E|CS|TAMS 0x000000074e600000, 0x000000074e600000| Complete 
|  88|0x000000074e800000, 0x000000074ea00000, 0x000000074ea00000|100%| E|CS|TAMS 0x000000074e800000, 0x000000074e800000| Complete 
|  89|0x000000074ea00000, 0x000000074ec00000, 0x000000074ec00000|100%| E|CS|TAMS 0x000000074ea00000, 0x000000074ea00000| Complete 
|  90|0x000000074ec00000, 0x000000074ee00000, 0x000000074ee00000|100%| E|CS|TAMS 0x000000074ec00000, 0x000000074ec00000| Complete 
|  91|0x000000074ee00000, 0x000000074f000000, 0x000000074f000000|100%| E|CS|TAMS 0x000000074ee00000, 0x000000074ee00000| Complete 
|  92|0x000000074f000000, 0x000000074f200000, 0x000000074f200000|100%| E|CS|TAMS 0x000000074f000000, 0x000000074f000000| Complete 
|  93|0x000000074f200000, 0x000000074f400000, 0x000000074f400000|100%| E|CS|TAMS 0x000000074f200000, 0x000000074f200000| Complete 
|  94|0x000000074f400000, 0x000000074f600000, 0x000000074f600000|100%| E|CS|TAMS 0x000000074f400000, 0x000000074f400000| Complete 

Card table byte_map: [0x000002185f500000,0x000002185faf0000] _byte_map_base: 0x000002185bae4000

Marking Bits (Prev, Next): (CMBitMap*) 0x000002184814d440, (CMBitMap*) 0x000002184814d480
 Prev Bits: [0x00000218600e0000, 0x0000021863000000)
 Next Bits: [0x0000021863000000, 0x0000021865f20000)

Polling page: 0x00000218478b0000

Metaspace:

Usage:
  Non-class:     13.15 MB used.
      Class:      1.57 MB used.
       Both:     14.72 MB used.

Virtual space:
  Non-class space:       64.00 MB reserved,      13.25 MB ( 21%) committed,  1 nodes.
      Class space:        1.00 GB reserved,       1.75 MB ( <1%) committed,  1 nodes.
             Both:        1.06 GB reserved,      15.00 MB (  1%) committed. 

Chunk freelists:
   Non-Class:  2.27 MB
       Class:  14.17 MB
        Both:  16.44 MB

MaxMetaspaceSize: unlimited
CompressedClassSpaceSize: 1.00 GB
Initial GC threshold: 21.00 MB
Current GC threshold: 21.00 MB
CDS: on
MetaspaceReclaimPolicy: balanced
 - commit_granule_bytes: 65536.
 - commit_granule_words: 8192.
 - virtual_space_node_default_size: 8388608.
 - enlarge_chunks_in_place: 1.
 - new_chunks_are_fully_committed: 0.
 - uncommit_free_chunks: 1.
 - use_allocation_guard: 0.
 - handle_deallocations: 1.


Internal statistics:

num_allocs_failed_limit: 0.
num_arena_births: 260.
num_arena_deaths: 0.
num_vsnodes_births: 2.
num_vsnodes_deaths: 0.
num_space_committed: 240.
num_space_uncommitted: 0.
num_chunks_returned_to_freelist: 0.
num_chunks_taken_from_freelist: 460.
num_chunk_merges: 0.
num_chunk_splits: 273.
num_chunks_enlarged: 129.
num_inconsistent_stats: 0.

CodeHeap 'non-profiled nmethods': size=120000Kb used=1120Kb max_used=1120Kb free=118879Kb
 bounds [0x00000218576b0000, 0x0000021857920000, 0x000002185ebe0000]
CodeHeap 'profiled nmethods': size=120000Kb used=4912Kb max_used=4912Kb free=115087Kb
 bounds [0x000002184fbe0000, 0x00000218500b0000, 0x0000021857110000]
CodeHeap 'non-nmethods': size=5760Kb used=1364Kb max_used=1425Kb free=4395Kb
 bounds [0x0000021857110000, 0x0000021857380000, 0x00000218576b0000]
 total_blobs=3156 nmethods=2440 adapters=628
 compilation: enabled
              stopped_count=0, restarted_count=0
 full_count=0

Compilation events (20 events):
Event: 32.357 Thread 0x000002186896f0e0 2431       3       com.google.zxing.maxicode.decoder.BitMatrixParser::<init> (10 bytes)
Event: 32.357 Thread 0x000002186896f0e0 nmethod 2431 0x00000218500a6990 code [0x00000218500a6b20, 0x00000218500a6cd8]
Event: 32.377 Thread 0x000002186896f0e0 2432   !   3       java.awt.Container::findComponentAt (42 bytes)
Event: 32.377 Thread 0x000002186896f0e0 nmethod 2432 0x00000218500a6d90 code [0x00000218500a6f60, 0x00000218500a7398]
Event: 32.385 Thread 0x000002186896f0e0 2433   !   3       sun.awt.AWTAutoShutdown::getPeer (43 bytes)
Event: 32.386 Thread 0x000002186896f0e0 nmethod 2433 0x00000218500a7510 code [0x00000218500a76c0, 0x00000218500a7a68]
Event: 32.465 Thread 0x000002186896f0e0 2434       3       java.awt.event.MouseEvent::<init> (211 bytes)
Event: 32.467 Thread 0x000002186896f0e0 nmethod 2434 0x00000218500a7c90 code [0x00000218500a7f80, 0x00000218500a9278]
Event: 32.467 Thread 0x000002186896f0e0 2435       3       java.awt.event.InputEvent::<init> (26 bytes)
Event: 32.467 Thread 0x000002186896f0e0 nmethod 2435 0x00000218500a9890 code [0x00000218500a9a40, 0x00000218500a9c38]
Event: 32.578 Thread 0x000002186896f0e0 2436       3       java.awt.KeyboardFocusManager::checkKFMSecurity (11 bytes)
Event: 32.578 Thread 0x000002186896f0e0 nmethod 2436 0x00000218500a9d90 code [0x00000218500a9fa0, 0x00000218500aa558]
Event: 32.594 Thread 0x000002186896f0e0 2437       3       java.awt.EventQueue::setCurrentEventAndMostRecentTime (8 bytes)
Event: 32.594 Thread 0x000002186896f0e0 nmethod 2437 0x00000218500aa710 code [0x00000218500aa900, 0x00000218500aadb8]
Event: 32.609 Thread 0x000002186896f0e0 2438       3       java.awt.EventQueue::cacheEQItem (60 bytes)
Event: 32.610 Thread 0x000002186896f0e0 nmethod 2438 0x00000218500aaf90 code [0x00000218500ab160, 0x00000218500ab988]
Event: 33.063 Thread 0x000002186896c620 2439       4       java.util.ArrayList::clear (43 bytes)
Event: 33.064 Thread 0x000002186896c620 nmethod 2439 0x00000218577c7e90 code [0x00000218577c8000, 0x00000218577c8098]
Event: 33.257 Thread 0x000002186896f0e0 2440       3       java.util.IdentityHashMap$IdentityHashMapIterator::nextIndex (72 bytes)
Event: 33.258 Thread 0x000002186896f0e0 nmethod 2440 0x00000218500abb90 code [0x00000218500abd60, 0x00000218500ac0e8]

GC Heap History (20 events):
Event: 27.841 GC heap before
{Heap before GC invocations=46 (full 0):
 garbage-first heap   total 194560K, used 140029K [0x0000000743800000, 0x0000000800000000)
  region size 2048K, 57 young (116736K), 1 survivors (2048K)
 Metaspace       used 15009K, committed 15360K, reserved 1114112K
  class space    used 1606K, committed 1792K, reserved 1048576K
}
Event: 27.842 GC heap after
{Heap after GC invocations=47 (full 0):
 garbage-first heap   total 194560K, used 27393K [0x0000000743800000, 0x0000000800000000)
  region size 2048K, 1 young (2048K), 1 survivors (2048K)
 Metaspace       used 15009K, committed 15360K, reserved 1114112K
  class space    used 1606K, committed 1792K, reserved 1048576K
}
Event: 28.400 GC heap before
{Heap before GC invocations=47 (full 0):
 garbage-first heap   total 194560K, used 140033K [0x0000000743800000, 0x0000000800000000)
  region size 2048K, 57 young (116736K), 1 survivors (2048K)
 Metaspace       used 15009K, committed 15360K, reserved 1114112K
  class space    used 1606K, committed 1792K, reserved 1048576K
}
Event: 28.401 GC heap after
{Heap after GC invocations=48 (full 0):
 garbage-first heap   total 194560K, used 27392K [0x0000000743800000, 0x0000000800000000)
  region size 2048K, 1 young (2048K), 1 survivors (2048K)
 Metaspace       used 15009K, committed 15360K, reserved 1114112K
  class space    used 1606K, committed 1792K, reserved 1048576K
}
Event: 28.961 GC heap before
{Heap before GC invocations=48 (full 0):
 garbage-first heap   total 194560K, used 140032K [0x0000000743800000, 0x0000000800000000)
  region size 2048K, 57 young (116736K), 1 survivors (2048K)
 Metaspace       used 15009K, committed 15360K, reserved 1114112K
  class space    used 1606K, committed 1792K, reserved 1048576K
}
Event: 28.962 GC heap after
{Heap after GC invocations=49 (full 0):
 garbage-first heap   total 194560K, used 27400K [0x0000000743800000, 0x0000000800000000)
  region size 2048K, 1 young (2048K), 1 survivors (2048K)
 Metaspace       used 15009K, committed 15360K, reserved 1114112K
  class space    used 1606K, committed 1792K, reserved 1048576K
}
Event: 29.551 GC heap before
{Heap before GC invocations=49 (full 0):
 garbage-first heap   total 194560K, used 140040K [0x0000000743800000, 0x0000000800000000)
  region size 2048K, 57 young (116736K), 1 survivors (2048K)
 Metaspace       used 15009K, committed 15360K, reserved 1114112K
  class space    used 1606K, committed 1792K, reserved 1048576K
}
Event: 29.552 GC heap after
{Heap after GC invocations=50 (full 0):
 garbage-first heap   total 194560K, used 27255K [0x0000000743800000, 0x0000000800000000)
  region size 2048K, 1 young (2048K), 1 survivors (2048K)
 Metaspace       used 15009K, committed 15360K, reserved 1114112K
  class space    used 1606K, committed 1792K, reserved 1048576K
}
Event: 30.111 GC heap before
{Heap before GC invocations=50 (full 0):
 garbage-first heap   total 194560K, used 139895K [0x0000000743800000, 0x0000000800000000)
  region size 2048K, 57 young (116736K), 1 survivors (2048K)
 Metaspace       used 15009K, committed 15360K, reserved 1114112K
  class space    used 1606K, committed 1792K, reserved 1048576K
}
Event: 30.112 GC heap after
{Heap after GC invocations=51 (full 0):
 garbage-first heap   total 194560K, used 27469K [0x0000000743800000, 0x0000000800000000)
  region size 2048K, 1 young (2048K), 1 survivors (2048K)
 Metaspace       used 15009K, committed 15360K, reserved 1114112K
  class space    used 1606K, committed 1792K, reserved 1048576K
}
Event: 30.671 GC heap before
{Heap before GC invocations=51 (full 0):
 garbage-first heap   total 194560K, used 140109K [0x0000000743800000, 0x0000000800000000)
  region size 2048K, 57 young (116736K), 1 survivors (2048K)
 Metaspace       used 15009K, committed 15360K, reserved 1114112K
  class space    used 1606K, committed 1792K, reserved 1048576K
}
Event: 30.672 GC heap after
{Heap after GC invocations=52 (full 0):
 garbage-first heap   total 194560K, used 27469K [0x0000000743800000, 0x0000000800000000)
  region size 2048K, 1 young (2048K), 1 survivors (2048K)
 Metaspace       used 15009K, committed 15360K, reserved 1114112K
  class space    used 1606K, committed 1792K, reserved 1048576K
}
Event: 31.237 GC heap before
{Heap before GC invocations=52 (full 0):
 garbage-first heap   total 194560K, used 140109K [0x0000000743800000, 0x0000000800000000)
  region size 2048K, 57 young (116736K), 1 survivors (2048K)
 Metaspace       used 15009K, committed 15360K, reserved 1114112K
  class space    used 1606K, committed 1792K, reserved 1048576K
}
Event: 31.238 GC heap after
{Heap after GC invocations=53 (full 0):
 garbage-first heap   total 194560K, used 27408K [0x0000000743800000, 0x0000000800000000)
  region size 2048K, 1 young (2048K), 1 survivors (2048K)
 Metaspace       used 15009K, committed 15360K, reserved 1114112K
  class space    used 1606K, committed 1792K, reserved 1048576K
}
Event: 31.814 GC heap before
{Heap before GC invocations=53 (full 0):
 garbage-first heap   total 194560K, used 140048K [0x0000000743800000, 0x0000000800000000)
  region size 2048K, 57 young (116736K), 1 survivors (2048K)
 Metaspace       used 15020K, committed 15360K, reserved 1114112K
  class space    used 1606K, committed 1792K, reserved 1048576K
}
Event: 31.815 GC heap after
{Heap after GC invocations=54 (full 0):
 garbage-first heap   total 194560K, used 27408K [0x0000000743800000, 0x0000000800000000)
  region size 2048K, 1 young (2048K), 1 survivors (2048K)
 Metaspace       used 15020K, committed 15360K, reserved 1114112K
  class space    used 1606K, committed 1792K, reserved 1048576K
}
Event: 32.367 GC heap before
{Heap before GC invocations=54 (full 0):
 garbage-first heap   total 194560K, used 140048K [0x0000000743800000, 0x0000000800000000)
  region size 2048K, 57 young (116736K), 1 survivors (2048K)
 Metaspace       used 15056K, committed 15360K, reserved 1114112K
  class space    used 1606K, committed 1792K, reserved 1048576K
}
Event: 32.368 GC heap after
{Heap after GC invocations=55 (full 0):
 garbage-first heap   total 194560K, used 27410K [0x0000000743800000, 0x0000000800000000)
  region size 2048K, 1 young (2048K), 1 survivors (2048K)
 Metaspace       used 15056K, committed 15360K, reserved 1114112K
  class space    used 1606K, committed 1792K, reserved 1048576K
}
Event: 32.921 GC heap before
{Heap before GC invocations=55 (full 0):
 garbage-first heap   total 194560K, used 140050K [0x0000000743800000, 0x0000000800000000)
  region size 2048K, 57 young (116736K), 1 survivors (2048K)
 Metaspace       used 15062K, committed 15360K, reserved 1114112K
  class space    used 1606K, committed 1792K, reserved 1048576K
}
Event: 32.921 GC heap after
{Heap after GC invocations=56 (full 0):
 garbage-first heap   total 194560K, used 27410K [0x0000000743800000, 0x0000000800000000)
  region size 2048K, 1 young (2048K), 1 survivors (2048K)
 Metaspace       used 15062K, committed 15360K, reserved 1114112K
  class space    used 1606K, committed 1792K, reserved 1048576K
}

Dll operation events (11 events):
Event: 0.007 Loaded shared library E:\jdk_new\jdk-17.0.8.7-hotspot\bin\java.dll
Event: 0.024 Loaded shared library E:\jdk_new\jdk-17.0.8.7-hotspot\bin\jsvml.dll
Event: 0.098 Loaded shared library E:\jdk_new\jdk-17.0.8.7-hotspot\bin\jimage.dll
Event: 0.103 Loaded shared library E:\jdk_new\jdk-17.0.8.7-hotspot\bin\net.dll
Event: 0.104 Loaded shared library E:\jdk_new\jdk-17.0.8.7-hotspot\bin\nio.dll
Event: 0.107 Loaded shared library E:\jdk_new\jdk-17.0.8.7-hotspot\bin\zip.dll
Event: 0.163 Loaded shared library E:\jdk_new\jdk-17.0.8.7-hotspot\bin\awt.dll
Event: 0.673 Loaded shared library E:\jdk_new\jdk-17.0.8.7-hotspot\bin\freetype.dll
Event: 0.674 Loaded shared library E:\jdk_new\jdk-17.0.8.7-hotspot\bin\fontmanager.dll
Event: 2.292 Loaded shared library E:\jdk_new\jdk-17.0.8.7-hotspot\bin\rmi.dll
Event: 2.392 Loaded shared library E:\Desktop\PhanTan\posshop_3\posshop\posshop_client\lib\opencv\x64\opencv_java341.dll

Deoptimization events (20 events):
Event: 7.236 Thread 0x000002186f5edec0 DEOPT PACKING pc=0x000002184ff2bf27 sp=0x000000c05f1fe6a0
Event: 7.236 Thread 0x000002186f5edec0 DEOPT UNPACKING pc=0x0000021857167143 sp=0x000000c05f1fdb70 mode 0
Event: 7.283 Thread 0x000002186f5edec0 DEOPT PACKING pc=0x000002184ff2de9d sp=0x000000c05f1fe6e0
Event: 7.283 Thread 0x000002186f5edec0 DEOPT UNPACKING pc=0x0000021857167143 sp=0x000000c05f1fdb98 mode 0
Event: 7.328 Thread 0x000002186f5edec0 DEOPT PACKING pc=0x000002184ff2ecc7 sp=0x000000c05f1fe6b0
Event: 7.328 Thread 0x000002186f5edec0 DEOPT UNPACKING pc=0x0000021857167143 sp=0x000000c05f1fdb88 mode 0
Event: 7.794 Thread 0x000002186f5edec0 DEOPT PACKING pc=0x000002184ff55acb sp=0x000000c05f1fe9b0
Event: 7.794 Thread 0x000002186f5edec0 DEOPT UNPACKING pc=0x0000021857167143 sp=0x000000c05f1fde68 mode 0
Event: 7.794 Thread 0x000002186f5edec0 DEOPT PACKING pc=0x000002184ff56838 sp=0x000000c05f1fe930
Event: 7.794 Thread 0x000002186f5edec0 DEOPT UNPACKING pc=0x0000021857167143 sp=0x000000c05f1fdde0 mode 0
Event: 8.026 Thread 0x000002186f5edec0 DEOPT PACKING pc=0x000002184ff1b361 sp=0x000000c05f1fe5f0
Event: 8.026 Thread 0x000002186f5edec0 DEOPT UNPACKING pc=0x0000021857167143 sp=0x000000c05f1fdac0 mode 0
Event: 9.369 Thread 0x000002186f5edec0 DEOPT PACKING pc=0x000002184ff24f71 sp=0x000000c05f1fe890
Event: 9.369 Thread 0x000002186f5edec0 DEOPT UNPACKING pc=0x0000021857167143 sp=0x000000c05f1fdd88 mode 0
Event: 11.120 Thread 0x000002186f5edec0 DEOPT PACKING pc=0x000002184ff32377 sp=0x000000c05f1fe610
Event: 11.120 Thread 0x000002186f5edec0 DEOPT UNPACKING pc=0x0000021857167143 sp=0x000000c05f1fdae8 mode 0
Event: 20.990 Thread 0x000002186f5edec0 DEOPT PACKING pc=0x000002184ff508d7 sp=0x000000c05f1fe810
Event: 20.990 Thread 0x000002186f5edec0 DEOPT UNPACKING pc=0x0000021857167143 sp=0x000000c05f1fdce8 mode 0
Event: 21.615 Thread 0x000002186f5edec0 DEOPT PACKING pc=0x000002184ff3d1ea sp=0x000000c05f1fe2a0
Event: 21.615 Thread 0x000002186f5edec0 DEOPT UNPACKING pc=0x0000021857167143 sp=0x000000c05f1fd750 mode 0

Classes unloaded (0 events):
No events

Classes redefined (0 events):
No events

Internal exceptions (20 events):
Event: 0.286 Thread 0x0000021868ba0920 Exception <a 'java/lang/NoSuchMethodError'{0x000000074eca19e0}: 'java.lang.Object java.lang.invoke.DirectMethodHandle$Holder.invokeStaticInit(java.lang.Object, int, int, int, int)'> (0x000000074eca19e0) 
thrown [s\src\hotspot\share\interpreter\linkResolver.cpp, line 759]
Event: 0.334 Thread 0x0000021868ba0920 Exception <a 'java/lang/NoSuchMethodError'{0x000000074ed75a10}: 'java.lang.Object java.lang.invoke.DirectMethodHandle$Holder.invokeStaticInit(java.lang.Object, java.lang.Object, int, int, int, int)'> (0x000000074ed75a10) 
thrown [s\src\hotspot\share\interpreter\linkResolver.cpp, line 759]
Event: 0.422 Thread 0x0000021868ba0920 Implicit null exception at 0x00000218576eaa8c to 0x00000218576ead70
Event: 0.586 Thread 0x0000021868b9ff00 Implicit null exception at 0x00000218576e86d5 to 0x00000218576e8ce0
Event: 0.586 Thread 0x0000021868b9ff00 Implicit null exception at 0x00000218576e6b52 to 0x00000218576e7150
Event: 0.616 Thread 0x0000021868b9ff00 Exception <a 'java/lang/NoSuchMethodError'{0x000000074e37d748}: 'java.lang.Object java.lang.invoke.DirectMethodHandle$Holder.newInvokeSpecial(java.lang.Object, java.lang.Object, java.lang.Object, int, int, int, int, int)'> (0x000000074e37d748) 
thrown [s\src\hotspot\share\interpreter\linkResolver.cpp, line 759]
Event: 0.712 Thread 0x0000021868ba2c90 Exception <a 'java/lang/NoSuchMethodError'{0x000000074f1f1a58}: 'void java.lang.invoke.DirectMethodHandle$Holder.invokeVirtual(java.lang.Object, java.lang.Object)'> (0x000000074f1f1a58) 
thrown [s\src\hotspot\share\interpreter\linkResolver.cpp, line 759]
Event: 0.724 Thread 0x0000021868ba0920 Exception <a 'java/lang/NoSuchMethodError'{0x000000074e1a3c60}: 'void java.lang.invoke.DirectMethodHandle$Holder.invokeStaticInit(java.lang.Object)'> (0x000000074e1a3c60) 
thrown [s\src\hotspot\share\interpreter\linkResolver.cpp, line 759]
Event: 2.249 Thread 0x0000021868ba0920 Exception <a 'java/lang/NoSuchMethodError'{0x000000074f4e7078}: 'void java.lang.invoke.DirectMethodHandle$Holder.invokeStatic(java.lang.Object, java.lang.Object)'> (0x000000074f4e7078) 
thrown [s\src\hotspot\share\interpreter\linkResolver.cpp, line 759]
Event: 2.291 Thread 0x0000021868ba0920 Exception <a 'java/lang/NoSuchMethodError'{0x000000074f275de8}: 'java.lang.Object java.lang.invoke.Invokers$Holder.linkToTargetMethod(java.lang.Object, int, java.lang.Object, java.lang.Object, java.lang.Object)'> (0x000000074f275de8) 
thrown [s\src\hotspot\share\interpreter\linkResolver.cpp, line 759]
Event: 2.295 Thread 0x0000021868ba0920 Exception <a 'java/lang/NoSuchMethodError'{0x000000074f2ac310}: static [Ljava/rmi/server/ObjID;.<clinit>()V> (0x000000074f2ac310) 
thrown [s\src\hotspot\share\prims\jni.cpp, line 1107]
Event: 2.298 Thread 0x0000021868ba0920 Exception <a 'java/lang/NoSuchMethodError'{0x000000074f2cbb80}: static [B.<clinit>()V> (0x000000074f2cbb80) 
thrown [s\src\hotspot\share\prims\jni.cpp, line 1107]
Event: 2.300 Thread 0x0000021868ba0e30 Exception <a 'java/lang/InterruptedException'{0x000000074f3213e0}> (0x000000074f3213e0) 
thrown [s\src\hotspot\share\runtime\objectMonitor.cpp, line 1658]
Event: 2.300 Thread 0x0000021868ba0e30 Exception <a 'java/lang/NoSuchMethodError'{0x000000074f322840}: 'java.lang.Object java.lang.invoke.DirectMethodHandle$Holder.invokeSpecial(java.lang.Object, java.lang.Object, int, java.lang.Object, long)'> (0x000000074f322840) 
thrown [s\src\hotspot\share\interpreter\linkResolver.cpp, line 759]
Event: 2.301 Thread 0x0000021868ba0e30 Exception <a 'java/lang/NoSuchMethodError'{0x000000074f329f10}: 'java.lang.Object java.lang.invoke.DirectMethodHandle$Holder.newInvokeSpecial(java.lang.Object, java.lang.Object, int, java.lang.Object, long)'> (0x000000074f329f10) 
thrown [s\src\hotspot\share\interpreter\linkResolver.cpp, line 759]
Event: 2.355 Thread 0x0000021868ba0920 Exception <a 'java/lang/NoSuchMethodError'{0x000000074f111450}: 'java.lang.Object java.lang.invoke.DirectMethodHandle$Holder.invokeStatic(java.lang.Object, java.lang.Object, int)'> (0x000000074f111450) 
thrown [s\src\hotspot\share\interpreter\linkResolver.cpp, line 759]
Event: 2.356 Thread 0x0000021868ba0920 Exception <a 'java/lang/NoSuchMethodError'{0x000000074f11ce90}: 'void java.lang.invoke.DelegatingMethodHandle$Holder.delegate(java.lang.Object, java.lang.Object, int, java.lang.Object)'> (0x000000074f11ce90) 
thrown [s\src\hotspot\share\interpreter\linkResolver.cpp, line 759]
Event: 2.356 Thread 0x0000021868ba0920 Exception <a 'java/lang/NoSuchMethodError'{0x000000074f1214f8}: 'int java.lang.invoke.DirectMethodHandle$Holder.invokeSpecial(java.lang.Object, java.lang.Object, java.lang.Object)'> (0x000000074f1214f8) 
thrown [s\src\hotspot\share\interpreter\linkResolver.cpp, line 759]
Event: 2.359 Thread 0x0000021868ba0920 Exception <a 'java/lang/NoSuchMethodError'{0x000000074f142ae8}: static Ljava/lang/Object;.<clinit>()V> (0x000000074f142ae8) 
thrown [s\src\hotspot\share\prims\jni.cpp, line 1107]
Event: 2.394 Thread 0x0000021868ba0920 Exception <a 'java/lang/NoSuchMethodError'{0x000000074ee117a8}: 'void java.lang.invoke.DirectMethodHandle$Holder.invokeStatic(java.lang.Object, java.lang.Object, java.lang.Object)'> (0x000000074ee117a8) 
thrown [s\src\hotspot\share\interpreter\linkResolver.cpp, line 759]

VM Operations (20 events):
Event: 27.842 Executing VM operation: G1CollectForAllocation done
Event: 28.400 Executing VM operation: G1CollectForAllocation
Event: 28.401 Executing VM operation: G1CollectForAllocation done
Event: 28.961 Executing VM operation: G1CollectForAllocation
Event: 28.962 Executing VM operation: G1CollectForAllocation done
Event: 29.551 Executing VM operation: G1CollectForAllocation
Event: 29.552 Executing VM operation: G1CollectForAllocation done
Event: 30.111 Executing VM operation: G1CollectForAllocation
Event: 30.112 Executing VM operation: G1CollectForAllocation done
Event: 30.671 Executing VM operation: G1CollectForAllocation
Event: 30.672 Executing VM operation: G1CollectForAllocation done
Event: 31.237 Executing VM operation: G1CollectForAllocation
Event: 31.238 Executing VM operation: G1CollectForAllocation done
Event: 31.814 Executing VM operation: G1CollectForAllocation
Event: 31.815 Executing VM operation: G1CollectForAllocation done
Event: 32.367 Executing VM operation: G1CollectForAllocation
Event: 32.368 Executing VM operation: G1CollectForAllocation done
Event: 32.920 Executing VM operation: G1CollectForAllocation
Event: 32.921 Executing VM operation: G1CollectForAllocation done
Event: 33.360 Executing VM operation: Exit

Events (20 events):
Event: 2.871 loading class sun/rmi/transport/DGCClient$EndpointEntry$CleanRequest done
Event: 2.873 Thread 0x0000021868ba0e30 Thread exited: 0x0000021868ba0e30
Event: 3.172 Thread 0x000002186fc40090 Thread exited: 0x000002186fc40090
Event: 3.637 Thread 0x000002186d4c40d0 Thread exited: 0x000002186d4c40d0
Event: 3.682 loading class java/awt/LightweightDispatcher$2
Event: 3.682 loading class java/awt/LightweightDispatcher$2 done
Event: 7.432 Thread 0x0000021868b9ff00 Thread exited: 0x0000021868b9ff00
Event: 33.257 Thread 0x000002186f5ecf90 Thread added: 0x000002186f5ecf90
Event: 33.258 Thread 0x000002186f5ef810 Thread added: 0x000002186f5ef810
Event: 33.258 Thread 0x000002186f5f0230 Thread added: 0x000002186f5f0230
Event: 33.258 Thread 0x000002186f5ee3d0 Thread added: 0x000002186f5ee3d0
Event: 33.258 Thread 0x000002186f5ecf90 Thread exited: 0x000002186f5ecf90
Event: 33.258 loading class java/util/WeakHashMap$KeyIterator
Event: 33.258 loading class java/util/WeakHashMap$HashIterator
Event: 33.258 loading class java/util/WeakHashMap$HashIterator done
Event: 33.258 loading class java/util/WeakHashMap$KeyIterator done
Event: 33.258 Thread 0x000002186f5ef810 Thread exited: 0x000002186f5ef810
Event: 33.258 Thread 0x000002186f5ee3d0 Thread exited: 0x000002186f5ee3d0
Event: 33.271 Thread 0x0000021868ba2c90 Thread exited: 0x0000021868ba2c90
Event: 33.359 Thread 0x000002186f5f0230 Thread exited: 0x000002186f5f0230


Dynamic libraries:
0x00007ff7a2040000 - 0x00007ff7a204e000 	E:\jdk_new\jdk-17.0.8.7-hotspot\bin\javaw.exe
0x00007ffce1b90000 - 0x00007ffce1d88000 	C:\WINDOWS\SYSTEM32\ntdll.dll
0x00007ffce16c0000 - 0x00007ffce177d000 	C:\WINDOWS\System32\KERNEL32.DLL
0x00007ffcdf6f0000 - 0x00007ffcdf9e6000 	C:\WINDOWS\System32\KERNELBASE.dll
0x00007ffcdfa20000 - 0x00007ffcdfb20000 	C:\WINDOWS\System32\ucrtbase.dll
0x00007ffccab10000 - 0x00007ffccab27000 	E:\jdk_new\jdk-17.0.8.7-hotspot\bin\jli.dll
0x00007ffcd4c60000 - 0x00007ffcd4c79000 	E:\jdk_new\jdk-17.0.8.7-hotspot\bin\VCRUNTIME140.dll
0x00007ffce0390000 - 0x00007ffce052f000 	C:\WINDOWS\System32\USER32.dll
0x00007ffcc6be0000 - 0x00007ffcc6e7a000 	C:\WINDOWS\WinSxS\amd64_microsoft.windows.common-controls_6595b64144ccf1df_6.0.19041.3636_none_60b6a03d71f818d5\COMCTL32.dll
0x00007ffcdf240000 - 0x00007ffcdf262000 	C:\WINDOWS\System32\win32u.dll
0x00007ffce05d0000 - 0x00007ffce066e000 	C:\WINDOWS\System32\msvcrt.dll
0x00007ffce0530000 - 0x00007ffce055b000 	C:\WINDOWS\System32\GDI32.dll
0x00007ffcdf520000 - 0x00007ffcdf637000 	C:\WINDOWS\System32\gdi32full.dll
0x00007ffcdfb20000 - 0x00007ffcdfbbd000 	C:\WINDOWS\System32\msvcp_win.dll
0x00007ffce0690000 - 0x00007ffce06c2000 	C:\WINDOWS\System32\IMM32.DLL
0x00007ffcd5b40000 - 0x00007ffcd5b4c000 	E:\jdk_new\jdk-17.0.8.7-hotspot\bin\vcruntime140_1.dll
0x00007ffcd48d0000 - 0x00007ffcd4961000 	E:\jdk_new\jdk-17.0.8.7-hotspot\bin\msvcp140.dll
0x00007ffc5a680000 - 0x00007ffc5b2cc000 	E:\jdk_new\jdk-17.0.8.7-hotspot\bin\server\jvm.dll
0x00007ffce1580000 - 0x00007ffce1630000 	C:\WINDOWS\System32\ADVAPI32.dll
0x00007ffce0750000 - 0x00007ffce07f0000 	C:\WINDOWS\System32\sechost.dll
0x00007ffce07f0000 - 0x00007ffce0913000 	C:\WINDOWS\System32\RPCRT4.dll
0x00007ffcdf9f0000 - 0x00007ffcdfa17000 	C:\WINDOWS\System32\bcrypt.dll
0x00007ffcde780000 - 0x00007ffcde7cb000 	C:\WINDOWS\SYSTEM32\POWRPROF.dll
0x00007ffcd3880000 - 0x00007ffcd3889000 	C:\WINDOWS\SYSTEM32\WSOCK32.dll
0x00007ffce06d0000 - 0x00007ffce073b000 	C:\WINDOWS\System32\WS2_32.dll
0x00007ffcd1df0000 - 0x00007ffcd1dfa000 	C:\WINDOWS\SYSTEM32\VERSION.dll
0x00007ffcd8aa0000 - 0x00007ffcd8ac7000 	C:\WINDOWS\SYSTEM32\WINMM.dll
0x00007ffcde640000 - 0x00007ffcde652000 	C:\WINDOWS\SYSTEM32\UMPDC.dll
0x00007ffcdddd0000 - 0x00007ffcddde2000 	C:\WINDOWS\SYSTEM32\kernel.appcore.dll
0x00007ffcd5b70000 - 0x00007ffcd5b7a000 	E:\jdk_new\jdk-17.0.8.7-hotspot\bin\jimage.dll
0x00007ffcdd6f0000 - 0x00007ffcdd8d4000 	C:\WINDOWS\SYSTEM32\DBGHELP.DLL
0x00007ffccb4b0000 - 0x00007ffccb4e4000 	C:\WINDOWS\SYSTEM32\dbgcore.DLL
0x00007ffcdf2c0000 - 0x00007ffcdf342000 	C:\WINDOWS\System32\bcryptPrimitives.dll
0x00007ffcaeb30000 - 0x00007ffcaeb55000 	E:\jdk_new\jdk-17.0.8.7-hotspot\bin\java.dll
0x00007ffc98870000 - 0x00007ffc98946000 	E:\jdk_new\jdk-17.0.8.7-hotspot\bin\jsvml.dll
0x00007ffcdfc20000 - 0x00007ffce038b000 	C:\WINDOWS\System32\SHELL32.dll
0x00007ffcdcdf0000 - 0x00007ffcdd58e000 	C:\WINDOWS\SYSTEM32\windows.storage.dll
0x00007ffce0df0000 - 0x00007ffce1143000 	C:\WINDOWS\System32\combase.dll
0x00007ffcdec70000 - 0x00007ffcdec9e000 	C:\WINDOWS\SYSTEM32\Wldp.dll
0x00007ffce1960000 - 0x00007ffce1a2d000 	C:\WINDOWS\System32\OLEAUT32.dll
0x00007ffce1aa0000 - 0x00007ffce1b4d000 	C:\WINDOWS\System32\SHCORE.dll
0x00007ffce1a30000 - 0x00007ffce1a85000 	C:\WINDOWS\System32\shlwapi.dll
0x00007ffcdf170000 - 0x00007ffcdf193000 	C:\WINDOWS\SYSTEM32\profapi.dll
0x00007ffca14c0000 - 0x00007ffca14d9000 	E:\jdk_new\jdk-17.0.8.7-hotspot\bin\net.dll
0x00007ffcd8650000 - 0x00007ffcd875a000 	C:\WINDOWS\SYSTEM32\WINHTTP.dll
0x00007ffcde9d0000 - 0x00007ffcdea3a000 	C:\WINDOWS\system32\mswsock.dll
0x00007ffca0830000 - 0x00007ffca0845000 	E:\jdk_new\jdk-17.0.8.7-hotspot\bin\nio.dll
0x00007ffcacae0000 - 0x00007ffcacaf8000 	E:\jdk_new\jdk-17.0.8.7-hotspot\bin\zip.dll
0x00007ffc9b870000 - 0x00007ffc9b9fe000 	E:\jdk_new\jdk-17.0.8.7-hotspot\bin\awt.dll
0x00007ffcd7f60000 - 0x00007ffcd7ff0000 	C:\WINDOWS\SYSTEM32\apphelp.dll
0x00007ffcd8050000 - 0x00007ffcd80ee000 	C:\WINDOWS\system32\uxtheme.dll
0x00007ffce1460000 - 0x00007ffce1575000 	C:\WINDOWS\System32\MSCTF.dll
0x00007ffce1830000 - 0x00007ffce195b000 	C:\WINDOWS\System32\ole32.dll
0x00007ffcdc800000 - 0x00007ffcdc82f000 	C:\WINDOWS\system32\DWMAPI.DLL
0x00007ffcbd900000 - 0x00007ffcbda25000 	C:\WINDOWS\system32\opengl32.dll
0x00007ffcbeb60000 - 0x00007ffcbeb8c000 	C:\WINDOWS\SYSTEM32\GLU32.dll
0x00007ffcdebc0000 - 0x00007ffcdebd8000 	C:\WINDOWS\SYSTEM32\CRYPTSP.dll
0x00007ffcde280000 - 0x00007ffcde2b4000 	C:\WINDOWS\system32\rsaenh.dll
0x00007ffcdf0f0000 - 0x00007ffcdf11e000 	C:\WINDOWS\SYSTEM32\USERENV.dll
0x00007ffcdebe0000 - 0x00007ffcdebec000 	C:\WINDOWS\SYSTEM32\CRYPTBASE.dll
0x00007ffcde660000 - 0x00007ffcde69b000 	C:\WINDOWS\SYSTEM32\IPHLPAPI.DLL
0x00007ffce1a90000 - 0x00007ffce1a98000 	C:\WINDOWS\System32\NSI.dll
0x00007ffcd2a80000 - 0x00007ffcd2a97000 	C:\WINDOWS\SYSTEM32\dhcpcsvc6.DLL
0x00007ffcd2a60000 - 0x00007ffcd2a7d000 	C:\WINDOWS\SYSTEM32\dhcpcsvc.DLL
0x00007ffcde6a0000 - 0x00007ffcde76b000 	C:\WINDOWS\SYSTEM32\DNSAPI.dll
0x00007ffcae100000 - 0x00007ffcae117000 	C:\WINDOWS\system32\napinsp.dll
0x00007ffcb0700000 - 0x00007ffcb071b000 	C:\WINDOWS\system32\pnrpnsp.dll
0x00007ffcd5c00000 - 0x00007ffcd5c15000 	C:\WINDOWS\system32\wshbth.dll
0x00007ffcd6120000 - 0x00007ffcd613d000 	C:\WINDOWS\system32\NLAapi.dll
0x00007ffcb06e0000 - 0x00007ffcb06f2000 	C:\WINDOWS\System32\winrnr.dll
0x00000000614e0000 - 0x0000000061506000 	C:\Program Files\Bonjour\mdnsNSP.dll
0x00007ffcd2b00000 - 0x00007ffcd2b0a000 	C:\Windows\System32\rasadhlp.dll
0x00007ffcd07d0000 - 0x00007ffcd0850000 	C:\WINDOWS\System32\fwpuclnt.dll
0x00007ffccab90000 - 0x00007ffccac16000 	E:\jdk_new\jdk-17.0.8.7-hotspot\bin\freetype.dll
0x00007ffc6c940000 - 0x00007ffc6ca13000 	E:\jdk_new\jdk-17.0.8.7-hotspot\bin\fontmanager.dll
0x00007ffce1780000 - 0x00007ffce1829000 	C:\WINDOWS\System32\clbcatq.dll
0x00007ffcd3cf0000 - 0x00007ffcd3ea4000 	C:\WINDOWS\SYSTEM32\WindowsCodecs.dll
0x00007ffcaeaf0000 - 0x00007ffcaeb2e000 	C:\WINDOWS\system32\dataexchange.dll
0x00007ffcd71f0000 - 0x00007ffcd7453000 	C:\WINDOWS\system32\d3d11.dll
0x00007ffcd7460000 - 0x00007ffcd7645000 	C:\WINDOWS\system32\dcomp.dll
0x00007ffcddab0000 - 0x00007ffcddba3000 	C:\WINDOWS\system32\dxgi.dll
0x00007ffcd8430000 - 0x00007ffcd8633000 	C:\WINDOWS\system32\twinapi.appcore.dll
0x00007ffcbe890000 - 0x00007ffcbe989000 	C:\WINDOWS\SYSTEM32\textinputframework.dll
0x00007ffcd7d30000 - 0x00007ffcd7e22000 	C:\WINDOWS\System32\CoreMessaging.dll
0x00007ffcd7650000 - 0x00007ffcd79ab000 	C:\WINDOWS\System32\CoreUIComponents.dll
0x00007ffcde3a0000 - 0x00007ffcde3d3000 	C:\WINDOWS\SYSTEM32\ntmarta.dll
0x00007ffcd8cd0000 - 0x00007ffcd8e27000 	C:\WINDOWS\SYSTEM32\wintypes.dll
0x0000000180000000 - 0x0000000180054000 	C:\Program Files\UniKey\UKHook40.dll
0x00007ffcd4ca0000 - 0x00007ffcd4ca7000 	E:\jdk_new\jdk-17.0.8.7-hotspot\bin\rmi.dll
0x00007ffc3c620000 - 0x00007ffc3f2f2000 	E:\Desktop\PhanTan\posshop_3\posshop\posshop_client\lib\opencv\x64\opencv_java341.dll
0x00007ffcd4760000 - 0x00007ffcd4779000 	C:\WINDOWS\SYSTEM32\AVICAP32.dll
0x00007ffccab60000 - 0x00007ffccab8b000 	C:\WINDOWS\SYSTEM32\MSVFW32.dll
0x00007ffccab30000 - 0x00007ffccab51000 	C:\WINDOWS\SYSTEM32\AVIFIL32.dll
0x00007ffcc8f20000 - 0x00007ffcc8f3e000 	C:\WINDOWS\SYSTEM32\MSACM32.dll
0x00007ffcb3a00000 - 0x00007ffcb3a26000 	C:\WINDOWS\SYSTEM32\winmmbase.dll
0x00007ffcaeb90000 - 0x00007ffcaebad000 	C:\Windows\System32\devenum.dll
0x00007ffcdf270000 - 0x00007ffcdf2be000 	C:\WINDOWS\System32\CFGMGR32.dll
0x00007ffce0920000 - 0x00007ffce0d8e000 	C:\WINDOWS\System32\setupapi.dll
0x00007ffcdefd0000 - 0x00007ffcdf003000 	C:\WINDOWS\SYSTEM32\DEVOBJ.dll
0x00007ffcdf350000 - 0x00007ffcdf3b7000 	C:\WINDOWS\System32\WINTRUST.dll
0x00007ffcdf3c0000 - 0x00007ffcdf51e000 	C:\WINDOWS\System32\CRYPT32.dll
0x00007ffcdee00000 - 0x00007ffcdee12000 	C:\WINDOWS\SYSTEM32\MSASN1.dll
0x00007ffc98f00000 - 0x00007ffc98f50000 	C:\Windows\System32\ksproxy.ax
0x00007ffc6c750000 - 0x00007ffc6c91d000 	C:\Windows\System32\d3d9.dll
0x00007ffcd45f0000 - 0x00007ffcd45f9000 	C:\Windows\System32\ksuser.dll
0x00007ffcd6140000 - 0x00007ffcd61e1000 	C:\WINDOWS\SYSTEM32\policymanager.dll
0x00007ffcde310000 - 0x00007ffcde39a000 	C:\Windows\System32\msvcp110_win.dll
0x00007ffcd6780000 - 0x00007ffcd678b000 	C:\WINDOWS\SYSTEM32\msdmo.dll
0x00007ffc9b830000 - 0x00007ffc9b866000 	C:\Windows\System32\qcap.dll
0x00007ffc66990000 - 0x00007ffc66b60000 	C:\Windows\System32\quartz.dll
0x00007ffc6ec60000 - 0x00007ffc6ecad000 	C:\Windows\System32\mfksproxy.dll
0x00007ffcd57f0000 - 0x00007ffcd580d000 	C:\Windows\System32\ATL.DLL
0x00007ffcd3ee0000 - 0x00007ffcd409b000 	C:\Windows\System32\MFPlat.DLL
0x00007ffcd3ad0000 - 0x00007ffcd3b04000 	C:\Windows\System32\RTWorkQ.DLL
0x00007ffc6f5f0000 - 0x00007ffc6f657000 	C:\Windows\System32\MFSENSORGROUP.dll
0x00007ffc55c60000 - 0x00007ffc560ee000 	C:\Windows\System32\MFCORE.dll
0x00007ffc6c510000 - 0x00007ffc6c57c000 	C:\Windows\System32\FrameServerClient.dll
0x00007ffcd4450000 - 0x00007ffcd445a000 	C:\Windows\System32\AVRT.dll
0x00007ffc98760000 - 0x00007ffc9886a000 	C:\Windows\System32\MFReadWrite.dll
0x00007ffc681b0000 - 0x00007ffc68258000 	C:\Windows\System32\qedit.dll
0x00007ffce1380000 - 0x00007ffce145a000 	C:\WINDOWS\System32\COMDLG32.dll
0x00007ffcc6e80000 - 0x00007ffcc7027000 	C:\WINDOWS\WinSxS\amd64_microsoft.windows.gdiplus_6595b64144ccf1df_1.1.19041.3996_none_91a79472cc852ba0\gdiplus.dll
0x00007ffcb5900000 - 0x00007ffcb59fb000 	C:\Windows\System32\DDRAW.dll
0x00007ffcca8b0000 - 0x00007ffcca8b9000 	C:\Windows\System32\DCIMAN32.dll
0x00007ffcd0f10000 - 0x00007ffcd0f4b000 	C:\WINDOWS\SYSTEM32\dxcore.dll

dbghelp: loaded successfully - version: 4.0.5 - missing functions: none
symbol engine: initialized successfully - sym options: 0x614 - pdb path: .;E:\jdk_new\jdk-17.0.8.7-hotspot\bin;C:\WINDOWS\SYSTEM32;C:\WINDOWS\WinSxS\amd64_microsoft.windows.common-controls_6595b64144ccf1df_6.0.19041.3636_none_60b6a03d71f818d5;E:\jdk_new\jdk-17.0.8.7-hotspot\bin\server;C:\Program Files\Bonjour;C:\Program Files\UniKey;E:\Desktop\PhanTan\posshop_3\posshop\posshop_client\lib\opencv\x64;C:\WINDOWS\WinSxS\amd64_microsoft.windows.gdiplus_6595b64144ccf1df_1.1.19041.3996_none_91a79472cc852ba0

VM Arguments:
jvm_args: -Djava.library.path=E:\Desktop\PhanTan\posshop_3\posshop\posshop_client\lib\opencv\x64 -Dfile.encoding=UTF-8 -Dstdout.encoding=UTF-8 -Dstderr.encoding=UTF-8 -XX:+ShowCodeDetailsInExceptionMessages 
java_command: main.Login
java_class_path (initial): E:\Desktop\PhanTan\posshop_3\posshop\posshop_client\target\classes;E:\Desktop\PhanTan\posshop_3\posshop\posshop_client\lib\opencv\opencv-341.jar;E:\Desktop\PhanTan\posshop_3\posshop\posshop_client\lib\libs.jar;E:\Desktop\PhanTan\posshop_3\posshop\posshop_client\lib\itext\commons-logging-1.2.jar;E:\Desktop\PhanTan\posshop_3\posshop\posshop_client\lib\itext\fontbox-2.0.30.jar;E:\Desktop\PhanTan\posshop_3\posshop\posshop_client\lib\itext\itextpdf-5.5.9.jar;E:\Desktop\PhanTan\posshop_3\posshop\posshop_client\lib\itext\pdfbox-2.0.30.jar;E:\Desktop\PhanTan\posshop_3\posshop\posshop_client\lib\itext\xmlworker-5.5.13.3.jar;C:\Users\DELL VOTRO\.m2\repository\jakarta\persistence\jakarta.persistence-api\3.1.0\jakarta.persistence-api-3.1.0.jar;C:\Users\DELL VOTRO\.m2\repository\org\hibernate\orm\hibernate-core\6.4.4.Final\hibernate-core-6.4.4.Final.jar;C:\Users\DELL VOTRO\.m2\repository\jakarta\transaction\jakarta.transaction-api\2.0.1\jakarta.transaction-api-2.0.1.jar;C:\Users\DELL VOTRO\.m2\repository\org\jboss\logging\jboss-logging\3.5.0.Final\jboss-logging-3.5.0.Final.jar;C:\Users\DELL VOTRO\.m2\repository\org\hibernate\common\hibernate-commons-annotations\6.0.6.Final\hibernate-commons-annotations-6.0.6.Final.jar;C:\Users\DELL VOTRO\.m2\repository\io\smallrye\jandex\3.1.2\jandex-3.1.2.jar;C:\Users\DELL VOTRO\.m2\repository\com\fasterxml\classmate\1.5.1\classmate-1.5.1.jar;C:\Users\DELL VOTRO\.m2\repository\net\bytebuddy\byte-buddy\1.14.11\byte-buddy-1.14.11.jar;C:\Users\DELL VOTRO\.m2\repository\jakarta\xml\bind\jakarta.xml.bind-api\4.0.0\jakarta.xml.bind-api-4.0.0.jar;C:\Users\DELL VOTRO\.m2\repository\jakarta\activation\jakarta.activation-api\2.1.0\jakarta.activation-api-2.1.0.jar;C:\Users\DELL VOTRO\.m2\repository\org\glassfish\jaxb\jaxb-runtime\4.0.2\jaxb-runtime-4.0.2.jar;C:\Users\DELL VOTRO\.m2\repository\org\glassfish\jaxb\jaxb-core\4.0.2\jaxb-core-4.0.2.jar;C:\Users\DELL VOTRO\.m2\repository\org\eclipse\angus\angus-activation\2.0.0\angus
Launcher Type: SUN_STANDARD

[Global flags]
     intx CICompilerCount                          = 4                                         {product} {ergonomic}
     uint ConcGCThreads                            = 2                                         {product} {ergonomic}
     uint G1ConcRefinementThreads                  = 8                                         {product} {ergonomic}
   size_t G1HeapRegionSize                         = 2097152                                   {product} {ergonomic}
    uintx GCDrainStackTargetSize                   = 64                                        {product} {ergonomic}
   size_t InitialHeapSize                          = 199229440                                 {product} {ergonomic}
   size_t MarkStackSize                            = 4194304                                   {product} {ergonomic}
   size_t MaxHeapSize                              = 3162505216                                {product} {ergonomic}
   size_t MaxNewSize                               = 1895825408                                {product} {ergonomic}
   size_t MinHeapDeltaBytes                        = 2097152                                   {product} {ergonomic}
   size_t MinHeapSize                              = 8388608                                   {product} {ergonomic}
    uintx NonNMethodCodeHeapSize                   = 5839372                                {pd product} {ergonomic}
    uintx NonProfiledCodeHeapSize                  = 122909434                              {pd product} {ergonomic}
    uintx ProfiledCodeHeapSize                     = 122909434                              {pd product} {ergonomic}
    uintx ReservedCodeCacheSize                    = 251658240                              {pd product} {ergonomic}
     bool SegmentedCodeCache                       = true                                      {product} {ergonomic}
     bool ShowCodeDetailsInExceptionMessages       = true                                   {manageable} {command line}
   size_t SoftMaxHeapSize                          = 3162505216                             {manageable} {ergonomic}
     bool UseCompressedClassPointers               = true                           {product lp64_product} {ergonomic}
     bool UseCompressedOops                        = true                           {product lp64_product} {ergonomic}
     bool UseG1GC                                  = true                                      {product} {ergonomic}
     bool UseLargePagesIndividualAllocation        = false                                  {pd product} {ergonomic}

Logging:
Log output configuration:
 #0: stdout all=off uptime,level,tags
 #1: stderr all=off uptime,level,tags

Environment Variables:
PATH=E:/jdk_new/jdk-17.0.8.7-hotspot/bin/server;E:/jdk_new/jdk-17.0.8.7-hotspot/bin;E:\jdk_new\jdk-17.0.8.7-hotspot\bin;C:\Program Files\Common Files\Oracle\Java\javapath;C:\Program Files (x86)\VMware\VMware Workstation\bin\;C:\WINDOWS\system32;C:\WINDOWS;C:\WINDOWS\System32\Wbem;C:\WINDOWS\System32\WindowsPowerShell\v1.0\;C:\WINDOWS\System32\OpenSSH\;C:\Program Files (x86)\Microsoft SQL Server\150\DTS\Binn\;C:\Program Files\Azure Data Studio\bin;C:\Program Files\NVIDIA Corporation\NVIDIA NvDLISR;C:\Program Files (x86)\NVIDIA Corporation\PhysX\Common;D:\gitttt\Git\cmd;C:\Program Files\Git\cmd;E:\java-jdk\bin;C:\Program Files (x86)\Microsoft SQL Server\160\Tools\Binn\;C:\Program Files\Microsoft SQL Server\160\Tools\Binn\;C:\Program Files\Microsoft SQL Server\Client SDK\ODBC\170\Tools\Binn\;C:\Program Files\Microsoft SQL Server\160\DTS\Binn\;C:\Program Files (x86)\Microsoft SQL Server\160\DTS\Binn\;E:\opencv\opencv\build\java\x64;C:\Program Files\MongoDB\Server\6.0\bin;E:\nodejs\;C:\Users\DELL VOTRO\AppData\Local\Programs\Python\Python311\Scripts\;C:\Users\DELL VOTRO\AppData\Local\Programs\Python\Python311\;C:\Users\DELL VOTRO\AppData\Local\Microsoft\WindowsApps;E:\Microsoft VS Code\bin;C:\Program Files\Azure Data Studio\bin;E:\Lin Minh Huy?n Tho?i\Riot Games;C:\Program Files\MongoDB\Server\6.0\bin;C:\Users\DELL VOTRO\AppData\Local\Programs\mongosh\;C:\Users\DELL VOTRO\AppData\Roaming\npm;;C:\WINDOWS\system32;
USERNAME=DELL VOTRO
OS=Windows_NT
PROCESSOR_IDENTIFIER=Intel64 Family 6 Model 142 Stepping 11, GenuineIntel
TMP=C:\Users\DELLVO~1\AppData\Local\Temp
TEMP=C:\Users\DELLVO~1\AppData\Local\Temp



---------------  S Y S T E M  ---------------

OS:
 Windows 10 , 64 bit Build 19041 (10.0.19041.3636)
OS uptime: 0 days 4:13 hours

CPU: total 8 (initial active 8) (4 cores per cpu, 2 threads per core) family 6 model 142 stepping 11 microcode 0xec, cx8, cmov, fxsr, ht, mmx, 3dnowpref, sse, sse2, sse3, ssse3, sse4.1, sse4.2, popcnt, lzcnt, tsc, tscinvbit, avx, avx2, aes, erms, clmul, bmi1, bmi2, adx, fma, vzeroupper, clflush, clflushopt
Processor Information for all 8 processors :
  Max Mhz: 1800, Current Mhz: 1600, Mhz Limit: 1584

Memory: 4k page, system-wide physical 12056M (2568M free)
TotalPageFile size 20760M (AvailPageFile size 7116M)
current process WorkingSet (physical memory assigned to process): 353M, peak: 353M
current process commit charge ("private bytes"): 325M, peak: 341M

vm_info: OpenJDK 64-Bit Server VM (17.0.8+7) for windows-amd64 JRE (17.0.8+7), built on Jul 18 2023 21:02:32 by "admin" with MS VC++ 16.7 (VS2019)

END.
