#
# A fatal error has been detected by the Java Runtime Environment:
#
#  Internal Error (0xc000000d), pid=10332, tid=14972
#
# JRE version: OpenJDK Runtime Environment Temurin-17.0.8+7 (17.0.8+7) (build 17.0.8+7)
# Java VM: OpenJDK 64-Bit Server VM Temurin-17.0.8+7 (17.0.8+7, mixed mode, sharing, tiered, compressed oops, compressed class ptrs, g1 gc, windows-amd64)
# Problematic frame:
# C  [ntdll.dll+0x112324]
#
# No core dump will be written. Minidumps are not enabled by default on client versions of Windows
#
# If you would like to submit a bug report, please visit:
#   https://github.com/adoptium/adoptium-support/issues
#

---------------  S U M M A R Y ------------

Command Line: -Dfile.encoding=UTF-8 -Dstdout.encoding=UTF-8 -Dstderr.encoding=UTF-8 -XX:+ShowCodeDetailsInExceptionMessages main.Login

Host: Intel(R) Core(TM) i5-8265U CPU @ 1.60GHz, 8 cores, 11G,  Windows 10 , 64 bit Build 19041 (10.0.19041.3636)
Time: Fri May 10 22:37:29 2024 SE Asia Standard Time elapsed time: 240.099907 seconds (0d 0h 4m 0s)

---------------  T H R E A D  ---------------

Current thread (0x000001c266ea19f0):  VMThread "VM Thread" [stack: 0x000000715f300000,0x000000715f400000] [id=14972]

Stack: [0x000000715f300000,0x000000715f400000],  sp=0x000000715f3fdd00,  free space=1015k
Native frames: (J=compiled Java code, j=interpreted, Vv=VM code, C=native code)
C  [ntdll.dll+0x112324]
C  [ntdll.dll+0xac74f]
C  [ntdll.dll+0x11d95]
C  [RTWorkQ.DLL+0x6483]


siginfo: EXCEPTION_?? (0xc000000d)


Register to memory mapping:

RIP=0x00007ffce1ca2324 ntdll.dll
RAX=0x0000000000000001 is an unknown value
RBX=0x0 is NULL
RCX=0x00000000000007cf is an unknown value
RDX=0x00007ffcdfa31131 ucrtbase.dll
RSP=0x000000715f3fdd00 points into unknown readable memory: 0x0000000200000057 | 57 00 00 00 02 00 00 00
RBP=0x0000000000000003 is an unknown value
RSI=0x0000000000000bec is an unknown value
RDI=0x000001c26dc7bc80 points into unknown readable memory: 0x0000000000000001 | 01 00 00 00 00 00 00 00
R8 =0x00007ffcdfa9e45e ucrtbase.dll
R9 =0x000000715f000000 is an unknown value
R10=0x000000715f3fd701 points into unknown readable memory: 00 00 00 00 00 00 00
R11=0x0000cfd851edf3c7 is an unknown value
R12=0x0000000000000bec is an unknown value
R13=0x00007ffc9b74b480 FrameServerClient.dll
R14=0x0 is NULL
R15=0x0000000000000bec is an unknown value


Registers:
RAX=0x0000000000000001, RBX=0x0000000000000000, RCX=0x00000000000007cf, RDX=0x00007ffcdfa31131
RSP=0x000000715f3fdd00, RBP=0x0000000000000003, RSI=0x0000000000000bec, RDI=0x000001c26dc7bc80
R8 =0x00007ffcdfa9e45e, R9 =0x000000715f000000, R10=0x000000715f3fd701, R11=0x0000cfd851edf3c7
R12=0x0000000000000bec, R13=0x00007ffc9b74b480, R14=0x0000000000000000, R15=0x0000000000000bec
RIP=0x00007ffce1ca2324, EFLAGS=0x0000000000000202

Top of Stack: (sp=0x000000715f3fdd00)
0x000000715f3fdd00:   0000000200000057 0000000000000000
0x000000715f3fdd10:   0000000000000bec 0000000000000000
0x000000715f3fdd20:   00000000c000000d 0000000000000000
0x000000715f3fdd30:   00007ffce1ca2324 0000000000000000
0x000000715f3fdd40:   0000000000000000 0000000000000000
0x000000715f3fdd50:   0000000000000000 0000000000000000
0x000000715f3fdd60:   0000000000000000 0000000000000000
0x000000715f3fdd70:   0000000000000000 0000000000000000
0x000000715f3fdd80:   0000000000000000 0000000000000000
0x000000715f3fdd90:   0000000000000000 0000000000000000
0x000000715f3fdda0:   0000000000000000 0000000000000000
0x000000715f3fddb0:   0000000000000000 0000000000000009
0x000000715f3fddc0:   000071656ad61258 0000000000000000
0x000000715f3fddd0:   0000000000000003 00007ffce1c3c74f
0x000000715f3fdde0:   0000000000000001 00007ffcd3ad87fb
0x000000715f3fddf0:   00007ffc9b74b480 0000000000000bec 

Instructions: (pc=0x00007ffce1ca2324)
0x00007ffce1ca2224:   cc cc cc cc cc cc cc cc 48 81 ec d8 00 00 00 48
0x00007ffce1ca2234:   8b 05 d6 22 07 00 48 33 c4 48 89 84 24 c0 00 00
0x00007ffce1ca2244:   00 4d 85 c0 74 33 4d 8b 48 50 48 8d 05 6b 63 f6
0x00007ffce1ca2254:   ff c7 44 24 38 05 00 00 00 4c 3b c8 75 0a 49 8b
0x00007ffce1ca2264:   40 58 4c 8b 50 20 eb 03 45 33 d2 4d 85 d2 4d 0f
0x00007ffce1ca2274:   45 ca 4c 89 4c 24 60 eb 08 c7 44 24 38 04 00 00
0x00007ffce1ca2284:   00 48 83 64 24 28 00 48 83 64 24 58 00 48 63 c1
0x00007ffce1ca2294:   48 8d 4c 24 20 48 89 44 24 40 c7 44 24 20 0a 07
0x00007ffce1ca22a4:   00 c0 48 89 54 24 48 4c 89 44 24 50 c7 44 24 24
0x00007ffce1ca22b4:   01 00 00 00 e8 73 ed f3 ff 48 8b 8c 24 c0 00 00
0x00007ffce1ca22c4:   00 48 33 cc e8 03 a2 f7 ff 48 81 c4 d8 00 00 00
0x00007ffce1ca22d4:   c3 cc cc cc cc cc cc cc 48 81 ec d8 00 00 00 48
0x00007ffce1ca22e4:   8b 05 26 22 07 00 48 33 c4 48 89 84 24 c0 00 00
0x00007ffce1ca22f4:   00 33 d2 41 b8 94 00 00 00 48 8d 4c 24 24 e8 f9
0x00007ffce1ca2304:   1d f9 ff c7 44 24 20 0d 00 00 c0 b9 57 00 00 00
0x00007ffce1ca2314:   e8 67 e4 f3 ff 90 48 8d 4c 24 20 e8 0c ed f3 ff
0x00007ffce1ca2324:   eb 00 48 8b 8c 24 c0 00 00 00 48 33 cc e8 9a a1
0x00007ffce1ca2334:   f7 ff 48 81 c4 d8 00 00 00 c3 cc 40 55 48 83 ec
0x00007ffce1ca2344:   20 48 8b ea e8 0f 00 00 00 90 48 83 c4 20 5d c3
0x00007ffce1ca2354:   cc cc cc cc cc cc cc cc 48 83 ec 28 48 8b 51 08
0x00007ffce1ca2364:   41 b8 03 00 00 00 48 8b 09 e8 4e a5 fc ff 33 c0
0x00007ffce1ca2374:   48 83 c4 28 c3 cc cc cc cc cc cc cc 48 8b 01 48
0x00007ffce1ca2384:   83 c9 ff 8b 10 e9 c2 b1 f8 ff cc cc cc cc cc cc
0x00007ffce1ca2394:   4c 8b dc 48 81 ec 88 00 00 00 48 8b 05 6b 21 07
0x00007ffce1ca23a4:   00 48 33 c4 48 89 44 24 70 48 8b 84 24 b0 00 00
0x00007ffce1ca23b4:   00 41 ba 24 1c 00 00 49 89 43 d8 8b 84 24 b8 00
0x00007ffce1ca23c4:   00 00 66 45 89 53 9e 49 89 4b b8 49 89 53 c0 4d
0x00007ffce1ca23d4:   89 43 c8 4d 89 4b d0 89 44 24 68 e8 6c 24 f1 ff
0x00007ffce1ca23e4:   85 c0 74 19 65 48 8b 04 25 60 00 00 00 48 8b 88
0x00007ffce1ca23f4:   90 00 00 00 48 81 c1 2c 02 00 00 eb 05 b9 86 03
0x00007ffce1ca2404:   fe 7f 0f b6 09 4c 8d 4c 24 20 ba 03 04 00 00 41
0x00007ffce1ca2414:   b8 2c 00 00 00 e8 62 b7 f8 ff 48 8b 4c 24 70 48 


Stack slot to memory mapping:
stack at sp + 0 slots: 0x0000000200000057 is an unknown value
stack at sp + 1 slots: 0x0 is NULL
stack at sp + 2 slots: 0x0000000000000bec is an unknown value
stack at sp + 3 slots: 0x0 is NULL
stack at sp + 4 slots: 0x00000000c000000d is an unknown value
stack at sp + 5 slots: 0x0 is NULL
stack at sp + 6 slots: 0x00007ffce1ca2324 ntdll.dll
stack at sp + 7 slots: 0x0 is NULL

VM_Operation (0x00000071603feb10): Exit, mode: safepoint, requested by thread 0x000001c26b65f6b0


---------------  P R O C E S S  ---------------

Threads class SMR info:
_java_thread_list=0x000001c26d905d20, length=29, elements={
0x000001c266ea6600, 0x000001c266ea9490, 0x000001c266ebc870, 0x000001c266ebd430,
0x000001c266ebff00, 0x000001c266ec08c0, 0x000001c266ed2920, 0x000001c266ed53e0,
0x000001c266ed71e0, 0x000001c26b104240, 0x000001c26b12aa80, 0x000001c26b6200d0,
0x000001c26b6205b0, 0x000001c26b65f6b0, 0x000001c2466346c0, 0x000001c26ba20a20,
0x000001c26d45b5c0, 0x000001c26d45b0b0, 0x000001c26d459250, 0x000001c26d45ca00,
0x000001c26d459760, 0x000001c26d45aba0, 0x000001c26d45bad0, 0x000001c26d459c70,
0x000001c26d45bfe0, 0x000001c26d45a180, 0x000001c26d45c4f0, 0x000001c26d45a690,
0x000001c26e288d90
}

Java Threads: ( => current thread )
  0x000001c266ea6600 JavaThread "Reference Handler" daemon [_thread_blocked, id=1624, stack(0x000000715f400000,0x000000715f500000)]
  0x000001c266ea9490 JavaThread "Finalizer" daemon [_thread_blocked, id=14288, stack(0x000000715f500000,0x000000715f600000)]
  0x000001c266ebc870 JavaThread "Signal Dispatcher" daemon [_thread_blocked, id=16348, stack(0x000000715f600000,0x000000715f700000)]
  0x000001c266ebd430 JavaThread "Attach Listener" daemon [_thread_blocked, id=16688, stack(0x000000715f700000,0x000000715f800000)]
  0x000001c266ebff00 JavaThread "Service Thread" daemon [_thread_blocked, id=16508, stack(0x000000715f800000,0x000000715f900000)]
  0x000001c266ec08c0 JavaThread "Monitor Deflation Thread" daemon [_thread_blocked, id=10812, stack(0x000000715f900000,0x000000715fa00000)]
  0x000001c266ed2920 JavaThread "C2 CompilerThread0" daemon [_thread_blocked, id=7808, stack(0x000000715fa00000,0x000000715fb00000)]
  0x000001c266ed53e0 JavaThread "C1 CompilerThread0" daemon [_thread_blocked, id=8344, stack(0x000000715fb00000,0x000000715fc00000)]
  0x000001c266ed71e0 JavaThread "Sweeper thread" daemon [_thread_blocked, id=9008, stack(0x000000715fc00000,0x000000715fd00000)]
  0x000001c26b104240 JavaThread "Notification Thread" daemon [_thread_blocked, id=15048, stack(0x000000715fd00000,0x000000715fe00000)]
  0x000001c26b12aa80 JavaThread "Common-Cleaner" daemon [_thread_blocked, id=2204, stack(0x000000715ff00000,0x0000007160000000)]
  0x000001c26b6200d0 JavaThread "Java2D Disposer" daemon [_thread_blocked, id=16032, stack(0x0000007160000000,0x0000007160100000)]
  0x000001c26b6205b0 JavaThread "AWT-Shutdown" [_thread_blocked, id=6724, stack(0x0000007160100000,0x0000007160200000)]
  0x000001c26b65f6b0 JavaThread "AWT-EventQueue-0" [_thread_blocked, id=12800, stack(0x0000007160300000,0x0000007160400000)]
  0x000001c2466346c0 JavaThread "DestroyJavaVM" [_thread_blocked, id=11832, stack(0x000000715ed00000,0x000000715ee00000)]
  0x000001c26ba20a20 JavaThread "TimerQueue" daemon [_thread_blocked, id=16752, stack(0x0000007160600000,0x0000007160700000)]
  0x000001c26d45b5c0 JavaThread "RMI Scheduler(0)" daemon [_thread_blocked, id=504, stack(0x0000007160400000,0x0000007160500000)]
  0x000001c26d45b0b0 JavaThread "RMI RenewClean-[192.168.1.204:65269]" daemon [_thread_blocked, id=6868, stack(0x0000007161300000,0x0000007161400000)]
  0x000001c26d459250 JavaThread "RMI GC Daemon" daemon [_thread_blocked, id=4956, stack(0x0000007161400000,0x0000007161500000)]
  0x000001c26d45ca00 JavaThread "SwingWorker-pool-1-thread-1" daemon [_thread_blocked, id=17080, stack(0x0000007161c00000,0x0000007161d00000)]
  0x000001c26d459760 JavaThread "SwingWorker-pool-1-thread-2" daemon [_thread_blocked, id=2328, stack(0x0000007161d00000,0x0000007161e00000)]
  0x000001c26d45aba0 JavaThread "SwingWorker-pool-1-thread-3" daemon [_thread_blocked, id=13268, stack(0x0000007161e00000,0x0000007161f00000)]
  0x000001c26d45bad0 JavaThread "SwingWorker-pool-1-thread-4" daemon [_thread_blocked, id=15544, stack(0x0000007161f00000,0x0000007162000000)]
  0x000001c26d459c70 JavaThread "SwingWorker-pool-1-thread-5" daemon [_thread_blocked, id=7252, stack(0x0000007162000000,0x0000007162100000)]
  0x000001c26d45bfe0 JavaThread "SwingWorker-pool-1-thread-6" daemon [_thread_blocked, id=3248, stack(0x0000007162100000,0x0000007162200000)]
  0x000001c26d45a180 JavaThread "SwingWorker-pool-1-thread-7" daemon [_thread_blocked, id=13156, stack(0x0000007162200000,0x0000007162300000)]
  0x000001c26d45c4f0 JavaThread "SwingWorker-pool-1-thread-8" daemon [_thread_blocked, id=15252, stack(0x0000007161200000,0x0000007161300000)]
  0x000001c26d45a690 JavaThread "SwingWorker-pool-1-thread-9" daemon [_thread_blocked, id=10080, stack(0x0000007162300000,0x0000007162400000)]
  0x000001c26e288d90 JavaThread "SwingWorker-pool-1-thread-10" daemon [_thread_blocked, id=11780, stack(0x0000007162700000,0x0000007162800000)]

Other Threads:
=>0x000001c266ea19f0 VMThread "VM Thread" [stack: 0x000000715f300000,0x000000715f400000] [id=14972]
  0x000001c24668c4d0 GCTaskThread "GC Thread#0" [stack: 0x000000715ee00000,0x000000715ef00000] [id=10768]
  0x000001c26b89b440 GCTaskThread "GC Thread#1" [stack: 0x0000007160700000,0x0000007160800000] [id=3012]
  0x000001c26ba71ef0 GCTaskThread "GC Thread#2" [stack: 0x0000007160800000,0x0000007160900000] [id=14452]
  0x000001c26ba721b0 GCTaskThread "GC Thread#3" [stack: 0x0000007160900000,0x0000007160a00000] [id=15680]
  0x000001c26d77b980 GCTaskThread "GC Thread#4" [stack: 0x0000007160a00000,0x0000007160b00000] [id=4212]
  0x000001c26d45d210 GCTaskThread "GC Thread#5" [stack: 0x0000007160b00000,0x0000007160c00000] [id=10224]
  0x000001c26d7d3d60 GCTaskThread "GC Thread#6" [stack: 0x0000007160c00000,0x0000007160d00000] [id=292]
  0x000001c26d7d42e0 GCTaskThread "GC Thread#7" [stack: 0x0000007160d00000,0x0000007160e00000] [id=14312]
  0x000001c246699840 ConcurrentGCThread "G1 Main Marker" terminated
  0x000001c24669a250 ConcurrentGCThread "G1 Conc#0" [stack: 0x000000715f000000,0x000000715f100000] [id=16832]
  0x000001c266d624c0 ConcurrentGCThread "G1 Refine#0" terminated
  0x000001c26d7b6b40 ConcurrentGCThread "G1 Refine#1" terminated
  0x000001c266d62ef0 ConcurrentGCThread "G1 Service" terminated

Threads with active compile tasks:

VM state: at safepoint (shutting down)

VM Mutex/Monitor currently owned by a thread:  ([mutex/lock_event])
[0x000001c24662fb30] Threads_lock - owner thread: 0x000001c266ea19f0
[0x000001c2466309d0] Heap_lock - owner thread: 0x000001c26b65f6b0

Heap address: 0x0000000743800000, size: 3016 MB, Compressed Oops mode: Zero based, Oop shift amount: 3

CDS archive(s) mapped at: [0x000001c200000000-0x000001c200bd0000-0x000001c200bd0000), size 12386304, SharedBaseAddress: 0x000001c200000000, ArchiveRelocationMode: 1.
Compressed class space mapped at: 0x000001c201000000-0x000001c241000000, reserved size: 1073741824
Narrow klass base: 0x000001c200000000, Narrow klass shift: 0, Narrow klass range: 0x100000000

GC Precious Log:
 CPUs: 8 total, 8 available
 Memory: 12056M
 Large Page Support: Disabled
 NUMA Support: Disabled
 Compressed Oops: Enabled (Zero based)
 Heap Region Size: 2M
 Heap Min Capacity: 8M
 Heap Initial Capacity: 190M
 Heap Max Capacity: 3016M
 Pre-touch: Disabled
 Parallel Workers: 8
 Concurrent Workers: 2
 Concurrent Refinement Workers: 8
 Periodic GC: Disabled

Heap:
 garbage-first heap   total 280576K, used 50082K [0x0000000743800000, 0x0000000800000000)
  region size 2048K, 13 young (26624K), 2 survivors (4096K)
 Metaspace       used 17972K, committed 18240K, reserved 1114112K
  class space    used 1983K, committed 2112K, reserved 1048576K

Heap Regions: E=young(eden), S=young(survivor), O=old, HS=humongous(starts), HC=humongous(continues), CS=collection set, F=free, OA=open archive, CA=closed archive, TAMS=top-at-mark-start (previous, next)
|   0|0x0000000743800000, 0x0000000743a00000, 0x0000000743a00000|100%|HS|  |TAMS 0x0000000743800000, 0x0000000743800000| Complete 
|   1|0x0000000743a00000, 0x0000000743c00000, 0x0000000743c00000|100%|HC|  |TAMS 0x0000000743a00000, 0x0000000743a00000| Complete 
|   2|0x0000000743c00000, 0x0000000743e00000, 0x0000000743e00000|100%|HC|  |TAMS 0x0000000743c00000, 0x0000000743c00000| Complete 
|   3|0x0000000743e00000, 0x0000000744000000, 0x0000000744000000|100%|HC|  |TAMS 0x0000000743e00000, 0x0000000743e00000| Complete 
|   4|0x0000000744000000, 0x0000000744200000, 0x0000000744200000|100%|HC|  |TAMS 0x0000000744000000, 0x0000000744000000| Complete 
|   5|0x0000000744200000, 0x0000000744400000, 0x0000000744400000|100%|HC|  |TAMS 0x0000000744200000, 0x0000000744200000| Complete 
|   6|0x0000000744400000, 0x0000000744600000, 0x0000000744600000|100%|HC|  |TAMS 0x0000000744400000, 0x0000000744400000| Complete 
|   7|0x0000000744600000, 0x0000000744800000, 0x0000000744800000|100%| O|  |TAMS 0x0000000744600000, 0x0000000744600000| Untracked 
|   8|0x0000000744800000, 0x0000000744a00000, 0x0000000744a00000|100%| O|  |TAMS 0x0000000744800000, 0x0000000744800000| Untracked 
|   9|0x0000000744a00000, 0x0000000744c00000, 0x0000000744c00000|100%|HS|  |TAMS 0x0000000744a00000, 0x0000000744a00000| Complete 
|  10|0x0000000744c00000, 0x0000000744e00000, 0x0000000744e00000|100%|HC|  |TAMS 0x0000000744c00000, 0x0000000744c00000| Complete 
|  11|0x0000000744e00000, 0x0000000745000000, 0x0000000745000000|100%| O|  |TAMS 0x0000000744e00000, 0x0000000744e00000| Untracked 
|  12|0x0000000745000000, 0x0000000745200000, 0x0000000745200000|100%| O|  |TAMS 0x0000000745000000, 0x0000000745000000| Untracked 
|  13|0x0000000745200000, 0x0000000745400000, 0x0000000745400000|100%| O|  |TAMS 0x0000000745200000, 0x0000000745200000| Untracked 
|  14|0x0000000745400000, 0x0000000745407000, 0x0000000745600000|  1%| O|  |TAMS 0x0000000745400000, 0x0000000745400000| Untracked 
|  15|0x0000000745600000, 0x0000000745600000, 0x0000000745800000|  0%| F|  |TAMS 0x0000000745600000, 0x0000000745600000| Untracked 
|  16|0x0000000745800000, 0x0000000745800000, 0x0000000745a00000|  0%| F|  |TAMS 0x0000000745800000, 0x0000000745800000| Untracked 
|  17|0x0000000745a00000, 0x0000000745a00000, 0x0000000745c00000|  0%| F|  |TAMS 0x0000000745a00000, 0x0000000745a00000| Untracked 
|  18|0x0000000745c00000, 0x0000000745c00000, 0x0000000745e00000|  0%| F|  |TAMS 0x0000000745c00000, 0x0000000745c00000| Untracked 
|  19|0x0000000745e00000, 0x0000000745e00000, 0x0000000746000000|  0%| F|  |TAMS 0x0000000745e00000, 0x0000000745e00000| Untracked 
|  20|0x0000000746000000, 0x0000000746000000, 0x0000000746200000|  0%| F|  |TAMS 0x0000000746000000, 0x0000000746000000| Untracked 
|  21|0x0000000746200000, 0x0000000746200000, 0x0000000746400000|  0%| F|  |TAMS 0x0000000746200000, 0x0000000746200000| Untracked 
|  22|0x0000000746400000, 0x0000000746400000, 0x0000000746600000|  0%| F|  |TAMS 0x0000000746400000, 0x0000000746400000| Untracked 
|  23|0x0000000746600000, 0x0000000746600000, 0x0000000746800000|  0%| F|  |TAMS 0x0000000746600000, 0x0000000746600000| Untracked 
|  24|0x0000000746800000, 0x0000000746800000, 0x0000000746a00000|  0%| F|  |TAMS 0x0000000746800000, 0x0000000746800000| Untracked 
|  25|0x0000000746a00000, 0x0000000746a00000, 0x0000000746c00000|  0%| F|  |TAMS 0x0000000746a00000, 0x0000000746a00000| Untracked 
|  26|0x0000000746c00000, 0x0000000746c00000, 0x0000000746e00000|  0%| F|  |TAMS 0x0000000746c00000, 0x0000000746c00000| Untracked 
|  27|0x0000000746e00000, 0x0000000746e00000, 0x0000000747000000|  0%| F|  |TAMS 0x0000000746e00000, 0x0000000746e00000| Untracked 
|  28|0x0000000747000000, 0x0000000747000000, 0x0000000747200000|  0%| F|  |TAMS 0x0000000747000000, 0x0000000747000000| Untracked 
|  29|0x0000000747200000, 0x0000000747200000, 0x0000000747400000|  0%| F|  |TAMS 0x0000000747200000, 0x0000000747200000| Untracked 
|  30|0x0000000747400000, 0x0000000747400000, 0x0000000747600000|  0%| F|  |TAMS 0x0000000747400000, 0x0000000747400000| Untracked 
|  31|0x0000000747600000, 0x0000000747600000, 0x0000000747800000|  0%| F|  |TAMS 0x0000000747600000, 0x0000000747600000| Untracked 
|  32|0x0000000747800000, 0x0000000747800000, 0x0000000747a00000|  0%| F|  |TAMS 0x0000000747800000, 0x0000000747800000| Untracked 
|  33|0x0000000747a00000, 0x0000000747a00000, 0x0000000747c00000|  0%| F|  |TAMS 0x0000000747a00000, 0x0000000747a00000| Untracked 
|  34|0x0000000747c00000, 0x0000000747c00000, 0x0000000747e00000|  0%| F|  |TAMS 0x0000000747c00000, 0x0000000747c00000| Untracked 
|  35|0x0000000747e00000, 0x0000000747e00000, 0x0000000748000000|  0%| F|  |TAMS 0x0000000747e00000, 0x0000000747e00000| Untracked 
|  36|0x0000000748000000, 0x0000000748000000, 0x0000000748200000|  0%| F|  |TAMS 0x0000000748000000, 0x0000000748000000| Untracked 
|  37|0x0000000748200000, 0x0000000748200000, 0x0000000748400000|  0%| F|  |TAMS 0x0000000748200000, 0x0000000748200000| Untracked 
|  38|0x0000000748400000, 0x0000000748400000, 0x0000000748600000|  0%| F|  |TAMS 0x0000000748400000, 0x0000000748400000| Untracked 
|  39|0x0000000748600000, 0x0000000748600000, 0x0000000748800000|  0%| F|  |TAMS 0x0000000748600000, 0x0000000748600000| Untracked 
|  40|0x0000000748800000, 0x0000000748800000, 0x0000000748a00000|  0%| F|  |TAMS 0x0000000748800000, 0x0000000748800000| Untracked 
|  41|0x0000000748a00000, 0x0000000748a00000, 0x0000000748c00000|  0%| F|  |TAMS 0x0000000748a00000, 0x0000000748a00000| Untracked 
|  42|0x0000000748c00000, 0x0000000748c00000, 0x0000000748e00000|  0%| F|  |TAMS 0x0000000748c00000, 0x0000000748c00000| Untracked 
|  43|0x0000000748e00000, 0x0000000748e00000, 0x0000000749000000|  0%| F|  |TAMS 0x0000000748e00000, 0x0000000748e00000| Untracked 
|  44|0x0000000749000000, 0x0000000749000000, 0x0000000749200000|  0%| F|  |TAMS 0x0000000749000000, 0x0000000749000000| Untracked 
|  45|0x0000000749200000, 0x0000000749200000, 0x0000000749400000|  0%| F|  |TAMS 0x0000000749200000, 0x0000000749200000| Untracked 
|  46|0x0000000749400000, 0x0000000749400000, 0x0000000749600000|  0%| F|  |TAMS 0x0000000749400000, 0x0000000749400000| Untracked 
|  47|0x0000000749600000, 0x0000000749600000, 0x0000000749800000|  0%| F|  |TAMS 0x0000000749600000, 0x0000000749600000| Untracked 
|  48|0x0000000749800000, 0x0000000749800000, 0x0000000749a00000|  0%| F|  |TAMS 0x0000000749800000, 0x0000000749800000| Untracked 
|  49|0x0000000749a00000, 0x0000000749a00000, 0x0000000749c00000|  0%| F|  |TAMS 0x0000000749a00000, 0x0000000749a00000| Untracked 
|  50|0x0000000749c00000, 0x0000000749c00000, 0x0000000749e00000|  0%| F|  |TAMS 0x0000000749c00000, 0x0000000749c00000| Untracked 
|  51|0x0000000749e00000, 0x0000000749e00000, 0x000000074a000000|  0%| F|  |TAMS 0x0000000749e00000, 0x0000000749e00000| Untracked 
|  52|0x000000074a000000, 0x000000074a000000, 0x000000074a200000|  0%| F|  |TAMS 0x000000074a000000, 0x000000074a000000| Untracked 
|  53|0x000000074a200000, 0x000000074a2e1ae8, 0x000000074a400000| 44%| S|CS|TAMS 0x000000074a200000, 0x000000074a200000| Complete 
|  54|0x000000074a400000, 0x000000074a600000, 0x000000074a600000|100%| S|CS|TAMS 0x000000074a400000, 0x000000074a400000| Complete 
|  55|0x000000074a600000, 0x000000074a600000, 0x000000074a800000|  0%| F|  |TAMS 0x000000074a600000, 0x000000074a600000| Untracked 
|  56|0x000000074a800000, 0x000000074a800000, 0x000000074aa00000|  0%| F|  |TAMS 0x000000074a800000, 0x000000074a800000| Untracked 
|  57|0x000000074aa00000, 0x000000074aa00000, 0x000000074ac00000|  0%| F|  |TAMS 0x000000074aa00000, 0x000000074aa00000| Untracked 
|  58|0x000000074ac00000, 0x000000074ac00000, 0x000000074ae00000|  0%| F|  |TAMS 0x000000074ac00000, 0x000000074ac00000| Untracked 
|  59|0x000000074ae00000, 0x000000074ae00000, 0x000000074b000000|  0%| F|  |TAMS 0x000000074ae00000, 0x000000074ae00000| Untracked 
|  60|0x000000074b000000, 0x000000074b000000, 0x000000074b200000|  0%| F|  |TAMS 0x000000074b000000, 0x000000074b000000| Untracked 
|  61|0x000000074b200000, 0x000000074b200000, 0x000000074b400000|  0%| F|  |TAMS 0x000000074b200000, 0x000000074b200000| Untracked 
|  62|0x000000074b400000, 0x000000074b400000, 0x000000074b600000|  0%| F|  |TAMS 0x000000074b400000, 0x000000074b400000| Untracked 
|  63|0x000000074b600000, 0x000000074b600000, 0x000000074b800000|  0%| F|  |TAMS 0x000000074b600000, 0x000000074b600000| Untracked 
|  64|0x000000074b800000, 0x000000074b800000, 0x000000074ba00000|  0%| F|  |TAMS 0x000000074b800000, 0x000000074b800000| Untracked 
|  65|0x000000074ba00000, 0x000000074ba00000, 0x000000074bc00000|  0%| F|  |TAMS 0x000000074ba00000, 0x000000074ba00000| Untracked 
|  66|0x000000074bc00000, 0x000000074bc00000, 0x000000074be00000|  0%| F|  |TAMS 0x000000074bc00000, 0x000000074bc00000| Untracked 
|  67|0x000000074be00000, 0x000000074be00000, 0x000000074c000000|  0%| F|  |TAMS 0x000000074be00000, 0x000000074be00000| Untracked 
|  68|0x000000074c000000, 0x000000074c000000, 0x000000074c200000|  0%| F|  |TAMS 0x000000074c000000, 0x000000074c000000| Untracked 
|  69|0x000000074c200000, 0x000000074c200000, 0x000000074c400000|  0%| F|  |TAMS 0x000000074c200000, 0x000000074c200000| Untracked 
|  70|0x000000074c400000, 0x000000074c400000, 0x000000074c600000|  0%| F|  |TAMS 0x000000074c400000, 0x000000074c400000| Untracked 
|  71|0x000000074c600000, 0x000000074c600000, 0x000000074c800000|  0%| F|  |TAMS 0x000000074c600000, 0x000000074c600000| Untracked 
|  72|0x000000074c800000, 0x000000074c800000, 0x000000074ca00000|  0%| F|  |TAMS 0x000000074c800000, 0x000000074c800000| Untracked 
|  73|0x000000074ca00000, 0x000000074ca00000, 0x000000074cc00000|  0%| F|  |TAMS 0x000000074ca00000, 0x000000074ca00000| Untracked 
|  74|0x000000074cc00000, 0x000000074cc00000, 0x000000074ce00000|  0%| F|  |TAMS 0x000000074cc00000, 0x000000074cc00000| Untracked 
|  75|0x000000074ce00000, 0x000000074ce00000, 0x000000074d000000|  0%| F|  |TAMS 0x000000074ce00000, 0x000000074ce00000| Untracked 
|  76|0x000000074d000000, 0x000000074d000000, 0x000000074d200000|  0%| F|  |TAMS 0x000000074d000000, 0x000000074d000000| Untracked 
|  77|0x000000074d200000, 0x000000074d200000, 0x000000074d400000|  0%| F|  |TAMS 0x000000074d200000, 0x000000074d200000| Untracked 
|  78|0x000000074d400000, 0x000000074d400000, 0x000000074d600000|  0%| F|  |TAMS 0x000000074d400000, 0x000000074d400000| Untracked 
|  79|0x000000074d600000, 0x000000074d600000, 0x000000074d800000|  0%| F|  |TAMS 0x000000074d600000, 0x000000074d600000| Untracked 
|  80|0x000000074d800000, 0x000000074d800000, 0x000000074da00000|  0%| F|  |TAMS 0x000000074d800000, 0x000000074d800000| Untracked 
|  81|0x000000074da00000, 0x000000074da00000, 0x000000074dc00000|  0%| F|  |TAMS 0x000000074da00000, 0x000000074da00000| Untracked 
|  82|0x000000074dc00000, 0x000000074dc00000, 0x000000074de00000|  0%| F|  |TAMS 0x000000074dc00000, 0x000000074dc00000| Untracked 
|  83|0x000000074de00000, 0x000000074de00000, 0x000000074e000000|  0%| F|  |TAMS 0x000000074de00000, 0x000000074de00000| Untracked 
|  84|0x000000074e000000, 0x000000074e000000, 0x000000074e200000|  0%| F|  |TAMS 0x000000074e000000, 0x000000074e000000| Untracked 
|  85|0x000000074e200000, 0x000000074e200000, 0x000000074e400000|  0%| F|  |TAMS 0x000000074e200000, 0x000000074e200000| Untracked 
|  86|0x000000074e400000, 0x000000074e400000, 0x000000074e600000|  0%| F|  |TAMS 0x000000074e400000, 0x000000074e400000| Untracked 
|  87|0x000000074e600000, 0x000000074e600000, 0x000000074e800000|  0%| F|  |TAMS 0x000000074e600000, 0x000000074e600000| Untracked 
|  88|0x000000074e800000, 0x000000074e800000, 0x000000074ea00000|  0%| F|  |TAMS 0x000000074e800000, 0x000000074e800000| Untracked 
|  89|0x000000074ea00000, 0x000000074ea00000, 0x000000074ec00000|  0%| F|  |TAMS 0x000000074ea00000, 0x000000074ea00000| Untracked 
|  90|0x000000074ec00000, 0x000000074ec00000, 0x000000074ee00000|  0%| F|  |TAMS 0x000000074ec00000, 0x000000074ec00000| Untracked 
|  91|0x000000074ee00000, 0x000000074ee00000, 0x000000074f000000|  0%| F|  |TAMS 0x000000074ee00000, 0x000000074ee00000| Untracked 
|  92|0x000000074f000000, 0x000000074f000000, 0x000000074f200000|  0%| F|  |TAMS 0x000000074f000000, 0x000000074f000000| Untracked 
|  93|0x000000074f200000, 0x000000074f200000, 0x000000074f400000|  0%| F|  |TAMS 0x000000074f200000, 0x000000074f200000| Untracked 
|  94|0x000000074f400000, 0x000000074f400000, 0x000000074f600000|  0%| F|  |TAMS 0x000000074f400000, 0x000000074f400000| Untracked 
|  95|0x000000074f600000, 0x000000074f600000, 0x000000074f800000|  0%| F|  |TAMS 0x000000074f600000, 0x000000074f600000| Untracked 
|  96|0x000000074f800000, 0x000000074f800000, 0x000000074fa00000|  0%| F|  |TAMS 0x000000074f800000, 0x000000074f800000| Untracked 
|  97|0x000000074fa00000, 0x000000074fa00000, 0x000000074fc00000|  0%| F|  |TAMS 0x000000074fa00000, 0x000000074fa00000| Untracked 
|  98|0x000000074fc00000, 0x000000074fc00000, 0x000000074fe00000|  0%| F|  |TAMS 0x000000074fc00000, 0x000000074fc00000| Untracked 
|  99|0x000000074fe00000, 0x000000074fe00000, 0x0000000750000000|  0%| F|  |TAMS 0x000000074fe00000, 0x000000074fe00000| Untracked 
| 100|0x0000000750000000, 0x0000000750000000, 0x0000000750200000|  0%| F|  |TAMS 0x0000000750000000, 0x0000000750000000| Untracked 
| 101|0x0000000750200000, 0x0000000750200000, 0x0000000750400000|  0%| F|  |TAMS 0x0000000750200000, 0x0000000750200000| Untracked 
| 102|0x0000000750400000, 0x0000000750400000, 0x0000000750600000|  0%| F|  |TAMS 0x0000000750400000, 0x0000000750400000| Untracked 
| 103|0x0000000750600000, 0x0000000750600000, 0x0000000750800000|  0%| F|  |TAMS 0x0000000750600000, 0x0000000750600000| Untracked 
| 104|0x0000000750800000, 0x0000000750800000, 0x0000000750a00000|  0%| F|  |TAMS 0x0000000750800000, 0x0000000750800000| Untracked 
| 105|0x0000000750a00000, 0x0000000750a00000, 0x0000000750c00000|  0%| F|  |TAMS 0x0000000750a00000, 0x0000000750a00000| Untracked 
| 106|0x0000000750c00000, 0x0000000750c00000, 0x0000000750e00000|  0%| F|  |TAMS 0x0000000750c00000, 0x0000000750c00000| Untracked 
| 107|0x0000000750e00000, 0x0000000750e00000, 0x0000000751000000|  0%| F|  |TAMS 0x0000000750e00000, 0x0000000750e00000| Untracked 
| 108|0x0000000751000000, 0x0000000751000000, 0x0000000751200000|  0%| F|  |TAMS 0x0000000751000000, 0x0000000751000000| Untracked 
| 109|0x0000000751200000, 0x0000000751200000, 0x0000000751400000|  0%| F|  |TAMS 0x0000000751200000, 0x0000000751200000| Untracked 
| 110|0x0000000751400000, 0x0000000751400000, 0x0000000751600000|  0%| F|  |TAMS 0x0000000751400000, 0x0000000751400000| Untracked 
| 111|0x0000000751600000, 0x0000000751600000, 0x0000000751800000|  0%| F|  |TAMS 0x0000000751600000, 0x0000000751600000| Untracked 
| 112|0x0000000751800000, 0x0000000751800000, 0x0000000751a00000|  0%| F|  |TAMS 0x0000000751800000, 0x0000000751800000| Untracked 
| 113|0x0000000751a00000, 0x0000000751a00000, 0x0000000751c00000|  0%| F|  |TAMS 0x0000000751a00000, 0x0000000751a00000| Untracked 
| 114|0x0000000751c00000, 0x0000000751c00000, 0x0000000751e00000|  0%| F|  |TAMS 0x0000000751c00000, 0x0000000751c00000| Untracked 
| 115|0x0000000751e00000, 0x0000000751e00000, 0x0000000752000000|  0%| F|  |TAMS 0x0000000751e00000, 0x0000000751e00000| Untracked 
| 116|0x0000000752000000, 0x0000000752000000, 0x0000000752200000|  0%| F|  |TAMS 0x0000000752000000, 0x0000000752000000| Untracked 
| 117|0x0000000752200000, 0x0000000752200000, 0x0000000752400000|  0%| F|  |TAMS 0x0000000752200000, 0x0000000752200000| Untracked 
| 118|0x0000000752400000, 0x0000000752400000, 0x0000000752600000|  0%| F|  |TAMS 0x0000000752400000, 0x0000000752400000| Untracked 
| 119|0x0000000752600000, 0x0000000752600000, 0x0000000752800000|  0%| F|  |TAMS 0x0000000752600000, 0x0000000752600000| Untracked 
| 120|0x0000000752800000, 0x0000000752800000, 0x0000000752a00000|  0%| F|  |TAMS 0x0000000752800000, 0x0000000752800000| Untracked 
| 121|0x0000000752a00000, 0x0000000752a00000, 0x0000000752c00000|  0%| F|  |TAMS 0x0000000752a00000, 0x0000000752a00000| Untracked 
| 122|0x0000000752c00000, 0x0000000752c00000, 0x0000000752e00000|  0%| F|  |TAMS 0x0000000752c00000, 0x0000000752c00000| Untracked 
| 123|0x0000000752e00000, 0x0000000752e00000, 0x0000000753000000|  0%| F|  |TAMS 0x0000000752e00000, 0x0000000752e00000| Untracked 
| 124|0x0000000753000000, 0x0000000753000000, 0x0000000753200000|  0%| F|  |TAMS 0x0000000753000000, 0x0000000753000000| Untracked 
| 125|0x0000000753200000, 0x0000000753200000, 0x0000000753400000|  0%| F|  |TAMS 0x0000000753200000, 0x0000000753200000| Untracked 
| 126|0x0000000753400000, 0x0000000753600000, 0x0000000753600000|100%| E|  |TAMS 0x0000000753400000, 0x0000000753400000| Complete 
| 127|0x0000000753600000, 0x0000000753800000, 0x0000000753800000|100%| E|CS|TAMS 0x0000000753600000, 0x0000000753600000| Complete 
| 128|0x0000000753800000, 0x0000000753a00000, 0x0000000753a00000|100%| E|CS|TAMS 0x0000000753800000, 0x0000000753800000| Complete 
| 129|0x0000000753a00000, 0x0000000753c00000, 0x0000000753c00000|100%| E|CS|TAMS 0x0000000753a00000, 0x0000000753a00000| Complete 
| 130|0x0000000753c00000, 0x0000000753e00000, 0x0000000753e00000|100%| E|CS|TAMS 0x0000000753c00000, 0x0000000753c00000| Complete 
| 131|0x0000000753e00000, 0x0000000754000000, 0x0000000754000000|100%| E|CS|TAMS 0x0000000753e00000, 0x0000000753e00000| Complete 
| 132|0x0000000754000000, 0x0000000754200000, 0x0000000754200000|100%| E|CS|TAMS 0x0000000754000000, 0x0000000754000000| Complete 
| 133|0x0000000754200000, 0x0000000754400000, 0x0000000754400000|100%| E|CS|TAMS 0x0000000754200000, 0x0000000754200000| Complete 
| 134|0x0000000754400000, 0x0000000754600000, 0x0000000754600000|100%| E|CS|TAMS 0x0000000754400000, 0x0000000754400000| Complete 
| 135|0x0000000754600000, 0x0000000754800000, 0x0000000754800000|100%| E|  |TAMS 0x0000000754600000, 0x0000000754600000| Complete 
| 136|0x0000000754800000, 0x0000000754a00000, 0x0000000754a00000|100%| E|CS|TAMS 0x0000000754800000, 0x0000000754800000| Complete 

Card table byte_map: [0x000001c25da50000,0x000001c25e040000] _byte_map_base: 0x000001c25a034000

Marking Bits (Prev, Next): (CMBitMap*) 0x000001c24668caf0, (CMBitMap*) 0x000001c24668cb30
 Prev Bits: [0x000001c25e630000, 0x000001c261550000)
 Next Bits: [0x000001c261550000, 0x000001c264470000)

Polling page: 0x000001c2444f0000

Metaspace:

Usage:
  Non-class:     15.61 MB used.
      Class:      1.94 MB used.
       Both:     17.55 MB used.

Virtual space:
  Non-class space:       64.00 MB reserved,      15.75 MB ( 25%) committed,  1 nodes.
      Class space:        1.00 GB reserved,       2.06 MB ( <1%) committed,  1 nodes.
             Both:        1.06 GB reserved,      17.81 MB (  2%) committed. 

Chunk freelists:
   Non-Class:  64.00 KB
       Class:  13.95 MB
        Both:  14.01 MB

MaxMetaspaceSize: unlimited
CompressedClassSpaceSize: 1.00 GB
Initial GC threshold: 21.00 MB
Current GC threshold: 21.00 MB
CDS: on
MetaspaceReclaimPolicy: balanced
 - commit_granule_bytes: 65536.
 - commit_granule_words: 8192.
 - virtual_space_node_default_size: 8388608.
 - enlarge_chunks_in_place: 1.
 - new_chunks_are_fully_committed: 0.
 - uncommit_free_chunks: 1.
 - use_allocation_guard: 0.
 - handle_deallocations: 1.


Internal statistics:

num_allocs_failed_limit: 0.
num_arena_births: 332.
num_arena_deaths: 0.
num_vsnodes_births: 2.
num_vsnodes_deaths: 0.
num_space_committed: 285.
num_space_uncommitted: 0.
num_chunks_returned_to_freelist: 0.
num_chunks_taken_from_freelist: 614.
num_chunk_merges: 0.
num_chunk_splits: 342.
num_chunks_enlarged: 146.
num_inconsistent_stats: 0.

CodeHeap 'non-profiled nmethods': size=120000Kb used=2369Kb max_used=2369Kb free=117630Kb
 bounds [0x000001c255bf0000, 0x000001c255e60000, 0x000001c25d120000]
CodeHeap 'profiled nmethods': size=120000Kb used=7004Kb max_used=7004Kb free=112995Kb
 bounds [0x000001c24e120000, 0x000001c24e800000, 0x000001c255650000]
CodeHeap 'non-nmethods': size=5760Kb used=1370Kb max_used=1466Kb free=4389Kb
 bounds [0x000001c255650000, 0x000001c2558c0000, 0x000001c255bf0000]
 total_blobs=4280 nmethods=3554 adapters=637
 compilation: enabled
              stopped_count=0, restarted_count=0
 full_count=0

Compilation events (20 events):
Event: 236.578 Thread 0x000001c266ed53e0 3544       3       sun.awt.SunToolkit::targetToPeer (20 bytes)
Event: 236.578 Thread 0x000001c266ed53e0 nmethod 3544 0x000001c24e7ebc10 code [0x000001c24e7ebe40, 0x000001c24e7ec5a8]
Event: 236.586 Thread 0x000001c266ed53e0 3547       3       sun.awt.windows.WObjectPeer::getPeerForTarget (10 bytes)
Event: 236.587 Thread 0x000001c266ed53e0 nmethod 3547 0x000001c24e7ec890 code [0x000001c24e7ecae0, 0x000001c24e7ed3e8]
Event: 236.621 Thread 0x000001c266ed53e0 3548   !   3       sun.java2d.SunGraphics2D::drawHiDPIImage (540 bytes)
Event: 236.623 Thread 0x000001c266ed53e0 nmethod 3548 0x000001c24e7ed710 code [0x000001c24e7edbc0, 0x000001c24e7efe68]
Event: 236.623 Thread 0x000001c266ed53e0 3549       3       sun.java2d.pipe.DrawImage::copyImage (60 bytes)
Event: 236.623 Thread 0x000001c266ed53e0 nmethod 3549 0x000001c24e7f1390 code [0x000001c24e7f1580, 0x000001c24e7f1af8]
Event: 237.137 Thread 0x000001c266ed53e0 3550       3       java.util.IdentityHashMap$IdentityHashMapIterator::nextIndex (72 bytes)
Event: 237.138 Thread 0x000001c266ed53e0 nmethod 3550 0x000001c24e7f1c90 code [0x000001c24e7f1e60, 0x000001c24e7f21e8]
Event: 237.138 Thread 0x000001c266ed53e0 3551       3       java.util.Collections$3::nextElement (10 bytes)
Event: 237.139 Thread 0x000001c266ed53e0 nmethod 3551 0x000001c24e7f2390 code [0x000001c24e7f2540, 0x000001c24e7f2728]
Event: 237.139 Thread 0x000001c266ed53e0 3552       3       java.util.concurrent.ConcurrentHashMap::containsKey (14 bytes)
Event: 237.139 Thread 0x000001c266ed53e0 nmethod 3552 0x000001c24e7f2810 code [0x000001c24e7f29c0, 0x000001c24e7f2b68]
Event: 237.139 Thread 0x000001c266ed53e0 3553       1       java.util.concurrent.CopyOnWriteArrayList::getArray (5 bytes)
Event: 237.139 Thread 0x000001c266ed53e0 nmethod 3553 0x000001c255e40190 code [0x000001c255e40320, 0x000001c255e403f8]
Event: 237.187 Thread 0x000001c266ed53e0 3554       3       sun.java2d.SurfaceData::validatePipe (785 bytes)
Event: 237.188 Thread 0x000001c266ed53e0 nmethod 3554 0x000001c24e7f2c10 code [0x000001c24e7f30a0, 0x000001c24e7f6308]
Event: 237.229 Thread 0x000001c266ed53e0 3555       3       sun.java2d.SurfaceData::canRenderParallelograms (137 bytes)
Event: 237.230 Thread 0x000001c266ed53e0 nmethod 3555 0x000001c24e7f6510 code [0x000001c24e7f6720, 0x000001c24e7f6f38]

GC Heap History (20 events):
Event: 233.253 GC heap before
{Heap before GC invocations=530 (full 0):
 garbage-first heap   total 280576K, used 193728K [0x0000000743800000, 0x0000000800000000)
  region size 2048K, 82 young (167936K), 1 survivors (2048K)
 Metaspace       used 17939K, committed 18176K, reserved 1114112K
  class space    used 1981K, committed 2112K, reserved 1048576K
}
Event: 233.254 GC heap after
{Heap after GC invocations=531 (full 0):
 garbage-first heap   total 280576K, used 32764K [0x0000000743800000, 0x0000000800000000)
  region size 2048K, 2 young (4096K), 2 survivors (4096K)
 Metaspace       used 17939K, committed 18176K, reserved 1114112K
  class space    used 1981K, committed 2112K, reserved 1048576K
}
Event: 233.671 GC heap before
{Heap before GC invocations=531 (full 0):
 garbage-first heap   total 280576K, used 194556K [0x0000000743800000, 0x0000000800000000)
  region size 2048K, 82 young (167936K), 2 survivors (4096K)
 Metaspace       used 17939K, committed 18176K, reserved 1114112K
  class space    used 1981K, committed 2112K, reserved 1048576K
}
Event: 233.672 GC heap after
{Heap after GC invocations=532 (full 0):
 garbage-first heap   total 280576K, used 29734K [0x0000000743800000, 0x0000000800000000)
  region size 2048K, 1 young (2048K), 1 survivors (2048K)
 Metaspace       used 17939K, committed 18176K, reserved 1114112K
  class space    used 1981K, committed 2112K, reserved 1048576K
}
Event: 234.081 GC heap before
{Heap before GC invocations=532 (full 0):
 garbage-first heap   total 280576K, used 193574K [0x0000000743800000, 0x0000000800000000)
  region size 2048K, 82 young (167936K), 1 survivors (2048K)
 Metaspace       used 17939K, committed 18176K, reserved 1114112K
  class space    used 1981K, committed 2112K, reserved 1048576K
}
Event: 234.082 GC heap after
{Heap after GC invocations=533 (full 0):
 garbage-first heap   total 280576K, used 32554K [0x0000000743800000, 0x0000000800000000)
  region size 2048K, 2 young (4096K), 2 survivors (4096K)
 Metaspace       used 17939K, committed 18176K, reserved 1114112K
  class space    used 1981K, committed 2112K, reserved 1048576K
}
Event: 234.514 GC heap before
{Heap before GC invocations=533 (full 0):
 garbage-first heap   total 280576K, used 194346K [0x0000000743800000, 0x0000000800000000)
  region size 2048K, 82 young (167936K), 2 survivors (4096K)
 Metaspace       used 17939K, committed 18176K, reserved 1114112K
  class space    used 1981K, committed 2112K, reserved 1048576K
}
Event: 234.515 GC heap after
{Heap after GC invocations=534 (full 0):
 garbage-first heap   total 280576K, used 31650K [0x0000000743800000, 0x0000000800000000)
  region size 2048K, 2 young (4096K), 2 survivors (4096K)
 Metaspace       used 17939K, committed 18176K, reserved 1114112K
  class space    used 1981K, committed 2112K, reserved 1048576K
}
Event: 234.955 GC heap before
{Heap before GC invocations=534 (full 0):
 garbage-first heap   total 280576K, used 193442K [0x0000000743800000, 0x0000000800000000)
  region size 2048K, 82 young (167936K), 2 survivors (4096K)
 Metaspace       used 17939K, committed 18176K, reserved 1114112K
  class space    used 1981K, committed 2112K, reserved 1048576K
}
Event: 234.958 GC heap after
{Heap after GC invocations=535 (full 0):
 garbage-first heap   total 280576K, used 31652K [0x0000000743800000, 0x0000000800000000)
  region size 2048K, 2 young (4096K), 2 survivors (4096K)
 Metaspace       used 17939K, committed 18176K, reserved 1114112K
  class space    used 1981K, committed 2112K, reserved 1048576K
}
Event: 235.399 GC heap before
{Heap before GC invocations=535 (full 0):
 garbage-first heap   total 280576K, used 193444K [0x0000000743800000, 0x0000000800000000)
  region size 2048K, 82 young (167936K), 2 survivors (4096K)
 Metaspace       used 17939K, committed 18176K, reserved 1114112K
  class space    used 1981K, committed 2112K, reserved 1048576K
}
Event: 235.400 GC heap after
{Heap after GC invocations=536 (full 0):
 garbage-first heap   total 280576K, used 30636K [0x0000000743800000, 0x0000000800000000)
  region size 2048K, 1 young (2048K), 1 survivors (2048K)
 Metaspace       used 17939K, committed 18176K, reserved 1114112K
  class space    used 1981K, committed 2112K, reserved 1048576K
}
Event: 235.866 GC heap before
{Heap before GC invocations=536 (full 0):
 garbage-first heap   total 280576K, used 194476K [0x0000000743800000, 0x0000000800000000)
  region size 2048K, 82 young (167936K), 1 survivors (2048K)
 Metaspace       used 17939K, committed 18176K, reserved 1114112K
  class space    used 1981K, committed 2112K, reserved 1048576K
}
Event: 235.868 GC heap after
{Heap after GC invocations=537 (full 0):
 garbage-first heap   total 280576K, used 28832K [0x0000000743800000, 0x0000000800000000)
  region size 2048K, 1 young (2048K), 1 survivors (2048K)
 Metaspace       used 17939K, committed 18176K, reserved 1114112K
  class space    used 1981K, committed 2112K, reserved 1048576K
}
Event: 236.294 GC heap before
{Heap before GC invocations=537 (full 0):
 garbage-first heap   total 280576K, used 192672K [0x0000000743800000, 0x0000000800000000)
  region size 2048K, 82 young (167936K), 1 survivors (2048K)
 Metaspace       used 17941K, committed 18176K, reserved 1114112K
  class space    used 1981K, committed 2112K, reserved 1048576K
}
Event: 236.295 GC heap after
{Heap after GC invocations=538 (full 0):
 garbage-first heap   total 280576K, used 31648K [0x0000000743800000, 0x0000000800000000)
  region size 2048K, 2 young (4096K), 2 survivors (4096K)
 Metaspace       used 17941K, committed 18176K, reserved 1114112K
  class space    used 1981K, committed 2112K, reserved 1048576K
}
Event: 236.749 GC heap before
{Heap before GC invocations=538 (full 0):
 garbage-first heap   total 280576K, used 193440K [0x0000000743800000, 0x0000000800000000)
  region size 2048K, 82 young (167936K), 2 survivors (4096K)
 Metaspace       used 17962K, committed 18240K, reserved 1114112K
  class space    used 1981K, committed 2112K, reserved 1048576K
}
Event: 236.751 GC heap after
{Heap after GC invocations=539 (full 0):
 garbage-first heap   total 280576K, used 30694K [0x0000000743800000, 0x0000000800000000)
  region size 2048K, 1 young (2048K), 1 survivors (2048K)
 Metaspace       used 17962K, committed 18240K, reserved 1114112K
  class space    used 1981K, committed 2112K, reserved 1048576K
}
Event: 237.184 GC heap before
{Heap before GC invocations=539 (full 0):
 garbage-first heap   total 280576K, used 194534K [0x0000000743800000, 0x0000000800000000)
  region size 2048K, 82 young (167936K), 1 survivors (2048K)
 Metaspace       used 17972K, committed 18240K, reserved 1114112K
  class space    used 1983K, committed 2112K, reserved 1048576K
}
Event: 237.185 GC heap after
{Heap after GC invocations=540 (full 0):
 garbage-first heap   total 280576K, used 31650K [0x0000000743800000, 0x0000000800000000)
  region size 2048K, 2 young (4096K), 2 survivors (4096K)
 Metaspace       used 17972K, committed 18240K, reserved 1114112K
  class space    used 1983K, committed 2112K, reserved 1048576K
}

Dll operation events (12 events):
Event: 0.008 Loaded shared library E:\jdk_new\jdk-17.0.8.7-hotspot\bin\java.dll
Event: 0.029 Loaded shared library E:\jdk_new\jdk-17.0.8.7-hotspot\bin\jsvml.dll
Event: 0.108 Loaded shared library E:\jdk_new\jdk-17.0.8.7-hotspot\bin\jimage.dll
Event: 0.113 Loaded shared library E:\jdk_new\jdk-17.0.8.7-hotspot\bin\net.dll
Event: 0.114 Loaded shared library E:\jdk_new\jdk-17.0.8.7-hotspot\bin\nio.dll
Event: 0.117 Loaded shared library E:\jdk_new\jdk-17.0.8.7-hotspot\bin\zip.dll
Event: 0.192 Loaded shared library E:\jdk_new\jdk-17.0.8.7-hotspot\bin\awt.dll
Event: 0.916 Loaded shared library E:\jdk_new\jdk-17.0.8.7-hotspot\bin\freetype.dll
Event: 0.918 Loaded shared library E:\jdk_new\jdk-17.0.8.7-hotspot\bin\fontmanager.dll
Event: 2.633 Loaded shared library E:\jdk_new\jdk-17.0.8.7-hotspot\bin\rmi.dll
Event: 2.839 Loaded shared library E:\opencv\opencv\build\java\x64\opencv_java341.dll
Event: 5.513 Loaded shared library E:\jdk_new\jdk-17.0.8.7-hotspot\bin\verify.dll

Deoptimization events (20 events):
Event: 236.086 Thread 0x000001c26b65f6b0 Uncommon trap: trap_request=0xffffff45 fr.pc=0x000001c255ddc748 relative=0x0000000000007968
Event: 236.086 Thread 0x000001c26b65f6b0 Uncommon trap: reason=unstable_if action=reinterpret pc=0x000001c255ddc748 method=sun.awt.image.ToolkitImage.getWidth(Ljava/awt/image/ImageObserver;)I @ 4 c2
Event: 236.086 Thread 0x000001c26b65f6b0 DEOPT PACKING pc=0x000001c255ddc748 sp=0x00000071603fd880
Event: 236.086 Thread 0x000001c26b65f6b0 DEOPT UNPACKING pc=0x000001c2556a69a3 sp=0x00000071603fd890 mode 2
Event: 236.086 Thread 0x000001c26b65f6b0 Uncommon trap: trap_request=0xffffff45 fr.pc=0x000001c255db2700 relative=0x0000000000003060
Event: 236.086 Thread 0x000001c26b65f6b0 Uncommon trap: reason=unstable_if action=reinterpret pc=0x000001c255db2700 method=sun.awt.image.ToolkitImage.hasError()Z @ 4 c2
Event: 236.086 Thread 0x000001c26b65f6b0 DEOPT PACKING pc=0x000001c255db2700 sp=0x00000071603fd7c0
Event: 236.086 Thread 0x000001c26b65f6b0 DEOPT UNPACKING pc=0x000001c2556a69a3 sp=0x00000071603fd788 mode 2
Event: 236.086 Thread 0x000001c26b65f6b0 Uncommon trap: trap_request=0xffffff45 fr.pc=0x000001c255def7e0 relative=0x00000000000006a0
Event: 236.086 Thread 0x000001c26b65f6b0 Uncommon trap: reason=unstable_if action=reinterpret pc=0x000001c255def7e0 method=sun.java2d.loops.GraphicsPrimitiveMgr.locate(ILsun/java2d/loops/SurfaceType;Lsun/java2d/loops/CompositeType;Lsun/java2d/loops/SurfaceType;)Lsun/java2d/loops/GraphicsPrimitiv
Event: 236.086 Thread 0x000001c26b65f6b0 DEOPT PACKING pc=0x000001c255def7e0 sp=0x00000071603fcf50
Event: 236.086 Thread 0x000001c26b65f6b0 DEOPT UNPACKING pc=0x000001c2556a69a3 sp=0x00000071603fcf68 mode 2
Event: 236.093 Thread 0x000001c26b65f6b0 Uncommon trap: trap_request=0xffffff45 fr.pc=0x000001c255dbeae4 relative=0x00000000000000c4
Event: 236.093 Thread 0x000001c26b65f6b0 Uncommon trap: reason=unstable_if action=reinterpret pc=0x000001c255dbeae4 method=sun.java2d.SunGraphics2D.drawHiDPIImage(Ljava/awt/Image;IIIIIIIILjava/awt/Color;Ljava/awt/image/ImageObserver;Ljava/awt/geom/AffineTransform;)Ljava/lang/Boolean; @ 4 c2
Event: 236.093 Thread 0x000001c26b65f6b0 DEOPT PACKING pc=0x000001c255dbeae4 sp=0x00000071603fe450
Event: 236.093 Thread 0x000001c26b65f6b0 DEOPT UNPACKING pc=0x000001c2556a69a3 sp=0x00000071603fe390 mode 2
Event: 236.100 Thread 0x000001c26b65f6b0 Uncommon trap: trap_request=0xffffffde fr.pc=0x000001c255df0468 relative=0x0000000000000188
Event: 236.100 Thread 0x000001c26b65f6b0 Uncommon trap: reason=class_check action=maybe_recompile pc=0x000001c255df0468 method=sun.java2d.SunGraphics2D.validateColor()V @ 95 c2
Event: 236.100 Thread 0x000001c26b65f6b0 DEOPT PACKING pc=0x000001c255df0468 sp=0x00000071603fe360
Event: 236.100 Thread 0x000001c26b65f6b0 DEOPT UNPACKING pc=0x000001c2556a69a3 sp=0x00000071603fe2d8 mode 2

Classes unloaded (0 events):
No events

Classes redefined (0 events):
No events

Internal exceptions (20 events):
Event: 0.805 Thread 0x000001c26bc3d060 Implicit null exception at 0x000001c255c275d2 to 0x000001c255c27b4c
Event: 0.848 Thread 0x000001c26bc3d060 Exception <a 'java/lang/NoSuchMethodError'{0x000000074e37d218}: 'java.lang.Object java.lang.invoke.DirectMethodHandle$Holder.newInvokeSpecial(java.lang.Object, java.lang.Object, java.lang.Object, int, int, int, int, int)'> (0x000000074e37d218) 
thrown [s\src\hotspot\share\interpreter\linkResolver.cpp, line 759]
Event: 0.974 Thread 0x000001c26b667f50 Exception <a 'java/lang/NoSuchMethodError'{0x000000074ee0fa28}: 'void java.lang.invoke.DirectMethodHandle$Holder.invokeVirtual(java.lang.Object, java.lang.Object)'> (0x000000074ee0fa28) 
thrown [s\src\hotspot\share\interpreter\linkResolver.cpp, line 759]
Event: 0.996 Thread 0x000001c26b65f6b0 Exception <a 'java/lang/NoSuchMethodError'{0x000000074e1a3940}: 'void java.lang.invoke.DirectMethodHandle$Holder.invokeStaticInit(java.lang.Object)'> (0x000000074e1a3940) 
thrown [s\src\hotspot\share\interpreter\linkResolver.cpp, line 759]
Event: 2.576 Thread 0x000001c26b65f6b0 Exception <a 'java/lang/NoSuchMethodError'{0x000000074f469388}: 'void java.lang.invoke.DirectMethodHandle$Holder.invokeStatic(java.lang.Object, java.lang.Object)'> (0x000000074f469388) 
thrown [s\src\hotspot\share\interpreter\linkResolver.cpp, line 759]
Event: 2.631 Thread 0x000001c26b65f6b0 Exception <a 'java/lang/NoSuchMethodError'{0x000000074f5f7ec0}: 'java.lang.Object java.lang.invoke.Invokers$Holder.linkToTargetMethod(java.lang.Object, int, java.lang.Object, java.lang.Object, java.lang.Object)'> (0x000000074f5f7ec0) 
thrown [s\src\hotspot\share\interpreter\linkResolver.cpp, line 759]
Event: 2.638 Thread 0x000001c26b65f6b0 Exception <a 'java/lang/NoSuchMethodError'{0x000000074f21ac08}: static [Ljava/rmi/server/ObjID;.<clinit>()V> (0x000000074f21ac08) 
thrown [s\src\hotspot\share\prims\jni.cpp, line 1107]
Event: 2.642 Thread 0x000001c26b65f6b0 Exception <a 'java/lang/NoSuchMethodError'{0x000000074f23a478}: static [B.<clinit>()V> (0x000000074f23a478) 
thrown [s\src\hotspot\share\prims\jni.cpp, line 1107]
Event: 2.644 Thread 0x000001c26d45b0b0 Exception <a 'java/lang/InterruptedException'{0x000000074f291de0}> (0x000000074f291de0) 
thrown [s\src\hotspot\share\runtime\objectMonitor.cpp, line 1658]
Event: 2.644 Thread 0x000001c26d45b0b0 Exception <a 'java/lang/NoSuchMethodError'{0x000000074f293240}: 'java.lang.Object java.lang.invoke.DirectMethodHandle$Holder.invokeSpecial(java.lang.Object, java.lang.Object, int, java.lang.Object, long)'> (0x000000074f293240) 
thrown [s\src\hotspot\share\interpreter\linkResolver.cpp, line 759]
Event: 2.645 Thread 0x000001c26d45b0b0 Exception <a 'java/lang/NoSuchMethodError'{0x000000074f29a910}: 'java.lang.Object java.lang.invoke.DirectMethodHandle$Holder.newInvokeSpecial(java.lang.Object, java.lang.Object, int, java.lang.Object, long)'> (0x000000074f29a910) 
thrown [s\src\hotspot\share\interpreter\linkResolver.cpp, line 759]
Event: 2.715 Thread 0x000001c26b65f6b0 Exception <a 'java/lang/NoSuchMethodError'{0x000000074f080ff0}: 'java.lang.Object java.lang.invoke.DirectMethodHandle$Holder.invokeStatic(java.lang.Object, java.lang.Object, int)'> (0x000000074f080ff0) 
thrown [s\src\hotspot\share\interpreter\linkResolver.cpp, line 759]
Event: 2.716 Thread 0x000001c26b65f6b0 Exception <a 'java/lang/NoSuchMethodError'{0x000000074f08ca30}: 'void java.lang.invoke.DelegatingMethodHandle$Holder.delegate(java.lang.Object, java.lang.Object, int, java.lang.Object)'> (0x000000074f08ca30) 
thrown [s\src\hotspot\share\interpreter\linkResolver.cpp, line 759]
Event: 2.717 Thread 0x000001c26b65f6b0 Exception <a 'java/lang/NoSuchMethodError'{0x000000074f091098}: 'int java.lang.invoke.DirectMethodHandle$Holder.invokeSpecial(java.lang.Object, java.lang.Object, java.lang.Object)'> (0x000000074f091098) 
thrown [s\src\hotspot\share\interpreter\linkResolver.cpp, line 759]
Event: 2.723 Thread 0x000001c26b65f6b0 Exception <a 'java/lang/NoSuchMethodError'{0x000000074f0b2688}: static Ljava/lang/Object;.<clinit>()V> (0x000000074f0b2688) 
thrown [s\src\hotspot\share\prims\jni.cpp, line 1107]
Event: 2.842 Thread 0x000001c26b65f6b0 Exception <a 'java/lang/NoSuchMethodError'{0x000000074f1cd2d0}: 'void java.lang.invoke.DirectMethodHandle$Holder.invokeStatic(java.lang.Object, java.lang.Object, java.lang.Object)'> (0x000000074f1cd2d0) 
thrown [s\src\hotspot\share\interpreter\linkResolver.cpp, line 759]
Event: 6.606 Thread 0x000001c26b65f6b0 Exception <a 'java/lang/NoSuchMethodError'{0x0000000750f2c370}: static Ljakarta/persistence/PersistenceException;.<clinit>()V> (0x0000000750f2c370) 
thrown [s\src\hotspot\share\prims\jni.cpp, line 1107]
Event: 6.607 Thread 0x000001c26b65f6b0 Exception <a 'java/lang/NoSuchMethodError'{0x0000000750a05700}: static Lorg/hibernate/HibernateException;.<clinit>()V> (0x0000000750a05700) 
thrown [s\src\hotspot\share\prims\jni.cpp, line 1107]
Event: 6.608 Thread 0x000001c26b65f6b0 Exception <a 'java/lang/NoSuchMethodError'{0x0000000750a16158}: static Lorg/hibernate/PropertyAccessException;.<clinit>()V> (0x0000000750a16158) 
thrown [s\src\hotspot\share\prims\jni.cpp, line 1107]
Event: 144.721 Thread 0x000001c26b12aa80 Implicit null exception at 0x000001c255daa889 to 0x000001c255daaf58

VM Operations (20 events):
Event: 233.254 Executing VM operation: G1CollectForAllocation done
Event: 233.671 Executing VM operation: G1CollectForAllocation
Event: 233.672 Executing VM operation: G1CollectForAllocation done
Event: 234.081 Executing VM operation: G1CollectForAllocation
Event: 234.082 Executing VM operation: G1CollectForAllocation done
Event: 234.514 Executing VM operation: G1CollectForAllocation
Event: 234.515 Executing VM operation: G1CollectForAllocation done
Event: 234.955 Executing VM operation: G1CollectForAllocation
Event: 234.958 Executing VM operation: G1CollectForAllocation done
Event: 235.399 Executing VM operation: G1CollectForAllocation
Event: 235.400 Executing VM operation: G1CollectForAllocation done
Event: 235.866 Executing VM operation: G1CollectForAllocation
Event: 235.868 Executing VM operation: G1CollectForAllocation done
Event: 236.294 Executing VM operation: G1CollectForAllocation
Event: 236.295 Executing VM operation: G1CollectForAllocation done
Event: 236.749 Executing VM operation: G1CollectForAllocation
Event: 236.751 Executing VM operation: G1CollectForAllocation done
Event: 237.184 Executing VM operation: G1CollectForAllocation
Event: 237.185 Executing VM operation: G1CollectForAllocation done
Event: 237.239 Executing VM operation: Exit

Events (20 events):
Event: 6.639 loading class java/awt/LightweightDispatcher$2
Event: 6.639 loading class java/awt/LightweightDispatcher$2 done
Event: 6.641 loading class javax/swing/event/AncestorEvent
Event: 6.642 loading class javax/swing/event/AncestorEvent done
Event: 6.723 Thread 0x000001c26ddc8320 Thread exited: 0x000001c26ddc8320
Event: 6.801 Thread 0x000001c26ddc7330 Thread exited: 0x000001c26ddc7330
Event: 10.858 Thread 0x000001c26bc3d060 Thread exited: 0x000001c26bc3d060
Event: 237.137 Thread 0x000001c26e287950 Thread added: 0x000001c26e287950
Event: 237.137 Thread 0x000001c26e2850d0 Thread added: 0x000001c26e2850d0
Event: 237.138 Thread 0x000001c26e287e60 Thread added: 0x000001c26e287e60
Event: 237.138 Thread 0x000001c26e28bb20 Thread added: 0x000001c26e28bb20
Event: 237.138 loading class java/util/WeakHashMap$KeyIterator
Event: 237.138 Thread 0x000001c26e28bb20 Thread exited: 0x000001c26e28bb20
Event: 237.139 Thread 0x000001c26e2850d0 Thread exited: 0x000001c26e2850d0
Event: 237.142 loading class java/util/WeakHashMap$HashIterator
Event: 237.142 loading class java/util/WeakHashMap$HashIterator done
Event: 237.142 loading class java/util/WeakHashMap$KeyIterator done
Event: 237.142 Thread 0x000001c26e287950 Thread exited: 0x000001c26e287950
Event: 237.155 Thread 0x000001c26b667f50 Thread exited: 0x000001c26b667f50
Event: 237.239 Thread 0x000001c26e287e60 Thread exited: 0x000001c26e287e60


Dynamic libraries:
0x00007ff7a2040000 - 0x00007ff7a204e000 	E:\jdk_new\jdk-17.0.8.7-hotspot\bin\javaw.exe
0x00007ffce1b90000 - 0x00007ffce1d88000 	C:\WINDOWS\SYSTEM32\ntdll.dll
0x00007ffce16c0000 - 0x00007ffce177d000 	C:\WINDOWS\System32\KERNEL32.DLL
0x00007ffcdf6f0000 - 0x00007ffcdf9e6000 	C:\WINDOWS\System32\KERNELBASE.dll
0x00007ffcdfa20000 - 0x00007ffcdfb20000 	C:\WINDOWS\System32\ucrtbase.dll
0x00007ffccab10000 - 0x00007ffccab27000 	E:\jdk_new\jdk-17.0.8.7-hotspot\bin\jli.dll
0x00007ffcd4c60000 - 0x00007ffcd4c79000 	E:\jdk_new\jdk-17.0.8.7-hotspot\bin\VCRUNTIME140.dll
0x00007ffce0390000 - 0x00007ffce052f000 	C:\WINDOWS\System32\USER32.dll
0x00007ffcc6be0000 - 0x00007ffcc6e7a000 	C:\WINDOWS\WinSxS\amd64_microsoft.windows.common-controls_6595b64144ccf1df_6.0.19041.3636_none_60b6a03d71f818d5\COMCTL32.dll
0x00007ffcdf240000 - 0x00007ffcdf262000 	C:\WINDOWS\System32\win32u.dll
0x00007ffce05d0000 - 0x00007ffce066e000 	C:\WINDOWS\System32\msvcrt.dll
0x00007ffce0530000 - 0x00007ffce055b000 	C:\WINDOWS\System32\GDI32.dll
0x00007ffcdf520000 - 0x00007ffcdf637000 	C:\WINDOWS\System32\gdi32full.dll
0x00007ffcdfb20000 - 0x00007ffcdfbbd000 	C:\WINDOWS\System32\msvcp_win.dll
0x00007ffce0690000 - 0x00007ffce06c2000 	C:\WINDOWS\System32\IMM32.DLL
0x00007ffcd5b40000 - 0x00007ffcd5b4c000 	E:\jdk_new\jdk-17.0.8.7-hotspot\bin\vcruntime140_1.dll
0x00007ffcd48d0000 - 0x00007ffcd4961000 	E:\jdk_new\jdk-17.0.8.7-hotspot\bin\msvcp140.dll
0x00007ffc5a680000 - 0x00007ffc5b2cc000 	E:\jdk_new\jdk-17.0.8.7-hotspot\bin\server\jvm.dll
0x00007ffce1580000 - 0x00007ffce1630000 	C:\WINDOWS\System32\ADVAPI32.dll
0x00007ffce0750000 - 0x00007ffce07f0000 	C:\WINDOWS\System32\sechost.dll
0x00007ffce07f0000 - 0x00007ffce0913000 	C:\WINDOWS\System32\RPCRT4.dll
0x00007ffcdf9f0000 - 0x00007ffcdfa17000 	C:\WINDOWS\System32\bcrypt.dll
0x00007ffcde780000 - 0x00007ffcde7cb000 	C:\WINDOWS\SYSTEM32\POWRPROF.dll
0x00007ffcd3880000 - 0x00007ffcd3889000 	C:\WINDOWS\SYSTEM32\WSOCK32.dll
0x00007ffcd8aa0000 - 0x00007ffcd8ac7000 	C:\WINDOWS\SYSTEM32\WINMM.dll
0x00007ffce06d0000 - 0x00007ffce073b000 	C:\WINDOWS\System32\WS2_32.dll
0x00007ffcd1df0000 - 0x00007ffcd1dfa000 	C:\WINDOWS\SYSTEM32\VERSION.dll
0x00007ffcde640000 - 0x00007ffcde652000 	C:\WINDOWS\SYSTEM32\UMPDC.dll
0x00007ffcdddd0000 - 0x00007ffcddde2000 	C:\WINDOWS\SYSTEM32\kernel.appcore.dll
0x00007ffcd5b70000 - 0x00007ffcd5b7a000 	E:\jdk_new\jdk-17.0.8.7-hotspot\bin\jimage.dll
0x00007ffcdd6f0000 - 0x00007ffcdd8d4000 	C:\WINDOWS\SYSTEM32\DBGHELP.DLL
0x00007ffccb4b0000 - 0x00007ffccb4e4000 	C:\WINDOWS\SYSTEM32\dbgcore.DLL
0x00007ffcdf2c0000 - 0x00007ffcdf342000 	C:\WINDOWS\System32\bcryptPrimitives.dll
0x00007ffcaeb30000 - 0x00007ffcaeb55000 	E:\jdk_new\jdk-17.0.8.7-hotspot\bin\java.dll
0x00007ffc98870000 - 0x00007ffc98946000 	E:\jdk_new\jdk-17.0.8.7-hotspot\bin\jsvml.dll
0x00007ffcdfc20000 - 0x00007ffce038b000 	C:\WINDOWS\System32\SHELL32.dll
0x00007ffcdcdf0000 - 0x00007ffcdd58e000 	C:\WINDOWS\SYSTEM32\windows.storage.dll
0x00007ffce0df0000 - 0x00007ffce1143000 	C:\WINDOWS\System32\combase.dll
0x00007ffcdec70000 - 0x00007ffcdec9e000 	C:\WINDOWS\SYSTEM32\Wldp.dll
0x00007ffce1960000 - 0x00007ffce1a2d000 	C:\WINDOWS\System32\OLEAUT32.dll
0x00007ffce1aa0000 - 0x00007ffce1b4d000 	C:\WINDOWS\System32\SHCORE.dll
0x00007ffce1a30000 - 0x00007ffce1a85000 	C:\WINDOWS\System32\shlwapi.dll
0x00007ffcdf170000 - 0x00007ffcdf193000 	C:\WINDOWS\SYSTEM32\profapi.dll
0x00007ffca14c0000 - 0x00007ffca14d9000 	E:\jdk_new\jdk-17.0.8.7-hotspot\bin\net.dll
0x00007ffcd8650000 - 0x00007ffcd875a000 	C:\WINDOWS\SYSTEM32\WINHTTP.dll
0x00007ffcde9d0000 - 0x00007ffcdea3a000 	C:\WINDOWS\system32\mswsock.dll
0x00007ffca0830000 - 0x00007ffca0845000 	E:\jdk_new\jdk-17.0.8.7-hotspot\bin\nio.dll
0x00007ffcacae0000 - 0x00007ffcacaf8000 	E:\jdk_new\jdk-17.0.8.7-hotspot\bin\zip.dll
0x00007ffc97280000 - 0x00007ffc9740e000 	E:\jdk_new\jdk-17.0.8.7-hotspot\bin\awt.dll
0x00007ffcd7f60000 - 0x00007ffcd7ff0000 	C:\WINDOWS\SYSTEM32\apphelp.dll
0x00007ffcd8050000 - 0x00007ffcd80ee000 	C:\WINDOWS\system32\uxtheme.dll
0x00007ffce1460000 - 0x00007ffce1575000 	C:\WINDOWS\System32\MSCTF.dll
0x00007ffce1830000 - 0x00007ffce195b000 	C:\WINDOWS\System32\ole32.dll
0x00007ffcdc800000 - 0x00007ffcdc82f000 	C:\WINDOWS\system32\DWMAPI.DLL
0x00007ffcbd900000 - 0x00007ffcbda25000 	C:\WINDOWS\system32\opengl32.dll
0x00007ffcbeb60000 - 0x00007ffcbeb8c000 	C:\WINDOWS\SYSTEM32\GLU32.dll
0x00007ffcdebc0000 - 0x00007ffcdebd8000 	C:\WINDOWS\SYSTEM32\CRYPTSP.dll
0x00007ffcde280000 - 0x00007ffcde2b4000 	C:\WINDOWS\system32\rsaenh.dll
0x00007ffcdf0f0000 - 0x00007ffcdf11e000 	C:\WINDOWS\SYSTEM32\USERENV.dll
0x00007ffcdebe0000 - 0x00007ffcdebec000 	C:\WINDOWS\SYSTEM32\CRYPTBASE.dll
0x00007ffcde660000 - 0x00007ffcde69b000 	C:\WINDOWS\SYSTEM32\IPHLPAPI.DLL
0x00007ffce1a90000 - 0x00007ffce1a98000 	C:\WINDOWS\System32\NSI.dll
0x00007ffcd2a80000 - 0x00007ffcd2a97000 	C:\WINDOWS\SYSTEM32\dhcpcsvc6.DLL
0x00007ffcd2a60000 - 0x00007ffcd2a7d000 	C:\WINDOWS\SYSTEM32\dhcpcsvc.DLL
0x00007ffcde6a0000 - 0x00007ffcde76b000 	C:\WINDOWS\SYSTEM32\DNSAPI.dll
0x00007ffcae100000 - 0x00007ffcae117000 	C:\WINDOWS\system32\napinsp.dll
0x00007ffcb0700000 - 0x00007ffcb071b000 	C:\WINDOWS\system32\pnrpnsp.dll
0x00007ffcd5c00000 - 0x00007ffcd5c15000 	C:\WINDOWS\system32\wshbth.dll
0x00007ffcd6120000 - 0x00007ffcd613d000 	C:\WINDOWS\system32\NLAapi.dll
0x00007ffcb06e0000 - 0x00007ffcb06f2000 	C:\WINDOWS\System32\winrnr.dll
0x00000000614e0000 - 0x0000000061506000 	C:\Program Files\Bonjour\mdnsNSP.dll
0x00007ffcd2b00000 - 0x00007ffcd2b0a000 	C:\Windows\System32\rasadhlp.dll
0x00007ffcd07d0000 - 0x00007ffcd0850000 	C:\WINDOWS\System32\fwpuclnt.dll
0x00007ffcad2b0000 - 0x00007ffcad336000 	E:\jdk_new\jdk-17.0.8.7-hotspot\bin\freetype.dll
0x00007ffc99240000 - 0x00007ffc99313000 	E:\jdk_new\jdk-17.0.8.7-hotspot\bin\fontmanager.dll
0x00007ffce1780000 - 0x00007ffce1829000 	C:\WINDOWS\System32\clbcatq.dll
0x00007ffcd3cf0000 - 0x00007ffcd3ea4000 	C:\WINDOWS\SYSTEM32\WindowsCodecs.dll
0x00007ffcaeaf0000 - 0x00007ffcaeb2e000 	C:\WINDOWS\system32\dataexchange.dll
0x00007ffcd7460000 - 0x00007ffcd7645000 	C:\WINDOWS\system32\dcomp.dll
0x00007ffcd71f0000 - 0x00007ffcd7453000 	C:\WINDOWS\system32\d3d11.dll
0x00007ffcddab0000 - 0x00007ffcddba3000 	C:\WINDOWS\system32\dxgi.dll
0x00007ffcd8430000 - 0x00007ffcd8633000 	C:\WINDOWS\system32\twinapi.appcore.dll
0x00007ffcbe890000 - 0x00007ffcbe989000 	C:\WINDOWS\SYSTEM32\textinputframework.dll
0x00007ffcd7650000 - 0x00007ffcd79ab000 	C:\WINDOWS\System32\CoreUIComponents.dll
0x00007ffcd7d30000 - 0x00007ffcd7e22000 	C:\WINDOWS\System32\CoreMessaging.dll
0x00007ffcde3a0000 - 0x00007ffcde3d3000 	C:\WINDOWS\SYSTEM32\ntmarta.dll
0x00007ffcd8cd0000 - 0x00007ffcd8e27000 	C:\WINDOWS\SYSTEM32\wintypes.dll
0x0000000180000000 - 0x0000000180054000 	C:\Program Files\UniKey\UKHook40.dll
0x00007ffcd4ca0000 - 0x00007ffcd4ca7000 	E:\jdk_new\jdk-17.0.8.7-hotspot\bin\rmi.dll
0x00007ffc40320000 - 0x00007ffc42ff2000 	E:\opencv\opencv\build\java\x64\opencv_java341.dll
0x00007ffcd4850000 - 0x00007ffcd487b000 	C:\WINDOWS\SYSTEM32\MSVFW32.dll
0x00007ffcd34d0000 - 0x00007ffcd34e9000 	C:\WINDOWS\SYSTEM32\AVICAP32.dll
0x00007ffcd3430000 - 0x00007ffcd3451000 	C:\WINDOWS\SYSTEM32\AVIFIL32.dll
0x00007ffcc8f20000 - 0x00007ffcc8f3e000 	C:\WINDOWS\SYSTEM32\MSACM32.dll
0x00007ffcb3a00000 - 0x00007ffcb3a26000 	C:\WINDOWS\SYSTEM32\winmmbase.dll
0x00007ffcd3390000 - 0x00007ffcd33ad000 	C:\Windows\System32\devenum.dll
0x00007ffcdf270000 - 0x00007ffcdf2be000 	C:\WINDOWS\System32\CFGMGR32.dll
0x00007ffce0920000 - 0x00007ffce0d8e000 	C:\WINDOWS\System32\setupapi.dll
0x00007ffcdefd0000 - 0x00007ffcdf003000 	C:\WINDOWS\SYSTEM32\DEVOBJ.dll
0x00007ffcdf350000 - 0x00007ffcdf3b7000 	C:\WINDOWS\System32\WINTRUST.dll
0x00007ffcdf3c0000 - 0x00007ffcdf51e000 	C:\WINDOWS\System32\CRYPT32.dll
0x00007ffcdee00000 - 0x00007ffcdee12000 	C:\WINDOWS\SYSTEM32\MSASN1.dll
0x00007ffcb6250000 - 0x00007ffcb62a0000 	C:\Windows\System32\ksproxy.ax
0x00007ffcd45f0000 - 0x00007ffcd45f9000 	C:\Windows\System32\ksuser.dll
0x00007ffc9a2a0000 - 0x00007ffc9a46d000 	C:\Windows\System32\d3d9.dll
0x00007ffcd6140000 - 0x00007ffcd61e1000 	C:\WINDOWS\SYSTEM32\policymanager.dll
0x00007ffcde310000 - 0x00007ffcde39a000 	C:\Windows\System32\msvcp110_win.dll
0x00007ffcd6780000 - 0x00007ffcd678b000 	C:\WINDOWS\SYSTEM32\msdmo.dll
0x00007ffcd33c0000 - 0x00007ffcd33f6000 	C:\Windows\System32\qcap.dll
0x00007ffc966b0000 - 0x00007ffc96880000 	C:\Windows\System32\quartz.dll
0x00007ffca9220000 - 0x00007ffca926d000 	C:\Windows\System32\mfksproxy.dll
0x00007ffcd57f0000 - 0x00007ffcd580d000 	C:\Windows\System32\ATL.DLL
0x00007ffcd3ee0000 - 0x00007ffcd409b000 	C:\Windows\System32\MFPlat.DLL
0x00007ffcd3ad0000 - 0x00007ffcd3b04000 	C:\Windows\System32\RTWorkQ.DLL
0x00007ffcad220000 - 0x00007ffcad287000 	C:\Windows\System32\MFSENSORGROUP.dll
0x00007ffc71ab0000 - 0x00007ffc71f3e000 	C:\Windows\System32\MFCORE.dll
0x00007ffc9b6f0000 - 0x00007ffc9b75c000 	C:\Windows\System32\FrameServerClient.dll
0x00007ffcd4450000 - 0x00007ffcd445a000 	C:\Windows\System32\AVRT.dll
0x00007ffc99c10000 - 0x00007ffc99d1a000 	C:\Windows\System32\MFReadWrite.dll
0x00007ffcacc60000 - 0x00007ffcacd08000 	C:\Windows\System32\qedit.dll
0x00007ffce1380000 - 0x00007ffce145a000 	C:\WINDOWS\System32\COMDLG32.dll
0x00007ffcc6e80000 - 0x00007ffcc7027000 	C:\WINDOWS\WinSxS\amd64_microsoft.windows.gdiplus_6595b64144ccf1df_1.1.19041.3996_none_91a79472cc852ba0\gdiplus.dll
0x00007ffcb5900000 - 0x00007ffcb59fb000 	C:\Windows\System32\DDRAW.dll
0x00007ffcca8b0000 - 0x00007ffcca8b9000 	C:\Windows\System32\DCIMAN32.dll
0x00007ffcd0f10000 - 0x00007ffcd0f4b000 	C:\WINDOWS\SYSTEM32\dxcore.dll
0x00007ffcd4970000 - 0x00007ffcd4980000 	E:\jdk_new\jdk-17.0.8.7-hotspot\bin\verify.dll

dbghelp: loaded successfully - version: 4.0.5 - missing functions: none
symbol engine: initialized successfully - sym options: 0x614 - pdb path: .;E:\jdk_new\jdk-17.0.8.7-hotspot\bin;C:\WINDOWS\SYSTEM32;C:\WINDOWS\WinSxS\amd64_microsoft.windows.common-controls_6595b64144ccf1df_6.0.19041.3636_none_60b6a03d71f818d5;E:\jdk_new\jdk-17.0.8.7-hotspot\bin\server;C:\Program Files\Bonjour;C:\Program Files\UniKey;E:\opencv\opencv\build\java\x64;C:\WINDOWS\WinSxS\amd64_microsoft.windows.gdiplus_6595b64144ccf1df_1.1.19041.3996_none_91a79472cc852ba0

VM Arguments:
jvm_args: -Dfile.encoding=UTF-8 -Dstdout.encoding=UTF-8 -Dstderr.encoding=UTF-8 -XX:+ShowCodeDetailsInExceptionMessages 
java_command: main.Login
java_class_path (initial): E:\Desktop\PhanTan\posshop_3\posshop\posshop_client\target\classes;E:\Desktop\PhanTan\posshop_3\posshop\posshop_client\lib\opencv\opencv-341.jar;E:\Desktop\PhanTan\posshop_3\posshop\posshop_client\lib\libs.jar;E:\Desktop\PhanTan\posshop_3\posshop\posshop_client\lib\itext\commons-logging-1.2.jar;E:\Desktop\PhanTan\posshop_3\posshop\posshop_client\lib\itext\fontbox-2.0.30.jar;E:\Desktop\PhanTan\posshop_3\posshop\posshop_client\lib\itext\itextpdf-5.5.9.jar;E:\Desktop\PhanTan\posshop_3\posshop\posshop_client\lib\itext\pdfbox-2.0.30.jar;E:\Desktop\PhanTan\posshop_3\posshop\posshop_client\lib\itext\xmlworker-5.5.13.3.jar;C:\Users\DELL VOTRO\.m2\repository\jakarta\persistence\jakarta.persistence-api\3.1.0\jakarta.persistence-api-3.1.0.jar;C:\Users\DELL VOTRO\.m2\repository\org\hibernate\orm\hibernate-core\6.4.4.Final\hibernate-core-6.4.4.Final.jar;C:\Users\DELL VOTRO\.m2\repository\jakarta\transaction\jakarta.transaction-api\2.0.1\jakarta.transaction-api-2.0.1.jar;C:\Users\DELL VOTRO\.m2\repository\org\jboss\logging\jboss-logging\3.5.0.Final\jboss-logging-3.5.0.Final.jar;C:\Users\DELL VOTRO\.m2\repository\org\hibernate\common\hibernate-commons-annotations\6.0.6.Final\hibernate-commons-annotations-6.0.6.Final.jar;C:\Users\DELL VOTRO\.m2\repository\io\smallrye\jandex\3.1.2\jandex-3.1.2.jar;C:\Users\DELL VOTRO\.m2\repository\com\fasterxml\classmate\1.5.1\classmate-1.5.1.jar;C:\Users\DELL VOTRO\.m2\repository\net\bytebuddy\byte-buddy\1.14.11\byte-buddy-1.14.11.jar;C:\Users\DELL VOTRO\.m2\repository\jakarta\xml\bind\jakarta.xml.bind-api\4.0.0\jakarta.xml.bind-api-4.0.0.jar;C:\Users\DELL VOTRO\.m2\repository\jakarta\activation\jakarta.activation-api\2.1.0\jakarta.activation-api-2.1.0.jar;C:\Users\DELL VOTRO\.m2\repository\org\glassfish\jaxb\jaxb-runtime\4.0.2\jaxb-runtime-4.0.2.jar;C:\Users\DELL VOTRO\.m2\repository\org\glassfish\jaxb\jaxb-core\4.0.2\jaxb-core-4.0.2.jar;C:\Users\DELL VOTRO\.m2\repository\org\eclipse\angus\angus-activation\2.0.0\angus
Launcher Type: SUN_STANDARD

[Global flags]
     intx CICompilerCount                          = 4                                         {product} {ergonomic}
     uint ConcGCThreads                            = 2                                         {product} {ergonomic}
     uint G1ConcRefinementThreads                  = 8                                         {product} {ergonomic}
   size_t G1HeapRegionSize                         = 2097152                                   {product} {ergonomic}
    uintx GCDrainStackTargetSize                   = 64                                        {product} {ergonomic}
   size_t InitialHeapSize                          = 199229440                                 {product} {ergonomic}
   size_t MarkStackSize                            = 4194304                                   {product} {ergonomic}
   size_t MaxHeapSize                              = 3162505216                                {product} {ergonomic}
   size_t MaxNewSize                               = 1895825408                                {product} {ergonomic}
   size_t MinHeapDeltaBytes                        = 2097152                                   {product} {ergonomic}
   size_t MinHeapSize                              = 8388608                                   {product} {ergonomic}
    uintx NonNMethodCodeHeapSize                   = 5839372                                {pd product} {ergonomic}
    uintx NonProfiledCodeHeapSize                  = 122909434                              {pd product} {ergonomic}
    uintx ProfiledCodeHeapSize                     = 122909434                              {pd product} {ergonomic}
    uintx ReservedCodeCacheSize                    = 251658240                              {pd product} {ergonomic}
     bool SegmentedCodeCache                       = true                                      {product} {ergonomic}
     bool ShowCodeDetailsInExceptionMessages       = true                                   {manageable} {command line}
   size_t SoftMaxHeapSize                          = 3162505216                             {manageable} {ergonomic}
     bool UseCompressedClassPointers               = true                           {product lp64_product} {ergonomic}
     bool UseCompressedOops                        = true                           {product lp64_product} {ergonomic}
     bool UseG1GC                                  = true                                      {product} {ergonomic}
     bool UseLargePagesIndividualAllocation        = false                                  {pd product} {ergonomic}

Logging:
Log output configuration:
 #0: stdout all=off uptime,level,tags
 #1: stderr all=off uptime,level,tags

Environment Variables:
PATH=E:/jdk_new/jdk-17.0.8.7-hotspot/bin/server;E:/jdk_new/jdk-17.0.8.7-hotspot/bin;E:\jdk_new\jdk-17.0.8.7-hotspot\bin;C:\Program Files\Common Files\Oracle\Java\javapath;C:\Program Files (x86)\VMware\VMware Workstation\bin\;C:\WINDOWS\system32;C:\WINDOWS;C:\WINDOWS\System32\Wbem;C:\WINDOWS\System32\WindowsPowerShell\v1.0\;C:\WINDOWS\System32\OpenSSH\;C:\Program Files (x86)\Microsoft SQL Server\150\DTS\Binn\;C:\Program Files\Azure Data Studio\bin;C:\Program Files\NVIDIA Corporation\NVIDIA NvDLISR;C:\Program Files (x86)\NVIDIA Corporation\PhysX\Common;D:\gitttt\Git\cmd;C:\Program Files\Git\cmd;E:\java-jdk\bin;C:\Program Files (x86)\Microsoft SQL Server\160\Tools\Binn\;C:\Program Files\Microsoft SQL Server\160\Tools\Binn\;C:\Program Files\Microsoft SQL Server\Client SDK\ODBC\170\Tools\Binn\;C:\Program Files\Microsoft SQL Server\160\DTS\Binn\;C:\Program Files (x86)\Microsoft SQL Server\160\DTS\Binn\;E:\opencv\opencv\build\java\x64;C:\Program Files\MongoDB\Server\6.0\bin;E:\nodejs\;C:\Users\DELL VOTRO\AppData\Local\Programs\Python\Python311\Scripts\;C:\Users\DELL VOTRO\AppData\Local\Programs\Python\Python311\;C:\Users\DELL VOTRO\AppData\Local\Microsoft\WindowsApps;E:\Microsoft VS Code\bin;C:\Program Files\Azure Data Studio\bin;E:\Lin Minh Huy?n Tho?i\Riot Games;C:\Program Files\MongoDB\Server\6.0\bin;C:\Users\DELL VOTRO\AppData\Local\Programs\mongosh\;C:\Users\DELL VOTRO\AppData\Roaming\npm;;C:\WINDOWS\system32;
USERNAME=DELL VOTRO
OS=Windows_NT
PROCESSOR_IDENTIFIER=Intel64 Family 6 Model 142 Stepping 11, GenuineIntel
TMP=C:\Users\DELLVO~1\AppData\Local\Temp
TEMP=C:\Users\DELLVO~1\AppData\Local\Temp



---------------  S Y S T E M  ---------------

OS:
 Windows 10 , 64 bit Build 19041 (10.0.19041.3636)
OS uptime: 0 days 6:58 hours

CPU: total 8 (initial active 8) (4 cores per cpu, 2 threads per core) family 6 model 142 stepping 11 microcode 0xec, cx8, cmov, fxsr, ht, mmx, 3dnowpref, sse, sse2, sse3, ssse3, sse4.1, sse4.2, popcnt, lzcnt, tsc, tscinvbit, avx, avx2, aes, erms, clmul, bmi1, bmi2, adx, fma, vzeroupper, clflush, clflushopt
Processor Information for all 8 processors :
  Max Mhz: 1800, Current Mhz: 1600, Mhz Limit: 1584

Memory: 4k page, system-wide physical 12056M (2032M free)
TotalPageFile size 20760M (AvailPageFile size 5063M)
current process WorkingSet (physical memory assigned to process): 449M, peak: 449M
current process commit charge ("private bytes"): 421M, peak: 448M

vm_info: OpenJDK 64-Bit Server VM (17.0.8+7) for windows-amd64 JRE (17.0.8+7), built on Jul 18 2023 21:02:32 by "admin" with MS VC++ 16.7 (VS2019)

END.
